ARM GAS  C:\Users\LUCASI~1\AppData\Local\Temp\ccgyo0hY.s 			page 1


   1              		.syntax unified
   2              		.cpu cortex-m3
   3              		.fpu softvfp
   4              		.eabi_attribute 20, 1
   5              		.eabi_attribute 21, 1
   6              		.eabi_attribute 23, 3
   7              		.eabi_attribute 24, 1
   8              		.eabi_attribute 25, 1
   9              		.eabi_attribute 26, 1
  10              		.eabi_attribute 30, 1
  11              		.eabi_attribute 34, 1
  12              		.eabi_attribute 18, 4
  13              		.thumb
  14              		.syntax unified
  15              		.file	"NP_Neo_ONTime_PM.c"
  16              		.text
  17              	.Ltext0:
  18              		.cfi_sections	.debug_frame
  19              		.section	.text.NP_Neo_ONTime_SaveConfig,"ax",%progbits
  20              		.align	2
  21              		.global	NP_Neo_ONTime_SaveConfig
  22              		.thumb
  23              		.thumb_func
  24              		.type	NP_Neo_ONTime_SaveConfig, %function
  25              	NP_Neo_ONTime_SaveConfig:
  26              	.LFB0:
  27              		.file 1 "Generated_Source\\PSoC5\\NP_Neo_ONTime_PM.c"
   1:Generated_Source\PSoC5/NP_Neo_ONTime_PM.c **** /*******************************************************************************
   2:Generated_Source\PSoC5/NP_Neo_ONTime_PM.c **** * File Name: NP_Neo_ONTime_PM.c
   3:Generated_Source\PSoC5/NP_Neo_ONTime_PM.c **** * Version 1.0
   4:Generated_Source\PSoC5/NP_Neo_ONTime_PM.c **** *
   5:Generated_Source\PSoC5/NP_Neo_ONTime_PM.c **** * Description:
   6:Generated_Source\PSoC5/NP_Neo_ONTime_PM.c **** *  This file provides Low power mode APIs for Count7 component.
   7:Generated_Source\PSoC5/NP_Neo_ONTime_PM.c **** *
   8:Generated_Source\PSoC5/NP_Neo_ONTime_PM.c **** * Note:
   9:Generated_Source\PSoC5/NP_Neo_ONTime_PM.c **** *  None
  10:Generated_Source\PSoC5/NP_Neo_ONTime_PM.c **** *
  11:Generated_Source\PSoC5/NP_Neo_ONTime_PM.c **** ********************************************************************************
  12:Generated_Source\PSoC5/NP_Neo_ONTime_PM.c **** * Copyright 2013, Cypress Semiconductor Corporation.  All rights reserved.
  13:Generated_Source\PSoC5/NP_Neo_ONTime_PM.c **** * You may use this file only in accordance with the license, terms, conditions,
  14:Generated_Source\PSoC5/NP_Neo_ONTime_PM.c **** * disclaimers, and limitations in the end user license agreement accompanying
  15:Generated_Source\PSoC5/NP_Neo_ONTime_PM.c **** * the software package with which this file was provided.
  16:Generated_Source\PSoC5/NP_Neo_ONTime_PM.c **** *******************************************************************************/
  17:Generated_Source\PSoC5/NP_Neo_ONTime_PM.c **** 
  18:Generated_Source\PSoC5/NP_Neo_ONTime_PM.c **** #include "NP_Neo_ONTime.h"
  19:Generated_Source\PSoC5/NP_Neo_ONTime_PM.c **** 
  20:Generated_Source\PSoC5/NP_Neo_ONTime_PM.c **** 
  21:Generated_Source\PSoC5/NP_Neo_ONTime_PM.c **** NP_Neo_ONTime_BACKUP_STRUCT NP_Neo_ONTime_backup;
  22:Generated_Source\PSoC5/NP_Neo_ONTime_PM.c **** 
  23:Generated_Source\PSoC5/NP_Neo_ONTime_PM.c **** 
  24:Generated_Source\PSoC5/NP_Neo_ONTime_PM.c **** /*******************************************************************************
  25:Generated_Source\PSoC5/NP_Neo_ONTime_PM.c **** * Function Name: NP_Neo_ONTime_SaveConfig
  26:Generated_Source\PSoC5/NP_Neo_ONTime_PM.c **** ********************************************************************************
  27:Generated_Source\PSoC5/NP_Neo_ONTime_PM.c **** *
  28:Generated_Source\PSoC5/NP_Neo_ONTime_PM.c **** * Summary:
  29:Generated_Source\PSoC5/NP_Neo_ONTime_PM.c **** *  This function saves the component configuration and non-retention registers.
  30:Generated_Source\PSoC5/NP_Neo_ONTime_PM.c **** *  This function is called by the Count7_Sleep() function.
ARM GAS  C:\Users\LUCASI~1\AppData\Local\Temp\ccgyo0hY.s 			page 2


  31:Generated_Source\PSoC5/NP_Neo_ONTime_PM.c **** *
  32:Generated_Source\PSoC5/NP_Neo_ONTime_PM.c **** * Parameters:
  33:Generated_Source\PSoC5/NP_Neo_ONTime_PM.c **** *  None
  34:Generated_Source\PSoC5/NP_Neo_ONTime_PM.c **** *
  35:Generated_Source\PSoC5/NP_Neo_ONTime_PM.c **** * Return:
  36:Generated_Source\PSoC5/NP_Neo_ONTime_PM.c **** *  None
  37:Generated_Source\PSoC5/NP_Neo_ONTime_PM.c **** *
  38:Generated_Source\PSoC5/NP_Neo_ONTime_PM.c **** * Global Variables:
  39:Generated_Source\PSoC5/NP_Neo_ONTime_PM.c **** *  NP_Neo_ONTime_backup - used to save component configuration and non-
  40:Generated_Source\PSoC5/NP_Neo_ONTime_PM.c **** *  retention registers before enter sleep mode.
  41:Generated_Source\PSoC5/NP_Neo_ONTime_PM.c **** *
  42:Generated_Source\PSoC5/NP_Neo_ONTime_PM.c **** *******************************************************************************/
  43:Generated_Source\PSoC5/NP_Neo_ONTime_PM.c **** void NP_Neo_ONTime_SaveConfig(void) 
  44:Generated_Source\PSoC5/NP_Neo_ONTime_PM.c **** {
  28              		.loc 1 44 0
  29              		.cfi_startproc
  30              		@ args = 0, pretend = 0, frame = 0
  31              		@ frame_needed = 0, uses_anonymous_args = 0
  32              		@ link register save eliminated.
  45:Generated_Source\PSoC5/NP_Neo_ONTime_PM.c ****     NP_Neo_ONTime_backup.count = NP_Neo_ONTime_COUNT_REG;
  33              		.loc 1 45 0
  34 0000 024B     		ldr	r3, .L2
  35 0002 1A78     		ldrb	r2, [r3]	@ zero_extendqisi2
  36 0004 024B     		ldr	r3, .L2+4
  37 0006 5A70     		strb	r2, [r3, #1]
  38 0008 7047     		bx	lr
  39              	.L3:
  40 000a 00BF     		.align	2
  41              	.L2:
  42 000c 79650040 		.word	1073767801
  43 0010 00000000 		.word	NP_Neo_ONTime_backup
  44              		.cfi_endproc
  45              	.LFE0:
  46              		.size	NP_Neo_ONTime_SaveConfig, .-NP_Neo_ONTime_SaveConfig
  47              		.section	.text.NP_Neo_ONTime_Sleep,"ax",%progbits
  48              		.align	2
  49              		.global	NP_Neo_ONTime_Sleep
  50              		.thumb
  51              		.thumb_func
  52              		.type	NP_Neo_ONTime_Sleep, %function
  53              	NP_Neo_ONTime_Sleep:
  54              	.LFB1:
  46:Generated_Source\PSoC5/NP_Neo_ONTime_PM.c **** }
  47:Generated_Source\PSoC5/NP_Neo_ONTime_PM.c **** 
  48:Generated_Source\PSoC5/NP_Neo_ONTime_PM.c **** 
  49:Generated_Source\PSoC5/NP_Neo_ONTime_PM.c **** /*******************************************************************************
  50:Generated_Source\PSoC5/NP_Neo_ONTime_PM.c **** * Function Name: NP_Neo_ONTime_Sleep
  51:Generated_Source\PSoC5/NP_Neo_ONTime_PM.c **** ********************************************************************************
  52:Generated_Source\PSoC5/NP_Neo_ONTime_PM.c **** *
  53:Generated_Source\PSoC5/NP_Neo_ONTime_PM.c **** * Summary:
  54:Generated_Source\PSoC5/NP_Neo_ONTime_PM.c **** *  This is the preferred API to prepare the component for low power mode
  55:Generated_Source\PSoC5/NP_Neo_ONTime_PM.c **** *  operation. The Count7_Sleep() API saves the current component state using
  56:Generated_Source\PSoC5/NP_Neo_ONTime_PM.c **** *  Count7_SaveConfig() and disables the counter.
  57:Generated_Source\PSoC5/NP_Neo_ONTime_PM.c **** *
  58:Generated_Source\PSoC5/NP_Neo_ONTime_PM.c **** * Parameters:
  59:Generated_Source\PSoC5/NP_Neo_ONTime_PM.c **** *  None
  60:Generated_Source\PSoC5/NP_Neo_ONTime_PM.c **** *
ARM GAS  C:\Users\LUCASI~1\AppData\Local\Temp\ccgyo0hY.s 			page 3


  61:Generated_Source\PSoC5/NP_Neo_ONTime_PM.c **** * Return:
  62:Generated_Source\PSoC5/NP_Neo_ONTime_PM.c **** *  None
  63:Generated_Source\PSoC5/NP_Neo_ONTime_PM.c **** *
  64:Generated_Source\PSoC5/NP_Neo_ONTime_PM.c **** *******************************************************************************/
  65:Generated_Source\PSoC5/NP_Neo_ONTime_PM.c **** void NP_Neo_ONTime_Sleep(void) 
  66:Generated_Source\PSoC5/NP_Neo_ONTime_PM.c **** {
  55              		.loc 1 66 0
  56              		.cfi_startproc
  57              		@ args = 0, pretend = 0, frame = 0
  58              		@ frame_needed = 0, uses_anonymous_args = 0
  59 0000 08B5     		push	{r3, lr}
  60              		.cfi_def_cfa_offset 8
  61              		.cfi_offset 3, -8
  62              		.cfi_offset 14, -4
  67:Generated_Source\PSoC5/NP_Neo_ONTime_PM.c ****     if(0u != (NP_Neo_ONTime_AUX_CONTROL_REG & NP_Neo_ONTime_COUNTER_START))
  63              		.loc 1 67 0
  64 0002 084B     		ldr	r3, .L8
  65 0004 1B78     		ldrb	r3, [r3]	@ zero_extendqisi2
  66 0006 13F0200F 		tst	r3, #32
  67 000a 05D0     		beq	.L5
  68:Generated_Source\PSoC5/NP_Neo_ONTime_PM.c ****     {
  69:Generated_Source\PSoC5/NP_Neo_ONTime_PM.c ****         NP_Neo_ONTime_backup.enableState = 1u;
  68              		.loc 1 69 0
  69 000c 0122     		movs	r2, #1
  70 000e 064B     		ldr	r3, .L8+4
  71 0010 1A70     		strb	r2, [r3]
  70:Generated_Source\PSoC5/NP_Neo_ONTime_PM.c ****         NP_Neo_ONTime_Stop();
  72              		.loc 1 70 0
  73 0012 FFF7FEFF 		bl	NP_Neo_ONTime_Stop
  74              	.LVL0:
  75 0016 02E0     		b	.L6
  76              	.L5:
  71:Generated_Source\PSoC5/NP_Neo_ONTime_PM.c ****     }
  72:Generated_Source\PSoC5/NP_Neo_ONTime_PM.c ****     else
  73:Generated_Source\PSoC5/NP_Neo_ONTime_PM.c ****     {
  74:Generated_Source\PSoC5/NP_Neo_ONTime_PM.c ****         NP_Neo_ONTime_backup.enableState = 0u;
  77              		.loc 1 74 0
  78 0018 0022     		movs	r2, #0
  79 001a 034B     		ldr	r3, .L8+4
  80 001c 1A70     		strb	r2, [r3]
  81              	.L6:
  75:Generated_Source\PSoC5/NP_Neo_ONTime_PM.c ****     }
  76:Generated_Source\PSoC5/NP_Neo_ONTime_PM.c **** 
  77:Generated_Source\PSoC5/NP_Neo_ONTime_PM.c ****     NP_Neo_ONTime_SaveConfig();
  82              		.loc 1 77 0
  83 001e FFF7FEFF 		bl	NP_Neo_ONTime_SaveConfig
  84              	.LVL1:
  85 0022 08BD     		pop	{r3, pc}
  86              	.L9:
  87              		.align	2
  88              	.L8:
  89 0024 99650040 		.word	1073767833
  90 0028 00000000 		.word	NP_Neo_ONTime_backup
  91              		.cfi_endproc
  92              	.LFE1:
  93              		.size	NP_Neo_ONTime_Sleep, .-NP_Neo_ONTime_Sleep
  94              		.section	.text.NP_Neo_ONTime_RestoreConfig,"ax",%progbits
ARM GAS  C:\Users\LUCASI~1\AppData\Local\Temp\ccgyo0hY.s 			page 4


  95              		.align	2
  96              		.global	NP_Neo_ONTime_RestoreConfig
  97              		.thumb
  98              		.thumb_func
  99              		.type	NP_Neo_ONTime_RestoreConfig, %function
 100              	NP_Neo_ONTime_RestoreConfig:
 101              	.LFB2:
  78:Generated_Source\PSoC5/NP_Neo_ONTime_PM.c **** }
  79:Generated_Source\PSoC5/NP_Neo_ONTime_PM.c **** 
  80:Generated_Source\PSoC5/NP_Neo_ONTime_PM.c **** 
  81:Generated_Source\PSoC5/NP_Neo_ONTime_PM.c **** /*******************************************************************************
  82:Generated_Source\PSoC5/NP_Neo_ONTime_PM.c **** * Function Name: NP_Neo_ONTime_RestoreConfig
  83:Generated_Source\PSoC5/NP_Neo_ONTime_PM.c **** ********************************************************************************
  84:Generated_Source\PSoC5/NP_Neo_ONTime_PM.c **** *
  85:Generated_Source\PSoC5/NP_Neo_ONTime_PM.c **** * Summary:
  86:Generated_Source\PSoC5/NP_Neo_ONTime_PM.c **** *  This function restores the component configuration and non-retention
  87:Generated_Source\PSoC5/NP_Neo_ONTime_PM.c **** *  registers. This function is called by the Count7_Wakeup() function.
  88:Generated_Source\PSoC5/NP_Neo_ONTime_PM.c **** *
  89:Generated_Source\PSoC5/NP_Neo_ONTime_PM.c **** * Parameters:
  90:Generated_Source\PSoC5/NP_Neo_ONTime_PM.c **** *  None
  91:Generated_Source\PSoC5/NP_Neo_ONTime_PM.c **** *
  92:Generated_Source\PSoC5/NP_Neo_ONTime_PM.c **** * Return:
  93:Generated_Source\PSoC5/NP_Neo_ONTime_PM.c **** *  None
  94:Generated_Source\PSoC5/NP_Neo_ONTime_PM.c **** *
  95:Generated_Source\PSoC5/NP_Neo_ONTime_PM.c **** * Global Variables:
  96:Generated_Source\PSoC5/NP_Neo_ONTime_PM.c **** *  NP_Neo_ONTime_backup - used to save component configuration and
  97:Generated_Source\PSoC5/NP_Neo_ONTime_PM.c **** *  non-retention registers before exit sleep mode.
  98:Generated_Source\PSoC5/NP_Neo_ONTime_PM.c **** *
  99:Generated_Source\PSoC5/NP_Neo_ONTime_PM.c **** *******************************************************************************/
 100:Generated_Source\PSoC5/NP_Neo_ONTime_PM.c **** void NP_Neo_ONTime_RestoreConfig(void) 
 101:Generated_Source\PSoC5/NP_Neo_ONTime_PM.c **** {
 102              		.loc 1 101 0
 103              		.cfi_startproc
 104              		@ args = 0, pretend = 0, frame = 0
 105              		@ frame_needed = 0, uses_anonymous_args = 0
 106              		@ link register save eliminated.
 102:Generated_Source\PSoC5/NP_Neo_ONTime_PM.c ****     NP_Neo_ONTime_COUNT_REG = NP_Neo_ONTime_backup.count;
 107              		.loc 1 102 0
 108 0000 024B     		ldr	r3, .L11
 109 0002 5A78     		ldrb	r2, [r3, #1]	@ zero_extendqisi2
 110 0004 024B     		ldr	r3, .L11+4
 111 0006 1A70     		strb	r2, [r3]
 112 0008 7047     		bx	lr
 113              	.L12:
 114 000a 00BF     		.align	2
 115              	.L11:
 116 000c 00000000 		.word	NP_Neo_ONTime_backup
 117 0010 79650040 		.word	1073767801
 118              		.cfi_endproc
 119              	.LFE2:
 120              		.size	NP_Neo_ONTime_RestoreConfig, .-NP_Neo_ONTime_RestoreConfig
 121              		.section	.text.NP_Neo_ONTime_Wakeup,"ax",%progbits
 122              		.align	2
 123              		.global	NP_Neo_ONTime_Wakeup
 124              		.thumb
 125              		.thumb_func
 126              		.type	NP_Neo_ONTime_Wakeup, %function
ARM GAS  C:\Users\LUCASI~1\AppData\Local\Temp\ccgyo0hY.s 			page 5


 127              	NP_Neo_ONTime_Wakeup:
 128              	.LFB3:
 103:Generated_Source\PSoC5/NP_Neo_ONTime_PM.c **** }
 104:Generated_Source\PSoC5/NP_Neo_ONTime_PM.c **** 
 105:Generated_Source\PSoC5/NP_Neo_ONTime_PM.c **** 
 106:Generated_Source\PSoC5/NP_Neo_ONTime_PM.c **** /*******************************************************************************
 107:Generated_Source\PSoC5/NP_Neo_ONTime_PM.c **** * Function Name: NP_Neo_ONTime_Wakeup
 108:Generated_Source\PSoC5/NP_Neo_ONTime_PM.c **** ********************************************************************************
 109:Generated_Source\PSoC5/NP_Neo_ONTime_PM.c **** *
 110:Generated_Source\PSoC5/NP_Neo_ONTime_PM.c **** * Summary:
 111:Generated_Source\PSoC5/NP_Neo_ONTime_PM.c **** *  This is the preferred API to restore the component to the state when
 112:Generated_Source\PSoC5/NP_Neo_ONTime_PM.c **** *  Count7_Sleep() was called. The Count7_Wakeup() function calls the
 113:Generated_Source\PSoC5/NP_Neo_ONTime_PM.c **** *  Count7_RestoreConfig() function to restore the configuration.
 114:Generated_Source\PSoC5/NP_Neo_ONTime_PM.c **** *
 115:Generated_Source\PSoC5/NP_Neo_ONTime_PM.c **** * Parameters:
 116:Generated_Source\PSoC5/NP_Neo_ONTime_PM.c **** *  None
 117:Generated_Source\PSoC5/NP_Neo_ONTime_PM.c **** *
 118:Generated_Source\PSoC5/NP_Neo_ONTime_PM.c **** * Return:
 119:Generated_Source\PSoC5/NP_Neo_ONTime_PM.c **** *  None
 120:Generated_Source\PSoC5/NP_Neo_ONTime_PM.c **** *
 121:Generated_Source\PSoC5/NP_Neo_ONTime_PM.c **** *******************************************************************************/
 122:Generated_Source\PSoC5/NP_Neo_ONTime_PM.c **** void NP_Neo_ONTime_Wakeup(void) 
 123:Generated_Source\PSoC5/NP_Neo_ONTime_PM.c **** {
 129              		.loc 1 123 0
 130              		.cfi_startproc
 131              		@ args = 0, pretend = 0, frame = 0
 132              		@ frame_needed = 0, uses_anonymous_args = 0
 133 0000 08B5     		push	{r3, lr}
 134              		.cfi_def_cfa_offset 8
 135              		.cfi_offset 3, -8
 136              		.cfi_offset 14, -4
 124:Generated_Source\PSoC5/NP_Neo_ONTime_PM.c ****     NP_Neo_ONTime_RestoreConfig();
 137              		.loc 1 124 0
 138 0002 FFF7FEFF 		bl	NP_Neo_ONTime_RestoreConfig
 139              	.LVL2:
 125:Generated_Source\PSoC5/NP_Neo_ONTime_PM.c **** 
 126:Generated_Source\PSoC5/NP_Neo_ONTime_PM.c ****     /* Restore enable state */
 127:Generated_Source\PSoC5/NP_Neo_ONTime_PM.c ****     if (NP_Neo_ONTime_backup.enableState != 0u)
 140              		.loc 1 127 0
 141 0006 034B     		ldr	r3, .L16
 142 0008 1B78     		ldrb	r3, [r3]	@ zero_extendqisi2
 143 000a 0BB1     		cbz	r3, .L13
 128:Generated_Source\PSoC5/NP_Neo_ONTime_PM.c ****     {
 129:Generated_Source\PSoC5/NP_Neo_ONTime_PM.c ****         NP_Neo_ONTime_Enable();
 144              		.loc 1 129 0
 145 000c FFF7FEFF 		bl	NP_Neo_ONTime_Enable
 146              	.LVL3:
 147              	.L13:
 148 0010 08BD     		pop	{r3, pc}
 149              	.L17:
 150 0012 00BF     		.align	2
 151              	.L16:
 152 0014 00000000 		.word	NP_Neo_ONTime_backup
 153              		.cfi_endproc
 154              	.LFE3:
 155              		.size	NP_Neo_ONTime_Wakeup, .-NP_Neo_ONTime_Wakeup
 156              		.comm	NP_Neo_ONTime_backup,2,4
ARM GAS  C:\Users\LUCASI~1\AppData\Local\Temp\ccgyo0hY.s 			page 6


 157              		.text
 158              	.Letext0:
 159              		.file 2 "Generated_Source\\PSoC5\\cytypes.h"
 160              		.file 3 "Generated_Source\\PSoC5\\NP_Neo_ONTime.h"
 161              		.section	.debug_info,"",%progbits
 162              	.Ldebug_info0:
 163 0000 6C010000 		.4byte	0x16c
 164 0004 0400     		.2byte	0x4
 165 0006 00000000 		.4byte	.Ldebug_abbrev0
 166 000a 04       		.byte	0x4
 167 000b 01       		.uleb128 0x1
 168 000c 27000000 		.4byte	.LASF25
 169 0010 0C       		.byte	0xc
 170 0011 F8010000 		.4byte	.LASF26
 171 0015 39010000 		.4byte	.LASF27
 172 0019 00000000 		.4byte	.Ldebug_ranges0+0
 173 001d 00000000 		.4byte	0
 174 0021 00000000 		.4byte	.Ldebug_line0
 175 0025 02       		.uleb128 0x2
 176 0026 01       		.byte	0x1
 177 0027 06       		.byte	0x6
 178 0028 B7010000 		.4byte	.LASF0
 179 002c 02       		.uleb128 0x2
 180 002d 01       		.byte	0x1
 181 002e 08       		.byte	0x8
 182 002f EF000000 		.4byte	.LASF1
 183 0033 02       		.uleb128 0x2
 184 0034 02       		.byte	0x2
 185 0035 05       		.byte	0x5
 186 0036 47020000 		.4byte	.LASF2
 187 003a 02       		.uleb128 0x2
 188 003b 02       		.byte	0x2
 189 003c 07       		.byte	0x7
 190 003d A4010000 		.4byte	.LASF3
 191 0041 02       		.uleb128 0x2
 192 0042 04       		.byte	0x4
 193 0043 05       		.byte	0x5
 194 0044 30010000 		.4byte	.LASF4
 195 0048 02       		.uleb128 0x2
 196 0049 04       		.byte	0x4
 197 004a 07       		.byte	0x7
 198 004b C0000000 		.4byte	.LASF5
 199 004f 02       		.uleb128 0x2
 200 0050 08       		.byte	0x8
 201 0051 05       		.byte	0x5
 202 0052 00000000 		.4byte	.LASF6
 203 0056 02       		.uleb128 0x2
 204 0057 08       		.byte	0x8
 205 0058 07       		.byte	0x7
 206 0059 D2000000 		.4byte	.LASF7
 207 005d 03       		.uleb128 0x3
 208 005e 04       		.byte	0x4
 209 005f 05       		.byte	0x5
 210 0060 696E7400 		.ascii	"int\000"
 211 0064 02       		.uleb128 0x2
 212 0065 04       		.byte	0x4
 213 0066 07       		.byte	0x7
ARM GAS  C:\Users\LUCASI~1\AppData\Local\Temp\ccgyo0hY.s 			page 7


 214 0067 1A000000 		.4byte	.LASF8
 215 006b 04       		.uleb128 0x4
 216 006c BA000000 		.4byte	.LASF12
 217 0070 02       		.byte	0x2
 218 0071 C2       		.byte	0xc2
 219 0072 2C000000 		.4byte	0x2c
 220 0076 02       		.uleb128 0x2
 221 0077 04       		.byte	0x4
 222 0078 04       		.byte	0x4
 223 0079 E9000000 		.4byte	.LASF9
 224 007d 02       		.uleb128 0x2
 225 007e 08       		.byte	0x8
 226 007f 04       		.byte	0x4
 227 0080 84010000 		.4byte	.LASF10
 228 0084 02       		.uleb128 0x2
 229 0085 01       		.byte	0x1
 230 0086 08       		.byte	0x8
 231 0087 10010000 		.4byte	.LASF11
 232 008b 05       		.uleb128 0x5
 233 008c B5000000 		.4byte	.LASF13
 234 0090 02       		.byte	0x2
 235 0091 6C01     		.2byte	0x16c
 236 0093 97000000 		.4byte	0x97
 237 0097 06       		.uleb128 0x6
 238 0098 6B000000 		.4byte	0x6b
 239 009c 02       		.uleb128 0x2
 240 009d 08       		.byte	0x8
 241 009e 04       		.byte	0x4
 242 009f C3010000 		.4byte	.LASF14
 243 00a3 02       		.uleb128 0x2
 244 00a4 04       		.byte	0x4
 245 00a5 07       		.byte	0x7
 246 00a6 22020000 		.4byte	.LASF15
 247 00aa 07       		.uleb128 0x7
 248 00ab 02       		.byte	0x2
 249 00ac 03       		.byte	0x3
 250 00ad 36       		.byte	0x36
 251 00ae CB000000 		.4byte	0xcb
 252 00b2 08       		.uleb128 0x8
 253 00b3 0E000000 		.4byte	.LASF16
 254 00b7 03       		.byte	0x3
 255 00b8 38       		.byte	0x38
 256 00b9 6B000000 		.4byte	0x6b
 257 00bd 00       		.byte	0
 258 00be 08       		.uleb128 0x8
 259 00bf 2A010000 		.4byte	.LASF17
 260 00c3 03       		.byte	0x3
 261 00c4 39       		.byte	0x39
 262 00c5 6B000000 		.4byte	0x6b
 263 00c9 01       		.byte	0x1
 264 00ca 00       		.byte	0
 265 00cb 04       		.uleb128 0x4
 266 00cc 66020000 		.4byte	.LASF18
 267 00d0 03       		.byte	0x3
 268 00d1 3A       		.byte	0x3a
 269 00d2 AA000000 		.4byte	0xaa
 270 00d6 09       		.uleb128 0x9
ARM GAS  C:\Users\LUCASI~1\AppData\Local\Temp\ccgyo0hY.s 			page 8


 271 00d7 8B010000 		.4byte	.LASF19
 272 00db 01       		.byte	0x1
 273 00dc 2B       		.byte	0x2b
 274 00dd 00000000 		.4byte	.LFB0
 275 00e1 14000000 		.4byte	.LFE0-.LFB0
 276 00e5 01       		.uleb128 0x1
 277 00e6 9C       		.byte	0x9c
 278 00e7 0A       		.uleb128 0xa
 279 00e8 CF010000 		.4byte	.LASF21
 280 00ec 01       		.byte	0x1
 281 00ed 41       		.byte	0x41
 282 00ee 00000000 		.4byte	.LFB1
 283 00f2 2C000000 		.4byte	.LFE1-.LFB1
 284 00f6 01       		.uleb128 0x1
 285 00f7 9C       		.byte	0x9c
 286 00f8 0F010000 		.4byte	0x10f
 287 00fc 0B       		.uleb128 0xb
 288 00fd 16000000 		.4byte	.LVL0
 289 0101 59010000 		.4byte	0x159
 290 0105 0B       		.uleb128 0xb
 291 0106 22000000 		.4byte	.LVL1
 292 010a D6000000 		.4byte	0xd6
 293 010e 00       		.byte	0
 294 010f 09       		.uleb128 0x9
 295 0110 2B020000 		.4byte	.LASF20
 296 0114 01       		.byte	0x1
 297 0115 64       		.byte	0x64
 298 0116 00000000 		.4byte	.LFB2
 299 011a 14000000 		.4byte	.LFE2-.LFB2
 300 011e 01       		.uleb128 0x1
 301 011f 9C       		.byte	0x9c
 302 0120 0A       		.uleb128 0xa
 303 0121 E3010000 		.4byte	.LASF22
 304 0125 01       		.byte	0x1
 305 0126 7A       		.byte	0x7a
 306 0127 00000000 		.4byte	.LFB3
 307 012b 18000000 		.4byte	.LFE3-.LFB3
 308 012f 01       		.uleb128 0x1
 309 0130 9C       		.byte	0x9c
 310 0131 48010000 		.4byte	0x148
 311 0135 0B       		.uleb128 0xb
 312 0136 06000000 		.4byte	.LVL2
 313 013a 0F010000 		.4byte	0x10f
 314 013e 0B       		.uleb128 0xb
 315 013f 10000000 		.4byte	.LVL3
 316 0143 64010000 		.4byte	0x164
 317 0147 00       		.byte	0
 318 0148 0C       		.uleb128 0xc
 319 0149 51020000 		.4byte	.LASF28
 320 014d 01       		.byte	0x1
 321 014e 15       		.byte	0x15
 322 014f CB000000 		.4byte	0xcb
 323 0153 05       		.uleb128 0x5
 324 0154 03       		.byte	0x3
 325 0155 00000000 		.4byte	NP_Neo_ONTime_backup
 326 0159 0D       		.uleb128 0xd
 327 015a FD000000 		.4byte	.LASF23
ARM GAS  C:\Users\LUCASI~1\AppData\Local\Temp\ccgyo0hY.s 			page 9


 328 015e FD000000 		.4byte	.LASF23
 329 0162 03       		.byte	0x3
 330 0163 27       		.byte	0x27
 331 0164 0D       		.uleb128 0xd
 332 0165 15010000 		.4byte	.LASF24
 333 0169 15010000 		.4byte	.LASF24
 334 016d 03       		.byte	0x3
 335 016e 25       		.byte	0x25
 336 016f 00       		.byte	0
 337              		.section	.debug_abbrev,"",%progbits
 338              	.Ldebug_abbrev0:
 339 0000 01       		.uleb128 0x1
 340 0001 11       		.uleb128 0x11
 341 0002 01       		.byte	0x1
 342 0003 25       		.uleb128 0x25
 343 0004 0E       		.uleb128 0xe
 344 0005 13       		.uleb128 0x13
 345 0006 0B       		.uleb128 0xb
 346 0007 03       		.uleb128 0x3
 347 0008 0E       		.uleb128 0xe
 348 0009 1B       		.uleb128 0x1b
 349 000a 0E       		.uleb128 0xe
 350 000b 55       		.uleb128 0x55
 351 000c 17       		.uleb128 0x17
 352 000d 11       		.uleb128 0x11
 353 000e 01       		.uleb128 0x1
 354 000f 10       		.uleb128 0x10
 355 0010 17       		.uleb128 0x17
 356 0011 00       		.byte	0
 357 0012 00       		.byte	0
 358 0013 02       		.uleb128 0x2
 359 0014 24       		.uleb128 0x24
 360 0015 00       		.byte	0
 361 0016 0B       		.uleb128 0xb
 362 0017 0B       		.uleb128 0xb
 363 0018 3E       		.uleb128 0x3e
 364 0019 0B       		.uleb128 0xb
 365 001a 03       		.uleb128 0x3
 366 001b 0E       		.uleb128 0xe
 367 001c 00       		.byte	0
 368 001d 00       		.byte	0
 369 001e 03       		.uleb128 0x3
 370 001f 24       		.uleb128 0x24
 371 0020 00       		.byte	0
 372 0021 0B       		.uleb128 0xb
 373 0022 0B       		.uleb128 0xb
 374 0023 3E       		.uleb128 0x3e
 375 0024 0B       		.uleb128 0xb
 376 0025 03       		.uleb128 0x3
 377 0026 08       		.uleb128 0x8
 378 0027 00       		.byte	0
 379 0028 00       		.byte	0
 380 0029 04       		.uleb128 0x4
 381 002a 16       		.uleb128 0x16
 382 002b 00       		.byte	0
 383 002c 03       		.uleb128 0x3
 384 002d 0E       		.uleb128 0xe
ARM GAS  C:\Users\LUCASI~1\AppData\Local\Temp\ccgyo0hY.s 			page 10


 385 002e 3A       		.uleb128 0x3a
 386 002f 0B       		.uleb128 0xb
 387 0030 3B       		.uleb128 0x3b
 388 0031 0B       		.uleb128 0xb
 389 0032 49       		.uleb128 0x49
 390 0033 13       		.uleb128 0x13
 391 0034 00       		.byte	0
 392 0035 00       		.byte	0
 393 0036 05       		.uleb128 0x5
 394 0037 16       		.uleb128 0x16
 395 0038 00       		.byte	0
 396 0039 03       		.uleb128 0x3
 397 003a 0E       		.uleb128 0xe
 398 003b 3A       		.uleb128 0x3a
 399 003c 0B       		.uleb128 0xb
 400 003d 3B       		.uleb128 0x3b
 401 003e 05       		.uleb128 0x5
 402 003f 49       		.uleb128 0x49
 403 0040 13       		.uleb128 0x13
 404 0041 00       		.byte	0
 405 0042 00       		.byte	0
 406 0043 06       		.uleb128 0x6
 407 0044 35       		.uleb128 0x35
 408 0045 00       		.byte	0
 409 0046 49       		.uleb128 0x49
 410 0047 13       		.uleb128 0x13
 411 0048 00       		.byte	0
 412 0049 00       		.byte	0
 413 004a 07       		.uleb128 0x7
 414 004b 13       		.uleb128 0x13
 415 004c 01       		.byte	0x1
 416 004d 0B       		.uleb128 0xb
 417 004e 0B       		.uleb128 0xb
 418 004f 3A       		.uleb128 0x3a
 419 0050 0B       		.uleb128 0xb
 420 0051 3B       		.uleb128 0x3b
 421 0052 0B       		.uleb128 0xb
 422 0053 01       		.uleb128 0x1
 423 0054 13       		.uleb128 0x13
 424 0055 00       		.byte	0
 425 0056 00       		.byte	0
 426 0057 08       		.uleb128 0x8
 427 0058 0D       		.uleb128 0xd
 428 0059 00       		.byte	0
 429 005a 03       		.uleb128 0x3
 430 005b 0E       		.uleb128 0xe
 431 005c 3A       		.uleb128 0x3a
 432 005d 0B       		.uleb128 0xb
 433 005e 3B       		.uleb128 0x3b
 434 005f 0B       		.uleb128 0xb
 435 0060 49       		.uleb128 0x49
 436 0061 13       		.uleb128 0x13
 437 0062 38       		.uleb128 0x38
 438 0063 0B       		.uleb128 0xb
 439 0064 00       		.byte	0
 440 0065 00       		.byte	0
 441 0066 09       		.uleb128 0x9
ARM GAS  C:\Users\LUCASI~1\AppData\Local\Temp\ccgyo0hY.s 			page 11


 442 0067 2E       		.uleb128 0x2e
 443 0068 00       		.byte	0
 444 0069 3F       		.uleb128 0x3f
 445 006a 19       		.uleb128 0x19
 446 006b 03       		.uleb128 0x3
 447 006c 0E       		.uleb128 0xe
 448 006d 3A       		.uleb128 0x3a
 449 006e 0B       		.uleb128 0xb
 450 006f 3B       		.uleb128 0x3b
 451 0070 0B       		.uleb128 0xb
 452 0071 27       		.uleb128 0x27
 453 0072 19       		.uleb128 0x19
 454 0073 11       		.uleb128 0x11
 455 0074 01       		.uleb128 0x1
 456 0075 12       		.uleb128 0x12
 457 0076 06       		.uleb128 0x6
 458 0077 40       		.uleb128 0x40
 459 0078 18       		.uleb128 0x18
 460 0079 9742     		.uleb128 0x2117
 461 007b 19       		.uleb128 0x19
 462 007c 00       		.byte	0
 463 007d 00       		.byte	0
 464 007e 0A       		.uleb128 0xa
 465 007f 2E       		.uleb128 0x2e
 466 0080 01       		.byte	0x1
 467 0081 3F       		.uleb128 0x3f
 468 0082 19       		.uleb128 0x19
 469 0083 03       		.uleb128 0x3
 470 0084 0E       		.uleb128 0xe
 471 0085 3A       		.uleb128 0x3a
 472 0086 0B       		.uleb128 0xb
 473 0087 3B       		.uleb128 0x3b
 474 0088 0B       		.uleb128 0xb
 475 0089 27       		.uleb128 0x27
 476 008a 19       		.uleb128 0x19
 477 008b 11       		.uleb128 0x11
 478 008c 01       		.uleb128 0x1
 479 008d 12       		.uleb128 0x12
 480 008e 06       		.uleb128 0x6
 481 008f 40       		.uleb128 0x40
 482 0090 18       		.uleb128 0x18
 483 0091 9742     		.uleb128 0x2117
 484 0093 19       		.uleb128 0x19
 485 0094 01       		.uleb128 0x1
 486 0095 13       		.uleb128 0x13
 487 0096 00       		.byte	0
 488 0097 00       		.byte	0
 489 0098 0B       		.uleb128 0xb
 490 0099 898201   		.uleb128 0x4109
 491 009c 00       		.byte	0
 492 009d 11       		.uleb128 0x11
 493 009e 01       		.uleb128 0x1
 494 009f 31       		.uleb128 0x31
 495 00a0 13       		.uleb128 0x13
 496 00a1 00       		.byte	0
 497 00a2 00       		.byte	0
 498 00a3 0C       		.uleb128 0xc
ARM GAS  C:\Users\LUCASI~1\AppData\Local\Temp\ccgyo0hY.s 			page 12


 499 00a4 34       		.uleb128 0x34
 500 00a5 00       		.byte	0
 501 00a6 03       		.uleb128 0x3
 502 00a7 0E       		.uleb128 0xe
 503 00a8 3A       		.uleb128 0x3a
 504 00a9 0B       		.uleb128 0xb
 505 00aa 3B       		.uleb128 0x3b
 506 00ab 0B       		.uleb128 0xb
 507 00ac 49       		.uleb128 0x49
 508 00ad 13       		.uleb128 0x13
 509 00ae 3F       		.uleb128 0x3f
 510 00af 19       		.uleb128 0x19
 511 00b0 02       		.uleb128 0x2
 512 00b1 18       		.uleb128 0x18
 513 00b2 00       		.byte	0
 514 00b3 00       		.byte	0
 515 00b4 0D       		.uleb128 0xd
 516 00b5 2E       		.uleb128 0x2e
 517 00b6 00       		.byte	0
 518 00b7 3F       		.uleb128 0x3f
 519 00b8 19       		.uleb128 0x19
 520 00b9 3C       		.uleb128 0x3c
 521 00ba 19       		.uleb128 0x19
 522 00bb 6E       		.uleb128 0x6e
 523 00bc 0E       		.uleb128 0xe
 524 00bd 03       		.uleb128 0x3
 525 00be 0E       		.uleb128 0xe
 526 00bf 3A       		.uleb128 0x3a
 527 00c0 0B       		.uleb128 0xb
 528 00c1 3B       		.uleb128 0x3b
 529 00c2 0B       		.uleb128 0xb
 530 00c3 00       		.byte	0
 531 00c4 00       		.byte	0
 532 00c5 00       		.byte	0
 533              		.section	.debug_aranges,"",%progbits
 534 0000 34000000 		.4byte	0x34
 535 0004 0200     		.2byte	0x2
 536 0006 00000000 		.4byte	.Ldebug_info0
 537 000a 04       		.byte	0x4
 538 000b 00       		.byte	0
 539 000c 0000     		.2byte	0
 540 000e 0000     		.2byte	0
 541 0010 00000000 		.4byte	.LFB0
 542 0014 14000000 		.4byte	.LFE0-.LFB0
 543 0018 00000000 		.4byte	.LFB1
 544 001c 2C000000 		.4byte	.LFE1-.LFB1
 545 0020 00000000 		.4byte	.LFB2
 546 0024 14000000 		.4byte	.LFE2-.LFB2
 547 0028 00000000 		.4byte	.LFB3
 548 002c 18000000 		.4byte	.LFE3-.LFB3
 549 0030 00000000 		.4byte	0
 550 0034 00000000 		.4byte	0
 551              		.section	.debug_ranges,"",%progbits
 552              	.Ldebug_ranges0:
 553 0000 00000000 		.4byte	.LFB0
 554 0004 14000000 		.4byte	.LFE0
 555 0008 00000000 		.4byte	.LFB1
ARM GAS  C:\Users\LUCASI~1\AppData\Local\Temp\ccgyo0hY.s 			page 13


 556 000c 2C000000 		.4byte	.LFE1
 557 0010 00000000 		.4byte	.LFB2
 558 0014 14000000 		.4byte	.LFE2
 559 0018 00000000 		.4byte	.LFB3
 560 001c 18000000 		.4byte	.LFE3
 561 0020 00000000 		.4byte	0
 562 0024 00000000 		.4byte	0
 563              		.section	.debug_line,"",%progbits
 564              	.Ldebug_line0:
 565 0000 AF000000 		.section	.debug_str,"MS",%progbits,1
 565      02006000 
 565      00000201 
 565      FB0E0D00 
 565      01010101 
 566              	.LASF6:
 567 0000 6C6F6E67 		.ascii	"long long int\000"
 567      206C6F6E 
 567      6720696E 
 567      7400
 568              	.LASF16:
 569 000e 656E6162 		.ascii	"enableState\000"
 569      6C655374 
 569      61746500 
 570              	.LASF8:
 571 001a 756E7369 		.ascii	"unsigned int\000"
 571      676E6564 
 571      20696E74 
 571      00
 572              	.LASF25:
 573 0027 474E5520 		.ascii	"GNU C11 5.4.1 20160609 (release) [ARM/embedded-5-br"
 573      43313120 
 573      352E342E 
 573      31203230 
 573      31363036 
 574 005a 616E6368 		.ascii	"anch revision 237715] -mcpu=cortex-m3 -mthumb -g -O"
 574      20726576 
 574      6973696F 
 574      6E203233 
 574      37373135 
 575 008d 67202D66 		.ascii	"g -ffunction-sections -ffat-lto-objects\000"
 575      66756E63 
 575      74696F6E 
 575      2D736563 
 575      74696F6E 
 576              	.LASF13:
 577 00b5 72656738 		.ascii	"reg8\000"
 577      00
 578              	.LASF12:
 579 00ba 75696E74 		.ascii	"uint8\000"
 579      3800
 580              	.LASF5:
 581 00c0 6C6F6E67 		.ascii	"long unsigned int\000"
 581      20756E73 
 581      69676E65 
 581      6420696E 
 581      7400
 582              	.LASF7:
ARM GAS  C:\Users\LUCASI~1\AppData\Local\Temp\ccgyo0hY.s 			page 14


 583 00d2 6C6F6E67 		.ascii	"long long unsigned int\000"
 583      206C6F6E 
 583      6720756E 
 583      7369676E 
 583      65642069 
 584              	.LASF9:
 585 00e9 666C6F61 		.ascii	"float\000"
 585      7400
 586              	.LASF1:
 587 00ef 756E7369 		.ascii	"unsigned char\000"
 587      676E6564 
 587      20636861 
 587      7200
 588              	.LASF23:
 589 00fd 4E505F4E 		.ascii	"NP_Neo_ONTime_Stop\000"
 589      656F5F4F 
 589      4E54696D 
 589      655F5374 
 589      6F7000
 590              	.LASF11:
 591 0110 63686172 		.ascii	"char\000"
 591      00
 592              	.LASF24:
 593 0115 4E505F4E 		.ascii	"NP_Neo_ONTime_Enable\000"
 593      656F5F4F 
 593      4E54696D 
 593      655F456E 
 593      61626C65 
 594              	.LASF17:
 595 012a 636F756E 		.ascii	"count\000"
 595      7400
 596              	.LASF4:
 597 0130 6C6F6E67 		.ascii	"long int\000"
 597      20696E74 
 597      00
 598              	.LASF27:
 599 0139 433A5C55 		.ascii	"C:\\Users\\lucasiversen\\Desktop\\PSOC_1_Program\\P"
 599      73657273 
 599      5C6C7563 
 599      61736976 
 599      65727365 
 600 0167 534F435F 		.ascii	"SOC_1_Program\\NeoPixel.cydsn\000"
 600      315F5072 
 600      6F677261 
 600      6D5C4E65 
 600      6F506978 
 601              	.LASF10:
 602 0184 646F7562 		.ascii	"double\000"
 602      6C6500
 603              	.LASF19:
 604 018b 4E505F4E 		.ascii	"NP_Neo_ONTime_SaveConfig\000"
 604      656F5F4F 
 604      4E54696D 
 604      655F5361 
 604      7665436F 
 605              	.LASF3:
 606 01a4 73686F72 		.ascii	"short unsigned int\000"
ARM GAS  C:\Users\LUCASI~1\AppData\Local\Temp\ccgyo0hY.s 			page 15


 606      7420756E 
 606      7369676E 
 606      65642069 
 606      6E7400
 607              	.LASF0:
 608 01b7 7369676E 		.ascii	"signed char\000"
 608      65642063 
 608      68617200 
 609              	.LASF14:
 610 01c3 6C6F6E67 		.ascii	"long double\000"
 610      20646F75 
 610      626C6500 
 611              	.LASF21:
 612 01cf 4E505F4E 		.ascii	"NP_Neo_ONTime_Sleep\000"
 612      656F5F4F 
 612      4E54696D 
 612      655F536C 
 612      65657000 
 613              	.LASF22:
 614 01e3 4E505F4E 		.ascii	"NP_Neo_ONTime_Wakeup\000"
 614      656F5F4F 
 614      4E54696D 
 614      655F5761 
 614      6B657570 
 615              	.LASF26:
 616 01f8 47656E65 		.ascii	"Generated_Source\\PSoC5\\NP_Neo_ONTime_PM.c\000"
 616      72617465 
 616      645F536F 
 616      75726365 
 616      5C50536F 
 617              	.LASF15:
 618 0222 73697A65 		.ascii	"sizetype\000"
 618      74797065 
 618      00
 619              	.LASF20:
 620 022b 4E505F4E 		.ascii	"NP_Neo_ONTime_RestoreConfig\000"
 620      656F5F4F 
 620      4E54696D 
 620      655F5265 
 620      73746F72 
 621              	.LASF2:
 622 0247 73686F72 		.ascii	"short int\000"
 622      7420696E 
 622      7400
 623              	.LASF28:
 624 0251 4E505F4E 		.ascii	"NP_Neo_ONTime_backup\000"
 624      656F5F4F 
 624      4E54696D 
 624      655F6261 
 624      636B7570 
 625              	.LASF18:
 626 0266 4E505F4E 		.ascii	"NP_Neo_ONTime_BACKUP_STRUCT\000"
 626      656F5F4F 
 626      4E54696D 
 626      655F4241 
 626      434B5550 
 627              		.ident	"GCC: (GNU Tools for ARM Embedded Processors) 5.4.1 20160609 (release) [ARM/embedded-5-bran
ARM GAS  C:\Users\LUCASI~1\AppData\Local\Temp\ccgyo0hY.s 			page 16


