ARM GAS  C:\Users\LUCASI~1\AppData\Local\Temp\ccb4qsrk.s 			page 1


   1              		.syntax unified
   2              		.cpu cortex-m3
   3              		.fpu softvfp
   4              		.eabi_attribute 20, 1
   5              		.eabi_attribute 21, 1
   6              		.eabi_attribute 23, 3
   7              		.eabi_attribute 24, 1
   8              		.eabi_attribute 25, 1
   9              		.eabi_attribute 26, 1
  10              		.eabi_attribute 30, 1
  11              		.eabi_attribute 34, 1
  12              		.eabi_attribute 18, 4
  13              		.thumb
  14              		.syntax unified
  15              		.file	"scale.c"
  16              		.text
  17              	.Ltext0:
  18              		.cfi_sections	.debug_frame
  19              		.section	.text.clearScaleVariables,"ax",%progbits
  20              		.align	2
  21              		.global	clearScaleVariables
  22              		.thumb
  23              		.thumb_func
  24              		.type	clearScaleVariables, %function
  25              	clearScaleVariables:
  26              	.LFB64:
  27              		.file 1 "..\\..\\..\\3semesterProjekt_repository\\Ultrasoundv2\\Ultrasoundv2.cydsn\\scale.c"
   1:..\..\..\3semesterProjekt_repository\Ultrasoundv2\Ultrasoundv2.cydsn/scale.c **** #include "scale.h"
   2:..\..\..\3semesterProjekt_repository\Ultrasoundv2\Ultrasoundv2.cydsn/scale.c **** 
   3:..\..\..\3semesterProjekt_repository\Ultrasoundv2\Ultrasoundv2.cydsn/scale.c **** int readScaleStatus(void){
   4:..\..\..\3semesterProjekt_repository\Ultrasoundv2\Ultrasoundv2.cydsn/scale.c ****     
   5:..\..\..\3semesterProjekt_repository\Ultrasoundv2\Ultrasoundv2.cydsn/scale.c ****     ADC_SAR_1_StartConvert();
   6:..\..\..\3semesterProjekt_repository\Ultrasoundv2\Ultrasoundv2.cydsn/scale.c ****     
   7:..\..\..\3semesterProjekt_repository\Ultrasoundv2\Ultrasoundv2.cydsn/scale.c ****     clearScaleVariables();
   8:..\..\..\3semesterProjekt_repository\Ultrasoundv2\Ultrasoundv2.cydsn/scale.c ****     
   9:..\..\..\3semesterProjekt_repository\Ultrasoundv2\Ultrasoundv2.cydsn/scale.c ****     for(int i = 0; i < 20; i++)
  10:..\..\..\3semesterProjekt_repository\Ultrasoundv2\Ultrasoundv2.cydsn/scale.c ****     {
  11:..\..\..\3semesterProjekt_repository\Ultrasoundv2\Ultrasoundv2.cydsn/scale.c ****         if (ADC_SAR_1_IsEndConversion(ADC_SAR_1_WAIT_FOR_RESULT))   //Venter på et resultat.
  12:..\..\..\3semesterProjekt_repository\Ultrasoundv2\Ultrasoundv2.cydsn/scale.c ****         {
  13:..\..\..\3semesterProjekt_repository\Ultrasoundv2\Ultrasoundv2.cydsn/scale.c ****             result = ADC_SAR_1_GetResult16();  
  14:..\..\..\3semesterProjekt_repository\Ultrasoundv2\Ultrasoundv2.cydsn/scale.c ****             
  15:..\..\..\3semesterProjekt_repository\Ultrasoundv2\Ultrasoundv2.cydsn/scale.c ****             CyDelay(10);
  16:..\..\..\3semesterProjekt_repository\Ultrasoundv2\Ultrasoundv2.cydsn/scale.c ****             
  17:..\..\..\3semesterProjekt_repository\Ultrasoundv2\Ultrasoundv2.cydsn/scale.c ****             measurement++;
  18:..\..\..\3semesterProjekt_repository\Ultrasoundv2\Ultrasoundv2.cydsn/scale.c ****             
  19:..\..\..\3semesterProjekt_repository\Ultrasoundv2\Ultrasoundv2.cydsn/scale.c ****             if(result < 3500)
  20:..\..\..\3semesterProjekt_repository\Ultrasoundv2\Ultrasoundv2.cydsn/scale.c ****             {
  21:..\..\..\3semesterProjekt_repository\Ultrasoundv2\Ultrasoundv2.cydsn/scale.c ****                 count_ok++;
  22:..\..\..\3semesterProjekt_repository\Ultrasoundv2\Ultrasoundv2.cydsn/scale.c ****                 if (count_ok == 8)
  23:..\..\..\3semesterProjekt_repository\Ultrasoundv2\Ultrasoundv2.cydsn/scale.c ****                 {
  24:..\..\..\3semesterProjekt_repository\Ultrasoundv2\Ultrasoundv2.cydsn/scale.c ****                     ADC_SAR_1_StopConvert();
  25:..\..\..\3semesterProjekt_repository\Ultrasoundv2\Ultrasoundv2.cydsn/scale.c ****                     status_scale = 1;
  26:..\..\..\3semesterProjekt_repository\Ultrasoundv2\Ultrasoundv2.cydsn/scale.c ****                     return status_scale;
  27:..\..\..\3semesterProjekt_repository\Ultrasoundv2\Ultrasoundv2.cydsn/scale.c ****                 }
  28:..\..\..\3semesterProjekt_repository\Ultrasoundv2\Ultrasoundv2.cydsn/scale.c ****             }
  29:..\..\..\3semesterProjekt_repository\Ultrasoundv2\Ultrasoundv2.cydsn/scale.c ****             else if(result > 3500)
  30:..\..\..\3semesterProjekt_repository\Ultrasoundv2\Ultrasoundv2.cydsn/scale.c ****             {
ARM GAS  C:\Users\LUCASI~1\AppData\Local\Temp\ccb4qsrk.s 			page 2


  31:..\..\..\3semesterProjekt_repository\Ultrasoundv2\Ultrasoundv2.cydsn/scale.c ****                 count_not_ok++;
  32:..\..\..\3semesterProjekt_repository\Ultrasoundv2\Ultrasoundv2.cydsn/scale.c ****                 if (count_not_ok == 8)
  33:..\..\..\3semesterProjekt_repository\Ultrasoundv2\Ultrasoundv2.cydsn/scale.c ****                 {
  34:..\..\..\3semesterProjekt_repository\Ultrasoundv2\Ultrasoundv2.cydsn/scale.c ****                     ADC_SAR_1_StopConvert();
  35:..\..\..\3semesterProjekt_repository\Ultrasoundv2\Ultrasoundv2.cydsn/scale.c ****                     status_scale = 0;
  36:..\..\..\3semesterProjekt_repository\Ultrasoundv2\Ultrasoundv2.cydsn/scale.c ****                     return status_scale;
  37:..\..\..\3semesterProjekt_repository\Ultrasoundv2\Ultrasoundv2.cydsn/scale.c ****                 }
  38:..\..\..\3semesterProjekt_repository\Ultrasoundv2\Ultrasoundv2.cydsn/scale.c ****             }
  39:..\..\..\3semesterProjekt_repository\Ultrasoundv2\Ultrasoundv2.cydsn/scale.c ****         }
  40:..\..\..\3semesterProjekt_repository\Ultrasoundv2\Ultrasoundv2.cydsn/scale.c ****     }
  41:..\..\..\3semesterProjekt_repository\Ultrasoundv2\Ultrasoundv2.cydsn/scale.c ****     
  42:..\..\..\3semesterProjekt_repository\Ultrasoundv2\Ultrasoundv2.cydsn/scale.c ****     return 0;
  43:..\..\..\3semesterProjekt_repository\Ultrasoundv2\Ultrasoundv2.cydsn/scale.c **** }
  44:..\..\..\3semesterProjekt_repository\Ultrasoundv2\Ultrasoundv2.cydsn/scale.c **** 
  45:..\..\..\3semesterProjekt_repository\Ultrasoundv2\Ultrasoundv2.cydsn/scale.c **** void clearScaleVariables(){
  28              		.loc 1 45 0
  29              		.cfi_startproc
  30              		@ args = 0, pretend = 0, frame = 0
  31              		@ frame_needed = 0, uses_anonymous_args = 0
  32              		@ link register save eliminated.
  46:..\..\..\3semesterProjekt_repository\Ultrasoundv2\Ultrasoundv2.cydsn/scale.c ****     status_scale = 0;
  33              		.loc 1 46 0
  34 0000 0023     		movs	r3, #0
  35 0002 054A     		ldr	r2, .L2
  36 0004 1380     		strh	r3, [r2]	@ movhi
  47:..\..\..\3semesterProjekt_repository\Ultrasoundv2\Ultrasoundv2.cydsn/scale.c ****     result = 0;
  37              		.loc 1 47 0
  38 0006 054A     		ldr	r2, .L2+4
  39 0008 1380     		strh	r3, [r2]	@ movhi
  48:..\..\..\3semesterProjekt_repository\Ultrasoundv2\Ultrasoundv2.cydsn/scale.c ****     count_not_ok = 0;
  40              		.loc 1 48 0
  41 000a 054A     		ldr	r2, .L2+8
  42 000c 1380     		strh	r3, [r2]	@ movhi
  49:..\..\..\3semesterProjekt_repository\Ultrasoundv2\Ultrasoundv2.cydsn/scale.c ****     count_ok = 0;
  43              		.loc 1 49 0
  44 000e 054A     		ldr	r2, .L2+12
  45 0010 1380     		strh	r3, [r2]	@ movhi
  50:..\..\..\3semesterProjekt_repository\Ultrasoundv2\Ultrasoundv2.cydsn/scale.c ****     measurement = 0;
  46              		.loc 1 50 0
  47 0012 054A     		ldr	r2, .L2+16
  48 0014 1380     		strh	r3, [r2]	@ movhi
  49 0016 7047     		bx	lr
  50              	.L3:
  51              		.align	2
  52              	.L2:
  53 0018 00000000 		.word	status_scale
  54 001c 00000000 		.word	result
  55 0020 00000000 		.word	count_not_ok
  56 0024 00000000 		.word	count_ok
  57 0028 00000000 		.word	measurement
  58              		.cfi_endproc
  59              	.LFE64:
  60              		.size	clearScaleVariables, .-clearScaleVariables
  61              		.section	.text.readScaleStatus,"ax",%progbits
  62              		.align	2
  63              		.global	readScaleStatus
  64              		.thumb
ARM GAS  C:\Users\LUCASI~1\AppData\Local\Temp\ccb4qsrk.s 			page 3


  65              		.thumb_func
  66              		.type	readScaleStatus, %function
  67              	readScaleStatus:
  68              	.LFB63:
   3:..\..\..\3semesterProjekt_repository\Ultrasoundv2\Ultrasoundv2.cydsn/scale.c ****     
  69              		.loc 1 3 0
  70              		.cfi_startproc
  71              		@ args = 0, pretend = 0, frame = 0
  72              		@ frame_needed = 0, uses_anonymous_args = 0
  73 0000 38B5     		push	{r3, r4, r5, lr}
  74              		.cfi_def_cfa_offset 16
  75              		.cfi_offset 3, -16
  76              		.cfi_offset 4, -12
  77              		.cfi_offset 5, -8
  78              		.cfi_offset 14, -4
   5:..\..\..\3semesterProjekt_repository\Ultrasoundv2\Ultrasoundv2.cydsn/scale.c ****     
  79              		.loc 1 5 0
  80 0002 FFF7FEFF 		bl	ADC_SAR_1_StartConvert
  81              	.LVL0:
   7:..\..\..\3semesterProjekt_repository\Ultrasoundv2\Ultrasoundv2.cydsn/scale.c ****     
  82              		.loc 1 7 0
  83 0006 FFF7FEFF 		bl	clearScaleVariables
  84              	.LVL1:
  85              	.LBB2:
   9:..\..\..\3semesterProjekt_repository\Ultrasoundv2\Ultrasoundv2.cydsn/scale.c ****     {
  86              		.loc 1 9 0
  87 000a 0024     		movs	r4, #0
  88 000c 33E0     		b	.L5
  89              	.LVL2:
  90              	.L9:
  11:..\..\..\3semesterProjekt_repository\Ultrasoundv2\Ultrasoundv2.cydsn/scale.c ****         {
  91              		.loc 1 11 0
  92 000e 0020     		movs	r0, #0
  93 0010 FFF7FEFF 		bl	ADC_SAR_1_IsEndConversion
  94              	.LVL3:
  95 0014 0028     		cmp	r0, #0
  96 0016 2DD0     		beq	.L6
  13:..\..\..\3semesterProjekt_repository\Ultrasoundv2\Ultrasoundv2.cydsn/scale.c ****             
  97              		.loc 1 13 0
  98 0018 FFF7FEFF 		bl	ADC_SAR_1_GetResult16
  99              	.LVL4:
 100 001c 184D     		ldr	r5, .L11
 101 001e 2880     		strh	r0, [r5]	@ movhi
  15:..\..\..\3semesterProjekt_repository\Ultrasoundv2\Ultrasoundv2.cydsn/scale.c ****             
 102              		.loc 1 15 0
 103 0020 0A20     		movs	r0, #10
 104 0022 FFF7FEFF 		bl	CyDelay
 105              	.LVL5:
  17:..\..\..\3semesterProjekt_repository\Ultrasoundv2\Ultrasoundv2.cydsn/scale.c ****             
 106              		.loc 1 17 0
 107 0026 174A     		ldr	r2, .L11+4
 108 0028 1388     		ldrh	r3, [r2]
 109 002a 0133     		adds	r3, r3, #1
 110 002c 1380     		strh	r3, [r2]	@ movhi
  19:..\..\..\3semesterProjekt_repository\Ultrasoundv2\Ultrasoundv2.cydsn/scale.c ****             {
 111              		.loc 1 19 0
 112 002e 2B88     		ldrh	r3, [r5]
ARM GAS  C:\Users\LUCASI~1\AppData\Local\Temp\ccb4qsrk.s 			page 4


 113 0030 40F6AB52 		movw	r2, #3499
 114 0034 9342     		cmp	r3, r2
 115 0036 0CD8     		bhi	.L7
  21:..\..\..\3semesterProjekt_repository\Ultrasoundv2\Ultrasoundv2.cydsn/scale.c ****                 if (count_ok == 8)
 116              		.loc 1 21 0
 117 0038 134A     		ldr	r2, .L11+8
 118 003a 1388     		ldrh	r3, [r2]
 119 003c 0133     		adds	r3, r3, #1
 120 003e 9BB2     		uxth	r3, r3
 121 0040 1380     		strh	r3, [r2]	@ movhi
  22:..\..\..\3semesterProjekt_repository\Ultrasoundv2\Ultrasoundv2.cydsn/scale.c ****                 {
 122              		.loc 1 22 0
 123 0042 082B     		cmp	r3, #8
 124 0044 16D1     		bne	.L6
  24:..\..\..\3semesterProjekt_repository\Ultrasoundv2\Ultrasoundv2.cydsn/scale.c ****                     status_scale = 1;
 125              		.loc 1 24 0
 126 0046 FFF7FEFF 		bl	ADC_SAR_1_StopConvert
 127              	.LVL6:
  25:..\..\..\3semesterProjekt_repository\Ultrasoundv2\Ultrasoundv2.cydsn/scale.c ****                     return status_scale;
 128              		.loc 1 25 0
 129 004a 0120     		movs	r0, #1
 130 004c 0F4B     		ldr	r3, .L11+12
 131 004e 1880     		strh	r0, [r3]	@ movhi
  26:..\..\..\3semesterProjekt_repository\Ultrasoundv2\Ultrasoundv2.cydsn/scale.c ****                 }
 132              		.loc 1 26 0
 133 0050 38BD     		pop	{r3, r4, r5, pc}
 134              	.LVL7:
 135              	.L7:
  29:..\..\..\3semesterProjekt_repository\Ultrasoundv2\Ultrasoundv2.cydsn/scale.c ****             {
 136              		.loc 1 29 0
 137 0052 40F6AC52 		movw	r2, #3500
 138 0056 9342     		cmp	r3, r2
 139 0058 0CD9     		bls	.L6
  31:..\..\..\3semesterProjekt_repository\Ultrasoundv2\Ultrasoundv2.cydsn/scale.c ****                 if (count_not_ok == 8)
 140              		.loc 1 31 0
 141 005a 0D4A     		ldr	r2, .L11+16
 142 005c 1388     		ldrh	r3, [r2]
 143 005e 0133     		adds	r3, r3, #1
 144 0060 9BB2     		uxth	r3, r3
 145 0062 1380     		strh	r3, [r2]	@ movhi
  32:..\..\..\3semesterProjekt_repository\Ultrasoundv2\Ultrasoundv2.cydsn/scale.c ****                 {
 146              		.loc 1 32 0
 147 0064 082B     		cmp	r3, #8
 148 0066 05D1     		bne	.L6
  34:..\..\..\3semesterProjekt_repository\Ultrasoundv2\Ultrasoundv2.cydsn/scale.c ****                     status_scale = 0;
 149              		.loc 1 34 0
 150 0068 FFF7FEFF 		bl	ADC_SAR_1_StopConvert
 151              	.LVL8:
  35:..\..\..\3semesterProjekt_repository\Ultrasoundv2\Ultrasoundv2.cydsn/scale.c ****                     return status_scale;
 152              		.loc 1 35 0
 153 006c 0020     		movs	r0, #0
 154 006e 074B     		ldr	r3, .L11+12
 155 0070 1880     		strh	r0, [r3]	@ movhi
  36:..\..\..\3semesterProjekt_repository\Ultrasoundv2\Ultrasoundv2.cydsn/scale.c ****                 }
 156              		.loc 1 36 0
 157 0072 38BD     		pop	{r3, r4, r5, pc}
 158              	.LVL9:
ARM GAS  C:\Users\LUCASI~1\AppData\Local\Temp\ccb4qsrk.s 			page 5


 159              	.L6:
   9:..\..\..\3semesterProjekt_repository\Ultrasoundv2\Ultrasoundv2.cydsn/scale.c ****     {
 160              		.loc 1 9 0 discriminator 2
 161 0074 0134     		adds	r4, r4, #1
 162              	.LVL10:
 163              	.L5:
   9:..\..\..\3semesterProjekt_repository\Ultrasoundv2\Ultrasoundv2.cydsn/scale.c ****     {
 164              		.loc 1 9 0 is_stmt 0 discriminator 1
 165 0076 132C     		cmp	r4, #19
 166 0078 C9DD     		ble	.L9
 167              	.LBE2:
  42:..\..\..\3semesterProjekt_repository\Ultrasoundv2\Ultrasoundv2.cydsn/scale.c **** }
 168              		.loc 1 42 0 is_stmt 1
 169 007a 0020     		movs	r0, #0
  43:..\..\..\3semesterProjekt_repository\Ultrasoundv2\Ultrasoundv2.cydsn/scale.c **** 
 170              		.loc 1 43 0
 171 007c 38BD     		pop	{r3, r4, r5, pc}
 172              	.LVL11:
 173              	.L12:
 174 007e 00BF     		.align	2
 175              	.L11:
 176 0080 00000000 		.word	result
 177 0084 00000000 		.word	measurement
 178 0088 00000000 		.word	count_ok
 179 008c 00000000 		.word	status_scale
 180 0090 00000000 		.word	count_not_ok
 181              		.cfi_endproc
 182              	.LFE63:
 183              		.size	readScaleStatus, .-readScaleStatus
 184              		.comm	status_scale,2,2
 185              		.comm	count_not_ok,2,2
 186              		.comm	count_ok,2,2
 187              		.comm	measurement,2,2
 188              		.comm	uartBuffer,256,4
 189              		.comm	result,2,2
 190              		.comm	NP_g_nFrameBufferSize,4,4
 191              		.comm	NP_g_pFrameBuffer,4,4
 192              		.comm	NP_g_bOwnsBuffer,1,1
 193              		.comm	NP_g_nDMA_TD,1,1
 194              		.comm	NP_g_nDMA_Chan,1,1
 195              		.comm	NP_g_nNumberOfPixels,4,4
 196              		.text
 197              	.Letext0:
 198              		.file 2 "c:\\program files (x86)\\cypress\\psoc creator\\4.2\\psoc creator\\import\\gnu\\arm\\5.4.
 199              		.file 3 "c:\\program files (x86)\\cypress\\psoc creator\\4.2\\psoc creator\\import\\gnu\\arm\\5.4.
 200              		.file 4 "Generated_Source\\PSoC5/cytypes.h"
 201              		.file 5 "Generated_Source\\PSoC5/NP_funcs.h"
 202              		.file 6 "Generated_Source\\PSoC5/core_cm3.h"
 203              		.file 7 "..\\..\\..\\3semesterProjekt_repository\\Ultrasoundv2\\Ultrasoundv2.cydsn\\scale.h"
 204              		.file 8 "Generated_Source\\PSoC5/ADC_SAR_1.h"
 205              		.file 9 "Generated_Source\\PSoC5/CyLib.h"
 206              		.section	.debug_info,"",%progbits
 207              	.Ldebug_info0:
 208 0000 8A020000 		.4byte	0x28a
 209 0004 0400     		.2byte	0x4
 210 0006 00000000 		.4byte	.Ldebug_abbrev0
 211 000a 04       		.byte	0x4
ARM GAS  C:\Users\LUCASI~1\AppData\Local\Temp\ccb4qsrk.s 			page 6


 212 000b 01       		.uleb128 0x1
 213 000c BC000000 		.4byte	.LASF37
 214 0010 0C       		.byte	0xc
 215 0011 43020000 		.4byte	.LASF38
 216 0015 71000000 		.4byte	.LASF39
 217 0019 00000000 		.4byte	.Ldebug_ranges0+0
 218 001d 00000000 		.4byte	0
 219 0021 00000000 		.4byte	.Ldebug_line0
 220 0025 02       		.uleb128 0x2
 221 0026 01       		.byte	0x1
 222 0027 06       		.byte	0x6
 223 0028 15030000 		.4byte	.LASF0
 224 002c 02       		.uleb128 0x2
 225 002d 01       		.byte	0x1
 226 002e 08       		.byte	0x8
 227 002f B5010000 		.4byte	.LASF1
 228 0033 02       		.uleb128 0x2
 229 0034 02       		.byte	0x2
 230 0035 05       		.byte	0x5
 231 0036 D9020000 		.4byte	.LASF2
 232 003a 03       		.uleb128 0x3
 233 003b D0010000 		.4byte	.LASF4
 234 003f 02       		.byte	0x2
 235 0040 2B       		.byte	0x2b
 236 0041 45000000 		.4byte	0x45
 237 0045 02       		.uleb128 0x2
 238 0046 02       		.byte	0x2
 239 0047 07       		.byte	0x7
 240 0048 15000000 		.4byte	.LASF3
 241 004c 03       		.uleb128 0x3
 242 004d 0B000000 		.4byte	.LASF5
 243 0051 02       		.byte	0x2
 244 0052 3F       		.byte	0x3f
 245 0053 57000000 		.4byte	0x57
 246 0057 02       		.uleb128 0x2
 247 0058 04       		.byte	0x4
 248 0059 05       		.byte	0x5
 249 005a 00030000 		.4byte	.LASF6
 250 005e 02       		.uleb128 0x2
 251 005f 04       		.byte	0x4
 252 0060 07       		.byte	0x7
 253 0061 65010000 		.4byte	.LASF7
 254 0065 02       		.uleb128 0x2
 255 0066 08       		.byte	0x8
 256 0067 05       		.byte	0x5
 257 0068 B7020000 		.4byte	.LASF8
 258 006c 02       		.uleb128 0x2
 259 006d 08       		.byte	0x8
 260 006e 07       		.byte	0x7
 261 006f 25020000 		.4byte	.LASF9
 262 0073 04       		.uleb128 0x4
 263 0074 04       		.byte	0x4
 264 0075 05       		.byte	0x5
 265 0076 696E7400 		.ascii	"int\000"
 266 007a 02       		.uleb128 0x2
 267 007b 04       		.byte	0x4
 268 007c 07       		.byte	0x7
ARM GAS  C:\Users\LUCASI~1\AppData\Local\Temp\ccb4qsrk.s 			page 7


 269 007d 0C020000 		.4byte	.LASF10
 270 0081 03       		.uleb128 0x3
 271 0082 E3020000 		.4byte	.LASF11
 272 0086 03       		.byte	0x3
 273 0087 24       		.byte	0x24
 274 0088 3A000000 		.4byte	0x3a
 275 008c 03       		.uleb128 0x3
 276 008d 90020000 		.4byte	.LASF12
 277 0091 03       		.byte	0x3
 278 0092 2C       		.byte	0x2c
 279 0093 4C000000 		.4byte	0x4c
 280 0097 03       		.uleb128 0x3
 281 0098 6B000000 		.4byte	.LASF13
 282 009c 04       		.byte	0x4
 283 009d C2       		.byte	0xc2
 284 009e 2C000000 		.4byte	0x2c
 285 00a2 02       		.uleb128 0x2
 286 00a3 04       		.byte	0x4
 287 00a4 04       		.byte	0x4
 288 00a5 4B000000 		.4byte	.LASF14
 289 00a9 02       		.uleb128 0x2
 290 00aa 08       		.byte	0x8
 291 00ab 04       		.byte	0x4
 292 00ac DB010000 		.4byte	.LASF15
 293 00b0 02       		.uleb128 0x2
 294 00b1 01       		.byte	0x1
 295 00b2 08       		.byte	0x8
 296 00b3 C5020000 		.4byte	.LASF16
 297 00b7 05       		.uleb128 0x5
 298 00b8 97000000 		.4byte	0x97
 299 00bc 02       		.uleb128 0x2
 300 00bd 08       		.byte	0x8
 301 00be 04       		.byte	0x4
 302 00bf 09030000 		.4byte	.LASF17
 303 00c3 02       		.uleb128 0x2
 304 00c4 04       		.byte	0x4
 305 00c5 07       		.byte	0x7
 306 00c6 98020000 		.4byte	.LASF18
 307 00ca 06       		.uleb128 0x6
 308 00cb EC020000 		.4byte	.LASF40
 309 00cf 01       		.byte	0x1
 310 00d0 2D       		.byte	0x2d
 311 00d1 00000000 		.4byte	.LFB64
 312 00d5 2C000000 		.4byte	.LFE64-.LFB64
 313 00d9 01       		.uleb128 0x1
 314 00da 9C       		.byte	0x9c
 315 00db 07       		.uleb128 0x7
 316 00dc FC010000 		.4byte	.LASF41
 317 00e0 01       		.byte	0x1
 318 00e1 03       		.byte	0x3
 319 00e2 73000000 		.4byte	0x73
 320 00e6 00000000 		.4byte	.LFB63
 321 00ea 94000000 		.4byte	.LFE63-.LFB63
 322 00ee 01       		.uleb128 0x1
 323 00ef 9C       		.byte	0x9c
 324 00f0 63010000 		.4byte	0x163
 325 00f4 08       		.uleb128 0x8
ARM GAS  C:\Users\LUCASI~1\AppData\Local\Temp\ccb4qsrk.s 			page 8


 326 00f5 0A000000 		.4byte	.LBB2
 327 00f9 70000000 		.4byte	.LBE2-.LBB2
 328 00fd 50010000 		.4byte	0x150
 329 0101 09       		.uleb128 0x9
 330 0102 6900     		.ascii	"i\000"
 331 0104 01       		.byte	0x1
 332 0105 09       		.byte	0x9
 333 0106 73000000 		.4byte	0x73
 334 010a 00000000 		.4byte	.LLST0
 335 010e 0A       		.uleb128 0xa
 336 010f 14000000 		.4byte	.LVL3
 337 0113 56020000 		.4byte	0x256
 338 0117 21010000 		.4byte	0x121
 339 011b 0B       		.uleb128 0xb
 340 011c 01       		.uleb128 0x1
 341 011d 50       		.byte	0x50
 342 011e 01       		.uleb128 0x1
 343 011f 30       		.byte	0x30
 344 0120 00       		.byte	0
 345 0121 0C       		.uleb128 0xc
 346 0122 1C000000 		.4byte	.LVL4
 347 0126 61020000 		.4byte	0x261
 348 012a 0A       		.uleb128 0xa
 349 012b 26000000 		.4byte	.LVL5
 350 012f 6C020000 		.4byte	0x26c
 351 0133 3D010000 		.4byte	0x13d
 352 0137 0B       		.uleb128 0xb
 353 0138 01       		.uleb128 0x1
 354 0139 50       		.byte	0x50
 355 013a 01       		.uleb128 0x1
 356 013b 3A       		.byte	0x3a
 357 013c 00       		.byte	0
 358 013d 0C       		.uleb128 0xc
 359 013e 4A000000 		.4byte	.LVL6
 360 0142 77020000 		.4byte	0x277
 361 0146 0C       		.uleb128 0xc
 362 0147 6C000000 		.4byte	.LVL8
 363 014b 77020000 		.4byte	0x277
 364 014f 00       		.byte	0
 365 0150 0C       		.uleb128 0xc
 366 0151 06000000 		.4byte	.LVL0
 367 0155 82020000 		.4byte	0x282
 368 0159 0C       		.uleb128 0xc
 369 015a 0A000000 		.4byte	.LVL1
 370 015e CA000000 		.4byte	0xca
 371 0162 00       		.byte	0
 372 0163 0D       		.uleb128 0xd
 373 0164 21030000 		.4byte	.LASF19
 374 0168 05       		.byte	0x5
 375 0169 17       		.byte	0x17
 376 016a 7A000000 		.4byte	0x7a
 377 016e 05       		.uleb128 0x5
 378 016f 03       		.byte	0x3
 379 0170 00000000 		.4byte	NP_g_nNumberOfPixels
 380 0174 0D       		.uleb128 0xd
 381 0175 CA020000 		.4byte	.LASF20
 382 0179 05       		.byte	0x5
ARM GAS  C:\Users\LUCASI~1\AppData\Local\Temp\ccb4qsrk.s 			page 9


 383 017a 18       		.byte	0x18
 384 017b 97000000 		.4byte	0x97
 385 017f 05       		.uleb128 0x5
 386 0180 03       		.byte	0x3
 387 0181 00000000 		.4byte	NP_g_nDMA_Chan
 388 0185 0D       		.uleb128 0xd
 389 0186 E2010000 		.4byte	.LASF21
 390 018a 05       		.byte	0x5
 391 018b 19       		.byte	0x19
 392 018c 97000000 		.4byte	0x97
 393 0190 05       		.uleb128 0x5
 394 0191 03       		.byte	0x3
 395 0192 00000000 		.4byte	NP_g_nDMA_TD
 396 0196 0D       		.uleb128 0xd
 397 0197 A4010000 		.4byte	.LASF22
 398 019b 05       		.byte	0x5
 399 019c 1A       		.byte	0x1a
 400 019d 97000000 		.4byte	0x97
 401 01a1 05       		.uleb128 0x5
 402 01a2 03       		.byte	0x3
 403 01a3 00000000 		.4byte	NP_g_bOwnsBuffer
 404 01a7 0D       		.uleb128 0xd
 405 01a8 4A010000 		.4byte	.LASF23
 406 01ac 05       		.byte	0x5
 407 01ad 1C       		.byte	0x1c
 408 01ae B8010000 		.4byte	0x1b8
 409 01b2 05       		.uleb128 0x5
 410 01b3 03       		.byte	0x3
 411 01b4 00000000 		.4byte	NP_g_pFrameBuffer
 412 01b8 0E       		.uleb128 0xe
 413 01b9 04       		.byte	0x4
 414 01ba B7000000 		.4byte	0xb7
 415 01be 0D       		.uleb128 0xd
 416 01bf 8E010000 		.4byte	.LASF24
 417 01c3 05       		.byte	0x5
 418 01c4 1D       		.byte	0x1d
 419 01c5 7A000000 		.4byte	0x7a
 420 01c9 05       		.uleb128 0x5
 421 01ca 03       		.byte	0x3
 422 01cb 00000000 		.4byte	NP_g_nFrameBufferSize
 423 01cf 0F       		.uleb128 0xf
 424 01d0 EF010000 		.4byte	.LASF25
 425 01d4 06       		.byte	0x6
 426 01d5 2A06     		.2byte	0x62a
 427 01d7 DB010000 		.4byte	0x1db
 428 01db 05       		.uleb128 0x5
 429 01dc 8C000000 		.4byte	0x8c
 430 01e0 0D       		.uleb128 0xd
 431 01e1 3C020000 		.4byte	.LASF26
 432 01e5 07       		.byte	0x7
 433 01e6 03       		.byte	0x3
 434 01e7 81000000 		.4byte	0x81
 435 01eb 05       		.uleb128 0x5
 436 01ec 03       		.byte	0x3
 437 01ed 00000000 		.4byte	result
 438 01f1 10       		.uleb128 0x10
 439 01f2 B0000000 		.4byte	0xb0
ARM GAS  C:\Users\LUCASI~1\AppData\Local\Temp\ccb4qsrk.s 			page 10


 440 01f6 01020000 		.4byte	0x201
 441 01fa 11       		.uleb128 0x11
 442 01fb C3000000 		.4byte	0xc3
 443 01ff FF       		.byte	0xff
 444 0200 00       		.byte	0
 445 0201 0D       		.uleb128 0xd
 446 0202 00000000 		.4byte	.LASF27
 447 0206 07       		.byte	0x7
 448 0207 04       		.byte	0x4
 449 0208 F1010000 		.4byte	0x1f1
 450 020c 05       		.uleb128 0x5
 451 020d 03       		.byte	0x3
 452 020e 00000000 		.4byte	uartBuffer
 453 0212 0D       		.uleb128 0xd
 454 0213 19020000 		.4byte	.LASF28
 455 0217 07       		.byte	0x7
 456 0218 05       		.byte	0x5
 457 0219 81000000 		.4byte	0x81
 458 021d 05       		.uleb128 0x5
 459 021e 03       		.byte	0x3
 460 021f 00000000 		.4byte	measurement
 461 0223 0D       		.uleb128 0xd
 462 0224 5C010000 		.4byte	.LASF29
 463 0228 07       		.byte	0x7
 464 0229 05       		.byte	0x5
 465 022a 81000000 		.4byte	0x81
 466 022e 05       		.uleb128 0x5
 467 022f 03       		.byte	0x3
 468 0230 00000000 		.4byte	count_ok
 469 0234 0D       		.uleb128 0xd
 470 0235 28000000 		.4byte	.LASF30
 471 0239 07       		.byte	0x7
 472 023a 05       		.byte	0x5
 473 023b 81000000 		.4byte	0x81
 474 023f 05       		.uleb128 0x5
 475 0240 03       		.byte	0x3
 476 0241 00000000 		.4byte	count_not_ok
 477 0245 0D       		.uleb128 0xd
 478 0246 C3010000 		.4byte	.LASF31
 479 024a 07       		.byte	0x7
 480 024b 05       		.byte	0x5
 481 024c 81000000 		.4byte	0x81
 482 0250 05       		.uleb128 0x5
 483 0251 03       		.byte	0x3
 484 0252 00000000 		.4byte	status_scale
 485 0256 12       		.uleb128 0x12
 486 0257 51000000 		.4byte	.LASF32
 487 025b 51000000 		.4byte	.LASF32
 488 025f 08       		.byte	0x8
 489 0260 39       		.byte	0x39
 490 0261 12       		.uleb128 0x12
 491 0262 A1020000 		.4byte	.LASF33
 492 0266 A1020000 		.4byte	.LASF33
 493 026a 08       		.byte	0x8
 494 026b 3B       		.byte	0x3b
 495 026c 12       		.uleb128 0x12
 496 026d 36030000 		.4byte	.LASF34
ARM GAS  C:\Users\LUCASI~1\AppData\Local\Temp\ccb4qsrk.s 			page 11


 497 0271 36030000 		.4byte	.LASF34
 498 0275 09       		.byte	0x9
 499 0276 77       		.byte	0x77
 500 0277 12       		.uleb128 0x12
 501 0278 35000000 		.4byte	.LASF35
 502 027c 35000000 		.4byte	.LASF35
 503 0280 08       		.byte	0x8
 504 0281 D2       		.byte	0xd2
 505 0282 12       		.uleb128 0x12
 506 0283 77010000 		.4byte	.LASF36
 507 0287 77010000 		.4byte	.LASF36
 508 028b 08       		.byte	0x8
 509 028c D1       		.byte	0xd1
 510 028d 00       		.byte	0
 511              		.section	.debug_abbrev,"",%progbits
 512              	.Ldebug_abbrev0:
 513 0000 01       		.uleb128 0x1
 514 0001 11       		.uleb128 0x11
 515 0002 01       		.byte	0x1
 516 0003 25       		.uleb128 0x25
 517 0004 0E       		.uleb128 0xe
 518 0005 13       		.uleb128 0x13
 519 0006 0B       		.uleb128 0xb
 520 0007 03       		.uleb128 0x3
 521 0008 0E       		.uleb128 0xe
 522 0009 1B       		.uleb128 0x1b
 523 000a 0E       		.uleb128 0xe
 524 000b 55       		.uleb128 0x55
 525 000c 17       		.uleb128 0x17
 526 000d 11       		.uleb128 0x11
 527 000e 01       		.uleb128 0x1
 528 000f 10       		.uleb128 0x10
 529 0010 17       		.uleb128 0x17
 530 0011 00       		.byte	0
 531 0012 00       		.byte	0
 532 0013 02       		.uleb128 0x2
 533 0014 24       		.uleb128 0x24
 534 0015 00       		.byte	0
 535 0016 0B       		.uleb128 0xb
 536 0017 0B       		.uleb128 0xb
 537 0018 3E       		.uleb128 0x3e
 538 0019 0B       		.uleb128 0xb
 539 001a 03       		.uleb128 0x3
 540 001b 0E       		.uleb128 0xe
 541 001c 00       		.byte	0
 542 001d 00       		.byte	0
 543 001e 03       		.uleb128 0x3
 544 001f 16       		.uleb128 0x16
 545 0020 00       		.byte	0
 546 0021 03       		.uleb128 0x3
 547 0022 0E       		.uleb128 0xe
 548 0023 3A       		.uleb128 0x3a
 549 0024 0B       		.uleb128 0xb
 550 0025 3B       		.uleb128 0x3b
 551 0026 0B       		.uleb128 0xb
 552 0027 49       		.uleb128 0x49
 553 0028 13       		.uleb128 0x13
ARM GAS  C:\Users\LUCASI~1\AppData\Local\Temp\ccb4qsrk.s 			page 12


 554 0029 00       		.byte	0
 555 002a 00       		.byte	0
 556 002b 04       		.uleb128 0x4
 557 002c 24       		.uleb128 0x24
 558 002d 00       		.byte	0
 559 002e 0B       		.uleb128 0xb
 560 002f 0B       		.uleb128 0xb
 561 0030 3E       		.uleb128 0x3e
 562 0031 0B       		.uleb128 0xb
 563 0032 03       		.uleb128 0x3
 564 0033 08       		.uleb128 0x8
 565 0034 00       		.byte	0
 566 0035 00       		.byte	0
 567 0036 05       		.uleb128 0x5
 568 0037 35       		.uleb128 0x35
 569 0038 00       		.byte	0
 570 0039 49       		.uleb128 0x49
 571 003a 13       		.uleb128 0x13
 572 003b 00       		.byte	0
 573 003c 00       		.byte	0
 574 003d 06       		.uleb128 0x6
 575 003e 2E       		.uleb128 0x2e
 576 003f 00       		.byte	0
 577 0040 3F       		.uleb128 0x3f
 578 0041 19       		.uleb128 0x19
 579 0042 03       		.uleb128 0x3
 580 0043 0E       		.uleb128 0xe
 581 0044 3A       		.uleb128 0x3a
 582 0045 0B       		.uleb128 0xb
 583 0046 3B       		.uleb128 0x3b
 584 0047 0B       		.uleb128 0xb
 585 0048 11       		.uleb128 0x11
 586 0049 01       		.uleb128 0x1
 587 004a 12       		.uleb128 0x12
 588 004b 06       		.uleb128 0x6
 589 004c 40       		.uleb128 0x40
 590 004d 18       		.uleb128 0x18
 591 004e 9742     		.uleb128 0x2117
 592 0050 19       		.uleb128 0x19
 593 0051 00       		.byte	0
 594 0052 00       		.byte	0
 595 0053 07       		.uleb128 0x7
 596 0054 2E       		.uleb128 0x2e
 597 0055 01       		.byte	0x1
 598 0056 3F       		.uleb128 0x3f
 599 0057 19       		.uleb128 0x19
 600 0058 03       		.uleb128 0x3
 601 0059 0E       		.uleb128 0xe
 602 005a 3A       		.uleb128 0x3a
 603 005b 0B       		.uleb128 0xb
 604 005c 3B       		.uleb128 0x3b
 605 005d 0B       		.uleb128 0xb
 606 005e 27       		.uleb128 0x27
 607 005f 19       		.uleb128 0x19
 608 0060 49       		.uleb128 0x49
 609 0061 13       		.uleb128 0x13
 610 0062 11       		.uleb128 0x11
ARM GAS  C:\Users\LUCASI~1\AppData\Local\Temp\ccb4qsrk.s 			page 13


 611 0063 01       		.uleb128 0x1
 612 0064 12       		.uleb128 0x12
 613 0065 06       		.uleb128 0x6
 614 0066 40       		.uleb128 0x40
 615 0067 18       		.uleb128 0x18
 616 0068 9742     		.uleb128 0x2117
 617 006a 19       		.uleb128 0x19
 618 006b 01       		.uleb128 0x1
 619 006c 13       		.uleb128 0x13
 620 006d 00       		.byte	0
 621 006e 00       		.byte	0
 622 006f 08       		.uleb128 0x8
 623 0070 0B       		.uleb128 0xb
 624 0071 01       		.byte	0x1
 625 0072 11       		.uleb128 0x11
 626 0073 01       		.uleb128 0x1
 627 0074 12       		.uleb128 0x12
 628 0075 06       		.uleb128 0x6
 629 0076 01       		.uleb128 0x1
 630 0077 13       		.uleb128 0x13
 631 0078 00       		.byte	0
 632 0079 00       		.byte	0
 633 007a 09       		.uleb128 0x9
 634 007b 34       		.uleb128 0x34
 635 007c 00       		.byte	0
 636 007d 03       		.uleb128 0x3
 637 007e 08       		.uleb128 0x8
 638 007f 3A       		.uleb128 0x3a
 639 0080 0B       		.uleb128 0xb
 640 0081 3B       		.uleb128 0x3b
 641 0082 0B       		.uleb128 0xb
 642 0083 49       		.uleb128 0x49
 643 0084 13       		.uleb128 0x13
 644 0085 02       		.uleb128 0x2
 645 0086 17       		.uleb128 0x17
 646 0087 00       		.byte	0
 647 0088 00       		.byte	0
 648 0089 0A       		.uleb128 0xa
 649 008a 898201   		.uleb128 0x4109
 650 008d 01       		.byte	0x1
 651 008e 11       		.uleb128 0x11
 652 008f 01       		.uleb128 0x1
 653 0090 31       		.uleb128 0x31
 654 0091 13       		.uleb128 0x13
 655 0092 01       		.uleb128 0x1
 656 0093 13       		.uleb128 0x13
 657 0094 00       		.byte	0
 658 0095 00       		.byte	0
 659 0096 0B       		.uleb128 0xb
 660 0097 8A8201   		.uleb128 0x410a
 661 009a 00       		.byte	0
 662 009b 02       		.uleb128 0x2
 663 009c 18       		.uleb128 0x18
 664 009d 9142     		.uleb128 0x2111
 665 009f 18       		.uleb128 0x18
 666 00a0 00       		.byte	0
 667 00a1 00       		.byte	0
ARM GAS  C:\Users\LUCASI~1\AppData\Local\Temp\ccb4qsrk.s 			page 14


 668 00a2 0C       		.uleb128 0xc
 669 00a3 898201   		.uleb128 0x4109
 670 00a6 00       		.byte	0
 671 00a7 11       		.uleb128 0x11
 672 00a8 01       		.uleb128 0x1
 673 00a9 31       		.uleb128 0x31
 674 00aa 13       		.uleb128 0x13
 675 00ab 00       		.byte	0
 676 00ac 00       		.byte	0
 677 00ad 0D       		.uleb128 0xd
 678 00ae 34       		.uleb128 0x34
 679 00af 00       		.byte	0
 680 00b0 03       		.uleb128 0x3
 681 00b1 0E       		.uleb128 0xe
 682 00b2 3A       		.uleb128 0x3a
 683 00b3 0B       		.uleb128 0xb
 684 00b4 3B       		.uleb128 0x3b
 685 00b5 0B       		.uleb128 0xb
 686 00b6 49       		.uleb128 0x49
 687 00b7 13       		.uleb128 0x13
 688 00b8 3F       		.uleb128 0x3f
 689 00b9 19       		.uleb128 0x19
 690 00ba 02       		.uleb128 0x2
 691 00bb 18       		.uleb128 0x18
 692 00bc 00       		.byte	0
 693 00bd 00       		.byte	0
 694 00be 0E       		.uleb128 0xe
 695 00bf 0F       		.uleb128 0xf
 696 00c0 00       		.byte	0
 697 00c1 0B       		.uleb128 0xb
 698 00c2 0B       		.uleb128 0xb
 699 00c3 49       		.uleb128 0x49
 700 00c4 13       		.uleb128 0x13
 701 00c5 00       		.byte	0
 702 00c6 00       		.byte	0
 703 00c7 0F       		.uleb128 0xf
 704 00c8 34       		.uleb128 0x34
 705 00c9 00       		.byte	0
 706 00ca 03       		.uleb128 0x3
 707 00cb 0E       		.uleb128 0xe
 708 00cc 3A       		.uleb128 0x3a
 709 00cd 0B       		.uleb128 0xb
 710 00ce 3B       		.uleb128 0x3b
 711 00cf 05       		.uleb128 0x5
 712 00d0 49       		.uleb128 0x49
 713 00d1 13       		.uleb128 0x13
 714 00d2 3F       		.uleb128 0x3f
 715 00d3 19       		.uleb128 0x19
 716 00d4 3C       		.uleb128 0x3c
 717 00d5 19       		.uleb128 0x19
 718 00d6 00       		.byte	0
 719 00d7 00       		.byte	0
 720 00d8 10       		.uleb128 0x10
 721 00d9 01       		.uleb128 0x1
 722 00da 01       		.byte	0x1
 723 00db 49       		.uleb128 0x49
 724 00dc 13       		.uleb128 0x13
ARM GAS  C:\Users\LUCASI~1\AppData\Local\Temp\ccb4qsrk.s 			page 15


 725 00dd 01       		.uleb128 0x1
 726 00de 13       		.uleb128 0x13
 727 00df 00       		.byte	0
 728 00e0 00       		.byte	0
 729 00e1 11       		.uleb128 0x11
 730 00e2 21       		.uleb128 0x21
 731 00e3 00       		.byte	0
 732 00e4 49       		.uleb128 0x49
 733 00e5 13       		.uleb128 0x13
 734 00e6 2F       		.uleb128 0x2f
 735 00e7 0B       		.uleb128 0xb
 736 00e8 00       		.byte	0
 737 00e9 00       		.byte	0
 738 00ea 12       		.uleb128 0x12
 739 00eb 2E       		.uleb128 0x2e
 740 00ec 00       		.byte	0
 741 00ed 3F       		.uleb128 0x3f
 742 00ee 19       		.uleb128 0x19
 743 00ef 3C       		.uleb128 0x3c
 744 00f0 19       		.uleb128 0x19
 745 00f1 6E       		.uleb128 0x6e
 746 00f2 0E       		.uleb128 0xe
 747 00f3 03       		.uleb128 0x3
 748 00f4 0E       		.uleb128 0xe
 749 00f5 3A       		.uleb128 0x3a
 750 00f6 0B       		.uleb128 0xb
 751 00f7 3B       		.uleb128 0x3b
 752 00f8 0B       		.uleb128 0xb
 753 00f9 00       		.byte	0
 754 00fa 00       		.byte	0
 755 00fb 00       		.byte	0
 756              		.section	.debug_loc,"",%progbits
 757              	.Ldebug_loc0:
 758              	.LLST0:
 759 0000 0A000000 		.4byte	.LVL1
 760 0004 0E000000 		.4byte	.LVL2
 761 0008 0200     		.2byte	0x2
 762 000a 30       		.byte	0x30
 763 000b 9F       		.byte	0x9f
 764 000c 0E000000 		.4byte	.LVL2
 765 0010 7E000000 		.4byte	.LVL11
 766 0014 0100     		.2byte	0x1
 767 0016 54       		.byte	0x54
 768 0017 00000000 		.4byte	0
 769 001b 00000000 		.4byte	0
 770              		.section	.debug_aranges,"",%progbits
 771 0000 24000000 		.4byte	0x24
 772 0004 0200     		.2byte	0x2
 773 0006 00000000 		.4byte	.Ldebug_info0
 774 000a 04       		.byte	0x4
 775 000b 00       		.byte	0
 776 000c 0000     		.2byte	0
 777 000e 0000     		.2byte	0
 778 0010 00000000 		.4byte	.LFB64
 779 0014 2C000000 		.4byte	.LFE64-.LFB64
 780 0018 00000000 		.4byte	.LFB63
 781 001c 94000000 		.4byte	.LFE63-.LFB63
ARM GAS  C:\Users\LUCASI~1\AppData\Local\Temp\ccb4qsrk.s 			page 16


 782 0020 00000000 		.4byte	0
 783 0024 00000000 		.4byte	0
 784              		.section	.debug_ranges,"",%progbits
 785              	.Ldebug_ranges0:
 786 0000 00000000 		.4byte	.LFB64
 787 0004 2C000000 		.4byte	.LFE64
 788 0008 00000000 		.4byte	.LFB63
 789 000c 94000000 		.4byte	.LFE63
 790 0010 00000000 		.4byte	0
 791 0014 00000000 		.4byte	0
 792              		.section	.debug_line,"",%progbits
 793              	.Ldebug_line0:
 794 0000 11020000 		.section	.debug_str,"MS",%progbits,1
 794      0200C501 
 794      00000201 
 794      FB0E0D00 
 794      01010101 
 795              	.LASF27:
 796 0000 75617274 		.ascii	"uartBuffer\000"
 796      42756666 
 796      657200
 797              	.LASF5:
 798 000b 5F5F696E 		.ascii	"__int32_t\000"
 798      7433325F 
 798      7400
 799              	.LASF3:
 800 0015 73686F72 		.ascii	"short unsigned int\000"
 800      7420756E 
 800      7369676E 
 800      65642069 
 800      6E7400
 801              	.LASF30:
 802 0028 636F756E 		.ascii	"count_not_ok\000"
 802      745F6E6F 
 802      745F6F6B 
 802      00
 803              	.LASF35:
 804 0035 4144435F 		.ascii	"ADC_SAR_1_StopConvert\000"
 804      5341525F 
 804      315F5374 
 804      6F70436F 
 804      6E766572 
 805              	.LASF14:
 806 004b 666C6F61 		.ascii	"float\000"
 806      7400
 807              	.LASF32:
 808 0051 4144435F 		.ascii	"ADC_SAR_1_IsEndConversion\000"
 808      5341525F 
 808      315F4973 
 808      456E6443 
 808      6F6E7665 
 809              	.LASF13:
 810 006b 75696E74 		.ascii	"uint8\000"
 810      3800
 811              	.LASF39:
 812 0071 433A5C55 		.ascii	"C:\\Users\\lucasiversen\\Desktop\\PSOC_1_Program\\P"
 812      73657273 
ARM GAS  C:\Users\LUCASI~1\AppData\Local\Temp\ccb4qsrk.s 			page 17


 812      5C6C7563 
 812      61736976 
 812      65727365 
 813 009f 534F435F 		.ascii	"SOC_1_Program\\NeoPixel.cydsn\000"
 813      315F5072 
 813      6F677261 
 813      6D5C4E65 
 813      6F506978 
 814              	.LASF37:
 815 00bc 474E5520 		.ascii	"GNU C11 5.4.1 20160609 (release) [ARM/embedded-5-br"
 815      43313120 
 815      352E342E 
 815      31203230 
 815      31363036 
 816 00ef 616E6368 		.ascii	"anch revision 237715] -mcpu=cortex-m3 -mthumb -g -O"
 816      20726576 
 816      6973696F 
 816      6E203233 
 816      37373135 
 817 0122 67202D66 		.ascii	"g -ffunction-sections -ffat-lto-objects\000"
 817      66756E63 
 817      74696F6E 
 817      2D736563 
 817      74696F6E 
 818              	.LASF23:
 819 014a 4E505F67 		.ascii	"NP_g_pFrameBuffer\000"
 819      5F704672 
 819      616D6542 
 819      75666665 
 819      7200
 820              	.LASF29:
 821 015c 636F756E 		.ascii	"count_ok\000"
 821      745F6F6B 
 821      00
 822              	.LASF7:
 823 0165 6C6F6E67 		.ascii	"long unsigned int\000"
 823      20756E73 
 823      69676E65 
 823      6420696E 
 823      7400
 824              	.LASF36:
 825 0177 4144435F 		.ascii	"ADC_SAR_1_StartConvert\000"
 825      5341525F 
 825      315F5374 
 825      61727443 
 825      6F6E7665 
 826              	.LASF24:
 827 018e 4E505F67 		.ascii	"NP_g_nFrameBufferSize\000"
 827      5F6E4672 
 827      616D6542 
 827      75666665 
 827      7253697A 
 828              	.LASF22:
 829 01a4 4E505F67 		.ascii	"NP_g_bOwnsBuffer\000"
 829      5F624F77 
 829      6E734275 
 829      66666572 
ARM GAS  C:\Users\LUCASI~1\AppData\Local\Temp\ccb4qsrk.s 			page 18


 829      00
 830              	.LASF1:
 831 01b5 756E7369 		.ascii	"unsigned char\000"
 831      676E6564 
 831      20636861 
 831      7200
 832              	.LASF31:
 833 01c3 73746174 		.ascii	"status_scale\000"
 833      75735F73 
 833      63616C65 
 833      00
 834              	.LASF4:
 835 01d0 5F5F7569 		.ascii	"__uint16_t\000"
 835      6E743136 
 835      5F7400
 836              	.LASF15:
 837 01db 646F7562 		.ascii	"double\000"
 837      6C6500
 838              	.LASF21:
 839 01e2 4E505F67 		.ascii	"NP_g_nDMA_TD\000"
 839      5F6E444D 
 839      415F5444 
 839      00
 840              	.LASF25:
 841 01ef 49544D5F 		.ascii	"ITM_RxBuffer\000"
 841      52784275 
 841      66666572 
 841      00
 842              	.LASF41:
 843 01fc 72656164 		.ascii	"readScaleStatus\000"
 843      5363616C 
 843      65537461 
 843      74757300 
 844              	.LASF10:
 845 020c 756E7369 		.ascii	"unsigned int\000"
 845      676E6564 
 845      20696E74 
 845      00
 846              	.LASF28:
 847 0219 6D656173 		.ascii	"measurement\000"
 847      7572656D 
 847      656E7400 
 848              	.LASF9:
 849 0225 6C6F6E67 		.ascii	"long long unsigned int\000"
 849      206C6F6E 
 849      6720756E 
 849      7369676E 
 849      65642069 
 850              	.LASF26:
 851 023c 72657375 		.ascii	"result\000"
 851      6C7400
 852              	.LASF38:
 853 0243 2E2E5C2E 		.ascii	"..\\..\\..\\3semesterProjekt_repository\\Ultrasound"
 853      2E5C2E2E 
 853      5C337365 
 853      6D657374 
 853      65725072 
ARM GAS  C:\Users\LUCASI~1\AppData\Local\Temp\ccb4qsrk.s 			page 19


 854 0272 76325C55 		.ascii	"v2\\Ultrasoundv2.cydsn\\scale.c\000"
 854      6C747261 
 854      736F756E 
 854      6476322E 
 854      63796473 
 855              	.LASF12:
 856 0290 696E7433 		.ascii	"int32_t\000"
 856      325F7400 
 857              	.LASF18:
 858 0298 73697A65 		.ascii	"sizetype\000"
 858      74797065 
 858      00
 859              	.LASF33:
 860 02a1 4144435F 		.ascii	"ADC_SAR_1_GetResult16\000"
 860      5341525F 
 860      315F4765 
 860      74526573 
 860      756C7431 
 861              	.LASF8:
 862 02b7 6C6F6E67 		.ascii	"long long int\000"
 862      206C6F6E 
 862      6720696E 
 862      7400
 863              	.LASF16:
 864 02c5 63686172 		.ascii	"char\000"
 864      00
 865              	.LASF20:
 866 02ca 4E505F67 		.ascii	"NP_g_nDMA_Chan\000"
 866      5F6E444D 
 866      415F4368 
 866      616E00
 867              	.LASF2:
 868 02d9 73686F72 		.ascii	"short int\000"
 868      7420696E 
 868      7400
 869              	.LASF11:
 870 02e3 75696E74 		.ascii	"uint16_t\000"
 870      31365F74 
 870      00
 871              	.LASF40:
 872 02ec 636C6561 		.ascii	"clearScaleVariables\000"
 872      72536361 
 872      6C655661 
 872      72696162 
 872      6C657300 
 873              	.LASF6:
 874 0300 6C6F6E67 		.ascii	"long int\000"
 874      20696E74 
 874      00
 875              	.LASF17:
 876 0309 6C6F6E67 		.ascii	"long double\000"
 876      20646F75 
 876      626C6500 
 877              	.LASF0:
 878 0315 7369676E 		.ascii	"signed char\000"
 878      65642063 
 878      68617200 
ARM GAS  C:\Users\LUCASI~1\AppData\Local\Temp\ccb4qsrk.s 			page 20


 879              	.LASF19:
 880 0321 4E505F67 		.ascii	"NP_g_nNumberOfPixels\000"
 880      5F6E4E75 
 880      6D626572 
 880      4F665069 
 880      78656C73 
 881              	.LASF34:
 882 0336 43794465 		.ascii	"CyDelay\000"
 882      6C617900 
 883              		.ident	"GCC: (GNU Tools for ARM Embedded Processors) 5.4.1 20160609 (release) [ARM/embedded-5-bran
