ARM GAS  C:\Users\Thoma\AppData\Local\Temp\cciqJAmf.s 			page 1


   1              		.syntax unified
   2              		.cpu cortex-m3
   3              		.fpu softvfp
   4              		.eabi_attribute 20, 1
   5              		.eabi_attribute 21, 1
   6              		.eabi_attribute 23, 3
   7              		.eabi_attribute 24, 1
   8              		.eabi_attribute 25, 1
   9              		.eabi_attribute 26, 1
  10              		.eabi_attribute 30, 6
  11              		.eabi_attribute 34, 1
  12              		.eabi_attribute 18, 4
  13              		.thumb
  14              		.syntax unified
  15              		.file	"cymetadata.c"
  16              		.text
  17              	.Ltext0:
  18              		.cfi_sections	.debug_frame
  19              		.global	cy_meta_configecc
  20              		.section	.cyconfigecc,"a",%progbits
  21              		.align	2
  22              		.type	cy_meta_configecc, %object
  23              		.size	cy_meta_configecc, 1164
  24              	cy_meta_configecc:
  25 0000 03       		.byte	3
  26 0001 52       		.byte	82
  27 0002 00       		.byte	0
  28 0003 40       		.byte	64
  29 0004 02       		.byte	2
  30 0005 5A       		.byte	90
  31 0006 00       		.byte	0
  32 0007 40       		.byte	64
  33 0008 02       		.byte	2
  34 0009 64       		.byte	100
  35 000a 00       		.byte	0
  36 000b 40       		.byte	64
  37 000c 01       		.byte	1
  38 000d 65       		.byte	101
  39 000e 00       		.byte	0
  40 000f 40       		.byte	64
  41 0010 01       		.byte	1
  42 0011 07       		.byte	7
  43 0012 01       		.byte	1
  44 0013 40       		.byte	64
  45 0014 55       		.byte	85
  46 0015 08       		.byte	8
  47 0016 01       		.byte	1
  48 0017 40       		.byte	64
  49 0018 35       		.byte	53
  50 0019 09       		.byte	9
  51 001a 01       		.byte	1
  52 001b 40       		.byte	64
  53 001c 01       		.byte	1
  54 001d 0B       		.byte	11
  55 001e 01       		.byte	1
  56 001f 40       		.byte	64
  57 0020 02       		.byte	2
ARM GAS  C:\Users\Thoma\AppData\Local\Temp\cciqJAmf.s 			page 2


  58 0021 0D       		.byte	13
  59 0022 01       		.byte	1
  60 0023 40       		.byte	64
  61 0024 01       		.byte	1
  62 0025 15       		.byte	21
  63 0026 01       		.byte	1
  64 0027 40       		.byte	64
  65 0028 01       		.byte	1
  66 0029 17       		.byte	23
  67 002a 01       		.byte	1
  68 002b 40       		.byte	64
  69 002c 4A       		.byte	74
  70 002d 18       		.byte	24
  71 002e 01       		.byte	1
  72 002f 40       		.byte	64
  73 0030 49       		.byte	73
  74 0031 19       		.byte	25
  75 0032 01       		.byte	1
  76 0033 40       		.byte	64
  77 0034 17       		.byte	23
  78 0035 1A       		.byte	26
  79 0036 01       		.byte	1
  80 0037 40       		.byte	64
  81 0038 42       		.byte	66
  82 0039 1B       		.byte	27
  83 003a 01       		.byte	1
  84 003b 40       		.byte	64
  85 003c 02       		.byte	2
  86 003d 40       		.byte	64
  87 003e 01       		.byte	1
  88 003f 40       		.byte	64
  89 0040 05       		.byte	5
  90 0041 41       		.byte	65
  91 0042 01       		.byte	1
  92 0043 40       		.byte	64
  93 0044 03       		.byte	3
  94 0045 42       		.byte	66
  95 0046 01       		.byte	1
  96 0047 40       		.byte	64
  97 0048 03       		.byte	3
  98 0049 43       		.byte	67
  99 004a 01       		.byte	1
 100 004b 40       		.byte	64
 101 004c 02       		.byte	2
 102 004d 44       		.byte	68
 103 004e 01       		.byte	1
 104 004f 40       		.byte	64
 105 0050 02       		.byte	2
 106 0051 45       		.byte	69
 107 0052 01       		.byte	1
 108 0053 40       		.byte	64
 109 0054 04       		.byte	4
 110 0055 46       		.byte	70
 111 0056 01       		.byte	1
 112 0057 40       		.byte	64
 113 0058 04       		.byte	4
 114 0059 47       		.byte	71
ARM GAS  C:\Users\Thoma\AppData\Local\Temp\cciqJAmf.s 			page 3


 115 005a 01       		.byte	1
 116 005b 40       		.byte	64
 117 005c 07       		.byte	7
 118 005d 48       		.byte	72
 119 005e 01       		.byte	1
 120 005f 40       		.byte	64
 121 0060 02       		.byte	2
 122 0061 49       		.byte	73
 123 0062 01       		.byte	1
 124 0063 40       		.byte	64
 125 0064 03       		.byte	3
 126 0065 4C       		.byte	76
 127 0066 01       		.byte	1
 128 0067 40       		.byte	64
 129 0068 0A       		.byte	10
 130 0069 4D       		.byte	77
 131 006a 01       		.byte	1
 132 006b 40       		.byte	64
 133 006c 04       		.byte	4
 134 006d 50       		.byte	80
 135 006e 01       		.byte	1
 136 006f 40       		.byte	64
 137 0070 01       		.byte	1
 138 0071 51       		.byte	81
 139 0072 01       		.byte	1
 140 0073 40       		.byte	64
 141 0074 00       		.byte	0
 142 0075 20       		.byte	32
 143 0076 61       		.byte	97
 144 0077 80       		.byte	-128
 145 0078 64       		.byte	100
 146 0079 40       		.byte	64
 147 007a 2B       		.byte	43
 148 007b 01       		.byte	1
 149 007c 2C       		.byte	44
 150 007d 04       		.byte	4
 151 007e 88       		.byte	-120
 152 007f 38       		.byte	56
 153 0080 89       		.byte	-119
 154 0081 0F       		.byte	15
 155 0082 89       		.byte	-119
 156 0083 72       		.byte	114
 157 0084 EA       		.byte	-22
 158 0085 80       		.byte	-128
 159 0086 00       		.byte	0
 160 0087 01       		.byte	1
 161 0088 02       		.byte	2
 162 0089 0E       		.byte	14
 163 008a 06       		.byte	6
 164 008b 03       		.byte	3
 165 008c 08       		.byte	8
 166 008d 0C       		.byte	12
 167 008e 0A       		.byte	10
 168 008f 03       		.byte	3
 169 0090 0C       		.byte	12
 170 0091 01       		.byte	1
 171 0092 0E       		.byte	14
ARM GAS  C:\Users\Thoma\AppData\Local\Temp\cciqJAmf.s 			page 4


 172 0093 06       		.byte	6
 173 0094 12       		.byte	18
 174 0095 20       		.byte	32
 175 0096 16       		.byte	22
 176 0097 10       		.byte	16
 177 0098 1A       		.byte	26
 178 0099 20       		.byte	32
 179 009a 1E       		.byte	30
 180 009b 0C       		.byte	12
 181 009c 22       		.byte	34
 182 009d 08       		.byte	8
 183 009e 26       		.byte	38
 184 009f 10       		.byte	16
 185 00a0 2A       		.byte	42
 186 00a1 40       		.byte	64
 187 00a2 2E       		.byte	46
 188 00a3 40       		.byte	64
 189 00a4 30       		.byte	48
 190 00a5 20       		.byte	32
 191 00a6 32       		.byte	50
 192 00a7 10       		.byte	16
 193 00a8 34       		.byte	52
 194 00a9 0F       		.byte	15
 195 00aa 36       		.byte	54
 196 00ab 40       		.byte	64
 197 00ac 3A       		.byte	58
 198 00ad 20       		.byte	32
 199 00ae 3E       		.byte	62
 200 00af 45       		.byte	69
 201 00b0 54       		.byte	84
 202 00b1 18       		.byte	24
 203 00b2 58       		.byte	88
 204 00b3 04       		.byte	4
 205 00b4 5B       		.byte	91
 206 00b5 04       		.byte	4
 207 00b6 5C       		.byte	92
 208 00b7 01       		.byte	1
 209 00b8 5D       		.byte	93
 210 00b9 10       		.byte	16
 211 00ba 5F       		.byte	95
 212 00bb 01       		.byte	1
 213 00bc 82       		.byte	-126
 214 00bd 03       		.byte	3
 215 00be 84       		.byte	-124
 216 00bf DC       		.byte	-36
 217 00c0 86       		.byte	-122
 218 00c1 22       		.byte	34
 219 00c2 87       		.byte	-121
 220 00c3 55       		.byte	85
 221 00c4 88       		.byte	-120
 222 00c5 0C       		.byte	12
 223 00c6 89       		.byte	-119
 224 00c7 03       		.byte	3
 225 00c8 8A       		.byte	-118
 226 00c9 71       		.byte	113
 227 00ca 8B       		.byte	-117
 228 00cb 44       		.byte	68
ARM GAS  C:\Users\Thoma\AppData\Local\Temp\cciqJAmf.s 			page 5


 229 00cc 8C       		.byte	-116
 230 00cd 10       		.byte	16
 231 00ce 8D       		.byte	-115
 232 00cf 73       		.byte	115
 233 00d0 8E       		.byte	-114
 234 00d1 AC       		.byte	-84
 235 00d2 8F       		.byte	-113
 236 00d3 0C       		.byte	12
 237 00d4 90       		.byte	-112
 238 00d5 09       		.byte	9
 239 00d6 92       		.byte	-110
 240 00d7 D0       		.byte	-48
 241 00d8 99       		.byte	-103
 242 00d9 2A       		.byte	42
 243 00da 9B       		.byte	-101
 244 00db 44       		.byte	68
 245 00dc 9C       		.byte	-100
 246 00dd 14       		.byte	20
 247 00de A0       		.byte	-96
 248 00df 10       		.byte	16
 249 00e0 A1       		.byte	-95
 250 00e1 80       		.byte	-128
 251 00e2 A2       		.byte	-94
 252 00e3 40       		.byte	64
 253 00e4 A9       		.byte	-87
 254 00e5 73       		.byte	115
 255 00e6 AA       		.byte	-86
 256 00e7 20       		.byte	32
 257 00e8 AB       		.byte	-85
 258 00e9 04       		.byte	4
 259 00ea AF       		.byte	-81
 260 00eb 08       		.byte	8
 261 00ec B0       		.byte	-80
 262 00ed 1F       		.byte	31
 263 00ee B1       		.byte	-79
 264 00ef 0F       		.byte	15
 265 00f0 B3       		.byte	-77
 266 00f1 30       		.byte	48
 267 00f2 B4       		.byte	-76
 268 00f3 E0       		.byte	-32
 269 00f4 B5       		.byte	-75
 270 00f5 40       		.byte	64
 271 00f6 B7       		.byte	-73
 272 00f7 80       		.byte	-128
 273 00f8 B8       		.byte	-72
 274 00f9 80       		.byte	-128
 275 00fa B9       		.byte	-71
 276 00fb 08       		.byte	8
 277 00fc BA       		.byte	-70
 278 00fd 20       		.byte	32
 279 00fe BB       		.byte	-69
 280 00ff 02       		.byte	2
 281 0100 BE       		.byte	-66
 282 0101 40       		.byte	64
 283 0102 BF       		.byte	-65
 284 0103 54       		.byte	84
 285 0104 C0       		.byte	-64
ARM GAS  C:\Users\Thoma\AppData\Local\Temp\cciqJAmf.s 			page 6


 286 0105 03       		.byte	3
 287 0106 C7       		.byte	-57
 288 0107 40       		.byte	64
 289 0108 C9       		.byte	-55
 290 0109 FF       		.byte	-1
 291 010a CA       		.byte	-54
 292 010b 07       		.byte	7
 293 010c CB       		.byte	-53
 294 010d FF       		.byte	-1
 295 010e CC       		.byte	-52
 296 010f 40       		.byte	64
 297 0110 CD       		.byte	-51
 298 0111 20       		.byte	32
 299 0112 CE       		.byte	-50
 300 0113 F0       		.byte	-16
 301 0114 CF       		.byte	-49
 302 0115 05       		.byte	5
 303 0116 D0       		.byte	-48
 304 0117 08       		.byte	8
 305 0118 D4       		.byte	-44
 306 0119 01       		.byte	1
 307 011a D8       		.byte	-40
 308 011b 04       		.byte	4
 309 011c D9       		.byte	-39
 310 011d 04       		.byte	4
 311 011e DA       		.byte	-38
 312 011f 04       		.byte	4
 313 0120 DB       		.byte	-37
 314 0121 04       		.byte	4
 315 0122 DC       		.byte	-36
 316 0123 11       		.byte	17
 317 0124 DD       		.byte	-35
 318 0125 11       		.byte	17
 319 0126 DF       		.byte	-33
 320 0127 01       		.byte	1
 321 0128 E0       		.byte	-32
 322 0129 40       		.byte	64
 323 012a E1       		.byte	-31
 324 012b A8       		.byte	-88
 325 012c E2       		.byte	-30
 326 012d 40       		.byte	64
 327 012e E3       		.byte	-29
 328 012f 20       		.byte	32
 329 0130 00       		.byte	0
 330 0131 48       		.byte	72
 331 0132 01       		.byte	1
 332 0133 22       		.byte	34
 333 0134 04       		.byte	4
 334 0135 48       		.byte	72
 335 0136 05       		.byte	5
 336 0137 11       		.byte	17
 337 0138 08       		.byte	8
 338 0139 01       		.byte	1
 339 013a 09       		.byte	9
 340 013b 80       		.byte	-128
 341 013c 0E       		.byte	14
 342 013d A0       		.byte	-96
ARM GAS  C:\Users\Thoma\AppData\Local\Temp\cciqJAmf.s 			page 7


 343 013e 0F       		.byte	15
 344 013f 0A       		.byte	10
 345 0140 12       		.byte	18
 346 0141 48       		.byte	72
 347 0142 14       		.byte	20
 348 0143 04       		.byte	4
 349 0144 15       		.byte	21
 350 0145 42       		.byte	66
 351 0146 16       		.byte	22
 352 0147 50       		.byte	80
 353 0148 18       		.byte	24
 354 0149 04       		.byte	4
 355 014a 19       		.byte	25
 356 014b 22       		.byte	34
 357 014c 1A       		.byte	26
 358 014d 02       		.byte	2
 359 014e 1B       		.byte	27
 360 014f 20       		.byte	32
 361 0150 1C       		.byte	28
 362 0151 0A       		.byte	10
 363 0152 1D       		.byte	29
 364 0153 10       		.byte	16
 365 0154 1F       		.byte	31
 366 0155 05       		.byte	5
 367 0156 20       		.byte	32
 368 0157 40       		.byte	64
 369 0158 21       		.byte	33
 370 0159 04       		.byte	4
 371 015a 23       		.byte	35
 372 015b 05       		.byte	5
 373 015c 28       		.byte	40
 374 015d 01       		.byte	1
 375 015e 29       		.byte	41
 376 015f A2       		.byte	-94
 377 0160 2B       		.byte	43
 378 0161 01       		.byte	1
 379 0162 31       		.byte	49
 380 0163 10       		.byte	16
 381 0164 38       		.byte	56
 382 0165 48       		.byte	72
 383 0166 39       		.byte	57
 384 0167 20       		.byte	32
 385 0168 41       		.byte	65
 386 0169 14       		.byte	20
 387 016a 43       		.byte	67
 388 016b 10       		.byte	16
 389 016c 50       		.byte	80
 390 016d 04       		.byte	4
 391 016e 51       		.byte	81
 392 016f 01       		.byte	1
 393 0170 52       		.byte	82
 394 0171 08       		.byte	8
 395 0172 59       		.byte	89
 396 0173 04       		.byte	4
 397 0174 5A       		.byte	90
 398 0175 01       		.byte	1
 399 0176 5B       		.byte	91
ARM GAS  C:\Users\Thoma\AppData\Local\Temp\cciqJAmf.s 			page 8


 400 0177 90       		.byte	-112
 401 0178 5E       		.byte	94
 402 0179 02       		.byte	2
 403 017a 67       		.byte	103
 404 017b 0A       		.byte	10
 405 017c 6D       		.byte	109
 406 017d 40       		.byte	64
 407 017e 8F       		.byte	-113
 408 017f 01       		.byte	1
 409 0180 96       		.byte	-106
 410 0181 02       		.byte	2
 411 0182 A4       		.byte	-92
 412 0183 01       		.byte	1
 413 0184 B0       		.byte	-80
 414 0185 01       		.byte	1
 415 0186 C0       		.byte	-64
 416 0187 FF       		.byte	-1
 417 0188 C2       		.byte	-62
 418 0189 F9       		.byte	-7
 419 018a C4       		.byte	-60
 420 018b FA       		.byte	-6
 421 018c CA       		.byte	-54
 422 018d 0D       		.byte	13
 423 018e CC       		.byte	-52
 424 018f 04       		.byte	4
 425 0190 CE       		.byte	-50
 426 0191 0E       		.byte	14
 427 0192 D0       		.byte	-48
 428 0193 02       		.byte	2
 429 0194 D6       		.byte	-42
 430 0195 8F       		.byte	-113
 431 0196 D8       		.byte	-40
 432 0197 30       		.byte	48
 433 0198 EA       		.byte	-22
 434 0199 80       		.byte	-128
 435 019a 96       		.byte	-106
 436 019b 02       		.byte	2
 437 019c 86       		.byte	-122
 438 019d 01       		.byte	1
 439 019e E4       		.byte	-28
 440 019f 02       		.byte	2
 441 01a0 EC       		.byte	-20
 442 01a1 30       		.byte	48
 443 01a2 EC       		.byte	-20
 444 01a3 80       		.byte	-128
 445 01a4 04       		.byte	4
 446 01a5 01       		.byte	1
 447 01a6 05       		.byte	5
 448 01a7 07       		.byte	7
 449 01a8 0A       		.byte	10
 450 01a9 01       		.byte	1
 451 01aa 10       		.byte	16
 452 01ab 04       		.byte	4
 453 01ac 12       		.byte	18
 454 01ad 02       		.byte	2
 455 01ae 14       		.byte	20
 456 01af 02       		.byte	2
ARM GAS  C:\Users\Thoma\AppData\Local\Temp\cciqJAmf.s 			page 9


 457 01b0 15       		.byte	21
 458 01b1 07       		.byte	7
 459 01b2 16       		.byte	22
 460 01b3 04       		.byte	4
 461 01b4 18       		.byte	24
 462 01b5 01       		.byte	1
 463 01b6 1D       		.byte	29
 464 01b7 01       		.byte	1
 465 01b8 1F       		.byte	31
 466 01b9 06       		.byte	6
 467 01ba 24       		.byte	36
 468 01bb 06       		.byte	6
 469 01bc 28       		.byte	40
 470 01bd 06       		.byte	6
 471 01be 29       		.byte	41
 472 01bf 02       		.byte	2
 473 01c0 2B       		.byte	43
 474 01c1 01       		.byte	1
 475 01c2 2D       		.byte	45
 476 01c3 04       		.byte	4
 477 01c4 2E       		.byte	46
 478 01c5 01       		.byte	1
 479 01c6 2F       		.byte	47
 480 01c7 01       		.byte	1
 481 01c8 30       		.byte	48
 482 01c9 06       		.byte	6
 483 01ca 31       		.byte	49
 484 01cb 07       		.byte	7
 485 01cc 32       		.byte	50
 486 01cd 01       		.byte	1
 487 01ce 38       		.byte	56
 488 01cf 08       		.byte	8
 489 01d0 58       		.byte	88
 490 01d1 04       		.byte	4
 491 01d2 59       		.byte	89
 492 01d3 04       		.byte	4
 493 01d4 5C       		.byte	92
 494 01d5 11       		.byte	17
 495 01d6 5F       		.byte	95
 496 01d7 01       		.byte	1
 497 01d8 80       		.byte	-128
 498 01d9 02       		.byte	2
 499 01da 84       		.byte	-124
 500 01db 0C       		.byte	12
 501 01dc 85       		.byte	-123
 502 01dd 01       		.byte	1
 503 01de 86       		.byte	-122
 504 01df 30       		.byte	48
 505 01e0 88       		.byte	-120
 506 01e1 34       		.byte	52
 507 01e2 8A       		.byte	-118
 508 01e3 08       		.byte	8
 509 01e4 8C       		.byte	-116
 510 01e5 01       		.byte	1
 511 01e6 90       		.byte	-112
 512 01e7 34       		.byte	52
 513 01e8 91       		.byte	-111
ARM GAS  C:\Users\Thoma\AppData\Local\Temp\cciqJAmf.s 			page 10


 514 01e9 01       		.byte	1
 515 01ea 92       		.byte	-110
 516 01eb 08       		.byte	8
 517 01ec 94       		.byte	-108
 518 01ed 3C       		.byte	60
 519 01ee 95       		.byte	-107
 520 01ef 01       		.byte	1
 521 01f0 98       		.byte	-104
 522 01f1 01       		.byte	1
 523 01f2 9E       		.byte	-98
 524 01f3 01       		.byte	1
 525 01f4 A0       		.byte	-96
 526 01f5 20       		.byte	32
 527 01f6 A4       		.byte	-92
 528 01f7 10       		.byte	16
 529 01f8 A8       		.byte	-88
 530 01f9 30       		.byte	48
 531 01fa AE       		.byte	-82
 532 01fb 08       		.byte	8
 533 01fc B1       		.byte	-79
 534 01fd 01       		.byte	1
 535 01fe B2       		.byte	-78
 536 01ff 04       		.byte	4
 537 0200 B4       		.byte	-76
 538 0201 38       		.byte	56
 539 0202 B6       		.byte	-74
 540 0203 03       		.byte	3
 541 0204 B8       		.byte	-72
 542 0205 80       		.byte	-128
 543 0206 BA       		.byte	-70
 544 0207 20       		.byte	32
 545 0208 BE       		.byte	-66
 546 0209 04       		.byte	4
 547 020a C0       		.byte	-64
 548 020b 46       		.byte	70
 549 020c C1       		.byte	-63
 550 020d 02       		.byte	2
 551 020e C5       		.byte	-59
 552 020f 0E       		.byte	14
 553 0210 C6       		.byte	-58
 554 0211 CB       		.byte	-53
 555 0212 C8       		.byte	-56
 556 0213 0D       		.byte	13
 557 0214 C9       		.byte	-55
 558 0215 FF       		.byte	-1
 559 0216 CA       		.byte	-54
 560 0217 FF       		.byte	-1
 561 0218 CB       		.byte	-53
 562 0219 FF       		.byte	-1
 563 021a CE       		.byte	-50
 564 021b F0       		.byte	-16
 565 021c CF       		.byte	-49
 566 021d 44       		.byte	68
 567 021e D0       		.byte	-48
 568 021f 0C       		.byte	12
 569 0220 D6       		.byte	-42
 570 0221 02       		.byte	2
ARM GAS  C:\Users\Thoma\AppData\Local\Temp\cciqJAmf.s 			page 11


 571 0222 D7       		.byte	-41
 572 0223 11       		.byte	17
 573 0224 D8       		.byte	-40
 574 0225 04       		.byte	4
 575 0226 D9       		.byte	-39
 576 0227 04       		.byte	4
 577 0228 DA       		.byte	-38
 578 0229 04       		.byte	4
 579 022a DB       		.byte	-37
 580 022b 04       		.byte	4
 581 022c DC       		.byte	-36
 582 022d 11       		.byte	17
 583 022e DD       		.byte	-35
 584 022f 11       		.byte	17
 585 0230 DF       		.byte	-33
 586 0231 01       		.byte	1
 587 0232 E6       		.byte	-26
 588 0233 C0       		.byte	-64
 589 0234 EA       		.byte	-22
 590 0235 40       		.byte	64
 591 0236 EB       		.byte	-21
 592 0237 02       		.byte	2
 593 0238 00       		.byte	0
 594 0239 44       		.byte	68
 595 023a 01       		.byte	1
 596 023b 20       		.byte	32
 597 023c 02       		.byte	2
 598 023d 40       		.byte	64
 599 023e 04       		.byte	4
 600 023f 04       		.byte	4
 601 0240 05       		.byte	5
 602 0241 20       		.byte	32
 603 0242 08       		.byte	8
 604 0243 01       		.byte	1
 605 0244 09       		.byte	9
 606 0245 24       		.byte	36
 607 0246 0A       		.byte	10
 608 0247 80       		.byte	-128
 609 0248 0B       		.byte	11
 610 0249 02       		.byte	2
 611 024a 0D       		.byte	13
 612 024b 06       		.byte	6
 613 024c 0E       		.byte	14
 614 024d 08       		.byte	8
 615 024e 10       		.byte	16
 616 024f A0       		.byte	-96
 617 0250 12       		.byte	18
 618 0251 02       		.byte	2
 619 0252 13       		.byte	19
 620 0253 10       		.byte	16
 621 0254 14       		.byte	20
 622 0255 01       		.byte	1
 623 0256 17       		.byte	23
 624 0257 28       		.byte	40
 625 0258 19       		.byte	25
 626 0259 A0       		.byte	-96
 627 025a 1A       		.byte	26
ARM GAS  C:\Users\Thoma\AppData\Local\Temp\cciqJAmf.s 			page 12


 628 025b 20       		.byte	32
 629 025c 1D       		.byte	29
 630 025d 02       		.byte	2
 631 025e 1E       		.byte	30
 632 025f 20       		.byte	32
 633 0260 1F       		.byte	31
 634 0261 02       		.byte	2
 635 0262 22       		.byte	34
 636 0263 03       		.byte	3
 637 0264 27       		.byte	39
 638 0265 40       		.byte	64
 639 0266 2E       		.byte	46
 640 0267 20       		.byte	32
 641 0268 2F       		.byte	47
 642 0269 02       		.byte	2
 643 026a 30       		.byte	48
 644 026b 08       		.byte	8
 645 026c 33       		.byte	51
 646 026d 01       		.byte	1
 647 026e 37       		.byte	55
 648 026f 48       		.byte	72
 649 0270 39       		.byte	57
 650 0271 04       		.byte	4
 651 0272 3E       		.byte	62
 652 0273 04       		.byte	4
 653 0274 40       		.byte	64
 654 0275 40       		.byte	64
 655 0276 41       		.byte	65
 656 0277 20       		.byte	32
 657 0278 43       		.byte	67
 658 0279 20       		.byte	32
 659 027a 48       		.byte	72
 660 027b 10       		.byte	16
 661 027c 4A       		.byte	74
 662 027d 08       		.byte	8
 663 027e 51       		.byte	81
 664 027f 90       		.byte	-112
 665 0280 5A       		.byte	90
 666 0281 20       		.byte	32
 667 0282 68       		.byte	104
 668 0283 08       		.byte	8
 669 0284 69       		.byte	105
 670 0285 04       		.byte	4
 671 0286 6A       		.byte	106
 672 0287 04       		.byte	4
 673 0288 6B       		.byte	107
 674 0289 29       		.byte	41
 675 028a 70       		.byte	112
 676 028b A0       		.byte	-96
 677 028c 73       		.byte	115
 678 028d 14       		.byte	20
 679 028e 8A       		.byte	-118
 680 028f 48       		.byte	72
 681 0290 8D       		.byte	-115
 682 0291 10       		.byte	16
 683 0292 8F       		.byte	-113
 684 0293 01       		.byte	1
ARM GAS  C:\Users\Thoma\AppData\Local\Temp\cciqJAmf.s 			page 13


 685 0294 90       		.byte	-112
 686 0295 40       		.byte	64
 687 0296 95       		.byte	-107
 688 0297 20       		.byte	32
 689 0298 99       		.byte	-103
 690 0299 10       		.byte	16
 691 029a 9D       		.byte	-99
 692 029b 84       		.byte	-124
 693 029c 9E       		.byte	-98
 694 029d 10       		.byte	16
 695 029e A2       		.byte	-94
 696 029f 08       		.byte	8
 697 02a0 A3       		.byte	-93
 698 02a1 20       		.byte	32
 699 02a2 A4       		.byte	-92
 700 02a3 10       		.byte	16
 701 02a4 A5       		.byte	-91
 702 02a5 80       		.byte	-128
 703 02a6 A6       		.byte	-90
 704 02a7 51       		.byte	81
 705 02a8 A7       		.byte	-89
 706 02a9 04       		.byte	4
 707 02aa AC       		.byte	-84
 708 02ab 10       		.byte	16
 709 02ac AE       		.byte	-82
 710 02ad 01       		.byte	1
 711 02ae B0       		.byte	-80
 712 02af 04       		.byte	4
 713 02b0 B3       		.byte	-77
 714 02b1 84       		.byte	-124
 715 02b2 B4       		.byte	-76
 716 02b3 04       		.byte	4
 717 02b4 B5       		.byte	-75
 718 02b5 01       		.byte	1
 719 02b6 C0       		.byte	-64
 720 02b7 6F       		.byte	111
 721 02b8 C2       		.byte	-62
 722 02b9 7F       		.byte	127
 723 02ba C4       		.byte	-60
 724 02bb EF       		.byte	-17
 725 02bc CA       		.byte	-54
 726 02bd 30       		.byte	48
 727 02be CC       		.byte	-52
 728 02bf 53       		.byte	83
 729 02c0 CE       		.byte	-50
 730 02c1 42       		.byte	66
 731 02c2 D0       		.byte	-48
 732 02c3 05       		.byte	5
 733 02c4 D2       		.byte	-46
 734 02c5 04       		.byte	4
 735 02c6 D6       		.byte	-42
 736 02c7 04       		.byte	4
 737 02c8 EC       		.byte	-20
 738 02c9 80       		.byte	-128
 739 02ca 00       		.byte	0
 740 02cb 70       		.byte	112
 741 02cc 02       		.byte	2
ARM GAS  C:\Users\Thoma\AppData\Local\Temp\cciqJAmf.s 			page 14


 742 02cd 04       		.byte	4
 743 02ce 04       		.byte	4
 744 02cf 1C       		.byte	28
 745 02d0 06       		.byte	6
 746 02d1 60       		.byte	96
 747 02d2 08       		.byte	8
 748 02d3 01       		.byte	1
 749 02d4 0C       		.byte	12
 750 02d5 70       		.byte	112
 751 02d6 0E       		.byte	14
 752 02d7 08       		.byte	8
 753 02d8 10       		.byte	16
 754 02d9 10       		.byte	16
 755 02da 12       		.byte	18
 756 02db 02       		.byte	2
 757 02dc 14       		.byte	20
 758 02dd 7C       		.byte	124
 759 02de 1A       		.byte	26
 760 02df 10       		.byte	16
 761 02e0 1E       		.byte	30
 762 02e1 0C       		.byte	12
 763 02e2 20       		.byte	32
 764 02e3 40       		.byte	64
 765 02e4 24       		.byte	36
 766 02e5 20       		.byte	32
 767 02e6 28       		.byte	40
 768 02e7 60       		.byte	96
 769 02e8 30       		.byte	48
 770 02e9 7C       		.byte	124
 771 02ea 32       		.byte	50
 772 02eb 01       		.byte	1
 773 02ec 34       		.byte	52
 774 02ed 02       		.byte	2
 775 02ee 3A       		.byte	58
 776 02ef 02       		.byte	2
 777 02f0 3E       		.byte	62
 778 02f1 04       		.byte	4
 779 02f2 58       		.byte	88
 780 02f3 04       		.byte	4
 781 02f4 5C       		.byte	92
 782 02f5 01       		.byte	1
 783 02f6 5F       		.byte	95
 784 02f7 01       		.byte	1
 785 02f8 00       		.byte	0
 786 02f9 66       		.byte	102
 787 02fa 04       		.byte	4
 788 02fb 44       		.byte	68
 789 02fc 05       		.byte	5
 790 02fd 20       		.byte	32
 791 02fe 07       		.byte	7
 792 02ff 40       		.byte	64
 793 0300 09       		.byte	9
 794 0301 04       		.byte	4
 795 0302 0A       		.byte	10
 796 0303 06       		.byte	6
 797 0304 0B       		.byte	11
 798 0305 80       		.byte	-128
ARM GAS  C:\Users\Thoma\AppData\Local\Temp\cciqJAmf.s 			page 15


 799 0306 0C       		.byte	12
 800 0307 80       		.byte	-128
 801 0308 0D       		.byte	13
 802 0309 02       		.byte	2
 803 030a 0E       		.byte	14
 804 030b 40       		.byte	64
 805 030c 0F       		.byte	15
 806 030d 14       		.byte	20
 807 030e 10       		.byte	16
 808 030f A0       		.byte	-96
 809 0310 13       		.byte	19
 810 0311 10       		.byte	16
 811 0312 15       		.byte	21
 812 0313 48       		.byte	72
 813 0314 17       		.byte	23
 814 0315 20       		.byte	32
 815 0316 18       		.byte	24
 816 0317 40       		.byte	64
 817 0318 19       		.byte	25
 818 0319 04       		.byte	4
 819 031a 1A       		.byte	26
 820 031b 84       		.byte	-124
 821 031c 1C       		.byte	28
 822 031d 04       		.byte	4
 823 031e 1D       		.byte	29
 824 031f A0       		.byte	-96
 825 0320 1F       		.byte	31
 826 0321 20       		.byte	32
 827 0322 25       		.byte	37
 828 0323 04       		.byte	4
 829 0324 26       		.byte	38
 830 0325 4D       		.byte	77
 831 0326 27       		.byte	39
 832 0327 21       		.byte	33
 833 0328 2C       		.byte	44
 834 0329 80       		.byte	-128
 835 032a 2E       		.byte	46
 836 032b 60       		.byte	96
 837 032c 2F       		.byte	47
 838 032d 20       		.byte	32
 839 032e 34       		.byte	52
 840 032f 20       		.byte	32
 841 0330 35       		.byte	53
 842 0331 20       		.byte	32
 843 0332 36       		.byte	54
 844 0333 0A       		.byte	10
 845 0334 37       		.byte	55
 846 0335 40       		.byte	64
 847 0336 3C       		.byte	60
 848 0337 40       		.byte	64
 849 0338 3F       		.byte	63
 850 0339 14       		.byte	20
 851 033a 45       		.byte	69
 852 033b A4       		.byte	-92
 853 033c 47       		.byte	71
 854 033d 01       		.byte	1
 855 033e 4D       		.byte	77
ARM GAS  C:\Users\Thoma\AppData\Local\Temp\cciqJAmf.s 			page 16


 856 033f 40       		.byte	64
 857 0340 4E       		.byte	78
 858 0341 03       		.byte	3
 859 0342 4F       		.byte	79
 860 0343 08       		.byte	8
 861 0344 56       		.byte	86
 862 0345 10       		.byte	16
 863 0346 88       		.byte	-120
 864 0347 21       		.byte	33
 865 0348 89       		.byte	-119
 866 0349 04       		.byte	4
 867 034a 8A       		.byte	-118
 868 034b 20       		.byte	32
 869 034c 8B       		.byte	-117
 870 034d 40       		.byte	64
 871 034e 92       		.byte	-110
 872 034f 02       		.byte	2
 873 0350 93       		.byte	-109
 874 0351 14       		.byte	20
 875 0352 94       		.byte	-108
 876 0353 04       		.byte	4
 877 0354 95       		.byte	-107
 878 0355 08       		.byte	8
 879 0356 96       		.byte	-106
 880 0357 80       		.byte	-128
 881 0358 99       		.byte	-103
 882 0359 20       		.byte	32
 883 035a 9B       		.byte	-101
 884 035b 40       		.byte	64
 885 035c 9D       		.byte	-99
 886 035d 04       		.byte	4
 887 035e 9E       		.byte	-98
 888 035f 30       		.byte	48
 889 0360 A0       		.byte	-96
 890 0361 B0       		.byte	-80
 891 0362 A1       		.byte	-95
 892 0363 02       		.byte	2
 893 0364 A5       		.byte	-91
 894 0365 04       		.byte	4
 895 0366 A6       		.byte	-90
 896 0367 45       		.byte	69
 897 0368 A7       		.byte	-89
 898 0369 04       		.byte	4
 899 036a C0       		.byte	-64
 900 036b FF       		.byte	-1
 901 036c C2       		.byte	-62
 902 036d FF       		.byte	-1
 903 036e C4       		.byte	-60
 904 036f EE       		.byte	-18
 905 0370 CA       		.byte	-54
 906 0371 F0       		.byte	-16
 907 0372 CC       		.byte	-52
 908 0373 F0       		.byte	-16
 909 0374 CE       		.byte	-50
 910 0375 70       		.byte	112
 911 0376 D0       		.byte	-48
 912 0377 F0       		.byte	-16
ARM GAS  C:\Users\Thoma\AppData\Local\Temp\cciqJAmf.s 			page 17


 913 0378 D2       		.byte	-46
 914 0379 10       		.byte	16
 915 037a EC       		.byte	-20
 916 037b 30       		.byte	48
 917 037c 33       		.byte	51
 918 037d 80       		.byte	-128
 919 037e CC       		.byte	-52
 920 037f 10       		.byte	16
 921 0380 11       		.byte	17
 922 0381 01       		.byte	1
 923 0382 5E       		.byte	94
 924 0383 08       		.byte	8
 925 0384 A7       		.byte	-89
 926 0385 80       		.byte	-128
 927 0386 C4       		.byte	-60
 928 0387 10       		.byte	16
 929 0388 D6       		.byte	-42
 930 0389 80       		.byte	-128
 931 038a 91       		.byte	-111
 932 038b 01       		.byte	1
 933 038c A6       		.byte	-90
 934 038d 04       		.byte	4
 935 038e A7       		.byte	-89
 936 038f 80       		.byte	-128
 937 0390 91       		.byte	-111
 938 0391 01       		.byte	1
 939 0392 A6       		.byte	-90
 940 0393 04       		.byte	4
 941 0394 B3       		.byte	-77
 942 0395 80       		.byte	-128
 943 0396 7F       		.byte	127
 944 0397 10       		.byte	16
 945 0398 DE       		.byte	-34
 946 0399 01       		.byte	1
 947 039a 87       		.byte	-121
 948 039b 10       		.byte	16
 949 039c 97       		.byte	-105
 950 039d 20       		.byte	32
 951 039e 30       		.byte	48
 952 039f 01       		.byte	1
 953 03a0 45       		.byte	69
 954 03a1 08       		.byte	8
 955 03a2 CC       		.byte	-52
 956 03a3 02       		.byte	2
 957 03a4 D0       		.byte	-48
 958 03a5 01       		.byte	1
 959 03a6 8E       		.byte	-114
 960 03a7 10       		.byte	16
 961 03a8 9C       		.byte	-100
 962 03a9 01       		.byte	1
 963 03aa A5       		.byte	-91
 964 03ab 08       		.byte	8
 965 03ac E4       		.byte	-28
 966 03ad 08       		.byte	8
 967 03ae 10       		.byte	16
 968 03af 08       		.byte	8
 969 03b0 25       		.byte	37
ARM GAS  C:\Users\Thoma\AppData\Local\Temp\cciqJAmf.s 			page 18


 970 03b1 10       		.byte	16
 971 03b2 26       		.byte	38
 972 03b3 04       		.byte	4
 973 03b4 A6       		.byte	-90
 974 03b5 04       		.byte	4
 975 03b6 B1       		.byte	-79
 976 03b7 01       		.byte	1
 977 03b8 C4       		.byte	-60
 978 03b9 40       		.byte	64
 979 03ba C8       		.byte	-56
 980 03bb A0       		.byte	-96
 981 03bc B0       		.byte	-80
 982 03bd 08       		.byte	8
 983 03be B5       		.byte	-75
 984 03bf 10       		.byte	16
 985 03c0 92       		.byte	-110
 986 03c1 10       		.byte	16
 987 03c2 9C       		.byte	-100
 988 03c3 01       		.byte	1
 989 03c4 A5       		.byte	-91
 990 03c5 08       		.byte	8
 991 03c6 10       		.byte	16
 992 03c7 80       		.byte	-128
 993 03c8 72       		.byte	114
 994 03c9 10       		.byte	16
 995 03ca 88       		.byte	-120
 996 03cb 80       		.byte	-128
 997 03cc 92       		.byte	-110
 998 03cd 10       		.byte	16
 999 03ce B0       		.byte	-80
 1000 03cf 01       		.byte	1
 1001 03d0 B5       		.byte	-75
 1002 03d1 08       		.byte	8
 1003 03d2 C4       		.byte	-60
 1004 03d3 08       		.byte	8
 1005 03d4 DC       		.byte	-36
 1006 03d5 01       		.byte	1
 1007 03d6 E6       		.byte	-26
 1008 03d7 01       		.byte	1
 1009 03d8 EC       		.byte	-20
 1010 03d9 0C       		.byte	12
 1011 03da 00       		.byte	0
 1012 03db 02       		.byte	2
 1013 03dc 0C       		.byte	12
 1014 03dd 02       		.byte	2
 1015 03de 10       		.byte	16
 1016 03df 02       		.byte	2
 1017 03e0 1C       		.byte	28
 1018 03e1 02       		.byte	2
 1019 03e2 00       		.byte	0
 1020 03e3 03       		.byte	3
 1021 03e4 03       		.byte	3
 1022 03e5 00       		.byte	0
 1023 03e6 10       		.byte	16
 1024 03e7 00       		.byte	0
 1025 03e8 03       		.byte	3
 1026 03e9 02       		.byte	2
ARM GAS  C:\Users\Thoma\AppData\Local\Temp\cciqJAmf.s 			page 19


 1027 03ea 0C       		.byte	12
 1028 03eb 00       		.byte	0
 1029 03ec 0F       		.byte	15
 1030 03ed 06       		.byte	6
 1031 03ee 00       		.byte	0
 1032 03ef 00       		.byte	0
 1033 03f0 0C       		.byte	12
 1034 03f1 07       		.byte	7
 1035 03f2 03       		.byte	3
 1036 03f3 18       		.byte	24
 1037 03f4 02       		.byte	2
 1038 03f5 00       		.byte	0
 1039 03f6 20       		.byte	32
 1040 03f7 19       		.byte	25
 1041 03f8 0C       		.byte	12
 1042 03f9 1F       		.byte	31
 1043 03fa 00       		.byte	0
 1044 03fb 00       		.byte	0
 1045 03fc 04       		.byte	4
 1046 03fd 06       		.byte	6
 1047 03fe 00       		.byte	0
 1048 03ff 19       		.byte	25
 1049 0400 08       		.byte	8
 1050 0401 18       		.byte	24
 1051 0402 00       		.byte	0
 1052 0403 00       		.byte	0
 1053 0404 00       		.byte	0
 1054 0405 04       		.byte	4
 1055 0406 00       		.byte	0
 1056 0407 00       		.byte	0
 1057 0408 01       		.byte	1
 1058 0409 19       		.byte	25
 1059 040a 20       		.byte	32
 1060 040b 06       		.byte	6
 1061 040c 0F       		.byte	15
 1062 040d 08       		.byte	8
 1063 040e 00       		.byte	0
 1064 040f 00       		.byte	0
 1065 0410 00       		.byte	0
 1066 0411 10       		.byte	16
 1067 0412 03       		.byte	3
 1068 0413 00       		.byte	0
 1069 0414 00       		.byte	0
 1070 0415 18       		.byte	24
 1071 0416 00       		.byte	0
 1072 0417 00       		.byte	0
 1073 0418 0F       		.byte	15
 1074 0419 00       		.byte	0
 1075 041a 30       		.byte	48
 1076 041b 07       		.byte	7
 1077 041c 00       		.byte	0
 1078 041d 00       		.byte	0
 1079 041e 20       		.byte	32
 1080 041f 08       		.byte	8
 1081 0420 00       		.byte	0
 1082 0421 00       		.byte	0
 1083 0422 40       		.byte	64
ARM GAS  C:\Users\Thoma\AppData\Local\Temp\cciqJAmf.s 			page 20


 1084 0423 00       		.byte	0
 1085 0424 25       		.byte	37
 1086 0425 03       		.byte	3
 1087 0426 04       		.byte	4
 1088 0427 00       		.byte	0
 1089 0428 01       		.byte	1
 1090 0429 0C       		.byte	12
 1091 042a E0       		.byte	-32
 1092 042b 00       		.byte	0
 1093 042c 09       		.byte	9
 1094 042d FF       		.byte	-1
 1095 042e FF       		.byte	-1
 1096 042f FF       		.byte	-1
 1097 0430 62       		.byte	98
 1098 0431 A0       		.byte	-96
 1099 0432 F0       		.byte	-16
 1100 0433 41       		.byte	65
 1101 0434 0C       		.byte	12
 1102 0435 00       		.byte	0
 1103 0436 00       		.byte	0
 1104 0437 00       		.byte	0
 1105 0438 00       		.byte	0
 1106 0439 00       		.byte	0
 1107 043a 00       		.byte	0
 1108 043b 00       		.byte	0
 1109 043c 04       		.byte	4
 1110 043d 04       		.byte	4
 1111 043e 04       		.byte	4
 1112 043f 00       		.byte	0
 1113 0440 11       		.byte	17
 1114 0441 01       		.byte	1
 1115 0442 00       		.byte	0
 1116 0443 01       		.byte	1
 1117 0444 00       		.byte	0
 1118 0445 00       		.byte	0
 1119 0446 00       		.byte	0
 1120 0447 00       		.byte	0
 1121 0448 00       		.byte	0
 1122 0449 00       		.byte	0
 1123 044a 40       		.byte	64
 1124 044b 02       		.byte	2
 1125 044c 00       		.byte	0
 1126 044d 10       		.byte	16
 1127 044e 30       		.byte	48
 1128 044f 10       		.byte	16
 1129 0450 00       		.byte	0
 1130 0451 10       		.byte	16
 1131 0452 10       		.byte	16
 1132 0453 12       		.byte	18
 1133 0454 00       		.byte	0
 1134 0455 00       		.byte	0
 1135 0456 00       		.byte	0
 1136 0457 00       		.byte	0
 1137 0458 00       		.byte	0
 1138 0459 00       		.byte	0
 1139 045a 00       		.byte	0
 1140 045b 00       		.byte	0
ARM GAS  C:\Users\Thoma\AppData\Local\Temp\cciqJAmf.s 			page 21


 1141 045c 00       		.byte	0
 1142 045d 00       		.byte	0
 1143 045e 00       		.byte	0
 1144 045f 00       		.byte	0
 1145 0460 00       		.byte	0
 1146 0461 00       		.byte	0
 1147 0462 00       		.byte	0
 1148 0463 00       		.byte	0
 1149 0464 00       		.byte	0
 1150 0465 20       		.byte	32
 1151 0466 20       		.byte	32
 1152 0467 00       		.byte	0
 1153 0468 20       		.byte	32
 1154 0469 00       		.byte	0
 1155 046a 80       		.byte	-128
 1156 046b 00       		.byte	0
 1157 046c 80       		.byte	-128
 1158 046d 00       		.byte	0
 1159 046e 40       		.byte	64
 1160 046f 80       		.byte	-128
 1161 0470 80       		.byte	-128
 1162 0471 00       		.byte	0
 1163 0472 80       		.byte	-128
 1164 0473 00       		.byte	0
 1165 0474 00       		.byte	0
 1166 0475 00       		.byte	0
 1167 0476 00       		.byte	0
 1168 0477 00       		.byte	0
 1169 0478 02       		.byte	2
 1170 0479 02       		.byte	2
 1171 047a 02       		.byte	2
 1172 047b 00       		.byte	0
 1173 047c 00       		.byte	0
 1174 047d 00       		.byte	0
 1175 047e 00       		.byte	0
 1176 047f 00       		.byte	0
 1177 0480 2E       		.byte	46
 1178 0481 00       		.byte	0
 1179 0482 18       		.byte	24
 1180 0483 01       		.byte	1
 1181 0484 85       		.byte	-123
 1182 0485 08       		.byte	8
 1183 0486 18       		.byte	24
 1184 0487 01       		.byte	1
 1185 0488 00       		.byte	0
 1186 0489 08       		.byte	8
 1187 048a 00       		.byte	0
 1188 048b 00       		.byte	0
 1189              		.global	cy_meta_custnvl
 1190              		.section	.cycustnvl,"a",%progbits
 1191              		.align	2
 1192              		.type	cy_meta_custnvl, %object
 1193              		.size	cy_meta_custnvl, 4
 1194              	cy_meta_custnvl:
 1195 0000 00       		.byte	0
 1196 0001 00       		.byte	0
 1197 0002 40       		.byte	64
ARM GAS  C:\Users\Thoma\AppData\Local\Temp\cciqJAmf.s 			page 22


 1198 0003 07       		.byte	7
 1199              		.global	cy_meta_wonvl
 1200              		.section	.cywolatch,"a",%progbits
 1201              		.align	2
 1202              		.type	cy_meta_wonvl, %object
 1203              		.size	cy_meta_wonvl, 4
 1204              	cy_meta_wonvl:
 1205 0000 BC       		.byte	-68
 1206 0001 90       		.byte	-112
 1207 0002 AC       		.byte	-84
 1208 0003 AF       		.byte	-81
 1209              		.global	cy_meta_flashprotect
 1210              		.section	.cyflashprotect,"a",%progbits
 1211              		.align	2
 1212              		.type	cy_meta_flashprotect, %object
 1213              		.size	cy_meta_flashprotect, 256
 1214              	cy_meta_flashprotect:
 1215 0000 00000000 		.space	256
 1215      00000000 
 1215      00000000 
 1215      00000000 
 1215      00000000 
 1216              		.global	cy_metadata
 1217              		.section	.cymeta,"a",%progbits
 1218              		.align	2
 1219              		.type	cy_metadata, %object
 1220              		.size	cy_metadata, 12
 1221              	cy_metadata:
 1222 0000 00       		.byte	0
 1223 0001 01       		.byte	1
 1224 0002 2E       		.byte	46
 1225 0003 16       		.byte	22
 1226 0004 10       		.byte	16
 1227 0005 69       		.byte	105
 1228 0006 00       		.byte	0
 1229 0007 01       		.byte	1
 1230 0008 00       		.byte	0
 1231 0009 00       		.byte	0
 1232 000a 00       		.byte	0
 1233 000b 00       		.byte	0
 1234              		.text
 1235              	.Letext0:
 1236              		.file 1 "c:\\program files (x86)\\cypress\\psoc creator\\4.2\\psoc creator\\import\\gnu\\arm\\5.4.
 1237              		.file 2 "c:\\program files (x86)\\cypress\\psoc creator\\4.2\\psoc creator\\import\\gnu\\arm\\5.4.
 1238              		.file 3 "Generated_Source\\PSoC5\\cymetadata.c"
 1239              		.section	.debug_info,"",%progbits
 1240              	.Ldebug_info0:
 1241 0000 32010000 		.4byte	0x132
 1242 0004 0400     		.2byte	0x4
 1243 0006 00000000 		.4byte	.Ldebug_abbrev0
 1244 000a 04       		.byte	0x4
 1245 000b 01       		.uleb128 0x1
 1246 000c 0A000000 		.4byte	.LASF17
 1247 0010 0C       		.byte	0xc
 1248 0011 C0010000 		.4byte	.LASF18
 1249 0015 F9000000 		.4byte	.LASF19
 1250 0019 00000000 		.4byte	.Ldebug_line0
ARM GAS  C:\Users\Thoma\AppData\Local\Temp\cciqJAmf.s 			page 23


 1251 001d 02       		.uleb128 0x2
 1252 001e 01       		.byte	0x1
 1253 001f 06       		.byte	0x6
 1254 0020 B4010000 		.4byte	.LASF0
 1255 0024 03       		.uleb128 0x3
 1256 0025 00000000 		.4byte	.LASF9
 1257 0029 01       		.byte	0x1
 1258 002a 1D       		.byte	0x1d
 1259 002b 2F000000 		.4byte	0x2f
 1260 002f 02       		.uleb128 0x2
 1261 0030 01       		.byte	0x1
 1262 0031 08       		.byte	0x8
 1263 0032 A4000000 		.4byte	.LASF1
 1264 0036 02       		.uleb128 0x2
 1265 0037 02       		.byte	0x2
 1266 0038 05       		.byte	0x5
 1267 0039 A1010000 		.4byte	.LASF2
 1268 003d 02       		.uleb128 0x2
 1269 003e 02       		.byte	0x2
 1270 003f 07       		.byte	0x7
 1271 0040 C4000000 		.4byte	.LASF3
 1272 0044 02       		.uleb128 0x2
 1273 0045 04       		.byte	0x4
 1274 0046 05       		.byte	0x5
 1275 0047 AB010000 		.4byte	.LASF4
 1276 004b 02       		.uleb128 0x2
 1277 004c 04       		.byte	0x4
 1278 004d 07       		.byte	0x7
 1279 004e B2000000 		.4byte	.LASF5
 1280 0052 02       		.uleb128 0x2
 1281 0053 08       		.byte	0x8
 1282 0054 05       		.byte	0x5
 1283 0055 93010000 		.4byte	.LASF6
 1284 0059 02       		.uleb128 0x2
 1285 005a 08       		.byte	0x8
 1286 005b 07       		.byte	0x7
 1287 005c 48010000 		.4byte	.LASF7
 1288 0060 04       		.uleb128 0x4
 1289 0061 04       		.byte	0x4
 1290 0062 05       		.byte	0x5
 1291 0063 696E7400 		.ascii	"int\000"
 1292 0067 02       		.uleb128 0x2
 1293 0068 04       		.byte	0x4
 1294 0069 07       		.byte	0x7
 1295 006a 3B010000 		.4byte	.LASF8
 1296 006e 03       		.uleb128 0x3
 1297 006f 5F010000 		.4byte	.LASF10
 1298 0073 02       		.byte	0x2
 1299 0074 18       		.byte	0x18
 1300 0075 24000000 		.4byte	0x24
 1301 0079 05       		.uleb128 0x5
 1302 007a 91000000 		.4byte	0x91
 1303 007e 8A000000 		.4byte	0x8a
 1304 0082 06       		.uleb128 0x6
 1305 0083 8A000000 		.4byte	0x8a
 1306 0087 8B04     		.2byte	0x48b
 1307 0089 00       		.byte	0
ARM GAS  C:\Users\Thoma\AppData\Local\Temp\cciqJAmf.s 			page 24


 1308 008a 02       		.uleb128 0x2
 1309 008b 04       		.byte	0x4
 1310 008c 07       		.byte	0x7
 1311 008d 8A010000 		.4byte	.LASF11
 1312 0091 07       		.uleb128 0x7
 1313 0092 6E000000 		.4byte	0x6e
 1314 0096 08       		.uleb128 0x8
 1315 0097 E7000000 		.4byte	.LASF12
 1316 009b 03       		.byte	0x3
 1317 009c 1F       		.byte	0x1f
 1318 009d A7000000 		.4byte	0xa7
 1319 00a1 05       		.uleb128 0x5
 1320 00a2 03       		.byte	0x3
 1321 00a3 00000000 		.4byte	cy_meta_configecc
 1322 00a7 07       		.uleb128 0x7
 1323 00a8 79000000 		.4byte	0x79
 1324 00ac 05       		.uleb128 0x5
 1325 00ad 91000000 		.4byte	0x91
 1326 00b1 BC000000 		.4byte	0xbc
 1327 00b5 09       		.uleb128 0x9
 1328 00b6 8A000000 		.4byte	0x8a
 1329 00ba 03       		.byte	0x3
 1330 00bb 00       		.byte	0
 1331 00bc 08       		.uleb128 0x8
 1332 00bd D7000000 		.4byte	.LASF13
 1333 00c1 03       		.byte	0x3
 1334 00c2 BE       		.byte	0xbe
 1335 00c3 CD000000 		.4byte	0xcd
 1336 00c7 05       		.uleb128 0x5
 1337 00c8 03       		.byte	0x3
 1338 00c9 00000000 		.4byte	cy_meta_custnvl
 1339 00cd 07       		.uleb128 0x7
 1340 00ce AC000000 		.4byte	0xac
 1341 00d2 08       		.uleb128 0x8
 1342 00d3 7C010000 		.4byte	.LASF14
 1343 00d7 03       		.byte	0x3
 1344 00d8 CC       		.byte	0xcc
 1345 00d9 E3000000 		.4byte	0xe3
 1346 00dd 05       		.uleb128 0x5
 1347 00de 03       		.byte	0x3
 1348 00df 00000000 		.4byte	cy_meta_wonvl
 1349 00e3 07       		.uleb128 0x7
 1350 00e4 AC000000 		.4byte	0xac
 1351 00e8 05       		.uleb128 0x5
 1352 00e9 91000000 		.4byte	0x91
 1353 00ed F8000000 		.4byte	0xf8
 1354 00f1 09       		.uleb128 0x9
 1355 00f2 8A000000 		.4byte	0x8a
 1356 00f6 FF       		.byte	0xff
 1357 00f7 00       		.byte	0
 1358 00f8 08       		.uleb128 0x8
 1359 00f9 67010000 		.4byte	.LASF15
 1360 00fd 03       		.byte	0x3
 1361 00fe DA       		.byte	0xda
 1362 00ff 09010000 		.4byte	0x109
 1363 0103 05       		.uleb128 0x5
 1364 0104 03       		.byte	0x3
ARM GAS  C:\Users\Thoma\AppData\Local\Temp\cciqJAmf.s 			page 25


 1365 0105 00000000 		.4byte	cy_meta_flashprotect
 1366 0109 07       		.uleb128 0x7
 1367 010a E8000000 		.4byte	0xe8
 1368 010e 05       		.uleb128 0x5
 1369 010f 91000000 		.4byte	0x91
 1370 0113 1E010000 		.4byte	0x11e
 1371 0117 09       		.uleb128 0x9
 1372 0118 8A000000 		.4byte	0x8a
 1373 011c 0B       		.byte	0xb
 1374 011d 00       		.byte	0
 1375 011e 0A       		.uleb128 0xa
 1376 011f 98000000 		.4byte	.LASF16
 1377 0123 03       		.byte	0x3
 1378 0124 0701     		.2byte	0x107
 1379 0126 30010000 		.4byte	0x130
 1380 012a 05       		.uleb128 0x5
 1381 012b 03       		.byte	0x3
 1382 012c 00000000 		.4byte	cy_metadata
 1383 0130 07       		.uleb128 0x7
 1384 0131 0E010000 		.4byte	0x10e
 1385 0135 00       		.byte	0
 1386              		.section	.debug_abbrev,"",%progbits
 1387              	.Ldebug_abbrev0:
 1388 0000 01       		.uleb128 0x1
 1389 0001 11       		.uleb128 0x11
 1390 0002 01       		.byte	0x1
 1391 0003 25       		.uleb128 0x25
 1392 0004 0E       		.uleb128 0xe
 1393 0005 13       		.uleb128 0x13
 1394 0006 0B       		.uleb128 0xb
 1395 0007 03       		.uleb128 0x3
 1396 0008 0E       		.uleb128 0xe
 1397 0009 1B       		.uleb128 0x1b
 1398 000a 0E       		.uleb128 0xe
 1399 000b 10       		.uleb128 0x10
 1400 000c 17       		.uleb128 0x17
 1401 000d 00       		.byte	0
 1402 000e 00       		.byte	0
 1403 000f 02       		.uleb128 0x2
 1404 0010 24       		.uleb128 0x24
 1405 0011 00       		.byte	0
 1406 0012 0B       		.uleb128 0xb
 1407 0013 0B       		.uleb128 0xb
 1408 0014 3E       		.uleb128 0x3e
 1409 0015 0B       		.uleb128 0xb
 1410 0016 03       		.uleb128 0x3
 1411 0017 0E       		.uleb128 0xe
 1412 0018 00       		.byte	0
 1413 0019 00       		.byte	0
 1414 001a 03       		.uleb128 0x3
 1415 001b 16       		.uleb128 0x16
 1416 001c 00       		.byte	0
 1417 001d 03       		.uleb128 0x3
 1418 001e 0E       		.uleb128 0xe
 1419 001f 3A       		.uleb128 0x3a
 1420 0020 0B       		.uleb128 0xb
 1421 0021 3B       		.uleb128 0x3b
ARM GAS  C:\Users\Thoma\AppData\Local\Temp\cciqJAmf.s 			page 26


 1422 0022 0B       		.uleb128 0xb
 1423 0023 49       		.uleb128 0x49
 1424 0024 13       		.uleb128 0x13
 1425 0025 00       		.byte	0
 1426 0026 00       		.byte	0
 1427 0027 04       		.uleb128 0x4
 1428 0028 24       		.uleb128 0x24
 1429 0029 00       		.byte	0
 1430 002a 0B       		.uleb128 0xb
 1431 002b 0B       		.uleb128 0xb
 1432 002c 3E       		.uleb128 0x3e
 1433 002d 0B       		.uleb128 0xb
 1434 002e 03       		.uleb128 0x3
 1435 002f 08       		.uleb128 0x8
 1436 0030 00       		.byte	0
 1437 0031 00       		.byte	0
 1438 0032 05       		.uleb128 0x5
 1439 0033 01       		.uleb128 0x1
 1440 0034 01       		.byte	0x1
 1441 0035 49       		.uleb128 0x49
 1442 0036 13       		.uleb128 0x13
 1443 0037 01       		.uleb128 0x1
 1444 0038 13       		.uleb128 0x13
 1445 0039 00       		.byte	0
 1446 003a 00       		.byte	0
 1447 003b 06       		.uleb128 0x6
 1448 003c 21       		.uleb128 0x21
 1449 003d 00       		.byte	0
 1450 003e 49       		.uleb128 0x49
 1451 003f 13       		.uleb128 0x13
 1452 0040 2F       		.uleb128 0x2f
 1453 0041 05       		.uleb128 0x5
 1454 0042 00       		.byte	0
 1455 0043 00       		.byte	0
 1456 0044 07       		.uleb128 0x7
 1457 0045 26       		.uleb128 0x26
 1458 0046 00       		.byte	0
 1459 0047 49       		.uleb128 0x49
 1460 0048 13       		.uleb128 0x13
 1461 0049 00       		.byte	0
 1462 004a 00       		.byte	0
 1463 004b 08       		.uleb128 0x8
 1464 004c 34       		.uleb128 0x34
 1465 004d 00       		.byte	0
 1466 004e 03       		.uleb128 0x3
 1467 004f 0E       		.uleb128 0xe
 1468 0050 3A       		.uleb128 0x3a
 1469 0051 0B       		.uleb128 0xb
 1470 0052 3B       		.uleb128 0x3b
 1471 0053 0B       		.uleb128 0xb
 1472 0054 49       		.uleb128 0x49
 1473 0055 13       		.uleb128 0x13
 1474 0056 3F       		.uleb128 0x3f
 1475 0057 19       		.uleb128 0x19
 1476 0058 02       		.uleb128 0x2
 1477 0059 18       		.uleb128 0x18
 1478 005a 00       		.byte	0
ARM GAS  C:\Users\Thoma\AppData\Local\Temp\cciqJAmf.s 			page 27


 1479 005b 00       		.byte	0
 1480 005c 09       		.uleb128 0x9
 1481 005d 21       		.uleb128 0x21
 1482 005e 00       		.byte	0
 1483 005f 49       		.uleb128 0x49
 1484 0060 13       		.uleb128 0x13
 1485 0061 2F       		.uleb128 0x2f
 1486 0062 0B       		.uleb128 0xb
 1487 0063 00       		.byte	0
 1488 0064 00       		.byte	0
 1489 0065 0A       		.uleb128 0xa
 1490 0066 34       		.uleb128 0x34
 1491 0067 00       		.byte	0
 1492 0068 03       		.uleb128 0x3
 1493 0069 0E       		.uleb128 0xe
 1494 006a 3A       		.uleb128 0x3a
 1495 006b 0B       		.uleb128 0xb
 1496 006c 3B       		.uleb128 0x3b
 1497 006d 05       		.uleb128 0x5
 1498 006e 49       		.uleb128 0x49
 1499 006f 13       		.uleb128 0x13
 1500 0070 3F       		.uleb128 0x3f
 1501 0071 19       		.uleb128 0x19
 1502 0072 02       		.uleb128 0x2
 1503 0073 18       		.uleb128 0x18
 1504 0074 00       		.byte	0
 1505 0075 00       		.byte	0
 1506 0076 00       		.byte	0
 1507              		.section	.debug_aranges,"",%progbits
 1508 0000 14000000 		.4byte	0x14
 1509 0004 0200     		.2byte	0x2
 1510 0006 00000000 		.4byte	.Ldebug_info0
 1511 000a 04       		.byte	0x4
 1512 000b 00       		.byte	0
 1513 000c 0000     		.2byte	0
 1514 000e 0000     		.2byte	0
 1515 0010 00000000 		.4byte	0
 1516 0014 00000000 		.4byte	0
 1517              		.section	.debug_line,"",%progbits
 1518              	.Ldebug_line0:
 1519 0000 3D010000 		.section	.debug_str,"MS",%progbits,1
 1519      02003701 
 1519      00000201 
 1519      FB0E0D00 
 1519      01010101 
 1520              	.LASF9:
 1521 0000 5F5F7569 		.ascii	"__uint8_t\000"
 1521      6E74385F 
 1521      7400
 1522              	.LASF17:
 1523 000a 474E5520 		.ascii	"GNU C11 5.4.1 20160609 (release) [ARM/embedded-5-br"
 1523      43313120 
 1523      352E342E 
 1523      31203230 
 1523      31363036 
 1524 003d 616E6368 		.ascii	"anch revision 237715] -mcpu=cortex-m3 -mthumb -g -O"
 1524      20726576 
ARM GAS  C:\Users\Thoma\AppData\Local\Temp\cciqJAmf.s 			page 28


 1524      6973696F 
 1524      6E203233 
 1524      37373135 
 1525 0070 30202D66 		.ascii	"0 -ffunction-sections -ffat-lto-objects\000"
 1525      66756E63 
 1525      74696F6E 
 1525      2D736563 
 1525      74696F6E 
 1526              	.LASF16:
 1527 0098 63795F6D 		.ascii	"cy_metadata\000"
 1527      65746164 
 1527      61746100 
 1528              	.LASF1:
 1529 00a4 756E7369 		.ascii	"unsigned char\000"
 1529      676E6564 
 1529      20636861 
 1529      7200
 1530              	.LASF5:
 1531 00b2 6C6F6E67 		.ascii	"long unsigned int\000"
 1531      20756E73 
 1531      69676E65 
 1531      6420696E 
 1531      7400
 1532              	.LASF3:
 1533 00c4 73686F72 		.ascii	"short unsigned int\000"
 1533      7420756E 
 1533      7369676E 
 1533      65642069 
 1533      6E7400
 1534              	.LASF13:
 1535 00d7 63795F6D 		.ascii	"cy_meta_custnvl\000"
 1535      6574615F 
 1535      63757374 
 1535      6E766C00 
 1536              	.LASF12:
 1537 00e7 63795F6D 		.ascii	"cy_meta_configecc\000"
 1537      6574615F 
 1537      636F6E66 
 1537      69676563 
 1537      6300
 1538              	.LASF19:
 1539 00f9 433A5C55 		.ascii	"C:\\Users\\Thoma\\OneDrive\\Skrivebord\\EX 6 standa"
 1539      73657273 
 1539      5C54686F 
 1539      6D615C4F 
 1539      6E654472 
 1540 0127 72642032 		.ascii	"rd 20160818_1.cydsn\000"
 1540      30313630 
 1540      3831385F 
 1540      312E6379 
 1540      64736E00 
 1541              	.LASF8:
 1542 013b 756E7369 		.ascii	"unsigned int\000"
 1542      676E6564 
 1542      20696E74 
 1542      00
 1543              	.LASF7:
ARM GAS  C:\Users\Thoma\AppData\Local\Temp\cciqJAmf.s 			page 29


 1544 0148 6C6F6E67 		.ascii	"long long unsigned int\000"
 1544      206C6F6E 
 1544      6720756E 
 1544      7369676E 
 1544      65642069 
 1545              	.LASF10:
 1546 015f 75696E74 		.ascii	"uint8_t\000"
 1546      385F7400 
 1547              	.LASF15:
 1548 0167 63795F6D 		.ascii	"cy_meta_flashprotect\000"
 1548      6574615F 
 1548      666C6173 
 1548      6870726F 
 1548      74656374 
 1549              	.LASF14:
 1550 017c 63795F6D 		.ascii	"cy_meta_wonvl\000"
 1550      6574615F 
 1550      776F6E76 
 1550      6C00
 1551              	.LASF11:
 1552 018a 73697A65 		.ascii	"sizetype\000"
 1552      74797065 
 1552      00
 1553              	.LASF6:
 1554 0193 6C6F6E67 		.ascii	"long long int\000"
 1554      206C6F6E 
 1554      6720696E 
 1554      7400
 1555              	.LASF2:
 1556 01a1 73686F72 		.ascii	"short int\000"
 1556      7420696E 
 1556      7400
 1557              	.LASF4:
 1558 01ab 6C6F6E67 		.ascii	"long int\000"
 1558      20696E74 
 1558      00
 1559              	.LASF0:
 1560 01b4 7369676E 		.ascii	"signed char\000"
 1560      65642063 
 1560      68617200 
 1561              	.LASF18:
 1562 01c0 47656E65 		.ascii	"Generated_Source\\PSoC5\\cymetadata.c\000"
 1562      72617465 
 1562      645F536F 
 1562      75726365 
 1562      5C50536F 
 1563              		.ident	"GCC: (GNU Tools for ARM Embedded Processors) 5.4.1 20160609 (release) [ARM/embedded-5-bran
