ARM GAS  C:\Users\Thoma\AppData\Local\Temp\ccsC00ec.s 			page 1


   1              		.syntax unified
   2              		.cpu cortex-m3
   3              		.fpu softvfp
   4              		.eabi_attribute 20, 1
   5              		.eabi_attribute 21, 1
   6              		.eabi_attribute 23, 3
   7              		.eabi_attribute 24, 1
   8              		.eabi_attribute 25, 1
   9              		.eabi_attribute 26, 1
  10              		.eabi_attribute 30, 6
  11              		.eabi_attribute 34, 1
  12              		.eabi_attribute 18, 4
  13              		.thumb
  14              		.syntax unified
  15              		.file	"Filter_1_Coefficients.c"
  16              		.text
  17              	.Ltext0:
  18              		.cfi_sections	.debug_frame
  19              		.global	Filter_1_ChannelAFirCoefficients
  20              		.section	.rodata
  21              		.align	2
  22              		.type	Filter_1_ChannelAFirCoefficients, %object
  23              		.size	Filter_1_ChannelAFirCoefficients, 8
  24              	Filter_1_ChannelAFirCoefficients:
  25 0000 00       		.byte	0
  26 0001 00       		.byte	0
  27 0002 40       		.byte	64
  28 0003 00       		.byte	0
  29 0004 00       		.byte	0
  30 0005 00       		.byte	0
  31 0006 40       		.byte	64
  32 0007 00       		.byte	0
  33              		.text
  34              	.Letext0:
  35              		.file 1 "Generated_Source\\PSoC5\\cytypes.h"
  36              		.file 2 "Generated_Source\\PSoC5\\Filter_1_Coefficients.c"
  37              		.section	.debug_info,"",%progbits
  38              	.Ldebug_info0:
  39 0000 BA000000 		.4byte	0xba
  40 0004 0400     		.2byte	0x4
  41 0006 00000000 		.4byte	.Ldebug_abbrev0
  42 000a 04       		.byte	0x4
  43 000b 01       		.uleb128 0x1
  44 000c 7F000000 		.4byte	.LASF14
  45 0010 0C       		.byte	0xc
  46 0011 4A000000 		.4byte	.LASF15
  47 0015 4A010000 		.4byte	.LASF16
  48 0019 00000000 		.4byte	.Ldebug_line0
  49 001d 02       		.uleb128 0x2
  50 001e 04       		.byte	0x4
  51 001f 05       		.byte	0x5
  52 0020 696E7400 		.ascii	"int\000"
  53 0024 03       		.uleb128 0x3
  54 0025 04       		.byte	0x4
  55 0026 07       		.byte	0x7
  56 0027 0E000000 		.4byte	.LASF0
  57 002b 03       		.uleb128 0x3
ARM GAS  C:\Users\Thoma\AppData\Local\Temp\ccsC00ec.s 			page 2


  58 002c 08       		.byte	0x8
  59 002d 05       		.byte	0x5
  60 002e 00000000 		.4byte	.LASF1
  61 0032 03       		.uleb128 0x3
  62 0033 08       		.byte	0x8
  63 0034 04       		.byte	0x4
  64 0035 B2010000 		.4byte	.LASF2
  65 0039 03       		.uleb128 0x3
  66 003a 01       		.byte	0x1
  67 003b 06       		.byte	0x6
  68 003c A6010000 		.4byte	.LASF3
  69 0040 03       		.uleb128 0x3
  70 0041 01       		.byte	0x1
  71 0042 08       		.byte	0x8
  72 0043 0D010000 		.4byte	.LASF4
  73 0047 03       		.uleb128 0x3
  74 0048 02       		.byte	0x2
  75 0049 05       		.byte	0x5
  76 004a BE010000 		.4byte	.LASF5
  77 004e 03       		.uleb128 0x3
  78 004f 02       		.byte	0x2
  79 0050 07       		.byte	0x7
  80 0051 93010000 		.4byte	.LASF6
  81 0055 03       		.uleb128 0x3
  82 0056 04       		.byte	0x4
  83 0057 05       		.byte	0x5
  84 0058 20010000 		.4byte	.LASF7
  85 005c 03       		.uleb128 0x3
  86 005d 04       		.byte	0x4
  87 005e 07       		.byte	0x7
  88 005f 21000000 		.4byte	.LASF8
  89 0063 03       		.uleb128 0x3
  90 0064 08       		.byte	0x8
  91 0065 07       		.byte	0x7
  92 0066 33000000 		.4byte	.LASF9
  93 006a 03       		.uleb128 0x3
  94 006b 04       		.byte	0x4
  95 006c 07       		.byte	0x7
  96 006d C8010000 		.4byte	.LASF10
  97 0071 03       		.uleb128 0x3
  98 0072 01       		.byte	0x1
  99 0073 08       		.byte	0x8
 100 0074 1B010000 		.4byte	.LASF11
 101 0078 04       		.uleb128 0x4
 102 0079 1B000000 		.4byte	.LASF17
 103 007d 01       		.byte	0x1
 104 007e E401     		.2byte	0x1e4
 105 0080 40000000 		.4byte	0x40
 106 0084 03       		.uleb128 0x3
 107 0085 04       		.byte	0x4
 108 0086 04       		.byte	0x4
 109 0087 79000000 		.4byte	.LASF12
 110 008b 03       		.uleb128 0x3
 111 008c 08       		.byte	0x8
 112 008d 04       		.byte	0x4
 113 008e 8C010000 		.4byte	.LASF13
 114 0092 05       		.uleb128 0x5
ARM GAS  C:\Users\Thoma\AppData\Local\Temp\ccsC00ec.s 			page 3


 115 0093 A2000000 		.4byte	0xa2
 116 0097 A2000000 		.4byte	0xa2
 117 009b 06       		.uleb128 0x6
 118 009c 6A000000 		.4byte	0x6a
 119 00a0 07       		.byte	0x7
 120 00a1 00       		.byte	0
 121 00a2 07       		.uleb128 0x7
 122 00a3 78000000 		.4byte	0x78
 123 00a7 08       		.uleb128 0x8
 124 00a8 29010000 		.4byte	.LASF18
 125 00ac 02       		.byte	0x2
 126 00ad 11       		.byte	0x11
 127 00ae B8000000 		.4byte	0xb8
 128 00b2 05       		.uleb128 0x5
 129 00b3 03       		.byte	0x3
 130 00b4 00000000 		.4byte	Filter_1_ChannelAFirCoefficients
 131 00b8 07       		.uleb128 0x7
 132 00b9 92000000 		.4byte	0x92
 133 00bd 00       		.byte	0
 134              		.section	.debug_abbrev,"",%progbits
 135              	.Ldebug_abbrev0:
 136 0000 01       		.uleb128 0x1
 137 0001 11       		.uleb128 0x11
 138 0002 01       		.byte	0x1
 139 0003 25       		.uleb128 0x25
 140 0004 0E       		.uleb128 0xe
 141 0005 13       		.uleb128 0x13
 142 0006 0B       		.uleb128 0xb
 143 0007 03       		.uleb128 0x3
 144 0008 0E       		.uleb128 0xe
 145 0009 1B       		.uleb128 0x1b
 146 000a 0E       		.uleb128 0xe
 147 000b 10       		.uleb128 0x10
 148 000c 17       		.uleb128 0x17
 149 000d 00       		.byte	0
 150 000e 00       		.byte	0
 151 000f 02       		.uleb128 0x2
 152 0010 24       		.uleb128 0x24
 153 0011 00       		.byte	0
 154 0012 0B       		.uleb128 0xb
 155 0013 0B       		.uleb128 0xb
 156 0014 3E       		.uleb128 0x3e
 157 0015 0B       		.uleb128 0xb
 158 0016 03       		.uleb128 0x3
 159 0017 08       		.uleb128 0x8
 160 0018 00       		.byte	0
 161 0019 00       		.byte	0
 162 001a 03       		.uleb128 0x3
 163 001b 24       		.uleb128 0x24
 164 001c 00       		.byte	0
 165 001d 0B       		.uleb128 0xb
 166 001e 0B       		.uleb128 0xb
 167 001f 3E       		.uleb128 0x3e
 168 0020 0B       		.uleb128 0xb
 169 0021 03       		.uleb128 0x3
 170 0022 0E       		.uleb128 0xe
 171 0023 00       		.byte	0
ARM GAS  C:\Users\Thoma\AppData\Local\Temp\ccsC00ec.s 			page 4


 172 0024 00       		.byte	0
 173 0025 04       		.uleb128 0x4
 174 0026 16       		.uleb128 0x16
 175 0027 00       		.byte	0
 176 0028 03       		.uleb128 0x3
 177 0029 0E       		.uleb128 0xe
 178 002a 3A       		.uleb128 0x3a
 179 002b 0B       		.uleb128 0xb
 180 002c 3B       		.uleb128 0x3b
 181 002d 05       		.uleb128 0x5
 182 002e 49       		.uleb128 0x49
 183 002f 13       		.uleb128 0x13
 184 0030 00       		.byte	0
 185 0031 00       		.byte	0
 186 0032 05       		.uleb128 0x5
 187 0033 01       		.uleb128 0x1
 188 0034 01       		.byte	0x1
 189 0035 49       		.uleb128 0x49
 190 0036 13       		.uleb128 0x13
 191 0037 01       		.uleb128 0x1
 192 0038 13       		.uleb128 0x13
 193 0039 00       		.byte	0
 194 003a 00       		.byte	0
 195 003b 06       		.uleb128 0x6
 196 003c 21       		.uleb128 0x21
 197 003d 00       		.byte	0
 198 003e 49       		.uleb128 0x49
 199 003f 13       		.uleb128 0x13
 200 0040 2F       		.uleb128 0x2f
 201 0041 0B       		.uleb128 0xb
 202 0042 00       		.byte	0
 203 0043 00       		.byte	0
 204 0044 07       		.uleb128 0x7
 205 0045 26       		.uleb128 0x26
 206 0046 00       		.byte	0
 207 0047 49       		.uleb128 0x49
 208 0048 13       		.uleb128 0x13
 209 0049 00       		.byte	0
 210 004a 00       		.byte	0
 211 004b 08       		.uleb128 0x8
 212 004c 34       		.uleb128 0x34
 213 004d 00       		.byte	0
 214 004e 03       		.uleb128 0x3
 215 004f 0E       		.uleb128 0xe
 216 0050 3A       		.uleb128 0x3a
 217 0051 0B       		.uleb128 0xb
 218 0052 3B       		.uleb128 0x3b
 219 0053 0B       		.uleb128 0xb
 220 0054 49       		.uleb128 0x49
 221 0055 13       		.uleb128 0x13
 222 0056 3F       		.uleb128 0x3f
 223 0057 19       		.uleb128 0x19
 224 0058 02       		.uleb128 0x2
 225 0059 18       		.uleb128 0x18
 226 005a 00       		.byte	0
 227 005b 00       		.byte	0
 228 005c 00       		.byte	0
ARM GAS  C:\Users\Thoma\AppData\Local\Temp\ccsC00ec.s 			page 5


 229              		.section	.debug_aranges,"",%progbits
 230 0000 14000000 		.4byte	0x14
 231 0004 0200     		.2byte	0x2
 232 0006 00000000 		.4byte	.Ldebug_info0
 233 000a 04       		.byte	0x4
 234 000b 00       		.byte	0
 235 000c 0000     		.2byte	0
 236 000e 0000     		.2byte	0
 237 0010 00000000 		.4byte	0
 238 0014 00000000 		.4byte	0
 239              		.section	.debug_line,"",%progbits
 240              	.Ldebug_line0:
 241 0000 58000000 		.section	.debug_str,"MS",%progbits,1
 241      02005200 
 241      00000201 
 241      FB0E0D00 
 241      01010101 
 242              	.LASF1:
 243 0000 6C6F6E67 		.ascii	"long long int\000"
 243      206C6F6E 
 243      6720696E 
 243      7400
 244              	.LASF0:
 245 000e 756E7369 		.ascii	"unsigned int\000"
 245      676E6564 
 245      20696E74 
 245      00
 246              	.LASF17:
 247 001b 75696E74 		.ascii	"uint8\000"
 247      3800
 248              	.LASF8:
 249 0021 6C6F6E67 		.ascii	"long unsigned int\000"
 249      20756E73 
 249      69676E65 
 249      6420696E 
 249      7400
 250              	.LASF9:
 251 0033 6C6F6E67 		.ascii	"long long unsigned int\000"
 251      206C6F6E 
 251      6720756E 
 251      7369676E 
 251      65642069 
 252              	.LASF15:
 253 004a 47656E65 		.ascii	"Generated_Source\\PSoC5\\Filter_1_Coefficients.c\000"
 253      72617465 
 253      645F536F 
 253      75726365 
 253      5C50536F 
 254              	.LASF12:
 255 0079 666C6F61 		.ascii	"float\000"
 255      7400
 256              	.LASF14:
 257 007f 474E5520 		.ascii	"GNU C11 5.4.1 20160609 (release) [ARM/embedded-5-br"
 257      43313120 
 257      352E342E 
 257      31203230 
 257      31363036 
ARM GAS  C:\Users\Thoma\AppData\Local\Temp\ccsC00ec.s 			page 6


 258 00b2 616E6368 		.ascii	"anch revision 237715] -mcpu=cortex-m3 -mthumb -g -O"
 258      20726576 
 258      6973696F 
 258      6E203233 
 258      37373135 
 259 00e5 30202D66 		.ascii	"0 -ffunction-sections -ffat-lto-objects\000"
 259      66756E63 
 259      74696F6E 
 259      2D736563 
 259      74696F6E 
 260              	.LASF4:
 261 010d 756E7369 		.ascii	"unsigned char\000"
 261      676E6564 
 261      20636861 
 261      7200
 262              	.LASF11:
 263 011b 63686172 		.ascii	"char\000"
 263      00
 264              	.LASF7:
 265 0120 6C6F6E67 		.ascii	"long int\000"
 265      20696E74 
 265      00
 266              	.LASF18:
 267 0129 46696C74 		.ascii	"Filter_1_ChannelAFirCoefficients\000"
 267      65725F31 
 267      5F436861 
 267      6E6E656C 
 267      41466972 
 268              	.LASF16:
 269 014a 433A5C55 		.ascii	"C:\\Users\\Thoma\\OneDrive\\Skrivebord\\EX 6 standa"
 269      73657273 
 269      5C54686F 
 269      6D615C4F 
 269      6E654472 
 270 0178 72642032 		.ascii	"rd 20160818_1.cydsn\000"
 270      30313630 
 270      3831385F 
 270      312E6379 
 270      64736E00 
 271              	.LASF13:
 272 018c 646F7562 		.ascii	"double\000"
 272      6C6500
 273              	.LASF6:
 274 0193 73686F72 		.ascii	"short unsigned int\000"
 274      7420756E 
 274      7369676E 
 274      65642069 
 274      6E7400
 275              	.LASF3:
 276 01a6 7369676E 		.ascii	"signed char\000"
 276      65642063 
 276      68617200 
 277              	.LASF2:
 278 01b2 6C6F6E67 		.ascii	"long double\000"
 278      20646F75 
 278      626C6500 
 279              	.LASF5:
ARM GAS  C:\Users\Thoma\AppData\Local\Temp\ccsC00ec.s 			page 7


 280 01be 73686F72 		.ascii	"short int\000"
 280      7420696E 
 280      7400
 281              	.LASF10:
 282 01c8 73697A65 		.ascii	"sizetype\000"
 282      74797065 
 282      00
 283              		.ident	"GCC: (GNU Tools for ARM Embedded Processors) 5.4.1 20160609 (release) [ARM/embedded-5-bran
