--------------- Clean Started: 11/06/2019 13:27:22 Project: EX 6 standard 20160818_1, Configuration: ARM GCC 5.4-2016-q2-update Debug ---------------
Deleting file ".\CortexM3\ARM_GCC_541\Debug\main.o"
Deleting file ".\CortexM3\ARM_GCC_541\Debug\functions.o"
Deleting file ".\CortexM3\ARM_GCC_541\Debug\cyfitter_cfg.o"
Deleting file ".\CortexM3\ARM_GCC_541\Debug\Cm3Start.o"
Deleting file ".\CortexM3\ARM_GCC_541\Debug\CyBootAsmGnu.o"
Deleting file ".\CortexM3\ARM_GCC_541\Debug\CyDmac.o"
Deleting file ".\CortexM3\ARM_GCC_541\Debug\CyFlash.o"
Deleting file ".\CortexM3\ARM_GCC_541\Debug\CyLib.o"
Deleting file ".\CortexM3\ARM_GCC_541\Debug\cyPm.o"
Deleting file ".\CortexM3\ARM_GCC_541\Debug\CySpc.o"
Deleting file ".\CortexM3\ARM_GCC_541\Debug\cyutils.o"
Deleting file ".\CortexM3\ARM_GCC_541\Debug\ADC_DelSig_1.o"
Deleting file ".\CortexM3\ARM_GCC_541\Debug\ADC_DelSig_1_PM.o"
Deleting file ".\CortexM3\ARM_GCC_541\Debug\ADC_DelSig_1_INT.o"
Deleting file ".\CortexM3\ARM_GCC_541\Debug\DMA_1_dma.o"
Deleting file ".\CortexM3\ARM_GCC_541\Debug\Filter_1.o"
Deleting file ".\CortexM3\ARM_GCC_541\Debug\Filter_1_PM.o"
Deleting file ".\CortexM3\ARM_GCC_541\Debug\Filter_1_PVT.o"
Deleting file ".\CortexM3\ARM_GCC_541\Debug\Filter_1_RAM_Data.o"
Deleting file ".\CortexM3\ARM_GCC_541\Debug\Filter_1_Coefficients.o"
Deleting file ".\CortexM3\ARM_GCC_541\Debug\DMA_2_dma.o"
Deleting file ".\CortexM3\ARM_GCC_541\Debug\Control_Reg_1.o"
Deleting file ".\CortexM3\ARM_GCC_541\Debug\Control_Reg_1_PM.o"
Deleting file ".\CortexM3\ARM_GCC_541\Debug\Signal_in.o"
Deleting file ".\CortexM3\ARM_GCC_541\Debug\isr_2.o"
Deleting file ".\CortexM3\ARM_GCC_541\Debug\TIA_1.o"
Deleting file ".\CortexM3\ARM_GCC_541\Debug\TIA_1_PM.o"
Deleting file ".\CortexM3\ARM_GCC_541\Debug\Mixer_1.o"
Deleting file ".\CortexM3\ARM_GCC_541\Debug\Mixer_1_PM.o"
Deleting file ".\CortexM3\ARM_GCC_541\Debug\Clock_1.o"
Deleting file ".\CortexM3\ARM_GCC_541\Debug\CH_1.o"
Deleting file ".\CortexM3\ARM_GCC_541\Debug\ADC_DelSig_1_theACLK.o"
Deleting file ".\CortexM3\ARM_GCC_541\Debug\ADC_DelSig_1_Ext_CP_Clk.o"
Deleting file ".\CortexM3\ARM_GCC_541\Debug\Mixer_1_aclk.o"
Deleting file ".\CortexM3\ARM_GCC_541\Debug\cymetadata.o"
Deleting file ".\CortexM3\ARM_GCC_541\Debug\ADC_DelSig_1_IRQ.o"
Deleting file ".\CortexM3\ARM_GCC_541\Debug\UART_1.o"
Deleting file ".\CortexM3\ARM_GCC_541\Debug\UART_1_PM.o"
Deleting file ".\CortexM3\ARM_GCC_541\Debug\UART_1_INT.o"
Deleting file ".\CortexM3\ARM_GCC_541\Debug\UART_1_BOOT.o"
Deleting file ".\CortexM3\ARM_GCC_541\Debug\Opamp_1.o"
Deleting file ".\CortexM3\ARM_GCC_541\Debug\Opamp_1_PM.o"
Deleting file ".\CortexM3\ARM_GCC_541\Debug\UART_1_IntClock.o"
Deleting file ".\CortexM3\ARM_GCC_541\Debug\cy_em_eeprom.o"
Deleting file ".\CortexM3\ARM_GCC_541\Debug\EX 6 standard 20160818_1.hex"
Deleting file ".\CortexM3\ARM_GCC_541\Debug\EX 6 standard 20160818_1.map"
Deleting file ".\EX 6 standard 20160818_1.cycdx"
Deleting file ".\EX 6 standard 20160818_1.svd"
Deleting file ".\EX 6 standard 20160818_1.rpt"
Deleting file ".\EX 6 standard 20160818_1_timing.html"
Deleting file ".\CortexM3\ARM_GCC_541\Debug\.deps\SOURCE_C__ARM_GCC_GENERIC.P"
Deleting file ".\CortexM3\ARM_GCC_541\Debug\.deps\SOURCE_ASM__ARM_GCC_GENERIC.P"
--------------- Clean Succeeded: 11/06/2019 13:27:22 ---------------
