ARM GAS  C:\Users\LUCASI~1\AppData\Local\Temp\ccOD45P5.s 			page 1


   1              		.syntax unified
   2              		.cpu cortex-m3
   3              		.fpu softvfp
   4              		.eabi_attribute 20, 1
   5              		.eabi_attribute 21, 1
   6              		.eabi_attribute 23, 3
   7              		.eabi_attribute 24, 1
   8              		.eabi_attribute 25, 1
   9              		.eabi_attribute 26, 1
  10              		.eabi_attribute 30, 1
  11              		.eabi_attribute 34, 1
  12              		.eabi_attribute 18, 4
  13              		.thumb
  14              		.syntax unified
  15              		.file	"edgeSensorApp.c"
  16              		.text
  17              	.Ltext0:
  18              		.cfi_sections	.debug_frame
  19              		.section	.text.echoInt1_handler,"ax",%progbits
  20              		.align	2
  21              		.global	echoInt1_handler
  22              		.thumb
  23              		.thumb_func
  24              		.type	echoInt1_handler, %function
  25              	echoInt1_handler:
  26              	.LFB65:
  27              		.file 1 "edgeSensorApp.c"
   1:edgeSensorApp.c **** #include "edgeSensorApp.h"
   2:edgeSensorApp.c **** 
   3:edgeSensorApp.c **** volatile uint32_t pulseWidth;
   4:edgeSensorApp.c **** volatile int time_us;
   5:edgeSensorApp.c **** volatile int e1 = 0, e2 = 0, e3 = 0, e4 = 0;
   6:edgeSensorApp.c **** volatile int status = 0;
   7:edgeSensorApp.c **** 
   8:edgeSensorApp.c **** CY_ISR(pulseInt_handler)
   9:edgeSensorApp.c **** {
  10:edgeSensorApp.c ****     triggerPWM_Stop();
  11:edgeSensorApp.c ****     //pulseInt_Stop();
  12:edgeSensorApp.c ****     //Reads number of counts in pulse
  13:edgeSensorApp.c ****     pulseWidth = pulseCounter_ReadCapture();
  14:edgeSensorApp.c ****     //Converts data to an integer of us
  15:edgeSensorApp.c ****     time_us = (uint32_t)pulseWidth * 2; 
  16:edgeSensorApp.c ****     
  17:edgeSensorApp.c ****     //10 cm is 583us - currently set to 20cm
  18:edgeSensorApp.c ****     if(time_us > 1196)
  19:edgeSensorApp.c ****     {
  20:edgeSensorApp.c ****         status = status + 1;
  21:edgeSensorApp.c ****     }
  22:edgeSensorApp.c ****     
  23:edgeSensorApp.c ****     switch (status)
  24:edgeSensorApp.c ****     {
  25:edgeSensorApp.c ****         case 11:    //LED_Write(1);     //Forreste venstre sensor
  26:edgeSensorApp.c ****                     DelayBased180Turn();
  27:edgeSensorApp.c ****                 break;
  28:edgeSensorApp.c ****         case 21:    //LED_Write(1);     //Venstre sensor
  29:edgeSensorApp.c ****                     //DelayBased90Turn(1);
  30:edgeSensorApp.c ****                 break;
ARM GAS  C:\Users\LUCASI~1\AppData\Local\Temp\ccOD45P5.s 			page 2


  31:edgeSensorApp.c ****         case 31:    //LED_Write(1);     //Højre sensor
  32:edgeSensorApp.c ****                     //DelayBased90Turn(2);
  33:edgeSensorApp.c ****                 break;
  34:edgeSensorApp.c ****         case 41:    //LED_Write(1);     //Forreste højre sensor
  35:edgeSensorApp.c ****                     DelayBased180Turn();
  36:edgeSensorApp.c ****                 break;
  37:edgeSensorApp.c ****         default:    //LED_Write(0);
  38:edgeSensorApp.c ****                     driveForwards();
  39:edgeSensorApp.c ****                 break;
  40:edgeSensorApp.c ****     }
  41:edgeSensorApp.c ****     
  42:edgeSensorApp.c ****     //Resetting variables
  43:edgeSensorApp.c ****     getStatus();
  44:edgeSensorApp.c ****     //Clear capture flag
  45:edgeSensorApp.c ****     pulseCounter_ReadStatusRegister();
  46:edgeSensorApp.c ****     //pulseInt_Start();
  47:edgeSensorApp.c ****     triggerPWM_Start();
  48:edgeSensorApp.c **** }
  49:edgeSensorApp.c **** 
  50:edgeSensorApp.c **** CY_ISR(echoInt1_handler)
  51:edgeSensorApp.c **** {
  28              		.loc 1 51 0
  29              		.cfi_startproc
  30              		@ args = 0, pretend = 0, frame = 0
  31              		@ frame_needed = 0, uses_anonymous_args = 0
  32              		@ link register save eliminated.
  52:edgeSensorApp.c ****     e1 = 1;
  33              		.loc 1 52 0
  34 0000 074B     		ldr	r3, .L3
  35 0002 0122     		movs	r2, #1
  36 0004 1A60     		str	r2, [r3]
  53:edgeSensorApp.c ****     if((e1+e2+e3+e4) == 4 )
  37              		.loc 1 53 0
  38 0006 1968     		ldr	r1, [r3]
  39 0008 5A68     		ldr	r2, [r3, #4]
  40 000a 1144     		add	r1, r1, r2
  41 000c 9A68     		ldr	r2, [r3, #8]
  42 000e 0A44     		add	r2, r2, r1
  43 0010 DB68     		ldr	r3, [r3, #12]
  44 0012 1344     		add	r3, r3, r2
  45 0014 042B     		cmp	r3, #4
  46 0016 02D1     		bne	.L1
  54:edgeSensorApp.c ****     {
  55:edgeSensorApp.c ****         status = 10;
  47              		.loc 1 55 0
  48 0018 0A22     		movs	r2, #10
  49 001a 014B     		ldr	r3, .L3
  50 001c 1A61     		str	r2, [r3, #16]
  51              	.L1:
  52 001e 7047     		bx	lr
  53              	.L4:
  54              		.align	2
  55              	.L3:
  56 0020 00000000 		.word	.LANCHOR0
  57              		.cfi_endproc
  58              	.LFE65:
  59              		.size	echoInt1_handler, .-echoInt1_handler
ARM GAS  C:\Users\LUCASI~1\AppData\Local\Temp\ccOD45P5.s 			page 3


  60              		.section	.text.echoInt2_handler,"ax",%progbits
  61              		.align	2
  62              		.global	echoInt2_handler
  63              		.thumb
  64              		.thumb_func
  65              		.type	echoInt2_handler, %function
  66              	echoInt2_handler:
  67              	.LFB66:
  56:edgeSensorApp.c ****     }
  57:edgeSensorApp.c **** }
  58:edgeSensorApp.c **** 
  59:edgeSensorApp.c **** CY_ISR(echoInt2_handler)
  60:edgeSensorApp.c **** {
  68              		.loc 1 60 0
  69              		.cfi_startproc
  70              		@ args = 0, pretend = 0, frame = 0
  71              		@ frame_needed = 0, uses_anonymous_args = 0
  72              		@ link register save eliminated.
  61:edgeSensorApp.c ****     e2 = 1;
  73              		.loc 1 61 0
  74 0000 074B     		ldr	r3, .L7
  75 0002 0122     		movs	r2, #1
  76 0004 5A60     		str	r2, [r3, #4]
  62:edgeSensorApp.c ****     if((e1+e2+e3+e4) == 4 )
  77              		.loc 1 62 0
  78 0006 1968     		ldr	r1, [r3]
  79 0008 5A68     		ldr	r2, [r3, #4]
  80 000a 1144     		add	r1, r1, r2
  81 000c 9A68     		ldr	r2, [r3, #8]
  82 000e 0A44     		add	r2, r2, r1
  83 0010 DB68     		ldr	r3, [r3, #12]
  84 0012 1344     		add	r3, r3, r2
  85 0014 042B     		cmp	r3, #4
  86 0016 02D1     		bne	.L5
  63:edgeSensorApp.c ****     {
  64:edgeSensorApp.c ****         status = 20;
  87              		.loc 1 64 0
  88 0018 1422     		movs	r2, #20
  89 001a 014B     		ldr	r3, .L7
  90 001c 1A61     		str	r2, [r3, #16]
  91              	.L5:
  92 001e 7047     		bx	lr
  93              	.L8:
  94              		.align	2
  95              	.L7:
  96 0020 00000000 		.word	.LANCHOR0
  97              		.cfi_endproc
  98              	.LFE66:
  99              		.size	echoInt2_handler, .-echoInt2_handler
 100              		.section	.text.echoInt3_handler,"ax",%progbits
 101              		.align	2
 102              		.global	echoInt3_handler
 103              		.thumb
 104              		.thumb_func
 105              		.type	echoInt3_handler, %function
 106              	echoInt3_handler:
 107              	.LFB67:
ARM GAS  C:\Users\LUCASI~1\AppData\Local\Temp\ccOD45P5.s 			page 4


  65:edgeSensorApp.c ****     }
  66:edgeSensorApp.c **** }
  67:edgeSensorApp.c **** 
  68:edgeSensorApp.c **** CY_ISR(echoInt3_handler)
  69:edgeSensorApp.c **** {   
 108              		.loc 1 69 0
 109              		.cfi_startproc
 110              		@ args = 0, pretend = 0, frame = 0
 111              		@ frame_needed = 0, uses_anonymous_args = 0
 112              		@ link register save eliminated.
  70:edgeSensorApp.c ****     e3 = 1;
 113              		.loc 1 70 0
 114 0000 074B     		ldr	r3, .L11
 115 0002 0122     		movs	r2, #1
 116 0004 9A60     		str	r2, [r3, #8]
  71:edgeSensorApp.c ****     if((e1+e2+e3+e4) == 4 )
 117              		.loc 1 71 0
 118 0006 1968     		ldr	r1, [r3]
 119 0008 5A68     		ldr	r2, [r3, #4]
 120 000a 1144     		add	r1, r1, r2
 121 000c 9A68     		ldr	r2, [r3, #8]
 122 000e 0A44     		add	r2, r2, r1
 123 0010 DB68     		ldr	r3, [r3, #12]
 124 0012 1344     		add	r3, r3, r2
 125 0014 042B     		cmp	r3, #4
 126 0016 02D1     		bne	.L9
  72:edgeSensorApp.c ****     {
  73:edgeSensorApp.c ****         status = 30;
 127              		.loc 1 73 0
 128 0018 1E22     		movs	r2, #30
 129 001a 014B     		ldr	r3, .L11
 130 001c 1A61     		str	r2, [r3, #16]
 131              	.L9:
 132 001e 7047     		bx	lr
 133              	.L12:
 134              		.align	2
 135              	.L11:
 136 0020 00000000 		.word	.LANCHOR0
 137              		.cfi_endproc
 138              	.LFE67:
 139              		.size	echoInt3_handler, .-echoInt3_handler
 140              		.section	.text.echoInt4_handler,"ax",%progbits
 141              		.align	2
 142              		.global	echoInt4_handler
 143              		.thumb
 144              		.thumb_func
 145              		.type	echoInt4_handler, %function
 146              	echoInt4_handler:
 147              	.LFB68:
  74:edgeSensorApp.c ****     }
  75:edgeSensorApp.c **** }
  76:edgeSensorApp.c **** 
  77:edgeSensorApp.c **** CY_ISR(echoInt4_handler)
  78:edgeSensorApp.c **** {
 148              		.loc 1 78 0
 149              		.cfi_startproc
 150              		@ args = 0, pretend = 0, frame = 0
ARM GAS  C:\Users\LUCASI~1\AppData\Local\Temp\ccOD45P5.s 			page 5


 151              		@ frame_needed = 0, uses_anonymous_args = 0
 152              		@ link register save eliminated.
  79:edgeSensorApp.c ****     e4 = 1;
 153              		.loc 1 79 0
 154 0000 074B     		ldr	r3, .L15
 155 0002 0122     		movs	r2, #1
 156 0004 DA60     		str	r2, [r3, #12]
  80:edgeSensorApp.c ****     if((e1+e2+e3+e4) == 4 )
 157              		.loc 1 80 0
 158 0006 1968     		ldr	r1, [r3]
 159 0008 5A68     		ldr	r2, [r3, #4]
 160 000a 1144     		add	r1, r1, r2
 161 000c 9A68     		ldr	r2, [r3, #8]
 162 000e 0A44     		add	r2, r2, r1
 163 0010 DB68     		ldr	r3, [r3, #12]
 164 0012 1344     		add	r3, r3, r2
 165 0014 042B     		cmp	r3, #4
 166 0016 02D1     		bne	.L13
  81:edgeSensorApp.c ****     {
  82:edgeSensorApp.c ****         status = 40;
 167              		.loc 1 82 0
 168 0018 2822     		movs	r2, #40
 169 001a 014B     		ldr	r3, .L15
 170 001c 1A61     		str	r2, [r3, #16]
 171              	.L13:
 172 001e 7047     		bx	lr
 173              	.L16:
 174              		.align	2
 175              	.L15:
 176 0020 00000000 		.word	.LANCHOR0
 177              		.cfi_endproc
 178              	.LFE68:
 179              		.size	echoInt4_handler, .-echoInt4_handler
 180              		.section	.text.edgeSensorInit,"ax",%progbits
 181              		.align	2
 182              		.global	edgeSensorInit
 183              		.thumb
 184              		.thumb_func
 185              		.type	edgeSensorInit, %function
 186              	edgeSensorInit:
 187              	.LFB69:
  83:edgeSensorApp.c ****     }
  84:edgeSensorApp.c **** }
  85:edgeSensorApp.c **** 
  86:edgeSensorApp.c **** void edgeSensorInit()
  87:edgeSensorApp.c **** {
 188              		.loc 1 87 0
 189              		.cfi_startproc
 190              		@ args = 0, pretend = 0, frame = 0
 191              		@ frame_needed = 0, uses_anonymous_args = 0
 192 0000 08B5     		push	{r3, lr}
 193              		.cfi_def_cfa_offset 8
 194              		.cfi_offset 3, -8
 195              		.cfi_offset 14, -4
  88:edgeSensorApp.c ****     //Start 500kHz clock
  89:edgeSensorApp.c ****     CLK_500kHz_Start();
 196              		.loc 1 89 0
ARM GAS  C:\Users\LUCASI~1\AppData\Local\Temp\ccOD45P5.s 			page 6


 197 0002 FFF7FEFF 		bl	CLK_500kHz_Start
 198              	.LVL0:
  90:edgeSensorApp.c ****     //Start 24MHz clock
  91:edgeSensorApp.c ****     CLK_24MHz_Start();
 199              		.loc 1 91 0
 200 0006 FFF7FEFF 		bl	CLK_24MHz_Start
 201              	.LVL1:
  92:edgeSensorApp.c ****     //Start trigger
  93:edgeSensorApp.c ****     triggerPWM_Start();
 202              		.loc 1 93 0
 203 000a FFF7FEFF 		bl	triggerPWM_Start
 204              	.LVL2:
  94:edgeSensorApp.c ****     //Start counters
  95:edgeSensorApp.c ****     pulseCounter_Start();
 205              		.loc 1 95 0
 206 000e FFF7FEFF 		bl	pulseCounter_Start
 207              	.LVL3:
  96:edgeSensorApp.c ****     //Start interrupts
  97:edgeSensorApp.c ****     pulseInt_StartEx(pulseInt_handler);
 208              		.loc 1 97 0
 209 0012 0848     		ldr	r0, .L19
 210 0014 FFF7FEFF 		bl	pulseInt_StartEx
 211              	.LVL4:
  98:edgeSensorApp.c ****     echoInt_1_StartEx(echoInt1_handler);
 212              		.loc 1 98 0
 213 0018 0748     		ldr	r0, .L19+4
 214 001a FFF7FEFF 		bl	echoInt_1_StartEx
 215              	.LVL5:
  99:edgeSensorApp.c ****     echoInt_2_StartEx(echoInt2_handler);
 216              		.loc 1 99 0
 217 001e 0748     		ldr	r0, .L19+8
 218 0020 FFF7FEFF 		bl	echoInt_2_StartEx
 219              	.LVL6:
 100:edgeSensorApp.c ****     echoInt_3_StartEx(echoInt3_handler);
 220              		.loc 1 100 0
 221 0024 0648     		ldr	r0, .L19+12
 222 0026 FFF7FEFF 		bl	echoInt_3_StartEx
 223              	.LVL7:
 101:edgeSensorApp.c ****     echoInt_4_StartEx(echoInt4_handler);
 224              		.loc 1 101 0
 225 002a 0648     		ldr	r0, .L19+16
 226 002c FFF7FEFF 		bl	echoInt_4_StartEx
 227              	.LVL8:
 228 0030 08BD     		pop	{r3, pc}
 229              	.L20:
 230 0032 00BF     		.align	2
 231              	.L19:
 232 0034 00000000 		.word	pulseInt_handler
 233 0038 00000000 		.word	echoInt1_handler
 234 003c 00000000 		.word	echoInt2_handler
 235 0040 00000000 		.word	echoInt3_handler
 236 0044 00000000 		.word	echoInt4_handler
 237              		.cfi_endproc
 238              	.LFE69:
 239              		.size	edgeSensorInit, .-edgeSensorInit
 240              		.section	.text.getStatus,"ax",%progbits
 241              		.align	2
ARM GAS  C:\Users\LUCASI~1\AppData\Local\Temp\ccOD45P5.s 			page 7


 242              		.global	getStatus
 243              		.thumb
 244              		.thumb_func
 245              		.type	getStatus, %function
 246              	getStatus:
 247              	.LFB70:
 102:edgeSensorApp.c **** }
 103:edgeSensorApp.c **** 
 104:edgeSensorApp.c **** int getStatus()
 105:edgeSensorApp.c **** {
 248              		.loc 1 105 0
 249              		.cfi_startproc
 250              		@ args = 0, pretend = 0, frame = 0
 251              		@ frame_needed = 0, uses_anonymous_args = 0
 252              		@ link register save eliminated.
 106:edgeSensorApp.c ****     int tempStatus = status;
 253              		.loc 1 106 0
 254 0000 044B     		ldr	r3, .L22
 255 0002 1869     		ldr	r0, [r3, #16]
 256              	.LVL9:
 107:edgeSensorApp.c ****     
 108:edgeSensorApp.c ****     //Resetting variables
 109:edgeSensorApp.c ****     status = 0;
 257              		.loc 1 109 0
 258 0004 0022     		movs	r2, #0
 259 0006 1A61     		str	r2, [r3, #16]
 110:edgeSensorApp.c ****     e1 = 0;
 260              		.loc 1 110 0
 261 0008 1A60     		str	r2, [r3]
 111:edgeSensorApp.c ****     e2 = 0;
 262              		.loc 1 111 0
 263 000a 5A60     		str	r2, [r3, #4]
 112:edgeSensorApp.c ****     e3 = 0;
 264              		.loc 1 112 0
 265 000c 9A60     		str	r2, [r3, #8]
 113:edgeSensorApp.c ****     e4 = 0;
 266              		.loc 1 113 0
 267 000e DA60     		str	r2, [r3, #12]
 114:edgeSensorApp.c ****     
 115:edgeSensorApp.c ****     return tempStatus;
 116:edgeSensorApp.c **** }...
 268              		.loc 1 116 0
 269 0010 7047     		bx	lr
 270              	.L23:
 271 0012 00BF     		.align	2
 272              	.L22:
 273 0014 00000000 		.word	.LANCHOR0
 274              		.cfi_endproc
 275              	.LFE70:
 276              		.size	getStatus, .-getStatus
 277              		.section	.text.pulseInt_handler,"ax",%progbits
 278              		.align	2
 279              		.global	pulseInt_handler
 280              		.thumb
 281              		.thumb_func
 282              		.type	pulseInt_handler, %function
 283              	pulseInt_handler:
ARM GAS  C:\Users\LUCASI~1\AppData\Local\Temp\ccOD45P5.s 			page 8


 284              	.LFB64:
   9:edgeSensorApp.c **** {
 285              		.loc 1 9 0
 286              		.cfi_startproc
 287              		@ args = 0, pretend = 0, frame = 0
 288              		@ frame_needed = 0, uses_anonymous_args = 0
 289 0000 08B5     		push	{r3, lr}
 290              		.cfi_def_cfa_offset 8
 291              		.cfi_offset 3, -8
 292              		.cfi_offset 14, -4
  10:edgeSensorApp.c ****     triggerPWM_Stop();
 293              		.loc 1 10 0
 294 0002 FFF7FEFF 		bl	triggerPWM_Stop
 295              	.LVL10:
  13:edgeSensorApp.c ****     pulseWidth = pulseCounter_ReadCapture();
 296              		.loc 1 13 0
 297 0006 FFF7FEFF 		bl	pulseCounter_ReadCapture
 298              	.LVL11:
 299 000a 1A4B     		ldr	r3, .L32
 300 000c 1860     		str	r0, [r3]
  15:edgeSensorApp.c ****     time_us = (uint32_t)pulseWidth * 2; 
 301              		.loc 1 15 0
 302 000e 1B68     		ldr	r3, [r3]
 303 0010 5B00     		lsls	r3, r3, #1
 304 0012 194A     		ldr	r2, .L32+4
 305 0014 1360     		str	r3, [r2]
  18:edgeSensorApp.c ****     if(time_us > 1196)
 306              		.loc 1 18 0
 307 0016 1268     		ldr	r2, [r2]
 308 0018 40F2AC43 		movw	r3, #1196
 309 001c 9A42     		cmp	r2, r3
 310 001e 03DD     		ble	.L25
  20:edgeSensorApp.c ****         status = status + 1;
 311              		.loc 1 20 0
 312 0020 164A     		ldr	r2, .L32+8
 313 0022 1369     		ldr	r3, [r2, #16]
 314 0024 0133     		adds	r3, r3, #1
 315 0026 1361     		str	r3, [r2, #16]
 316              	.L25:
  23:edgeSensorApp.c ****     switch (status)
 317              		.loc 1 23 0
 318 0028 144B     		ldr	r3, .L32+8
 319 002a 1B69     		ldr	r3, [r3, #16]
 320 002c 0B3B     		subs	r3, r3, #11
 321 002e 1E2B     		cmp	r3, #30
 322 0030 17D8     		bhi	.L26
 323 0032 DFE803F0 		tbb	[pc, r3]
 324              	.L28:
 325 0036 10       		.byte	(.L27-.L28)/2
 326 0037 16       		.byte	(.L26-.L28)/2
 327 0038 16       		.byte	(.L26-.L28)/2
 328 0039 16       		.byte	(.L26-.L28)/2
 329 003a 16       		.byte	(.L26-.L28)/2
 330 003b 16       		.byte	(.L26-.L28)/2
 331 003c 16       		.byte	(.L26-.L28)/2
 332 003d 16       		.byte	(.L26-.L28)/2
 333 003e 16       		.byte	(.L26-.L28)/2
ARM GAS  C:\Users\LUCASI~1\AppData\Local\Temp\ccOD45P5.s 			page 9


 334 003f 16       		.byte	(.L26-.L28)/2
 335 0040 18       		.byte	(.L29-.L28)/2
 336 0041 16       		.byte	(.L26-.L28)/2
 337 0042 16       		.byte	(.L26-.L28)/2
 338 0043 16       		.byte	(.L26-.L28)/2
 339 0044 16       		.byte	(.L26-.L28)/2
 340 0045 16       		.byte	(.L26-.L28)/2
 341 0046 16       		.byte	(.L26-.L28)/2
 342 0047 16       		.byte	(.L26-.L28)/2
 343 0048 16       		.byte	(.L26-.L28)/2
 344 0049 16       		.byte	(.L26-.L28)/2
 345 004a 18       		.byte	(.L29-.L28)/2
 346 004b 16       		.byte	(.L26-.L28)/2
 347 004c 16       		.byte	(.L26-.L28)/2
 348 004d 16       		.byte	(.L26-.L28)/2
 349 004e 16       		.byte	(.L26-.L28)/2
 350 004f 16       		.byte	(.L26-.L28)/2
 351 0050 16       		.byte	(.L26-.L28)/2
 352 0051 16       		.byte	(.L26-.L28)/2
 353 0052 16       		.byte	(.L26-.L28)/2
 354 0053 16       		.byte	(.L26-.L28)/2
 355 0054 13       		.byte	(.L30-.L28)/2
 356 0055 00       		.p2align 1
 357              	.L27:
  26:edgeSensorApp.c ****                     DelayBased180Turn();
 358              		.loc 1 26 0
 359 0056 FFF7FEFF 		bl	DelayBased180Turn
 360              	.LVL12:
  27:edgeSensorApp.c ****                 break;
 361              		.loc 1 27 0
 362 005a 04E0     		b	.L29
 363              	.L30:
  35:edgeSensorApp.c ****                     DelayBased180Turn();
 364              		.loc 1 35 0
 365 005c FFF7FEFF 		bl	DelayBased180Turn
 366              	.LVL13:
  36:edgeSensorApp.c ****                 break;
 367              		.loc 1 36 0
 368 0060 01E0     		b	.L29
 369              	.L26:
  38:edgeSensorApp.c ****                     driveForwards();
 370              		.loc 1 38 0
 371 0062 FFF7FEFF 		bl	driveForwards
 372              	.LVL14:
 373              	.L29:
  43:edgeSensorApp.c ****     getStatus();
 374              		.loc 1 43 0
 375 0066 FFF7FEFF 		bl	getStatus
 376              	.LVL15:
  45:edgeSensorApp.c ****     pulseCounter_ReadStatusRegister();
 377              		.loc 1 45 0
 378 006a FFF7FEFF 		bl	pulseCounter_ReadStatusRegister
 379              	.LVL16:
  47:edgeSensorApp.c ****     triggerPWM_Start();
 380              		.loc 1 47 0
 381 006e FFF7FEFF 		bl	triggerPWM_Start
 382              	.LVL17:
ARM GAS  C:\Users\LUCASI~1\AppData\Local\Temp\ccOD45P5.s 			page 10


 383 0072 08BD     		pop	{r3, pc}
 384              	.L33:
 385              		.align	2
 386              	.L32:
 387 0074 00000000 		.word	pulseWidth
 388 0078 00000000 		.word	time_us
 389 007c 00000000 		.word	.LANCHOR0
 390              		.cfi_endproc
 391              	.LFE64:
 392              		.size	pulseInt_handler, .-pulseInt_handler
 393              		.global	status
 394              		.global	e4
 395              		.global	e3
 396              		.global	e2
 397              		.global	e1
 398              		.comm	time_us,4,4
 399              		.comm	pulseWidth,4,4
 400              		.comm	randState,4,4
 401              		.comm	state,4,4
 402              		.comm	running_,4,4
 403              		.comm	NP_g_nFrameBufferSize,4,4
 404              		.comm	NP_g_pFrameBuffer,4,4
 405              		.comm	NP_g_bOwnsBuffer,1,1
 406              		.comm	NP_g_nDMA_TD,1,1
 407              		.comm	NP_g_nDMA_Chan,1,1
 408              		.comm	NP_g_nNumberOfPixels,4,4
 409              		.bss
 410              		.align	2
 411              		.set	.LANCHOR0,. + 0
 412              		.type	e1, %object
 413              		.size	e1, 4
 414              	e1:
 415 0000 00000000 		.space	4
 416              		.type	e2, %object
 417              		.size	e2, 4
 418              	e2:
 419 0004 00000000 		.space	4
 420              		.type	e3, %object
 421              		.size	e3, 4
 422              	e3:
 423 0008 00000000 		.space	4
 424              		.type	e4, %object
 425              		.size	e4, 4
 426              	e4:
 427 000c 00000000 		.space	4
 428              		.type	status, %object
 429              		.size	status, 4
 430              	status:
 431 0010 00000000 		.space	4
 432              		.text
 433              	.Letext0:
 434              		.file 2 "c:\\program files (x86)\\cypress\\psoc creator\\4.2\\psoc creator\\import\\gnu\\arm\\5.4.
 435              		.file 3 "c:\\program files (x86)\\cypress\\psoc creator\\4.2\\psoc creator\\import\\gnu\\arm\\5.4.
 436              		.file 4 "Generated_Source\\PSoC5/cytypes.h"
 437              		.file 5 "Generated_Source\\PSoC5/NP_funcs.h"
 438              		.file 6 "Generated_Source\\PSoC5/core_cm3.h"
 439              		.file 7 "waitingState.h"
ARM GAS  C:\Users\LUCASI~1\AppData\Local\Temp\ccOD45P5.s 			page 11


 440              		.file 8 "MotorApp.h"
 441              		.file 9 "Generated_Source\\PSoC5/CLK_500kHz.h"
 442              		.file 10 "Generated_Source\\PSoC5/CLK_24MHz.h"
 443              		.file 11 "Generated_Source\\PSoC5/triggerPWM.h"
 444              		.file 12 "Generated_Source\\PSoC5/pulseCounter.h"
 445              		.file 13 "Generated_Source\\PSoC5/pulseInt.h"
 446              		.file 14 "Generated_Source\\PSoC5/echoInt_1.h"
 447              		.file 15 "Generated_Source\\PSoC5/echoInt_2.h"
 448              		.file 16 "Generated_Source\\PSoC5/echoInt_3.h"
 449              		.file 17 "Generated_Source\\PSoC5/echoInt_4.h"
 450              		.section	.debug_info,"",%progbits
 451              	.Ldebug_info0:
 452 0000 00040000 		.4byte	0x400
 453 0004 0400     		.2byte	0x4
 454 0006 00000000 		.4byte	.Ldebug_abbrev0
 455 000a 04       		.byte	0x4
 456 000b 01       		.uleb128 0x1
 457 000c 6D020000 		.4byte	.LASF52
 458 0010 0C       		.byte	0xc
 459 0011 0C030000 		.4byte	.LASF53
 460 0015 23000000 		.4byte	.LASF54
 461 0019 00000000 		.4byte	.Ldebug_ranges0+0
 462 001d 00000000 		.4byte	0
 463 0021 00000000 		.4byte	.Ldebug_line0
 464 0025 02       		.uleb128 0x2
 465 0026 01       		.byte	0x1
 466 0027 06       		.byte	0x6
 467 0028 B6030000 		.4byte	.LASF0
 468 002c 02       		.uleb128 0x2
 469 002d 01       		.byte	0x1
 470 002e 08       		.byte	0x8
 471 002f FD010000 		.4byte	.LASF1
 472 0033 02       		.uleb128 0x2
 473 0034 02       		.byte	0x2
 474 0035 05       		.byte	0x5
 475 0036 6B030000 		.4byte	.LASF2
 476 003a 02       		.uleb128 0x2
 477 003b 02       		.byte	0x2
 478 003c 07       		.byte	0x7
 479 003d C8000000 		.4byte	.LASF3
 480 0041 03       		.uleb128 0x3
 481 0042 A2000000 		.4byte	.LASF5
 482 0046 02       		.byte	0x2
 483 0047 3F       		.byte	0x3f
 484 0048 4C000000 		.4byte	0x4c
 485 004c 02       		.uleb128 0x2
 486 004d 04       		.byte	0x4
 487 004e 05       		.byte	0x5
 488 004f A1030000 		.4byte	.LASF4
 489 0053 03       		.uleb128 0x3
 490 0054 E5010000 		.4byte	.LASF6
 491 0058 02       		.byte	0x2
 492 0059 41       		.byte	0x41
 493 005a 5E000000 		.4byte	0x5e
 494 005e 02       		.uleb128 0x2
 495 005f 04       		.byte	0x4
 496 0060 07       		.byte	0x7
ARM GAS  C:\Users\LUCASI~1\AppData\Local\Temp\ccOD45P5.s 			page 12


 497 0061 50010000 		.4byte	.LASF7
 498 0065 02       		.uleb128 0x2
 499 0066 08       		.byte	0x8
 500 0067 05       		.byte	0x5
 501 0068 1C030000 		.4byte	.LASF8
 502 006c 02       		.uleb128 0x2
 503 006d 08       		.byte	0x8
 504 006e 07       		.byte	0x7
 505 006f 26020000 		.4byte	.LASF9
 506 0073 04       		.uleb128 0x4
 507 0074 04       		.byte	0x4
 508 0075 05       		.byte	0x5
 509 0076 696E7400 		.ascii	"int\000"
 510 007a 02       		.uleb128 0x2
 511 007b 04       		.byte	0x4
 512 007c 07       		.byte	0x7
 513 007d 0B020000 		.4byte	.LASF10
 514 0081 03       		.uleb128 0x3
 515 0082 FB020000 		.4byte	.LASF11
 516 0086 03       		.byte	0x3
 517 0087 2C       		.byte	0x2c
 518 0088 41000000 		.4byte	0x41
 519 008c 03       		.uleb128 0x3
 520 008d 98030000 		.4byte	.LASF12
 521 0091 03       		.byte	0x3
 522 0092 30       		.byte	0x30
 523 0093 53000000 		.4byte	0x53
 524 0097 03       		.uleb128 0x3
 525 0098 E3000000 		.4byte	.LASF13
 526 009c 04       		.byte	0x4
 527 009d C2       		.byte	0xc2
 528 009e 2C000000 		.4byte	0x2c
 529 00a2 02       		.uleb128 0x2
 530 00a3 04       		.byte	0x4
 531 00a4 04       		.byte	0x4
 532 00a5 28010000 		.4byte	.LASF14
 533 00a9 02       		.uleb128 0x2
 534 00aa 08       		.byte	0x8
 535 00ab 04       		.byte	0x4
 536 00ac CD010000 		.4byte	.LASF15
 537 00b0 02       		.uleb128 0x2
 538 00b1 01       		.byte	0x1
 539 00b2 08       		.byte	0x8
 540 00b3 2A030000 		.4byte	.LASF16
 541 00b7 05       		.uleb128 0x5
 542 00b8 97000000 		.4byte	0x97
 543 00bc 02       		.uleb128 0x2
 544 00bd 08       		.byte	0x8
 545 00be 04       		.byte	0x4
 546 00bf AA030000 		.4byte	.LASF17
 547 00c3 02       		.uleb128 0x2
 548 00c4 04       		.byte	0x4
 549 00c5 07       		.byte	0x7
 550 00c6 03030000 		.4byte	.LASF18
 551 00ca 05       		.uleb128 0x5
 552 00cb 8C000000 		.4byte	0x8c
 553 00cf 06       		.uleb128 0x6
ARM GAS  C:\Users\LUCASI~1\AppData\Local\Temp\ccOD45P5.s 			page 13


 554 00d0 7F000000 		.4byte	.LASF19
 555 00d4 01       		.byte	0x1
 556 00d5 32       		.byte	0x32
 557 00d6 00000000 		.4byte	.LFB65
 558 00da 24000000 		.4byte	.LFE65-.LFB65
 559 00de 01       		.uleb128 0x1
 560 00df 9C       		.byte	0x9c
 561 00e0 06       		.uleb128 0x6
 562 00e1 D4010000 		.4byte	.LASF20
 563 00e5 01       		.byte	0x1
 564 00e6 3B       		.byte	0x3b
 565 00e7 00000000 		.4byte	.LFB66
 566 00eb 24000000 		.4byte	.LFE66-.LFB66
 567 00ef 01       		.uleb128 0x1
 568 00f0 9C       		.byte	0x9c
 569 00f1 06       		.uleb128 0x6
 570 00f2 87030000 		.4byte	.LASF21
 571 00f6 01       		.byte	0x1
 572 00f7 44       		.byte	0x44
 573 00f8 00000000 		.4byte	.LFB67
 574 00fc 24000000 		.4byte	.LFE67-.LFB67
 575 0100 01       		.uleb128 0x1
 576 0101 9C       		.byte	0x9c
 577 0102 06       		.uleb128 0x6
 578 0103 11010000 		.4byte	.LASF22
 579 0107 01       		.byte	0x1
 580 0108 4D       		.byte	0x4d
 581 0109 00000000 		.4byte	.LFB68
 582 010d 24000000 		.4byte	.LFE68-.LFB68
 583 0111 01       		.uleb128 0x1
 584 0112 9C       		.byte	0x9c
 585 0113 07       		.uleb128 0x7
 586 0114 02010000 		.4byte	.LASF55
 587 0118 01       		.byte	0x1
 588 0119 56       		.byte	0x56
 589 011a 00000000 		.4byte	.LFB69
 590 011e 48000000 		.4byte	.LFE69-.LFB69
 591 0122 01       		.uleb128 0x1
 592 0123 9C       		.byte	0x9c
 593 0124 BC010000 		.4byte	0x1bc
 594 0128 08       		.uleb128 0x8
 595 0129 06000000 		.4byte	.LVL0
 596 012d 69030000 		.4byte	0x369
 597 0131 08       		.uleb128 0x8
 598 0132 0A000000 		.4byte	.LVL1
 599 0136 74030000 		.4byte	0x374
 600 013a 08       		.uleb128 0x8
 601 013b 0E000000 		.4byte	.LVL2
 602 013f 7F030000 		.4byte	0x37f
 603 0143 08       		.uleb128 0x8
 604 0144 12000000 		.4byte	.LVL3
 605 0148 8A030000 		.4byte	0x38a
 606 014c 09       		.uleb128 0x9
 607 014d 18000000 		.4byte	.LVL4
 608 0151 95030000 		.4byte	0x395
 609 0155 63010000 		.4byte	0x163
 610 0159 0A       		.uleb128 0xa
ARM GAS  C:\Users\LUCASI~1\AppData\Local\Temp\ccOD45P5.s 			page 14


 611 015a 01       		.uleb128 0x1
 612 015b 50       		.byte	0x50
 613 015c 05       		.uleb128 0x5
 614 015d 03       		.byte	0x3
 615 015e 00000000 		.4byte	pulseInt_handler
 616 0162 00       		.byte	0
 617 0163 09       		.uleb128 0x9
 618 0164 1E000000 		.4byte	.LVL5
 619 0168 A0030000 		.4byte	0x3a0
 620 016c 7A010000 		.4byte	0x17a
 621 0170 0A       		.uleb128 0xa
 622 0171 01       		.uleb128 0x1
 623 0172 50       		.byte	0x50
 624 0173 05       		.uleb128 0x5
 625 0174 03       		.byte	0x3
 626 0175 00000000 		.4byte	echoInt1_handler
 627 0179 00       		.byte	0
 628 017a 09       		.uleb128 0x9
 629 017b 24000000 		.4byte	.LVL6
 630 017f AB030000 		.4byte	0x3ab
 631 0183 91010000 		.4byte	0x191
 632 0187 0A       		.uleb128 0xa
 633 0188 01       		.uleb128 0x1
 634 0189 50       		.byte	0x50
 635 018a 05       		.uleb128 0x5
 636 018b 03       		.byte	0x3
 637 018c 00000000 		.4byte	echoInt2_handler
 638 0190 00       		.byte	0
 639 0191 09       		.uleb128 0x9
 640 0192 2A000000 		.4byte	.LVL7
 641 0196 B6030000 		.4byte	0x3b6
 642 019a A8010000 		.4byte	0x1a8
 643 019e 0A       		.uleb128 0xa
 644 019f 01       		.uleb128 0x1
 645 01a0 50       		.byte	0x50
 646 01a1 05       		.uleb128 0x5
 647 01a2 03       		.byte	0x3
 648 01a3 00000000 		.4byte	echoInt3_handler
 649 01a7 00       		.byte	0
 650 01a8 0B       		.uleb128 0xb
 651 01a9 30000000 		.4byte	.LVL8
 652 01ad C1030000 		.4byte	0x3c1
 653 01b1 0A       		.uleb128 0xa
 654 01b2 01       		.uleb128 0x1
 655 01b3 50       		.byte	0x50
 656 01b4 05       		.uleb128 0x5
 657 01b5 03       		.byte	0x3
 658 01b6 00000000 		.4byte	echoInt4_handler
 659 01ba 00       		.byte	0
 660 01bb 00       		.byte	0
 661 01bc 0C       		.uleb128 0xc
 662 01bd 2F030000 		.4byte	.LASF23
 663 01c1 01       		.byte	0x1
 664 01c2 68       		.byte	0x68
 665 01c3 73000000 		.4byte	0x73
 666 01c7 00000000 		.4byte	.LFB70
 667 01cb 18000000 		.4byte	.LFE70-.LFB70
ARM GAS  C:\Users\LUCASI~1\AppData\Local\Temp\ccOD45P5.s 			page 15


 668 01cf 01       		.uleb128 0x1
 669 01d0 9C       		.byte	0x9c
 670 01d1 E3010000 		.4byte	0x1e3
 671 01d5 0D       		.uleb128 0xd
 672 01d6 39030000 		.4byte	.LASF56
 673 01da 01       		.byte	0x1
 674 01db 6A       		.byte	0x6a
 675 01dc 73000000 		.4byte	0x73
 676 01e0 01       		.uleb128 0x1
 677 01e1 50       		.byte	0x50
 678 01e2 00       		.byte	0
 679 01e3 0E       		.uleb128 0xe
 680 01e4 12000000 		.4byte	.LASF24
 681 01e8 01       		.byte	0x1
 682 01e9 08       		.byte	0x8
 683 01ea 00000000 		.4byte	.LFB64
 684 01ee 80000000 		.4byte	.LFE64-.LFB64
 685 01f2 01       		.uleb128 0x1
 686 01f3 9C       		.byte	0x9c
 687 01f4 41020000 		.4byte	0x241
 688 01f8 08       		.uleb128 0x8
 689 01f9 06000000 		.4byte	.LVL10
 690 01fd CC030000 		.4byte	0x3cc
 691 0201 08       		.uleb128 0x8
 692 0202 0A000000 		.4byte	.LVL11
 693 0206 D7030000 		.4byte	0x3d7
 694 020a 08       		.uleb128 0x8
 695 020b 5A000000 		.4byte	.LVL12
 696 020f E2030000 		.4byte	0x3e2
 697 0213 08       		.uleb128 0x8
 698 0214 60000000 		.4byte	.LVL13
 699 0218 E2030000 		.4byte	0x3e2
 700 021c 08       		.uleb128 0x8
 701 021d 66000000 		.4byte	.LVL14
 702 0221 ED030000 		.4byte	0x3ed
 703 0225 08       		.uleb128 0x8
 704 0226 6A000000 		.4byte	.LVL15
 705 022a BC010000 		.4byte	0x1bc
 706 022e 08       		.uleb128 0x8
 707 022f 6E000000 		.4byte	.LVL16
 708 0233 F8030000 		.4byte	0x3f8
 709 0237 08       		.uleb128 0x8
 710 0238 72000000 		.4byte	.LVL17
 711 023c 7F030000 		.4byte	0x37f
 712 0240 00       		.byte	0
 713 0241 0F       		.uleb128 0xf
 714 0242 E6030000 		.4byte	.LASF25
 715 0246 05       		.byte	0x5
 716 0247 17       		.byte	0x17
 717 0248 7A000000 		.4byte	0x7a
 718 024c 05       		.uleb128 0x5
 719 024d 03       		.byte	0x3
 720 024e 00000000 		.4byte	NP_g_nNumberOfPixels
 721 0252 0F       		.uleb128 0xf
 722 0253 62010000 		.4byte	.LASF26
 723 0257 05       		.byte	0x5
 724 0258 18       		.byte	0x18
ARM GAS  C:\Users\LUCASI~1\AppData\Local\Temp\ccOD45P5.s 			page 16


 725 0259 97000000 		.4byte	0x97
 726 025d 05       		.uleb128 0x5
 727 025e 03       		.byte	0x3
 728 025f 00000000 		.4byte	NP_g_nDMA_Chan
 729 0263 0F       		.uleb128 0xf
 730 0264 7A010000 		.4byte	.LASF27
 731 0268 05       		.byte	0x5
 732 0269 19       		.byte	0x19
 733 026a 97000000 		.4byte	0x97
 734 026e 05       		.uleb128 0x5
 735 026f 03       		.byte	0x3
 736 0270 00000000 		.4byte	NP_g_nDMA_TD
 737 0274 0F       		.uleb128 0xf
 738 0275 B7000000 		.4byte	.LASF28
 739 0279 05       		.byte	0x5
 740 027a 1A       		.byte	0x1a
 741 027b 97000000 		.4byte	0x97
 742 027f 05       		.uleb128 0x5
 743 0280 03       		.byte	0x3
 744 0281 00000000 		.4byte	NP_g_bOwnsBuffer
 745 0285 0F       		.uleb128 0xf
 746 0286 3E010000 		.4byte	.LASF29
 747 028a 05       		.byte	0x5
 748 028b 1C       		.byte	0x1c
 749 028c 96020000 		.4byte	0x296
 750 0290 05       		.uleb128 0x5
 751 0291 03       		.byte	0x3
 752 0292 00000000 		.4byte	NP_g_pFrameBuffer
 753 0296 10       		.uleb128 0x10
 754 0297 04       		.byte	0x4
 755 0298 B7000000 		.4byte	0xb7
 756 029c 0F       		.uleb128 0xf
 757 029d 44030000 		.4byte	.LASF30
 758 02a1 05       		.byte	0x5
 759 02a2 1D       		.byte	0x1d
 760 02a3 7A000000 		.4byte	0x7a
 761 02a7 05       		.uleb128 0x5
 762 02a8 03       		.byte	0x3
 763 02a9 00000000 		.4byte	NP_g_nFrameBufferSize
 764 02ad 11       		.uleb128 0x11
 765 02ae F0010000 		.4byte	.LASF31
 766 02b2 06       		.byte	0x6
 767 02b3 2A06     		.2byte	0x62a
 768 02b5 B9020000 		.4byte	0x2b9
 769 02b9 05       		.uleb128 0x5
 770 02ba 81000000 		.4byte	0x81
 771 02be 0F       		.uleb128 0xf
 772 02bf 71010000 		.4byte	.LASF32
 773 02c3 07       		.byte	0x7
 774 02c4 01       		.byte	0x1
 775 02c5 73000000 		.4byte	0x73
 776 02c9 05       		.uleb128 0x5
 777 02ca 03       		.byte	0x3
 778 02cb 00000000 		.4byte	running_
 779 02cf 0F       		.uleb128 0xf
 780 02d0 22010000 		.4byte	.LASF33
 781 02d4 08       		.byte	0x8
ARM GAS  C:\Users\LUCASI~1\AppData\Local\Temp\ccOD45P5.s 			page 17


 782 02d5 08       		.byte	0x8
 783 02d6 73000000 		.4byte	0x73
 784 02da 05       		.uleb128 0x5
 785 02db 03       		.byte	0x3
 786 02dc 00000000 		.4byte	state
 787 02e0 0F       		.uleb128 0xf
 788 02e1 87010000 		.4byte	.LASF34
 789 02e5 08       		.byte	0x8
 790 02e6 09       		.byte	0x9
 791 02e7 73000000 		.4byte	0x73
 792 02eb 05       		.uleb128 0x5
 793 02ec 03       		.byte	0x3
 794 02ed 00000000 		.4byte	randState
 795 02f1 0F       		.uleb128 0xf
 796 02f2 AC000000 		.4byte	.LASF35
 797 02f6 01       		.byte	0x1
 798 02f7 03       		.byte	0x3
 799 02f8 CA000000 		.4byte	0xca
 800 02fc 05       		.uleb128 0x5
 801 02fd 03       		.byte	0x3
 802 02fe 00000000 		.4byte	pulseWidth
 803 0302 0F       		.uleb128 0xf
 804 0303 DB000000 		.4byte	.LASF36
 805 0307 01       		.byte	0x1
 806 0308 04       		.byte	0x4
 807 0309 13030000 		.4byte	0x313
 808 030d 05       		.uleb128 0x5
 809 030e 03       		.byte	0x3
 810 030f 00000000 		.4byte	time_us
 811 0313 05       		.uleb128 0x5
 812 0314 73000000 		.4byte	0x73
 813 0318 12       		.uleb128 0x12
 814 0319 653100   		.ascii	"e1\000"
 815 031c 01       		.byte	0x1
 816 031d 05       		.byte	0x5
 817 031e 13030000 		.4byte	0x313
 818 0322 05       		.uleb128 0x5
 819 0323 03       		.byte	0x3
 820 0324 00000000 		.4byte	e1
 821 0328 12       		.uleb128 0x12
 822 0329 653200   		.ascii	"e2\000"
 823 032c 01       		.byte	0x1
 824 032d 05       		.byte	0x5
 825 032e 13030000 		.4byte	0x313
 826 0332 05       		.uleb128 0x5
 827 0333 03       		.byte	0x3
 828 0334 00000000 		.4byte	e2
 829 0338 12       		.uleb128 0x12
 830 0339 653300   		.ascii	"e3\000"
 831 033c 01       		.byte	0x1
 832 033d 05       		.byte	0x5
 833 033e 13030000 		.4byte	0x313
 834 0342 05       		.uleb128 0x5
 835 0343 03       		.byte	0x3
 836 0344 00000000 		.4byte	e3
 837 0348 12       		.uleb128 0x12
 838 0349 653400   		.ascii	"e4\000"
ARM GAS  C:\Users\LUCASI~1\AppData\Local\Temp\ccOD45P5.s 			page 18


 839 034c 01       		.byte	0x1
 840 034d 05       		.byte	0x5
 841 034e 13030000 		.4byte	0x313
 842 0352 05       		.uleb128 0x5
 843 0353 03       		.byte	0x3
 844 0354 00000000 		.4byte	e4
 845 0358 0F       		.uleb128 0xf
 846 0359 E9000000 		.4byte	.LASF37
 847 035d 01       		.byte	0x1
 848 035e 06       		.byte	0x6
 849 035f 13030000 		.4byte	0x313
 850 0363 05       		.uleb128 0x5
 851 0364 03       		.byte	0x3
 852 0365 00000000 		.4byte	status
 853 0369 13       		.uleb128 0x13
 854 036a 5A030000 		.4byte	.LASF38
 855 036e 5A030000 		.4byte	.LASF38
 856 0372 09       		.byte	0x9
 857 0373 27       		.byte	0x27
 858 0374 13       		.uleb128 0x13
 859 0375 2E010000 		.4byte	.LASF39
 860 0379 2E010000 		.4byte	.LASF39
 861 037d 0A       		.byte	0xa
 862 037e 27       		.byte	0x27
 863 037f 13       		.uleb128 0x13
 864 0380 91010000 		.4byte	.LASF40
 865 0384 91010000 		.4byte	.LASF40
 866 0388 0B       		.byte	0xb
 867 0389 92       		.byte	0x92
 868 038a 13       		.uleb128 0x13
 869 038b D3030000 		.4byte	.LASF41
 870 038f D3030000 		.4byte	.LASF41
 871 0393 0C       		.byte	0xc
 872 0394 4F       		.byte	0x4f
 873 0395 13       		.uleb128 0x13
 874 0396 C2030000 		.4byte	.LASF42
 875 039a C2030000 		.4byte	.LASF42
 876 039e 0D       		.byte	0xd
 877 039f 18       		.byte	0x18
 878 03a0 13       		.uleb128 0x13
 879 03a1 00000000 		.4byte	.LASF43
 880 03a5 00000000 		.4byte	.LASF43
 881 03a9 0E       		.byte	0xe
 882 03aa 18       		.byte	0x18
 883 03ab 13       		.uleb128 0x13
 884 03ac A2010000 		.4byte	.LASF44
 885 03b0 A2010000 		.4byte	.LASF44
 886 03b4 0F       		.byte	0xf
 887 03b5 18       		.byte	0x18
 888 03b6 13       		.uleb128 0x13
 889 03b7 75030000 		.4byte	.LASF45
 890 03bb 75030000 		.4byte	.LASF45
 891 03bf 10       		.byte	0x10
 892 03c0 18       		.byte	0x18
 893 03c1 13       		.uleb128 0x13
 894 03c2 F0000000 		.4byte	.LASF46
 895 03c6 F0000000 		.4byte	.LASF46
ARM GAS  C:\Users\LUCASI~1\AppData\Local\Temp\ccOD45P5.s 			page 19


 896 03ca 11       		.byte	0x11
 897 03cb 18       		.byte	0x18
 898 03cc 13       		.uleb128 0x13
 899 03cd 5D020000 		.4byte	.LASF47
 900 03d1 5D020000 		.4byte	.LASF47
 901 03d5 0B       		.byte	0xb
 902 03d6 93       		.byte	0x93
 903 03d7 13       		.uleb128 0x13
 904 03d8 B4010000 		.4byte	.LASF48
 905 03dc B4010000 		.4byte	.LASF48
 906 03e0 0C       		.byte	0xc
 907 03e1 5E       		.byte	0x5e
 908 03e2 13       		.uleb128 0x13
 909 03e3 90000000 		.4byte	.LASF49
 910 03e7 90000000 		.4byte	.LASF49
 911 03eb 08       		.byte	0x8
 912 03ec 12       		.byte	0x12
 913 03ed 13       		.uleb128 0x13
 914 03ee 18020000 		.4byte	.LASF50
 915 03f2 18020000 		.4byte	.LASF50
 916 03f6 08       		.byte	0x8
 917 03f7 0D       		.byte	0xd
 918 03f8 13       		.uleb128 0x13
 919 03f9 3D020000 		.4byte	.LASF51
 920 03fd 3D020000 		.4byte	.LASF51
 921 0401 0C       		.byte	0xc
 922 0402 52       		.byte	0x52
 923 0403 00       		.byte	0
 924              		.section	.debug_abbrev,"",%progbits
 925              	.Ldebug_abbrev0:
 926 0000 01       		.uleb128 0x1
 927 0001 11       		.uleb128 0x11
 928 0002 01       		.byte	0x1
 929 0003 25       		.uleb128 0x25
 930 0004 0E       		.uleb128 0xe
 931 0005 13       		.uleb128 0x13
 932 0006 0B       		.uleb128 0xb
 933 0007 03       		.uleb128 0x3
 934 0008 0E       		.uleb128 0xe
 935 0009 1B       		.uleb128 0x1b
 936 000a 0E       		.uleb128 0xe
 937 000b 55       		.uleb128 0x55
 938 000c 17       		.uleb128 0x17
 939 000d 11       		.uleb128 0x11
 940 000e 01       		.uleb128 0x1
 941 000f 10       		.uleb128 0x10
 942 0010 17       		.uleb128 0x17
 943 0011 00       		.byte	0
 944 0012 00       		.byte	0
 945 0013 02       		.uleb128 0x2
 946 0014 24       		.uleb128 0x24
 947 0015 00       		.byte	0
 948 0016 0B       		.uleb128 0xb
 949 0017 0B       		.uleb128 0xb
 950 0018 3E       		.uleb128 0x3e
 951 0019 0B       		.uleb128 0xb
 952 001a 03       		.uleb128 0x3
ARM GAS  C:\Users\LUCASI~1\AppData\Local\Temp\ccOD45P5.s 			page 20


 953 001b 0E       		.uleb128 0xe
 954 001c 00       		.byte	0
 955 001d 00       		.byte	0
 956 001e 03       		.uleb128 0x3
 957 001f 16       		.uleb128 0x16
 958 0020 00       		.byte	0
 959 0021 03       		.uleb128 0x3
 960 0022 0E       		.uleb128 0xe
 961 0023 3A       		.uleb128 0x3a
 962 0024 0B       		.uleb128 0xb
 963 0025 3B       		.uleb128 0x3b
 964 0026 0B       		.uleb128 0xb
 965 0027 49       		.uleb128 0x49
 966 0028 13       		.uleb128 0x13
 967 0029 00       		.byte	0
 968 002a 00       		.byte	0
 969 002b 04       		.uleb128 0x4
 970 002c 24       		.uleb128 0x24
 971 002d 00       		.byte	0
 972 002e 0B       		.uleb128 0xb
 973 002f 0B       		.uleb128 0xb
 974 0030 3E       		.uleb128 0x3e
 975 0031 0B       		.uleb128 0xb
 976 0032 03       		.uleb128 0x3
 977 0033 08       		.uleb128 0x8
 978 0034 00       		.byte	0
 979 0035 00       		.byte	0
 980 0036 05       		.uleb128 0x5
 981 0037 35       		.uleb128 0x35
 982 0038 00       		.byte	0
 983 0039 49       		.uleb128 0x49
 984 003a 13       		.uleb128 0x13
 985 003b 00       		.byte	0
 986 003c 00       		.byte	0
 987 003d 06       		.uleb128 0x6
 988 003e 2E       		.uleb128 0x2e
 989 003f 00       		.byte	0
 990 0040 3F       		.uleb128 0x3f
 991 0041 19       		.uleb128 0x19
 992 0042 03       		.uleb128 0x3
 993 0043 0E       		.uleb128 0xe
 994 0044 3A       		.uleb128 0x3a
 995 0045 0B       		.uleb128 0xb
 996 0046 3B       		.uleb128 0x3b
 997 0047 0B       		.uleb128 0xb
 998 0048 27       		.uleb128 0x27
 999 0049 19       		.uleb128 0x19
 1000 004a 11       		.uleb128 0x11
 1001 004b 01       		.uleb128 0x1
 1002 004c 12       		.uleb128 0x12
 1003 004d 06       		.uleb128 0x6
 1004 004e 40       		.uleb128 0x40
 1005 004f 18       		.uleb128 0x18
 1006 0050 9742     		.uleb128 0x2117
 1007 0052 19       		.uleb128 0x19
 1008 0053 00       		.byte	0
 1009 0054 00       		.byte	0
ARM GAS  C:\Users\LUCASI~1\AppData\Local\Temp\ccOD45P5.s 			page 21


 1010 0055 07       		.uleb128 0x7
 1011 0056 2E       		.uleb128 0x2e
 1012 0057 01       		.byte	0x1
 1013 0058 3F       		.uleb128 0x3f
 1014 0059 19       		.uleb128 0x19
 1015 005a 03       		.uleb128 0x3
 1016 005b 0E       		.uleb128 0xe
 1017 005c 3A       		.uleb128 0x3a
 1018 005d 0B       		.uleb128 0xb
 1019 005e 3B       		.uleb128 0x3b
 1020 005f 0B       		.uleb128 0xb
 1021 0060 11       		.uleb128 0x11
 1022 0061 01       		.uleb128 0x1
 1023 0062 12       		.uleb128 0x12
 1024 0063 06       		.uleb128 0x6
 1025 0064 40       		.uleb128 0x40
 1026 0065 18       		.uleb128 0x18
 1027 0066 9742     		.uleb128 0x2117
 1028 0068 19       		.uleb128 0x19
 1029 0069 01       		.uleb128 0x1
 1030 006a 13       		.uleb128 0x13
 1031 006b 00       		.byte	0
 1032 006c 00       		.byte	0
 1033 006d 08       		.uleb128 0x8
 1034 006e 898201   		.uleb128 0x4109
 1035 0071 00       		.byte	0
 1036 0072 11       		.uleb128 0x11
 1037 0073 01       		.uleb128 0x1
 1038 0074 31       		.uleb128 0x31
 1039 0075 13       		.uleb128 0x13
 1040 0076 00       		.byte	0
 1041 0077 00       		.byte	0
 1042 0078 09       		.uleb128 0x9
 1043 0079 898201   		.uleb128 0x4109
 1044 007c 01       		.byte	0x1
 1045 007d 11       		.uleb128 0x11
 1046 007e 01       		.uleb128 0x1
 1047 007f 31       		.uleb128 0x31
 1048 0080 13       		.uleb128 0x13
 1049 0081 01       		.uleb128 0x1
 1050 0082 13       		.uleb128 0x13
 1051 0083 00       		.byte	0
 1052 0084 00       		.byte	0
 1053 0085 0A       		.uleb128 0xa
 1054 0086 8A8201   		.uleb128 0x410a
 1055 0089 00       		.byte	0
 1056 008a 02       		.uleb128 0x2
 1057 008b 18       		.uleb128 0x18
 1058 008c 9142     		.uleb128 0x2111
 1059 008e 18       		.uleb128 0x18
 1060 008f 00       		.byte	0
 1061 0090 00       		.byte	0
 1062 0091 0B       		.uleb128 0xb
 1063 0092 898201   		.uleb128 0x4109
 1064 0095 01       		.byte	0x1
 1065 0096 11       		.uleb128 0x11
 1066 0097 01       		.uleb128 0x1
ARM GAS  C:\Users\LUCASI~1\AppData\Local\Temp\ccOD45P5.s 			page 22


 1067 0098 31       		.uleb128 0x31
 1068 0099 13       		.uleb128 0x13
 1069 009a 00       		.byte	0
 1070 009b 00       		.byte	0
 1071 009c 0C       		.uleb128 0xc
 1072 009d 2E       		.uleb128 0x2e
 1073 009e 01       		.byte	0x1
 1074 009f 3F       		.uleb128 0x3f
 1075 00a0 19       		.uleb128 0x19
 1076 00a1 03       		.uleb128 0x3
 1077 00a2 0E       		.uleb128 0xe
 1078 00a3 3A       		.uleb128 0x3a
 1079 00a4 0B       		.uleb128 0xb
 1080 00a5 3B       		.uleb128 0x3b
 1081 00a6 0B       		.uleb128 0xb
 1082 00a7 49       		.uleb128 0x49
 1083 00a8 13       		.uleb128 0x13
 1084 00a9 11       		.uleb128 0x11
 1085 00aa 01       		.uleb128 0x1
 1086 00ab 12       		.uleb128 0x12
 1087 00ac 06       		.uleb128 0x6
 1088 00ad 40       		.uleb128 0x40
 1089 00ae 18       		.uleb128 0x18
 1090 00af 9742     		.uleb128 0x2117
 1091 00b1 19       		.uleb128 0x19
 1092 00b2 01       		.uleb128 0x1
 1093 00b3 13       		.uleb128 0x13
 1094 00b4 00       		.byte	0
 1095 00b5 00       		.byte	0
 1096 00b6 0D       		.uleb128 0xd
 1097 00b7 34       		.uleb128 0x34
 1098 00b8 00       		.byte	0
 1099 00b9 03       		.uleb128 0x3
 1100 00ba 0E       		.uleb128 0xe
 1101 00bb 3A       		.uleb128 0x3a
 1102 00bc 0B       		.uleb128 0xb
 1103 00bd 3B       		.uleb128 0x3b
 1104 00be 0B       		.uleb128 0xb
 1105 00bf 49       		.uleb128 0x49
 1106 00c0 13       		.uleb128 0x13
 1107 00c1 02       		.uleb128 0x2
 1108 00c2 18       		.uleb128 0x18
 1109 00c3 00       		.byte	0
 1110 00c4 00       		.byte	0
 1111 00c5 0E       		.uleb128 0xe
 1112 00c6 2E       		.uleb128 0x2e
 1113 00c7 01       		.byte	0x1
 1114 00c8 3F       		.uleb128 0x3f
 1115 00c9 19       		.uleb128 0x19
 1116 00ca 03       		.uleb128 0x3
 1117 00cb 0E       		.uleb128 0xe
 1118 00cc 3A       		.uleb128 0x3a
 1119 00cd 0B       		.uleb128 0xb
 1120 00ce 3B       		.uleb128 0x3b
 1121 00cf 0B       		.uleb128 0xb
 1122 00d0 27       		.uleb128 0x27
 1123 00d1 19       		.uleb128 0x19
ARM GAS  C:\Users\LUCASI~1\AppData\Local\Temp\ccOD45P5.s 			page 23


 1124 00d2 11       		.uleb128 0x11
 1125 00d3 01       		.uleb128 0x1
 1126 00d4 12       		.uleb128 0x12
 1127 00d5 06       		.uleb128 0x6
 1128 00d6 40       		.uleb128 0x40
 1129 00d7 18       		.uleb128 0x18
 1130 00d8 9742     		.uleb128 0x2117
 1131 00da 19       		.uleb128 0x19
 1132 00db 01       		.uleb128 0x1
 1133 00dc 13       		.uleb128 0x13
 1134 00dd 00       		.byte	0
 1135 00de 00       		.byte	0
 1136 00df 0F       		.uleb128 0xf
 1137 00e0 34       		.uleb128 0x34
 1138 00e1 00       		.byte	0
 1139 00e2 03       		.uleb128 0x3
 1140 00e3 0E       		.uleb128 0xe
 1141 00e4 3A       		.uleb128 0x3a
 1142 00e5 0B       		.uleb128 0xb
 1143 00e6 3B       		.uleb128 0x3b
 1144 00e7 0B       		.uleb128 0xb
 1145 00e8 49       		.uleb128 0x49
 1146 00e9 13       		.uleb128 0x13
 1147 00ea 3F       		.uleb128 0x3f
 1148 00eb 19       		.uleb128 0x19
 1149 00ec 02       		.uleb128 0x2
 1150 00ed 18       		.uleb128 0x18
 1151 00ee 00       		.byte	0
 1152 00ef 00       		.byte	0
 1153 00f0 10       		.uleb128 0x10
 1154 00f1 0F       		.uleb128 0xf
 1155 00f2 00       		.byte	0
 1156 00f3 0B       		.uleb128 0xb
 1157 00f4 0B       		.uleb128 0xb
 1158 00f5 49       		.uleb128 0x49
 1159 00f6 13       		.uleb128 0x13
 1160 00f7 00       		.byte	0
 1161 00f8 00       		.byte	0
 1162 00f9 11       		.uleb128 0x11
 1163 00fa 34       		.uleb128 0x34
 1164 00fb 00       		.byte	0
 1165 00fc 03       		.uleb128 0x3
 1166 00fd 0E       		.uleb128 0xe
 1167 00fe 3A       		.uleb128 0x3a
 1168 00ff 0B       		.uleb128 0xb
 1169 0100 3B       		.uleb128 0x3b
 1170 0101 05       		.uleb128 0x5
 1171 0102 49       		.uleb128 0x49
 1172 0103 13       		.uleb128 0x13
 1173 0104 3F       		.uleb128 0x3f
 1174 0105 19       		.uleb128 0x19
 1175 0106 3C       		.uleb128 0x3c
 1176 0107 19       		.uleb128 0x19
 1177 0108 00       		.byte	0
 1178 0109 00       		.byte	0
 1179 010a 12       		.uleb128 0x12
 1180 010b 34       		.uleb128 0x34
ARM GAS  C:\Users\LUCASI~1\AppData\Local\Temp\ccOD45P5.s 			page 24


 1181 010c 00       		.byte	0
 1182 010d 03       		.uleb128 0x3
 1183 010e 08       		.uleb128 0x8
 1184 010f 3A       		.uleb128 0x3a
 1185 0110 0B       		.uleb128 0xb
 1186 0111 3B       		.uleb128 0x3b
 1187 0112 0B       		.uleb128 0xb
 1188 0113 49       		.uleb128 0x49
 1189 0114 13       		.uleb128 0x13
 1190 0115 3F       		.uleb128 0x3f
 1191 0116 19       		.uleb128 0x19
 1192 0117 02       		.uleb128 0x2
 1193 0118 18       		.uleb128 0x18
 1194 0119 00       		.byte	0
 1195 011a 00       		.byte	0
 1196 011b 13       		.uleb128 0x13
 1197 011c 2E       		.uleb128 0x2e
 1198 011d 00       		.byte	0
 1199 011e 3F       		.uleb128 0x3f
 1200 011f 19       		.uleb128 0x19
 1201 0120 3C       		.uleb128 0x3c
 1202 0121 19       		.uleb128 0x19
 1203 0122 6E       		.uleb128 0x6e
 1204 0123 0E       		.uleb128 0xe
 1205 0124 03       		.uleb128 0x3
 1206 0125 0E       		.uleb128 0xe
 1207 0126 3A       		.uleb128 0x3a
 1208 0127 0B       		.uleb128 0xb
 1209 0128 3B       		.uleb128 0x3b
 1210 0129 0B       		.uleb128 0xb
 1211 012a 00       		.byte	0
 1212 012b 00       		.byte	0
 1213 012c 00       		.byte	0
 1214              		.section	.debug_aranges,"",%progbits
 1215 0000 4C000000 		.4byte	0x4c
 1216 0004 0200     		.2byte	0x2
 1217 0006 00000000 		.4byte	.Ldebug_info0
 1218 000a 04       		.byte	0x4
 1219 000b 00       		.byte	0
 1220 000c 0000     		.2byte	0
 1221 000e 0000     		.2byte	0
 1222 0010 00000000 		.4byte	.LFB65
 1223 0014 24000000 		.4byte	.LFE65-.LFB65
 1224 0018 00000000 		.4byte	.LFB66
 1225 001c 24000000 		.4byte	.LFE66-.LFB66
 1226 0020 00000000 		.4byte	.LFB67
 1227 0024 24000000 		.4byte	.LFE67-.LFB67
 1228 0028 00000000 		.4byte	.LFB68
 1229 002c 24000000 		.4byte	.LFE68-.LFB68
 1230 0030 00000000 		.4byte	.LFB69
 1231 0034 48000000 		.4byte	.LFE69-.LFB69
 1232 0038 00000000 		.4byte	.LFB70
 1233 003c 18000000 		.4byte	.LFE70-.LFB70
 1234 0040 00000000 		.4byte	.LFB64
 1235 0044 80000000 		.4byte	.LFE64-.LFB64
 1236 0048 00000000 		.4byte	0
 1237 004c 00000000 		.4byte	0
ARM GAS  C:\Users\LUCASI~1\AppData\Local\Temp\ccOD45P5.s 			page 25


 1238              		.section	.debug_ranges,"",%progbits
 1239              	.Ldebug_ranges0:
 1240 0000 00000000 		.4byte	.LFB65
 1241 0004 24000000 		.4byte	.LFE65
 1242 0008 00000000 		.4byte	.LFB66
 1243 000c 24000000 		.4byte	.LFE66
 1244 0010 00000000 		.4byte	.LFB67
 1245 0014 24000000 		.4byte	.LFE67
 1246 0018 00000000 		.4byte	.LFB68
 1247 001c 24000000 		.4byte	.LFE68
 1248 0020 00000000 		.4byte	.LFB69
 1249 0024 48000000 		.4byte	.LFE69
 1250 0028 00000000 		.4byte	.LFB70
 1251 002c 18000000 		.4byte	.LFE70
 1252 0030 00000000 		.4byte	.LFB64
 1253 0034 80000000 		.4byte	.LFE64
 1254 0038 00000000 		.4byte	0
 1255 003c 00000000 		.4byte	0
 1256              		.section	.debug_line,"",%progbits
 1257              	.Ldebug_line0:
 1258 0000 AA020000 		.section	.debug_str,"MS",%progbits,1
 1258      02000E02 
 1258      00000201 
 1258      FB0E0D00 
 1258      01010101 
 1259              	.LASF43:
 1260 0000 6563686F 		.ascii	"echoInt_1_StartEx\000"
 1260      496E745F 
 1260      315F5374 
 1260      61727445 
 1260      7800
 1261              	.LASF24:
 1262 0012 70756C73 		.ascii	"pulseInt_handler\000"
 1262      65496E74 
 1262      5F68616E 
 1262      646C6572 
 1262      00
 1263              	.LASF54:
 1264 0023 433A5C55 		.ascii	"C:\\Users\\lucasiversen\\Desktop\\3semesterProjekt_"
 1264      73657273 
 1264      5C6C7563 
 1264      61736976 
 1264      65727365 
 1265 0052 7265706F 		.ascii	"repository\\PSoC kode\\NeoPixel\\NeoPixel.cydsn\000"
 1265      7369746F 
 1265      72795C50 
 1265      536F4320 
 1265      6B6F6465 
 1266              	.LASF19:
 1267 007f 6563686F 		.ascii	"echoInt1_handler\000"
 1267      496E7431 
 1267      5F68616E 
 1267      646C6572 
 1267      00
 1268              	.LASF49:
 1269 0090 44656C61 		.ascii	"DelayBased180Turn\000"
 1269      79426173 
ARM GAS  C:\Users\LUCASI~1\AppData\Local\Temp\ccOD45P5.s 			page 26


 1269      65643138 
 1269      30547572 
 1269      6E00
 1270              	.LASF5:
 1271 00a2 5F5F696E 		.ascii	"__int32_t\000"
 1271      7433325F 
 1271      7400
 1272              	.LASF35:
 1273 00ac 70756C73 		.ascii	"pulseWidth\000"
 1273      65576964 
 1273      746800
 1274              	.LASF28:
 1275 00b7 4E505F67 		.ascii	"NP_g_bOwnsBuffer\000"
 1275      5F624F77 
 1275      6E734275 
 1275      66666572 
 1275      00
 1276              	.LASF3:
 1277 00c8 73686F72 		.ascii	"short unsigned int\000"
 1277      7420756E 
 1277      7369676E 
 1277      65642069 
 1277      6E7400
 1278              	.LASF36:
 1279 00db 74696D65 		.ascii	"time_us\000"
 1279      5F757300 
 1280              	.LASF13:
 1281 00e3 75696E74 		.ascii	"uint8\000"
 1281      3800
 1282              	.LASF37:
 1283 00e9 73746174 		.ascii	"status\000"
 1283      757300
 1284              	.LASF46:
 1285 00f0 6563686F 		.ascii	"echoInt_4_StartEx\000"
 1285      496E745F 
 1285      345F5374 
 1285      61727445 
 1285      7800
 1286              	.LASF55:
 1287 0102 65646765 		.ascii	"edgeSensorInit\000"
 1287      53656E73 
 1287      6F72496E 
 1287      697400
 1288              	.LASF22:
 1289 0111 6563686F 		.ascii	"echoInt4_handler\000"
 1289      496E7434 
 1289      5F68616E 
 1289      646C6572 
 1289      00
 1290              	.LASF33:
 1291 0122 73746174 		.ascii	"state\000"
 1291      6500
 1292              	.LASF14:
 1293 0128 666C6F61 		.ascii	"float\000"
 1293      7400
 1294              	.LASF39:
 1295 012e 434C4B5F 		.ascii	"CLK_24MHz_Start\000"
ARM GAS  C:\Users\LUCASI~1\AppData\Local\Temp\ccOD45P5.s 			page 27


 1295      32344D48 
 1295      7A5F5374 
 1295      61727400 
 1296              	.LASF29:
 1297 013e 4E505F67 		.ascii	"NP_g_pFrameBuffer\000"
 1297      5F704672 
 1297      616D6542 
 1297      75666665 
 1297      7200
 1298              	.LASF7:
 1299 0150 6C6F6E67 		.ascii	"long unsigned int\000"
 1299      20756E73 
 1299      69676E65 
 1299      6420696E 
 1299      7400
 1300              	.LASF26:
 1301 0162 4E505F67 		.ascii	"NP_g_nDMA_Chan\000"
 1301      5F6E444D 
 1301      415F4368 
 1301      616E00
 1302              	.LASF32:
 1303 0171 72756E6E 		.ascii	"running_\000"
 1303      696E675F 
 1303      00
 1304              	.LASF27:
 1305 017a 4E505F67 		.ascii	"NP_g_nDMA_TD\000"
 1305      5F6E444D 
 1305      415F5444 
 1305      00
 1306              	.LASF34:
 1307 0187 72616E64 		.ascii	"randState\000"
 1307      53746174 
 1307      6500
 1308              	.LASF40:
 1309 0191 74726967 		.ascii	"triggerPWM_Start\000"
 1309      67657250 
 1309      574D5F53 
 1309      74617274 
 1309      00
 1310              	.LASF44:
 1311 01a2 6563686F 		.ascii	"echoInt_2_StartEx\000"
 1311      496E745F 
 1311      325F5374 
 1311      61727445 
 1311      7800
 1312              	.LASF48:
 1313 01b4 70756C73 		.ascii	"pulseCounter_ReadCapture\000"
 1313      65436F75 
 1313      6E746572 
 1313      5F526561 
 1313      64436170 
 1314              	.LASF15:
 1315 01cd 646F7562 		.ascii	"double\000"
 1315      6C6500
 1316              	.LASF20:
 1317 01d4 6563686F 		.ascii	"echoInt2_handler\000"
 1317      496E7432 
ARM GAS  C:\Users\LUCASI~1\AppData\Local\Temp\ccOD45P5.s 			page 28


 1317      5F68616E 
 1317      646C6572 
 1317      00
 1318              	.LASF6:
 1319 01e5 5F5F7569 		.ascii	"__uint32_t\000"
 1319      6E743332 
 1319      5F7400
 1320              	.LASF31:
 1321 01f0 49544D5F 		.ascii	"ITM_RxBuffer\000"
 1321      52784275 
 1321      66666572 
 1321      00
 1322              	.LASF1:
 1323 01fd 756E7369 		.ascii	"unsigned char\000"
 1323      676E6564 
 1323      20636861 
 1323      7200
 1324              	.LASF10:
 1325 020b 756E7369 		.ascii	"unsigned int\000"
 1325      676E6564 
 1325      20696E74 
 1325      00
 1326              	.LASF50:
 1327 0218 64726976 		.ascii	"driveForwards\000"
 1327      65466F72 
 1327      77617264 
 1327      7300
 1328              	.LASF9:
 1329 0226 6C6F6E67 		.ascii	"long long unsigned int\000"
 1329      206C6F6E 
 1329      6720756E 
 1329      7369676E 
 1329      65642069 
 1330              	.LASF51:
 1331 023d 70756C73 		.ascii	"pulseCounter_ReadStatusRegister\000"
 1331      65436F75 
 1331      6E746572 
 1331      5F526561 
 1331      64537461 
 1332              	.LASF47:
 1333 025d 74726967 		.ascii	"triggerPWM_Stop\000"
 1333      67657250 
 1333      574D5F53 
 1333      746F7000 
 1334              	.LASF52:
 1335 026d 474E5520 		.ascii	"GNU C11 5.4.1 20160609 (release) [ARM/embedded-5-br"
 1335      43313120 
 1335      352E342E 
 1335      31203230 
 1335      31363036 
 1336 02a0 616E6368 		.ascii	"anch revision 237715] -mcpu=cortex-m3 -mthumb -g -O"
 1336      20726576 
 1336      6973696F 
 1336      6E203233 
 1336      37373135 
 1337 02d3 67202D66 		.ascii	"g -ffunction-sections -ffat-lto-objects\000"
 1337      66756E63 
ARM GAS  C:\Users\LUCASI~1\AppData\Local\Temp\ccOD45P5.s 			page 29


 1337      74696F6E 
 1337      2D736563 
 1337      74696F6E 
 1338              	.LASF11:
 1339 02fb 696E7433 		.ascii	"int32_t\000"
 1339      325F7400 
 1340              	.LASF18:
 1341 0303 73697A65 		.ascii	"sizetype\000"
 1341      74797065 
 1341      00
 1342              	.LASF53:
 1343 030c 65646765 		.ascii	"edgeSensorApp.c\000"
 1343      53656E73 
 1343      6F724170 
 1343      702E6300 
 1344              	.LASF8:
 1345 031c 6C6F6E67 		.ascii	"long long int\000"
 1345      206C6F6E 
 1345      6720696E 
 1345      7400
 1346              	.LASF16:
 1347 032a 63686172 		.ascii	"char\000"
 1347      00
 1348              	.LASF23:
 1349 032f 67657453 		.ascii	"getStatus\000"
 1349      74617475 
 1349      7300
 1350              	.LASF56:
 1351 0339 74656D70 		.ascii	"tempStatus\000"
 1351      53746174 
 1351      757300
 1352              	.LASF30:
 1353 0344 4E505F67 		.ascii	"NP_g_nFrameBufferSize\000"
 1353      5F6E4672 
 1353      616D6542 
 1353      75666665 
 1353      7253697A 
 1354              	.LASF38:
 1355 035a 434C4B5F 		.ascii	"CLK_500kHz_Start\000"
 1355      3530306B 
 1355      487A5F53 
 1355      74617274 
 1355      00
 1356              	.LASF2:
 1357 036b 73686F72 		.ascii	"short int\000"
 1357      7420696E 
 1357      7400
 1358              	.LASF45:
 1359 0375 6563686F 		.ascii	"echoInt_3_StartEx\000"
 1359      496E745F 
 1359      335F5374 
 1359      61727445 
 1359      7800
 1360              	.LASF21:
 1361 0387 6563686F 		.ascii	"echoInt3_handler\000"
 1361      496E7433 
 1361      5F68616E 
ARM GAS  C:\Users\LUCASI~1\AppData\Local\Temp\ccOD45P5.s 			page 30


 1361      646C6572 
 1361      00
 1362              	.LASF12:
 1363 0398 75696E74 		.ascii	"uint32_t\000"
 1363      33325F74 
 1363      00
 1364              	.LASF4:
 1365 03a1 6C6F6E67 		.ascii	"long int\000"
 1365      20696E74 
 1365      00
 1366              	.LASF17:
 1367 03aa 6C6F6E67 		.ascii	"long double\000"
 1367      20646F75 
 1367      626C6500 
 1368              	.LASF0:
 1369 03b6 7369676E 		.ascii	"signed char\000"
 1369      65642063 
 1369      68617200 
 1370              	.LASF42:
 1371 03c2 70756C73 		.ascii	"pulseInt_StartEx\000"
 1371      65496E74 
 1371      5F537461 
 1371      72744578 
 1371      00
 1372              	.LASF41:
 1373 03d3 70756C73 		.ascii	"pulseCounter_Start\000"
 1373      65436F75 
 1373      6E746572 
 1373      5F537461 
 1373      727400
 1374              	.LASF25:
 1375 03e6 4E505F67 		.ascii	"NP_g_nNumberOfPixels\000"
 1375      5F6E4E75 
 1375      6D626572 
 1375      4F665069 
 1375      78656C73 
 1376              		.ident	"GCC: (GNU Tools for ARM Embedded Processors) 5.4.1 20160609 (release) [ARM/embedded-5-bran
