ARM GAS  C:\Users\LUCASI~1\AppData\Local\Temp\ccAIbrbH.s 			page 1


   1              		.syntax unified
   2              		.cpu cortex-m3
   3              		.fpu softvfp
   4              		.eabi_attribute 20, 1
   5              		.eabi_attribute 21, 1
   6              		.eabi_attribute 23, 3
   7              		.eabi_attribute 24, 1
   8              		.eabi_attribute 25, 1
   9              		.eabi_attribute 26, 1
  10              		.eabi_attribute 30, 1
  11              		.eabi_attribute 34, 1
  12              		.eabi_attribute 18, 4
  13              		.thumb
  14              		.syntax unified
  15              		.file	"LedHandler.c"
  16              		.text
  17              	.Ltext0:
  18              		.cfi_sections	.debug_frame
  19              		.section	.text.TurnOff,"ax",%progbits
  20              		.align	2
  21              		.global	TurnOff
  22              		.thumb
  23              		.thumb_func
  24              		.type	TurnOff, %function
  25              	TurnOff:
  26              	.LFB64:
  27              		.file 1 "LedHandler.c"
   1:LedHandler.c  **** #include "LedHandler.h"
   2:LedHandler.c  **** 
   3:LedHandler.c  **** void ledHandler(int state)
   4:LedHandler.c  **** {
   5:LedHandler.c  ****     switch (state)
   6:LedHandler.c  ****     {
   7:LedHandler.c  ****         case 0:
   8:LedHandler.c  ****             StartSequence();
   9:LedHandler.c  ****             break;
  10:LedHandler.c  ****         case 1:
  11:LedHandler.c  ****             StopSequence();
  12:LedHandler.c  ****             break;
  13:LedHandler.c  ****         case 2:
  14:LedHandler.c  ****             CupHitSequence();
  15:LedHandler.c  ****             break;
  16:LedHandler.c  ****         case 3:
  17:LedHandler.c  ****             WeightOffSequence();
  18:LedHandler.c  ****             break;
  19:LedHandler.c  ****         case 4:
  20:LedHandler.c  ****             WeightOnSequence();
  21:LedHandler.c  ****             break;
  22:LedHandler.c  ****         default:
  23:LedHandler.c  ****             break;
  24:LedHandler.c  ****         
  25:LedHandler.c  ****     }
  26:LedHandler.c  **** }
  27:LedHandler.c  **** void TurnOff(int startPos, int amount)
  28:LedHandler.c  **** { 
  28              		.loc 1 28 0
  29              		.cfi_startproc
ARM GAS  C:\Users\LUCASI~1\AppData\Local\Temp\ccAIbrbH.s 			page 2


  30              		@ args = 0, pretend = 0, frame = 0
  31              		@ frame_needed = 0, uses_anonymous_args = 0
  32              		@ link register save eliminated.
  33              	.LVL0:
  34 0000 70B4     		push	{r4, r5, r6}
  35              		.cfi_def_cfa_offset 12
  36              		.cfi_offset 4, -12
  37              		.cfi_offset 5, -8
  38              		.cfi_offset 6, -4
  39              	.LVL1:
  40              	.LBB2:
  29:LedHandler.c  ****     for(int i = startPos; i < startPos + amount; i++)
  41              		.loc 1 29 0
  42 0002 0246     		mov	r2, r0
  43 0004 09E0     		b	.L2
  44              	.LVL2:
  45              	.L3:
  30:LedHandler.c  ****     {
  31:LedHandler.c  ****         pPixelArray[GREEN + i * 3] = (unsigned int)0.0;
  46              		.loc 1 31 0 discriminator 3
  47 0006 02EB4203 		add	r3, r2, r2, lsl #1
  48 000a 064C     		ldr	r4, .L5
  49 000c 0025     		movs	r5, #0
  50 000e E554     		strb	r5, [r4, r3]
  32:LedHandler.c  ****         pPixelArray[BLUE + i * 3] = (unsigned int)0.0;
  51              		.loc 1 32 0 discriminator 3
  52 0010 9E1C     		adds	r6, r3, #2
  53 0012 A555     		strb	r5, [r4, r6]
  33:LedHandler.c  ****         pPixelArray[RED + i * 3] = (unsigned int)0.0;
  54              		.loc 1 33 0 discriminator 3
  55 0014 0133     		adds	r3, r3, #1
  56 0016 E554     		strb	r5, [r4, r3]
  29:LedHandler.c  ****     {
  57              		.loc 1 29 0 discriminator 3
  58 0018 0132     		adds	r2, r2, #1
  59              	.LVL3:
  60              	.L2:
  29:LedHandler.c  ****     {
  61              		.loc 1 29 0 is_stmt 0 discriminator 1
  62 001a 4318     		adds	r3, r0, r1
  63 001c 9A42     		cmp	r2, r3
  64 001e F2DB     		blt	.L3
  65              	.LBE2:
  34:LedHandler.c  ****     }
  35:LedHandler.c  **** }
  66              		.loc 1 35 0 is_stmt 1
  67 0020 70BC     		pop	{r4, r5, r6}
  68              		.cfi_restore 6
  69              		.cfi_restore 5
  70              		.cfi_restore 4
  71              		.cfi_def_cfa_offset 0
  72 0022 7047     		bx	lr
  73              	.L6:
  74              		.align	2
  75              	.L5:
  76 0024 00000000 		.word	pPixelArray
  77              		.cfi_endproc
ARM GAS  C:\Users\LUCASI~1\AppData\Local\Temp\ccAIbrbH.s 			page 3


  78              	.LFE64:
  79              		.size	TurnOff, .-TurnOff
  80              		.section	.text.TurnOn,"ax",%progbits
  81              		.align	2
  82              		.global	TurnOn
  83              		.thumb
  84              		.thumb_func
  85              		.type	TurnOn, %function
  86              	TurnOn:
  87              	.LFB65:
  36:LedHandler.c  **** void TurnOn(int startPos, int amount, int color, int intensity)
  37:LedHandler.c  **** {
  88              		.loc 1 37 0
  89              		.cfi_startproc
  90              		@ args = 0, pretend = 0, frame = 0
  91              		@ frame_needed = 0, uses_anonymous_args = 0
  92              		@ link register save eliminated.
  93              	.LVL4:
  94 0000 70B4     		push	{r4, r5, r6}
  95              		.cfi_def_cfa_offset 12
  96              		.cfi_offset 4, -12
  97              		.cfi_offset 5, -8
  98              		.cfi_offset 6, -4
  38:LedHandler.c  ****     if(startPos+amount > MAX)
  99              		.loc 1 38 0
 100 0002 4418     		adds	r4, r0, r1
 101 0004 112C     		cmp	r4, #17
 102 0006 01DD     		ble	.L8
  39:LedHandler.c  ****     {
  40:LedHandler.c  ****         amount = MAX - startPos;
 103              		.loc 1 40 0
 104 0008 C0F11101 		rsb	r1, r0, #17
 105              	.LVL5:
 106              	.L8:
 107              	.LBB3:
  41:LedHandler.c  ****     }
  42:LedHandler.c  ****     for(int i = startPos; i < startPos + amount; i++)
 108              		.loc 1 42 0
 109 000c 0446     		mov	r4, r0
 110 000e 05E0     		b	.L9
 111              	.LVL6:
 112              	.L10:
  43:LedHandler.c  ****     {
  44:LedHandler.c  ****         pPixelArray[color + i * 3] = (unsigned int) intensity;
 113              		.loc 1 44 0 discriminator 3
 114 0010 04EB4405 		add	r5, r4, r4, lsl #1
 115 0014 1544     		add	r5, r5, r2
 116 0016 044E     		ldr	r6, .L12
 117 0018 7355     		strb	r3, [r6, r5]
  42:LedHandler.c  ****     {
 118              		.loc 1 42 0 discriminator 3
 119 001a 0134     		adds	r4, r4, #1
 120              	.LVL7:
 121              	.L9:
  42:LedHandler.c  ****     {
 122              		.loc 1 42 0 is_stmt 0 discriminator 1
 123 001c 0D18     		adds	r5, r1, r0
ARM GAS  C:\Users\LUCASI~1\AppData\Local\Temp\ccAIbrbH.s 			page 4


 124 001e AC42     		cmp	r4, r5
 125 0020 F6DB     		blt	.L10
 126              	.LBE3:
  45:LedHandler.c  ****     }
  46:LedHandler.c  **** }
 127              		.loc 1 46 0 is_stmt 1
 128 0022 70BC     		pop	{r4, r5, r6}
 129              		.cfi_restore 6
 130              		.cfi_restore 5
 131              		.cfi_restore 4
 132              		.cfi_def_cfa_offset 0
 133              	.LVL8:
 134 0024 7047     		bx	lr
 135              	.L13:
 136 0026 00BF     		.align	2
 137              	.L12:
 138 0028 00000000 		.word	pPixelArray
 139              		.cfi_endproc
 140              	.LFE65:
 141              		.size	TurnOn, .-TurnOn
 142              		.section	.text.StopSequence,"ax",%progbits
 143              		.align	2
 144              		.global	StopSequence
 145              		.thumb
 146              		.thumb_func
 147              		.type	StopSequence, %function
 148              	StopSequence:
 149              	.LFB66:
  47:LedHandler.c  **** void StopSequence()
  48:LedHandler.c  **** {
 150              		.loc 1 48 0
 151              		.cfi_startproc
 152              		@ args = 0, pretend = 0, frame = 0
 153              		@ frame_needed = 0, uses_anonymous_args = 0
 154 0000 10B5     		push	{r4, lr}
 155              		.cfi_def_cfa_offset 8
 156              		.cfi_offset 4, -8
 157              		.cfi_offset 14, -4
 158              	.LVL9:
 159              	.LBB4:
  49:LedHandler.c  ****     for(int i = 0; i < 10; i++)
 160              		.loc 1 49 0
 161 0002 0024     		movs	r4, #0
 162 0004 16E0     		b	.L15
 163              	.LVL10:
 164              	.L16:
  50:LedHandler.c  ****     {
  51:LedHandler.c  ****         TurnOff(0, MAX);
 165              		.loc 1 51 0 discriminator 3
 166 0006 1121     		movs	r1, #17
 167 0008 0020     		movs	r0, #0
 168 000a FFF7FEFF 		bl	TurnOff
 169              	.LVL11:
  52:LedHandler.c  ****         NP_Update();
 170              		.loc 1 52 0 discriminator 3
 171 000e FFF7FEFF 		bl	NP_Update
 172              	.LVL12:
ARM GAS  C:\Users\LUCASI~1\AppData\Local\Temp\ccAIbrbH.s 			page 5


  53:LedHandler.c  ****         CyDelay(500);
 173              		.loc 1 53 0 discriminator 3
 174 0012 4FF4FA70 		mov	r0, #500
 175 0016 FFF7FEFF 		bl	CyDelay
 176              	.LVL13:
  54:LedHandler.c  ****         TurnOn(0, MAX, RED, INTENSITY);
 177              		.loc 1 54 0 discriminator 3
 178 001a 1923     		movs	r3, #25
 179 001c 0122     		movs	r2, #1
 180 001e 1121     		movs	r1, #17
 181 0020 0020     		movs	r0, #0
 182 0022 FFF7FEFF 		bl	TurnOn
 183              	.LVL14:
  55:LedHandler.c  ****         NP_Update();
 184              		.loc 1 55 0 discriminator 3
 185 0026 FFF7FEFF 		bl	NP_Update
 186              	.LVL15:
  56:LedHandler.c  ****         CyDelay(500);
 187              		.loc 1 56 0 discriminator 3
 188 002a 4FF4FA70 		mov	r0, #500
 189 002e FFF7FEFF 		bl	CyDelay
 190              	.LVL16:
  49:LedHandler.c  ****     {
 191              		.loc 1 49 0 discriminator 3
 192 0032 0134     		adds	r4, r4, #1
 193              	.LVL17:
 194              	.L15:
  49:LedHandler.c  ****     {
 195              		.loc 1 49 0 is_stmt 0 discriminator 1
 196 0034 092C     		cmp	r4, #9
 197 0036 E6DD     		ble	.L16
 198              	.LBE4:
  57:LedHandler.c  ****     }
  58:LedHandler.c  **** }
 199              		.loc 1 58 0 is_stmt 1
 200 0038 10BD     		pop	{r4, pc}
 201              		.cfi_endproc
 202              	.LFE66:
 203              		.size	StopSequence, .-StopSequence
 204 003a 00BF     		.section	.text.WeightOffSequence,"ax",%progbits
 205              		.align	2
 206              		.global	WeightOffSequence
 207              		.thumb
 208              		.thumb_func
 209              		.type	WeightOffSequence, %function
 210              	WeightOffSequence:
 211              	.LFB67:
  59:LedHandler.c  **** void WeightOffSequence()
  60:LedHandler.c  **** {
 212              		.loc 1 60 0
 213              		.cfi_startproc
 214              		@ args = 0, pretend = 0, frame = 0
 215              		@ frame_needed = 0, uses_anonymous_args = 0
 216 0000 08B5     		push	{r3, lr}
 217              		.cfi_def_cfa_offset 8
 218              		.cfi_offset 3, -8
 219              		.cfi_offset 14, -4
ARM GAS  C:\Users\LUCASI~1\AppData\Local\Temp\ccAIbrbH.s 			page 6


  61:LedHandler.c  ****     TurnOff(0, MAX);
 220              		.loc 1 61 0
 221 0002 1121     		movs	r1, #17
 222 0004 0020     		movs	r0, #0
 223 0006 FFF7FEFF 		bl	TurnOff
 224              	.LVL18:
  62:LedHandler.c  ****     TurnOn(0,MAX,RED,INTENSITY);
 225              		.loc 1 62 0
 226 000a 1923     		movs	r3, #25
 227 000c 0122     		movs	r2, #1
 228 000e 1121     		movs	r1, #17
 229 0010 0020     		movs	r0, #0
 230 0012 FFF7FEFF 		bl	TurnOn
 231              	.LVL19:
  63:LedHandler.c  ****     NP_Update();
 232              		.loc 1 63 0
 233 0016 FFF7FEFF 		bl	NP_Update
 234              	.LVL20:
 235 001a 08BD     		pop	{r3, pc}
 236              		.cfi_endproc
 237              	.LFE67:
 238              		.size	WeightOffSequence, .-WeightOffSequence
 239              		.section	.text.WeightOnSequence,"ax",%progbits
 240              		.align	2
 241              		.global	WeightOnSequence
 242              		.thumb
 243              		.thumb_func
 244              		.type	WeightOnSequence, %function
 245              	WeightOnSequence:
 246              	.LFB68:
  64:LedHandler.c  **** }
  65:LedHandler.c  **** void WeightOnSequence()
  66:LedHandler.c  **** {
 247              		.loc 1 66 0
 248              		.cfi_startproc
 249              		@ args = 0, pretend = 0, frame = 0
 250              		@ frame_needed = 0, uses_anonymous_args = 0
 251 0000 08B5     		push	{r3, lr}
 252              		.cfi_def_cfa_offset 8
 253              		.cfi_offset 3, -8
 254              		.cfi_offset 14, -4
  67:LedHandler.c  ****     TurnOff(0, MAX);
 255              		.loc 1 67 0
 256 0002 1121     		movs	r1, #17
 257 0004 0020     		movs	r0, #0
 258 0006 FFF7FEFF 		bl	TurnOff
 259              	.LVL21:
  68:LedHandler.c  ****     TurnOn(0,MAX,GREEN,INTENSITY);
 260              		.loc 1 68 0
 261 000a 1923     		movs	r3, #25
 262 000c 0022     		movs	r2, #0
 263 000e 1121     		movs	r1, #17
 264 0010 1046     		mov	r0, r2
 265 0012 FFF7FEFF 		bl	TurnOn
 266              	.LVL22:
  69:LedHandler.c  ****     NP_Update();
 267              		.loc 1 69 0
ARM GAS  C:\Users\LUCASI~1\AppData\Local\Temp\ccAIbrbH.s 			page 7


 268 0016 FFF7FEFF 		bl	NP_Update
 269              	.LVL23:
 270 001a 08BD     		pop	{r3, pc}
 271              		.cfi_endproc
 272              	.LFE68:
 273              		.size	WeightOnSequence, .-WeightOnSequence
 274              		.section	.text.CupHitSequence,"ax",%progbits
 275              		.align	2
 276              		.global	CupHitSequence
 277              		.thumb
 278              		.thumb_func
 279              		.type	CupHitSequence, %function
 280              	CupHitSequence:
 281              	.LFB69:
  70:LedHandler.c  **** }
  71:LedHandler.c  **** void CupHitSequence()
  72:LedHandler.c  **** {
 282              		.loc 1 72 0
 283              		.cfi_startproc
 284              		@ args = 0, pretend = 0, frame = 0
 285              		@ frame_needed = 0, uses_anonymous_args = 0
 286 0000 38B5     		push	{r3, r4, r5, lr}
 287              		.cfi_def_cfa_offset 16
 288              		.cfi_offset 3, -16
 289              		.cfi_offset 4, -12
 290              		.cfi_offset 5, -8
 291              		.cfi_offset 14, -4
 292              	.LVL24:
 293              	.LBB5:
  73:LedHandler.c  ****     int offset=MAX/2;
  74:LedHandler.c  ****     for(int i = 0; i < MAX*10; i++)
 294              		.loc 1 74 0
 295 0002 0025     		movs	r5, #0
 296 0004 3DE0     		b	.L23
 297              	.LVL25:
 298              	.L30:
  75:LedHandler.c  ****     {   
  76:LedHandler.c  ****         TurnOff(0, MAX);
 299              		.loc 1 76 0
 300 0006 1121     		movs	r1, #17
 301 0008 0020     		movs	r0, #0
 302 000a FFF7FEFF 		bl	TurnOff
 303              	.LVL26:
  77:LedHandler.c  ****         TurnOn(i%MAX,3,GREEN,INTENSITY);
 304              		.loc 1 77 0
 305 000e 224C     		ldr	r4, .L32
 306 0010 84FB0534 		smull	r3, r4, r4, r5
 307 0014 EB17     		asrs	r3, r5, #31
 308 0016 C3EBE404 		rsb	r4, r3, r4, asr #3
 309 001a 04EB0414 		add	r4, r4, r4, lsl #4
 310 001e 2C1B     		subs	r4, r5, r4
 311 0020 1923     		movs	r3, #25
 312 0022 0022     		movs	r2, #0
 313 0024 0321     		movs	r1, #3
 314 0026 2046     		mov	r0, r4
 315 0028 FFF7FEFF 		bl	TurnOn
 316              	.LVL27:
ARM GAS  C:\Users\LUCASI~1\AppData\Local\Temp\ccAIbrbH.s 			page 8


  78:LedHandler.c  ****         //if the second pixel flow is above max start from the first pos
  79:LedHandler.c  ****         if(i%MAX+offset > MAX)
 317              		.loc 1 79 0
 318 002c 04F10800 		add	r0, r4, #8
 319 0030 1128     		cmp	r0, #17
 320 0032 07DD     		ble	.L24
  80:LedHandler.c  ****         {
  81:LedHandler.c  ****             TurnOn(i%MAX-offset,3,GREEN,INTENSITY);
 321              		.loc 1 81 0
 322 0034 1923     		movs	r3, #25
 323 0036 0022     		movs	r2, #0
 324 0038 0321     		movs	r1, #3
 325 003a A4F10800 		sub	r0, r4, #8
 326 003e FFF7FEFF 		bl	TurnOn
 327              	.LVL28:
 328 0042 04E0     		b	.L25
 329              	.L24:
  82:LedHandler.c  ****         }
  83:LedHandler.c  ****         else
  84:LedHandler.c  ****         {
  85:LedHandler.c  ****             TurnOn(i%MAX + offset,3,GREEN,INTENSITY);
 330              		.loc 1 85 0
 331 0044 1923     		movs	r3, #25
 332 0046 0022     		movs	r2, #0
 333 0048 0321     		movs	r1, #3
 334 004a FFF7FEFF 		bl	TurnOn
 335              	.LVL29:
 336              	.L25:
  86:LedHandler.c  ****         }
  87:LedHandler.c  ****         //overflow of 1 pixel
  88:LedHandler.c  ****         if(i%MAX == MAX-2 || i%MAX+offset == MAX-2)
 337              		.loc 1 88 0
 338 004e 0F2C     		cmp	r4, #15
 339 0050 01D0     		beq	.L26
 340              		.loc 1 88 0 is_stmt 0 discriminator 1
 341 0052 072C     		cmp	r4, #7
 342 0054 05D1     		bne	.L27
 343              	.L26:
  89:LedHandler.c  ****         {
  90:LedHandler.c  ****             TurnOn(0,1,GREEN,INTENSITY);
 344              		.loc 1 90 0 is_stmt 1
 345 0056 1923     		movs	r3, #25
 346 0058 0022     		movs	r2, #0
 347 005a 0121     		movs	r1, #1
 348 005c 1046     		mov	r0, r2
 349 005e FFF7FEFF 		bl	TurnOn
 350              	.LVL30:
 351              	.L27:
  91:LedHandler.c  ****         }
  92:LedHandler.c  ****         //overflow of 2 pixels
  93:LedHandler.c  ****         if(i%MAX == MAX-1 || i%MAX+offset == MAX-1)
 352              		.loc 1 93 0
 353 0062 102C     		cmp	r4, #16
 354 0064 01D0     		beq	.L28
 355              		.loc 1 93 0 is_stmt 0 discriminator 1
 356 0066 082C     		cmp	r4, #8
 357 0068 05D1     		bne	.L29
ARM GAS  C:\Users\LUCASI~1\AppData\Local\Temp\ccAIbrbH.s 			page 9


 358              	.L28:
  94:LedHandler.c  ****         {
  95:LedHandler.c  ****             TurnOn(0,2,GREEN,INTENSITY);
 359              		.loc 1 95 0 is_stmt 1
 360 006a 1923     		movs	r3, #25
 361 006c 0022     		movs	r2, #0
 362 006e 0221     		movs	r1, #2
 363 0070 1046     		mov	r0, r2
 364 0072 FFF7FEFF 		bl	TurnOn
 365              	.LVL31:
 366              	.L29:
  96:LedHandler.c  ****         }
  97:LedHandler.c  ****         NP_Update();
 367              		.loc 1 97 0 discriminator 2
 368 0076 FFF7FEFF 		bl	NP_Update
 369              	.LVL32:
  98:LedHandler.c  ****         CyDelay(25);
 370              		.loc 1 98 0 discriminator 2
 371 007a 1920     		movs	r0, #25
 372 007c FFF7FEFF 		bl	CyDelay
 373              	.LVL33:
  74:LedHandler.c  ****     {   
 374              		.loc 1 74 0 discriminator 2
 375 0080 0135     		adds	r5, r5, #1
 376              	.LVL34:
 377              	.L23:
  74:LedHandler.c  ****     {   
 378              		.loc 1 74 0 is_stmt 0 discriminator 1
 379 0082 A92D     		cmp	r5, #169
 380 0084 BFDD     		ble	.L30
 381              	.LBE5:
  99:LedHandler.c  ****     }
 100:LedHandler.c  ****     TurnOn(0,MAX,GREEN,INTENSITY);
 382              		.loc 1 100 0 is_stmt 1
 383 0086 1923     		movs	r3, #25
 384 0088 0022     		movs	r2, #0
 385 008a 1121     		movs	r1, #17
 386 008c 1046     		mov	r0, r2
 387 008e FFF7FEFF 		bl	TurnOn
 388              	.LVL35:
 101:LedHandler.c  ****     NP_Update();
 389              		.loc 1 101 0
 390 0092 FFF7FEFF 		bl	NP_Update
 391              	.LVL36:
 392 0096 38BD     		pop	{r3, r4, r5, pc}
 393              	.LVL37:
 394              	.L33:
 395              		.align	2
 396              	.L32:
 397 0098 79787878 		.word	2021161081
 398              		.cfi_endproc
 399              	.LFE69:
 400              		.size	CupHitSequence, .-CupHitSequence
 401              		.section	.text.StartSequence,"ax",%progbits
 402              		.align	2
 403              		.global	StartSequence
 404              		.thumb
ARM GAS  C:\Users\LUCASI~1\AppData\Local\Temp\ccAIbrbH.s 			page 10


 405              		.thumb_func
 406              		.type	StartSequence, %function
 407              	StartSequence:
 408              	.LFB70:
 102:LedHandler.c  **** }
 103:LedHandler.c  **** void StartSequence()
 104:LedHandler.c  **** {
 409              		.loc 1 104 0
 410              		.cfi_startproc
 411              		@ args = 0, pretend = 0, frame = 0
 412              		@ frame_needed = 0, uses_anonymous_args = 0
 413 0000 38B5     		push	{r3, r4, r5, lr}
 414              		.cfi_def_cfa_offset 16
 415              		.cfi_offset 3, -16
 416              		.cfi_offset 4, -12
 417              		.cfi_offset 5, -8
 418              		.cfi_offset 14, -4
 105:LedHandler.c  ****     TurnOff(0, MAX);
 419              		.loc 1 105 0
 420 0002 1121     		movs	r1, #17
 421 0004 0020     		movs	r0, #0
 422 0006 FFF7FEFF 		bl	TurnOff
 423              	.LVL38:
 106:LedHandler.c  ****     //red
 107:LedHandler.c  ****     TurnOn(0,MAX/4,RED, INTENSITY);
 424              		.loc 1 107 0
 425 000a 1923     		movs	r3, #25
 426 000c 0122     		movs	r2, #1
 427 000e 0421     		movs	r1, #4
 428 0010 0020     		movs	r0, #0
 429 0012 FFF7FEFF 		bl	TurnOn
 430              	.LVL39:
 108:LedHandler.c  ****     NP_Update();
 431              		.loc 1 108 0
 432 0016 FFF7FEFF 		bl	NP_Update
 433              	.LVL40:
 109:LedHandler.c  ****     CyDelay(1000);
 434              		.loc 1 109 0
 435 001a 4FF47A70 		mov	r0, #1000
 436 001e FFF7FEFF 		bl	CyDelay
 437              	.LVL41:
 438              	.LBB6:
 110:LedHandler.c  ****     //yellow
 111:LedHandler.c  ****     for(int i = 1; i <= 2; i++)
 439              		.loc 1 111 0
 440 0022 0124     		movs	r4, #1
 441 0024 13E0     		b	.L35
 442              	.LVL42:
 443              	.L36:
 112:LedHandler.c  ****     {
 113:LedHandler.c  ****         TurnOn(MAX/4*i,MAX/4,RED, INTENSITY);
 444              		.loc 1 113 0 discriminator 3
 445 0026 A500     		lsls	r5, r4, #2
 446 0028 1923     		movs	r3, #25
 447 002a 0122     		movs	r2, #1
 448 002c 0421     		movs	r1, #4
 449 002e 2846     		mov	r0, r5
ARM GAS  C:\Users\LUCASI~1\AppData\Local\Temp\ccAIbrbH.s 			page 11


 450 0030 FFF7FEFF 		bl	TurnOn
 451              	.LVL43:
 114:LedHandler.c  ****         TurnOn(MAX/4*i,MAX/4,GREEN, INTENSITY);
 452              		.loc 1 114 0 discriminator 3
 453 0034 1923     		movs	r3, #25
 454 0036 0022     		movs	r2, #0
 455 0038 0421     		movs	r1, #4
 456 003a 2846     		mov	r0, r5
 457 003c FFF7FEFF 		bl	TurnOn
 458              	.LVL44:
 115:LedHandler.c  ****         NP_Update();
 459              		.loc 1 115 0 discriminator 3
 460 0040 FFF7FEFF 		bl	NP_Update
 461              	.LVL45:
 116:LedHandler.c  ****         CyDelay(1000);
 462              		.loc 1 116 0 discriminator 3
 463 0044 4FF47A70 		mov	r0, #1000
 464 0048 FFF7FEFF 		bl	CyDelay
 465              	.LVL46:
 111:LedHandler.c  ****     {
 466              		.loc 1 111 0 discriminator 3
 467 004c 0134     		adds	r4, r4, #1
 468              	.LVL47:
 469              	.L35:
 111:LedHandler.c  ****     {
 470              		.loc 1 111 0 is_stmt 0 discriminator 1
 471 004e 022C     		cmp	r4, #2
 472 0050 E9DD     		ble	.L36
 473              	.LBE6:
 117:LedHandler.c  ****     }
 118:LedHandler.c  ****     //green
 119:LedHandler.c  ****     TurnOn(MAX/4*3,MAX/4,GREEN, INTENSITY);
 474              		.loc 1 119 0 is_stmt 1
 475 0052 1923     		movs	r3, #25
 476 0054 0022     		movs	r2, #0
 477 0056 0421     		movs	r1, #4
 478 0058 0C20     		movs	r0, #12
 479 005a FFF7FEFF 		bl	TurnOn
 480              	.LVL48:
 120:LedHandler.c  ****     NP_Update();
 481              		.loc 1 120 0
 482 005e FFF7FEFF 		bl	NP_Update
 483              	.LVL49:
 121:LedHandler.c  ****     CyDelay(1000);
 484              		.loc 1 121 0
 485 0062 4FF47A70 		mov	r0, #1000
 486 0066 FFF7FEFF 		bl	CyDelay
 487              	.LVL50:
 122:LedHandler.c  ****     TurnOff(0, MAX);
 488              		.loc 1 122 0
 489 006a 1121     		movs	r1, #17
 490 006c 0020     		movs	r0, #0
 491 006e FFF7FEFF 		bl	TurnOff
 492              	.LVL51:
 493              	.LBB7:
 123:LedHandler.c  ****     for(int i = 0; i < MAX; i++)
 494              		.loc 1 123 0
ARM GAS  C:\Users\LUCASI~1\AppData\Local\Temp\ccAIbrbH.s 			page 12


 495 0072 0024     		movs	r4, #0
 496              	.LVL52:
 497 0074 0BE0     		b	.L37
 498              	.LVL53:
 499              	.L38:
 124:LedHandler.c  ****     {
 125:LedHandler.c  ****         TurnOn(i,1,GREEN, INTENSITY);
 500              		.loc 1 125 0 discriminator 3
 501 0076 1923     		movs	r3, #25
 502 0078 0022     		movs	r2, #0
 503 007a 0121     		movs	r1, #1
 504 007c 2046     		mov	r0, r4
 505 007e FFF7FEFF 		bl	TurnOn
 506              	.LVL54:
 126:LedHandler.c  ****         NP_Update();
 507              		.loc 1 126 0 discriminator 3
 508 0082 FFF7FEFF 		bl	NP_Update
 509              	.LVL55:
 127:LedHandler.c  ****         CyDelay(25);
 510              		.loc 1 127 0 discriminator 3
 511 0086 1920     		movs	r0, #25
 512 0088 FFF7FEFF 		bl	CyDelay
 513              	.LVL56:
 123:LedHandler.c  ****     {
 514              		.loc 1 123 0 discriminator 3
 515 008c 0134     		adds	r4, r4, #1
 516              	.LVL57:
 517              	.L37:
 123:LedHandler.c  ****     {
 518              		.loc 1 123 0 is_stmt 0 discriminator 1
 519 008e 102C     		cmp	r4, #16
 520 0090 F1DD     		ble	.L38
 521 0092 0024     		movs	r4, #0
 522              	.LVL58:
 523 0094 14E0     		b	.L39
 524              	.LVL59:
 525              	.L40:
 526              	.LBE7:
 527              	.LBB8:
 128:LedHandler.c  ****     }
 129:LedHandler.c  ****     for(int i = 0; i < 4; i++)
 130:LedHandler.c  ****     {
 131:LedHandler.c  ****         TurnOff(0, MAX);
 528              		.loc 1 131 0 is_stmt 1 discriminator 3
 529 0096 1121     		movs	r1, #17
 530 0098 0020     		movs	r0, #0
 531 009a FFF7FEFF 		bl	TurnOff
 532              	.LVL60:
 132:LedHandler.c  ****         NP_Update();
 533              		.loc 1 132 0 discriminator 3
 534 009e FFF7FEFF 		bl	NP_Update
 535              	.LVL61:
 133:LedHandler.c  ****         CyDelay(50);
 536              		.loc 1 133 0 discriminator 3
 537 00a2 3220     		movs	r0, #50
 538 00a4 FFF7FEFF 		bl	CyDelay
 539              	.LVL62:
ARM GAS  C:\Users\LUCASI~1\AppData\Local\Temp\ccAIbrbH.s 			page 13


 134:LedHandler.c  ****         TurnOn(0,MAX,GREEN, INTENSITY);
 540              		.loc 1 134 0 discriminator 3
 541 00a8 1923     		movs	r3, #25
 542 00aa 0022     		movs	r2, #0
 543 00ac 1121     		movs	r1, #17
 544 00ae 1046     		mov	r0, r2
 545 00b0 FFF7FEFF 		bl	TurnOn
 546              	.LVL63:
 135:LedHandler.c  ****         NP_Update();
 547              		.loc 1 135 0 discriminator 3
 548 00b4 FFF7FEFF 		bl	NP_Update
 549              	.LVL64:
 136:LedHandler.c  ****         CyDelay(50);
 550              		.loc 1 136 0 discriminator 3
 551 00b8 3220     		movs	r0, #50
 552 00ba FFF7FEFF 		bl	CyDelay
 553              	.LVL65:
 129:LedHandler.c  ****     {
 554              		.loc 1 129 0 discriminator 3
 555 00be 0134     		adds	r4, r4, #1
 556              	.LVL66:
 557              	.L39:
 129:LedHandler.c  ****     {
 558              		.loc 1 129 0 is_stmt 0 discriminator 1
 559 00c0 032C     		cmp	r4, #3
 560 00c2 E8DD     		ble	.L40
 561              	.LBE8:
 137:LedHandler.c  ****     }
 138:LedHandler.c  **** }...
 562              		.loc 1 138 0 is_stmt 1
 563 00c4 38BD     		pop	{r3, r4, r5, pc}
 564              		.cfi_endproc
 565              	.LFE70:
 566              		.size	StartSequence, .-StartSequence
 567 00c6 00BF     		.section	.text.ledHandler,"ax",%progbits
 568              		.align	2
 569              		.global	ledHandler
 570              		.thumb
 571              		.thumb_func
 572              		.type	ledHandler, %function
 573              	ledHandler:
 574              	.LFB63:
   4:LedHandler.c  ****         case 0:
 575              		.loc 1 4 0
 576              		.cfi_startproc
 577              		@ args = 0, pretend = 0, frame = 0
 578              		@ frame_needed = 0, uses_anonymous_args = 0
 579              	.LVL67:
 580 0000 08B5     		push	{r3, lr}
 581              		.cfi_def_cfa_offset 8
 582              		.cfi_offset 3, -8
 583              		.cfi_offset 14, -4
   5:LedHandler.c  ****     switch (state)
 584              		.loc 1 5 0
 585 0002 0428     		cmp	r0, #4
 586 0004 12D8     		bhi	.L42
 587 0006 DFE800F0 		tbb	[pc, r0]
ARM GAS  C:\Users\LUCASI~1\AppData\Local\Temp\ccAIbrbH.s 			page 14


 588              	.L45:
 589 000a 03       		.byte	(.L44-.L45)/2
 590 000b 06       		.byte	(.L46-.L45)/2
 591 000c 09       		.byte	(.L47-.L45)/2
 592 000d 0C       		.byte	(.L48-.L45)/2
 593 000e 0F       		.byte	(.L49-.L45)/2
 594 000f 00       		.p2align 1
 595              	.L44:
   8:LedHandler.c  ****             StartSequence();
 596              		.loc 1 8 0
 597 0010 FFF7FEFF 		bl	StartSequence
 598              	.LVL68:
   9:LedHandler.c  ****             break;
 599              		.loc 1 9 0
 600 0014 08BD     		pop	{r3, pc}
 601              	.LVL69:
 602              	.L46:
  11:LedHandler.c  ****             StopSequence();
 603              		.loc 1 11 0
 604 0016 FFF7FEFF 		bl	StopSequence
 605              	.LVL70:
  12:LedHandler.c  ****             break;
 606              		.loc 1 12 0
 607 001a 08BD     		pop	{r3, pc}
 608              	.LVL71:
 609              	.L47:
  14:LedHandler.c  ****             CupHitSequence();
 610              		.loc 1 14 0
 611 001c FFF7FEFF 		bl	CupHitSequence
 612              	.LVL72:
  15:LedHandler.c  ****             break;
 613              		.loc 1 15 0
 614 0020 08BD     		pop	{r3, pc}
 615              	.LVL73:
 616              	.L48:
  17:LedHandler.c  ****             WeightOffSequence();
 617              		.loc 1 17 0
 618 0022 FFF7FEFF 		bl	WeightOffSequence
 619              	.LVL74:
  18:LedHandler.c  ****             break;
 620              		.loc 1 18 0
 621 0026 08BD     		pop	{r3, pc}
 622              	.LVL75:
 623              	.L49:
  20:LedHandler.c  ****             WeightOnSequence();
 624              		.loc 1 20 0
 625 0028 FFF7FEFF 		bl	WeightOnSequence
 626              	.LVL76:
 627              	.L42:
 628 002c 08BD     		pop	{r3, pc}
 629              		.cfi_endproc
 630              	.LFE63:
 631              		.size	ledHandler, .-ledHandler
 632              		.comm	pPixelArray,51,4
 633              		.comm	NP_g_nFrameBufferSize,4,4
 634              		.comm	NP_g_pFrameBuffer,4,4
 635              		.comm	NP_g_bOwnsBuffer,1,1
ARM GAS  C:\Users\LUCASI~1\AppData\Local\Temp\ccAIbrbH.s 			page 15


 636              		.comm	NP_g_nDMA_TD,1,1
 637              		.comm	NP_g_nDMA_Chan,1,1
 638              		.comm	NP_g_nNumberOfPixels,4,4
 639 002e 00BF     		.text
 640              	.Letext0:
 641              		.file 2 "c:\\program files (x86)\\cypress\\psoc creator\\4.2\\psoc creator\\import\\gnu\\arm\\5.4.
 642              		.file 3 "c:\\program files (x86)\\cypress\\psoc creator\\4.2\\psoc creator\\import\\gnu\\arm\\5.4.
 643              		.file 4 "Generated_Source\\PSoC5/cytypes.h"
 644              		.file 5 "Generated_Source\\PSoC5/NP_funcs.h"
 645              		.file 6 "Generated_Source\\PSoC5/core_cm3.h"
 646              		.file 7 "LedHandler.h"
 647              		.file 8 "Generated_Source\\PSoC5/CyLib.h"
 648              		.section	.debug_info,"",%progbits
 649              	.Ldebug_info0:
 650 0000 0D070000 		.4byte	0x70d
 651 0004 0400     		.2byte	0x4
 652 0006 00000000 		.4byte	.Ldebug_abbrev0
 653 000a 04       		.byte	0x4
 654 000b 01       		.uleb128 0x1
 655 000c B7000000 		.4byte	.LASF41
 656 0010 0C       		.byte	0xc
 657 0011 80000000 		.4byte	.LASF42
 658 0015 11000000 		.4byte	.LASF43
 659 0019 00000000 		.4byte	.Ldebug_ranges0+0
 660 001d 00000000 		.4byte	0
 661 0021 00000000 		.4byte	.Ldebug_line0
 662 0025 02       		.uleb128 0x2
 663 0026 01       		.byte	0x1
 664 0027 06       		.byte	0x6
 665 0028 AB020000 		.4byte	.LASF0
 666 002c 02       		.uleb128 0x2
 667 002d 01       		.byte	0x1
 668 002e 08       		.byte	0x8
 669 002f BC010000 		.4byte	.LASF1
 670 0033 02       		.uleb128 0x2
 671 0034 02       		.byte	0x2
 672 0035 05       		.byte	0x5
 673 0036 6F020000 		.4byte	.LASF2
 674 003a 02       		.uleb128 0x2
 675 003b 02       		.byte	0x2
 676 003c 07       		.byte	0x7
 677 003d 69010000 		.4byte	.LASF3
 678 0041 03       		.uleb128 0x3
 679 0042 6D000000 		.4byte	.LASF9
 680 0046 02       		.byte	0x2
 681 0047 3F       		.byte	0x3f
 682 0048 4C000000 		.4byte	0x4c
 683 004c 02       		.uleb128 0x2
 684 004d 04       		.byte	0x4
 685 004e 05       		.byte	0x5
 686 004f 91020000 		.4byte	.LASF4
 687 0053 02       		.uleb128 0x2
 688 0054 04       		.byte	0x4
 689 0055 07       		.byte	0x7
 690 0056 57010000 		.4byte	.LASF5
 691 005a 02       		.uleb128 0x2
 692 005b 08       		.byte	0x8
ARM GAS  C:\Users\LUCASI~1\AppData\Local\Temp\ccAIbrbH.s 			page 16


 693 005c 05       		.byte	0x5
 694 005d 36020000 		.4byte	.LASF6
 695 0061 02       		.uleb128 0x2
 696 0062 08       		.byte	0x8
 697 0063 07       		.byte	0x7
 698 0064 01020000 		.4byte	.LASF7
 699 0068 04       		.uleb128 0x4
 700 0069 04       		.byte	0x4
 701 006a 05       		.byte	0x5
 702 006b 696E7400 		.ascii	"int\000"
 703 006f 02       		.uleb128 0x2
 704 0070 04       		.byte	0x4
 705 0071 07       		.byte	0x7
 706 0072 F4010000 		.4byte	.LASF8
 707 0076 03       		.uleb128 0x3
 708 0077 25020000 		.4byte	.LASF10
 709 007b 03       		.byte	0x3
 710 007c 2C       		.byte	0x2c
 711 007d 41000000 		.4byte	0x41
 712 0081 03       		.uleb128 0x3
 713 0082 79020000 		.4byte	.LASF11
 714 0086 04       		.byte	0x4
 715 0087 C2       		.byte	0xc2
 716 0088 2C000000 		.4byte	0x2c
 717 008c 02       		.uleb128 0x2
 718 008d 04       		.byte	0x4
 719 008e 04       		.byte	0x4
 720 008f 9A000000 		.4byte	.LASF12
 721 0093 02       		.uleb128 0x2
 722 0094 08       		.byte	0x8
 723 0095 04       		.byte	0x4
 724 0096 CA010000 		.4byte	.LASF13
 725 009a 02       		.uleb128 0x2
 726 009b 01       		.byte	0x1
 727 009c 08       		.byte	0x8
 728 009d 9A020000 		.4byte	.LASF14
 729 00a1 05       		.uleb128 0x5
 730 00a2 81000000 		.4byte	0x81
 731 00a6 02       		.uleb128 0x2
 732 00a7 08       		.byte	0x8
 733 00a8 04       		.byte	0x4
 734 00a9 9F020000 		.4byte	.LASF15
 735 00ad 02       		.uleb128 0x2
 736 00ae 04       		.byte	0x4
 737 00af 07       		.byte	0x7
 738 00b0 2D020000 		.4byte	.LASF16
 739 00b4 06       		.uleb128 0x6
 740 00b5 44020000 		.4byte	.LASF19
 741 00b9 01       		.byte	0x1
 742 00ba 1B       		.byte	0x1b
 743 00bb 00000000 		.4byte	.LFB64
 744 00bf 28000000 		.4byte	.LFE64-.LFB64
 745 00c3 01       		.uleb128 0x1
 746 00c4 9C       		.byte	0x9c
 747 00c5 FB000000 		.4byte	0xfb
 748 00c9 07       		.uleb128 0x7
 749 00ca 77000000 		.4byte	.LASF17
ARM GAS  C:\Users\LUCASI~1\AppData\Local\Temp\ccAIbrbH.s 			page 17


 750 00ce 01       		.byte	0x1
 751 00cf 1B       		.byte	0x1b
 752 00d0 68000000 		.4byte	0x68
 753 00d4 01       		.uleb128 0x1
 754 00d5 50       		.byte	0x50
 755 00d6 07       		.uleb128 0x7
 756 00d7 E3010000 		.4byte	.LASF18
 757 00db 01       		.byte	0x1
 758 00dc 1B       		.byte	0x1b
 759 00dd 68000000 		.4byte	0x68
 760 00e1 01       		.uleb128 0x1
 761 00e2 51       		.byte	0x51
 762 00e3 08       		.uleb128 0x8
 763 00e4 02000000 		.4byte	.LBB2
 764 00e8 1E000000 		.4byte	.LBE2-.LBB2
 765 00ec 09       		.uleb128 0x9
 766 00ed 6900     		.ascii	"i\000"
 767 00ef 01       		.byte	0x1
 768 00f0 1D       		.byte	0x1d
 769 00f1 68000000 		.4byte	0x68
 770 00f5 00000000 		.4byte	.LLST0
 771 00f9 00       		.byte	0
 772 00fa 00       		.byte	0
 773 00fb 06       		.uleb128 0x6
 774 00fc 8D000000 		.4byte	.LASF20
 775 0100 01       		.byte	0x1
 776 0101 24       		.byte	0x24
 777 0102 00000000 		.4byte	.LFB65
 778 0106 2C000000 		.4byte	.LFE65-.LFB65
 779 010a 01       		.uleb128 0x1
 780 010b 9C       		.byte	0x9c
 781 010c 5E010000 		.4byte	0x15e
 782 0110 07       		.uleb128 0x7
 783 0111 77000000 		.4byte	.LASF17
 784 0115 01       		.byte	0x1
 785 0116 24       		.byte	0x24
 786 0117 68000000 		.4byte	0x68
 787 011b 01       		.uleb128 0x1
 788 011c 50       		.byte	0x50
 789 011d 0A       		.uleb128 0xa
 790 011e E3010000 		.4byte	.LASF18
 791 0122 01       		.byte	0x1
 792 0123 24       		.byte	0x24
 793 0124 68000000 		.4byte	0x68
 794 0128 1E000000 		.4byte	.LLST1
 795 012c 07       		.uleb128 0x7
 796 012d DD010000 		.4byte	.LASF21
 797 0131 01       		.byte	0x1
 798 0132 24       		.byte	0x24
 799 0133 68000000 		.4byte	0x68
 800 0137 01       		.uleb128 0x1
 801 0138 52       		.byte	0x52
 802 0139 07       		.uleb128 0x7
 803 013a EA010000 		.4byte	.LASF22
 804 013e 01       		.byte	0x1
 805 013f 24       		.byte	0x24
 806 0140 68000000 		.4byte	0x68
ARM GAS  C:\Users\LUCASI~1\AppData\Local\Temp\ccAIbrbH.s 			page 18


 807 0144 01       		.uleb128 0x1
 808 0145 53       		.byte	0x53
 809 0146 08       		.uleb128 0x8
 810 0147 0C000000 		.4byte	.LBB3
 811 014b 16000000 		.4byte	.LBE3-.LBB3
 812 014f 09       		.uleb128 0x9
 813 0150 6900     		.ascii	"i\000"
 814 0152 01       		.byte	0x1
 815 0153 2A       		.byte	0x2a
 816 0154 68000000 		.4byte	0x68
 817 0158 3C000000 		.4byte	.LLST2
 818 015c 00       		.byte	0
 819 015d 00       		.byte	0
 820 015e 0B       		.uleb128 0xb
 821 015f AA000000 		.4byte	.LASF23
 822 0163 01       		.byte	0x1
 823 0164 2F       		.byte	0x2f
 824 0165 00000000 		.4byte	.LFB66
 825 0169 3A000000 		.4byte	.LFE66-.LFB66
 826 016d 01       		.uleb128 0x1
 827 016e 9C       		.byte	0x9c
 828 016f FD010000 		.4byte	0x1fd
 829 0173 08       		.uleb128 0x8
 830 0174 02000000 		.4byte	.LBB4
 831 0178 36000000 		.4byte	.LBE4-.LBB4
 832 017c 09       		.uleb128 0x9
 833 017d 6900     		.ascii	"i\000"
 834 017f 01       		.byte	0x1
 835 0180 31       		.byte	0x31
 836 0181 68000000 		.4byte	0x68
 837 0185 5A000000 		.4byte	.LLST3
 838 0189 0C       		.uleb128 0xc
 839 018a 0E000000 		.4byte	.LVL11
 840 018e B4000000 		.4byte	0xb4
 841 0192 A1010000 		.4byte	0x1a1
 842 0196 0D       		.uleb128 0xd
 843 0197 01       		.uleb128 0x1
 844 0198 50       		.byte	0x50
 845 0199 01       		.uleb128 0x1
 846 019a 30       		.byte	0x30
 847 019b 0D       		.uleb128 0xd
 848 019c 01       		.uleb128 0x1
 849 019d 51       		.byte	0x51
 850 019e 01       		.uleb128 0x1
 851 019f 41       		.byte	0x41
 852 01a0 00       		.byte	0
 853 01a1 0E       		.uleb128 0xe
 854 01a2 12000000 		.4byte	.LVL12
 855 01a6 FA060000 		.4byte	0x6fa
 856 01aa 0C       		.uleb128 0xc
 857 01ab 1A000000 		.4byte	.LVL13
 858 01af 05070000 		.4byte	0x705
 859 01b3 BF010000 		.4byte	0x1bf
 860 01b7 0D       		.uleb128 0xd
 861 01b8 01       		.uleb128 0x1
 862 01b9 50       		.byte	0x50
 863 01ba 03       		.uleb128 0x3
ARM GAS  C:\Users\LUCASI~1\AppData\Local\Temp\ccAIbrbH.s 			page 19


 864 01bb 0A       		.byte	0xa
 865 01bc F401     		.2byte	0x1f4
 866 01be 00       		.byte	0
 867 01bf 0C       		.uleb128 0xc
 868 01c0 26000000 		.4byte	.LVL14
 869 01c4 FB000000 		.4byte	0xfb
 870 01c8 E1010000 		.4byte	0x1e1
 871 01cc 0D       		.uleb128 0xd
 872 01cd 01       		.uleb128 0x1
 873 01ce 50       		.byte	0x50
 874 01cf 01       		.uleb128 0x1
 875 01d0 30       		.byte	0x30
 876 01d1 0D       		.uleb128 0xd
 877 01d2 01       		.uleb128 0x1
 878 01d3 51       		.byte	0x51
 879 01d4 01       		.uleb128 0x1
 880 01d5 41       		.byte	0x41
 881 01d6 0D       		.uleb128 0xd
 882 01d7 01       		.uleb128 0x1
 883 01d8 52       		.byte	0x52
 884 01d9 01       		.uleb128 0x1
 885 01da 31       		.byte	0x31
 886 01db 0D       		.uleb128 0xd
 887 01dc 01       		.uleb128 0x1
 888 01dd 53       		.byte	0x53
 889 01de 01       		.uleb128 0x1
 890 01df 49       		.byte	0x49
 891 01e0 00       		.byte	0
 892 01e1 0E       		.uleb128 0xe
 893 01e2 2A000000 		.4byte	.LVL15
 894 01e6 FA060000 		.4byte	0x6fa
 895 01ea 0F       		.uleb128 0xf
 896 01eb 32000000 		.4byte	.LVL16
 897 01ef 05070000 		.4byte	0x705
 898 01f3 0D       		.uleb128 0xd
 899 01f4 01       		.uleb128 0x1
 900 01f5 50       		.byte	0x50
 901 01f6 03       		.uleb128 0x3
 902 01f7 0A       		.byte	0xa
 903 01f8 F401     		.2byte	0x1f4
 904 01fa 00       		.byte	0
 905 01fb 00       		.byte	0
 906 01fc 00       		.byte	0
 907 01fd 0B       		.uleb128 0xb
 908 01fe 7F020000 		.4byte	.LASF24
 909 0202 01       		.byte	0x1
 910 0203 3B       		.byte	0x3b
 911 0204 00000000 		.4byte	.LFB67
 912 0208 1C000000 		.4byte	.LFE67-.LFB67
 913 020c 01       		.uleb128 0x1
 914 020d 9C       		.byte	0x9c
 915 020e 56020000 		.4byte	0x256
 916 0212 0C       		.uleb128 0xc
 917 0213 0A000000 		.4byte	.LVL18
 918 0217 B4000000 		.4byte	0xb4
 919 021b 2A020000 		.4byte	0x22a
 920 021f 0D       		.uleb128 0xd
ARM GAS  C:\Users\LUCASI~1\AppData\Local\Temp\ccAIbrbH.s 			page 20


 921 0220 01       		.uleb128 0x1
 922 0221 50       		.byte	0x50
 923 0222 01       		.uleb128 0x1
 924 0223 30       		.byte	0x30
 925 0224 0D       		.uleb128 0xd
 926 0225 01       		.uleb128 0x1
 927 0226 51       		.byte	0x51
 928 0227 01       		.uleb128 0x1
 929 0228 41       		.byte	0x41
 930 0229 00       		.byte	0
 931 022a 0C       		.uleb128 0xc
 932 022b 16000000 		.4byte	.LVL19
 933 022f FB000000 		.4byte	0xfb
 934 0233 4C020000 		.4byte	0x24c
 935 0237 0D       		.uleb128 0xd
 936 0238 01       		.uleb128 0x1
 937 0239 50       		.byte	0x50
 938 023a 01       		.uleb128 0x1
 939 023b 30       		.byte	0x30
 940 023c 0D       		.uleb128 0xd
 941 023d 01       		.uleb128 0x1
 942 023e 51       		.byte	0x51
 943 023f 01       		.uleb128 0x1
 944 0240 41       		.byte	0x41
 945 0241 0D       		.uleb128 0xd
 946 0242 01       		.uleb128 0x1
 947 0243 52       		.byte	0x52
 948 0244 01       		.uleb128 0x1
 949 0245 31       		.byte	0x31
 950 0246 0D       		.uleb128 0xd
 951 0247 01       		.uleb128 0x1
 952 0248 53       		.byte	0x53
 953 0249 01       		.uleb128 0x1
 954 024a 49       		.byte	0x49
 955 024b 00       		.byte	0
 956 024c 0E       		.uleb128 0xe
 957 024d 1A000000 		.4byte	.LVL20
 958 0251 FA060000 		.4byte	0x6fa
 959 0255 00       		.byte	0
 960 0256 0B       		.uleb128 0xb
 961 0257 00000000 		.4byte	.LASF25
 962 025b 01       		.byte	0x1
 963 025c 41       		.byte	0x41
 964 025d 00000000 		.4byte	.LFB68
 965 0261 1C000000 		.4byte	.LFE68-.LFB68
 966 0265 01       		.uleb128 0x1
 967 0266 9C       		.byte	0x9c
 968 0267 AF020000 		.4byte	0x2af
 969 026b 0C       		.uleb128 0xc
 970 026c 0A000000 		.4byte	.LVL21
 971 0270 B4000000 		.4byte	0xb4
 972 0274 83020000 		.4byte	0x283
 973 0278 0D       		.uleb128 0xd
 974 0279 01       		.uleb128 0x1
 975 027a 50       		.byte	0x50
 976 027b 01       		.uleb128 0x1
 977 027c 30       		.byte	0x30
ARM GAS  C:\Users\LUCASI~1\AppData\Local\Temp\ccAIbrbH.s 			page 21


 978 027d 0D       		.uleb128 0xd
 979 027e 01       		.uleb128 0x1
 980 027f 51       		.byte	0x51
 981 0280 01       		.uleb128 0x1
 982 0281 41       		.byte	0x41
 983 0282 00       		.byte	0
 984 0283 0C       		.uleb128 0xc
 985 0284 16000000 		.4byte	.LVL22
 986 0288 FB000000 		.4byte	0xfb
 987 028c A5020000 		.4byte	0x2a5
 988 0290 0D       		.uleb128 0xd
 989 0291 01       		.uleb128 0x1
 990 0292 50       		.byte	0x50
 991 0293 01       		.uleb128 0x1
 992 0294 30       		.byte	0x30
 993 0295 0D       		.uleb128 0xd
 994 0296 01       		.uleb128 0x1
 995 0297 51       		.byte	0x51
 996 0298 01       		.uleb128 0x1
 997 0299 41       		.byte	0x41
 998 029a 0D       		.uleb128 0xd
 999 029b 01       		.uleb128 0x1
 1000 029c 52       		.byte	0x52
 1001 029d 01       		.uleb128 0x1
 1002 029e 30       		.byte	0x30
 1003 029f 0D       		.uleb128 0xd
 1004 02a0 01       		.uleb128 0x1
 1005 02a1 53       		.byte	0x53
 1006 02a2 01       		.uleb128 0x1
 1007 02a3 49       		.byte	0x49
 1008 02a4 00       		.byte	0
 1009 02a5 0E       		.uleb128 0xe
 1010 02a6 1A000000 		.4byte	.LVL23
 1011 02aa FA060000 		.4byte	0x6fa
 1012 02ae 00       		.byte	0
 1013 02af 0B       		.uleb128 0xb
 1014 02b0 D4020000 		.4byte	.LASF26
 1015 02b4 01       		.byte	0x1
 1016 02b5 47       		.byte	0x47
 1017 02b6 00000000 		.4byte	.LFB69
 1018 02ba 9C000000 		.4byte	.LFE69-.LFB69
 1019 02be 01       		.uleb128 0x1
 1020 02bf 9C       		.byte	0x9c
 1021 02c0 EE030000 		.4byte	0x3ee
 1022 02c4 10       		.uleb128 0x10
 1023 02c5 59020000 		.4byte	.LASF27
 1024 02c9 01       		.byte	0x1
 1025 02ca 49       		.byte	0x49
 1026 02cb 68000000 		.4byte	0x68
 1027 02cf 08       		.byte	0x8
 1028 02d0 11       		.uleb128 0x11
 1029 02d1 02000000 		.4byte	.LBB5
 1030 02d5 84000000 		.4byte	.LBE5-.LBB5
 1031 02d9 C2030000 		.4byte	0x3c2
 1032 02dd 09       		.uleb128 0x9
 1033 02de 6900     		.ascii	"i\000"
 1034 02e0 01       		.byte	0x1
ARM GAS  C:\Users\LUCASI~1\AppData\Local\Temp\ccAIbrbH.s 			page 22


 1035 02e1 4A       		.byte	0x4a
 1036 02e2 68000000 		.4byte	0x68
 1037 02e6 79000000 		.4byte	.LLST4
 1038 02ea 0C       		.uleb128 0xc
 1039 02eb 0E000000 		.4byte	.LVL26
 1040 02ef B4000000 		.4byte	0xb4
 1041 02f3 02030000 		.4byte	0x302
 1042 02f7 0D       		.uleb128 0xd
 1043 02f8 01       		.uleb128 0x1
 1044 02f9 50       		.byte	0x50
 1045 02fa 01       		.uleb128 0x1
 1046 02fb 30       		.byte	0x30
 1047 02fc 0D       		.uleb128 0xd
 1048 02fd 01       		.uleb128 0x1
 1049 02fe 51       		.byte	0x51
 1050 02ff 01       		.uleb128 0x1
 1051 0300 41       		.byte	0x41
 1052 0301 00       		.byte	0
 1053 0302 0C       		.uleb128 0xc
 1054 0303 2C000000 		.4byte	.LVL27
 1055 0307 FB000000 		.4byte	0xfb
 1056 030b 25030000 		.4byte	0x325
 1057 030f 0D       		.uleb128 0xd
 1058 0310 01       		.uleb128 0x1
 1059 0311 50       		.byte	0x50
 1060 0312 02       		.uleb128 0x2
 1061 0313 74       		.byte	0x74
 1062 0314 00       		.sleb128 0
 1063 0315 0D       		.uleb128 0xd
 1064 0316 01       		.uleb128 0x1
 1065 0317 51       		.byte	0x51
 1066 0318 01       		.uleb128 0x1
 1067 0319 33       		.byte	0x33
 1068 031a 0D       		.uleb128 0xd
 1069 031b 01       		.uleb128 0x1
 1070 031c 52       		.byte	0x52
 1071 031d 01       		.uleb128 0x1
 1072 031e 30       		.byte	0x30
 1073 031f 0D       		.uleb128 0xd
 1074 0320 01       		.uleb128 0x1
 1075 0321 53       		.byte	0x53
 1076 0322 01       		.uleb128 0x1
 1077 0323 49       		.byte	0x49
 1078 0324 00       		.byte	0
 1079 0325 0C       		.uleb128 0xc
 1080 0326 42000000 		.4byte	.LVL28
 1081 032a FB000000 		.4byte	0xfb
 1082 032e 48030000 		.4byte	0x348
 1083 0332 0D       		.uleb128 0xd
 1084 0333 01       		.uleb128 0x1
 1085 0334 50       		.byte	0x50
 1086 0335 02       		.uleb128 0x2
 1087 0336 74       		.byte	0x74
 1088 0337 78       		.sleb128 -8
 1089 0338 0D       		.uleb128 0xd
 1090 0339 01       		.uleb128 0x1
 1091 033a 51       		.byte	0x51
ARM GAS  C:\Users\LUCASI~1\AppData\Local\Temp\ccAIbrbH.s 			page 23


 1092 033b 01       		.uleb128 0x1
 1093 033c 33       		.byte	0x33
 1094 033d 0D       		.uleb128 0xd
 1095 033e 01       		.uleb128 0x1
 1096 033f 52       		.byte	0x52
 1097 0340 01       		.uleb128 0x1
 1098 0341 30       		.byte	0x30
 1099 0342 0D       		.uleb128 0xd
 1100 0343 01       		.uleb128 0x1
 1101 0344 53       		.byte	0x53
 1102 0345 01       		.uleb128 0x1
 1103 0346 49       		.byte	0x49
 1104 0347 00       		.byte	0
 1105 0348 0C       		.uleb128 0xc
 1106 0349 4E000000 		.4byte	.LVL29
 1107 034d FB000000 		.4byte	0xfb
 1108 0351 65030000 		.4byte	0x365
 1109 0355 0D       		.uleb128 0xd
 1110 0356 01       		.uleb128 0x1
 1111 0357 51       		.byte	0x51
 1112 0358 01       		.uleb128 0x1
 1113 0359 33       		.byte	0x33
 1114 035a 0D       		.uleb128 0xd
 1115 035b 01       		.uleb128 0x1
 1116 035c 52       		.byte	0x52
 1117 035d 01       		.uleb128 0x1
 1118 035e 30       		.byte	0x30
 1119 035f 0D       		.uleb128 0xd
 1120 0360 01       		.uleb128 0x1
 1121 0361 53       		.byte	0x53
 1122 0362 01       		.uleb128 0x1
 1123 0363 49       		.byte	0x49
 1124 0364 00       		.byte	0
 1125 0365 0C       		.uleb128 0xc
 1126 0366 62000000 		.4byte	.LVL30
 1127 036a FB000000 		.4byte	0xfb
 1128 036e 87030000 		.4byte	0x387
 1129 0372 0D       		.uleb128 0xd
 1130 0373 01       		.uleb128 0x1
 1131 0374 50       		.byte	0x50
 1132 0375 01       		.uleb128 0x1
 1133 0376 30       		.byte	0x30
 1134 0377 0D       		.uleb128 0xd
 1135 0378 01       		.uleb128 0x1
 1136 0379 51       		.byte	0x51
 1137 037a 01       		.uleb128 0x1
 1138 037b 31       		.byte	0x31
 1139 037c 0D       		.uleb128 0xd
 1140 037d 01       		.uleb128 0x1
 1141 037e 52       		.byte	0x52
 1142 037f 01       		.uleb128 0x1
 1143 0380 30       		.byte	0x30
 1144 0381 0D       		.uleb128 0xd
 1145 0382 01       		.uleb128 0x1
 1146 0383 53       		.byte	0x53
 1147 0384 01       		.uleb128 0x1
 1148 0385 49       		.byte	0x49
ARM GAS  C:\Users\LUCASI~1\AppData\Local\Temp\ccAIbrbH.s 			page 24


 1149 0386 00       		.byte	0
 1150 0387 0C       		.uleb128 0xc
 1151 0388 76000000 		.4byte	.LVL31
 1152 038c FB000000 		.4byte	0xfb
 1153 0390 A9030000 		.4byte	0x3a9
 1154 0394 0D       		.uleb128 0xd
 1155 0395 01       		.uleb128 0x1
 1156 0396 50       		.byte	0x50
 1157 0397 01       		.uleb128 0x1
 1158 0398 30       		.byte	0x30
 1159 0399 0D       		.uleb128 0xd
 1160 039a 01       		.uleb128 0x1
 1161 039b 51       		.byte	0x51
 1162 039c 01       		.uleb128 0x1
 1163 039d 32       		.byte	0x32
 1164 039e 0D       		.uleb128 0xd
 1165 039f 01       		.uleb128 0x1
 1166 03a0 52       		.byte	0x52
 1167 03a1 01       		.uleb128 0x1
 1168 03a2 30       		.byte	0x30
 1169 03a3 0D       		.uleb128 0xd
 1170 03a4 01       		.uleb128 0x1
 1171 03a5 53       		.byte	0x53
 1172 03a6 01       		.uleb128 0x1
 1173 03a7 49       		.byte	0x49
 1174 03a8 00       		.byte	0
 1175 03a9 0E       		.uleb128 0xe
 1176 03aa 7A000000 		.4byte	.LVL32
 1177 03ae FA060000 		.4byte	0x6fa
 1178 03b2 0F       		.uleb128 0xf
 1179 03b3 80000000 		.4byte	.LVL33
 1180 03b7 05070000 		.4byte	0x705
 1181 03bb 0D       		.uleb128 0xd
 1182 03bc 01       		.uleb128 0x1
 1183 03bd 50       		.byte	0x50
 1184 03be 01       		.uleb128 0x1
 1185 03bf 49       		.byte	0x49
 1186 03c0 00       		.byte	0
 1187 03c1 00       		.byte	0
 1188 03c2 0C       		.uleb128 0xc
 1189 03c3 92000000 		.4byte	.LVL35
 1190 03c7 FB000000 		.4byte	0xfb
 1191 03cb E4030000 		.4byte	0x3e4
 1192 03cf 0D       		.uleb128 0xd
 1193 03d0 01       		.uleb128 0x1
 1194 03d1 50       		.byte	0x50
 1195 03d2 01       		.uleb128 0x1
 1196 03d3 30       		.byte	0x30
 1197 03d4 0D       		.uleb128 0xd
 1198 03d5 01       		.uleb128 0x1
 1199 03d6 51       		.byte	0x51
 1200 03d7 01       		.uleb128 0x1
 1201 03d8 41       		.byte	0x41
 1202 03d9 0D       		.uleb128 0xd
 1203 03da 01       		.uleb128 0x1
 1204 03db 52       		.byte	0x52
 1205 03dc 01       		.uleb128 0x1
ARM GAS  C:\Users\LUCASI~1\AppData\Local\Temp\ccAIbrbH.s 			page 25


 1206 03dd 30       		.byte	0x30
 1207 03de 0D       		.uleb128 0xd
 1208 03df 01       		.uleb128 0x1
 1209 03e0 53       		.byte	0x53
 1210 03e1 01       		.uleb128 0x1
 1211 03e2 49       		.byte	0x49
 1212 03e3 00       		.byte	0
 1213 03e4 0E       		.uleb128 0xe
 1214 03e5 96000000 		.4byte	.LVL36
 1215 03e9 FA060000 		.4byte	0x6fa
 1216 03ed 00       		.byte	0
 1217 03ee 0B       		.uleb128 0xb
 1218 03ef AE010000 		.4byte	.LASF28
 1219 03f3 01       		.byte	0x1
 1220 03f4 67       		.byte	0x67
 1221 03f5 00000000 		.4byte	.LFB70
 1222 03f9 C6000000 		.4byte	.LFE70-.LFB70
 1223 03fd 01       		.uleb128 0x1
 1224 03fe 9C       		.byte	0x9c
 1225 03ff 0A060000 		.4byte	0x60a
 1226 0403 11       		.uleb128 0x11
 1227 0404 22000000 		.4byte	.LBB6
 1228 0408 30000000 		.4byte	.LBE6-.LBB6
 1229 040c 7E040000 		.4byte	0x47e
 1230 0410 09       		.uleb128 0x9
 1231 0411 6900     		.ascii	"i\000"
 1232 0413 01       		.byte	0x1
 1233 0414 6F       		.byte	0x6f
 1234 0415 68000000 		.4byte	0x68
 1235 0419 98000000 		.4byte	.LLST5
 1236 041d 0C       		.uleb128 0xc
 1237 041e 34000000 		.4byte	.LVL43
 1238 0422 FB000000 		.4byte	0xfb
 1239 0426 40040000 		.4byte	0x440
 1240 042a 0D       		.uleb128 0xd
 1241 042b 01       		.uleb128 0x1
 1242 042c 50       		.byte	0x50
 1243 042d 02       		.uleb128 0x2
 1244 042e 75       		.byte	0x75
 1245 042f 00       		.sleb128 0
 1246 0430 0D       		.uleb128 0xd
 1247 0431 01       		.uleb128 0x1
 1248 0432 51       		.byte	0x51
 1249 0433 01       		.uleb128 0x1
 1250 0434 34       		.byte	0x34
 1251 0435 0D       		.uleb128 0xd
 1252 0436 01       		.uleb128 0x1
 1253 0437 52       		.byte	0x52
 1254 0438 01       		.uleb128 0x1
 1255 0439 31       		.byte	0x31
 1256 043a 0D       		.uleb128 0xd
 1257 043b 01       		.uleb128 0x1
 1258 043c 53       		.byte	0x53
 1259 043d 01       		.uleb128 0x1
 1260 043e 49       		.byte	0x49
 1261 043f 00       		.byte	0
 1262 0440 0C       		.uleb128 0xc
ARM GAS  C:\Users\LUCASI~1\AppData\Local\Temp\ccAIbrbH.s 			page 26


 1263 0441 40000000 		.4byte	.LVL44
 1264 0445 FB000000 		.4byte	0xfb
 1265 0449 63040000 		.4byte	0x463
 1266 044d 0D       		.uleb128 0xd
 1267 044e 01       		.uleb128 0x1
 1268 044f 50       		.byte	0x50
 1269 0450 02       		.uleb128 0x2
 1270 0451 75       		.byte	0x75
 1271 0452 00       		.sleb128 0
 1272 0453 0D       		.uleb128 0xd
 1273 0454 01       		.uleb128 0x1
 1274 0455 51       		.byte	0x51
 1275 0456 01       		.uleb128 0x1
 1276 0457 34       		.byte	0x34
 1277 0458 0D       		.uleb128 0xd
 1278 0459 01       		.uleb128 0x1
 1279 045a 52       		.byte	0x52
 1280 045b 01       		.uleb128 0x1
 1281 045c 30       		.byte	0x30
 1282 045d 0D       		.uleb128 0xd
 1283 045e 01       		.uleb128 0x1
 1284 045f 53       		.byte	0x53
 1285 0460 01       		.uleb128 0x1
 1286 0461 49       		.byte	0x49
 1287 0462 00       		.byte	0
 1288 0463 0E       		.uleb128 0xe
 1289 0464 44000000 		.4byte	.LVL45
 1290 0468 FA060000 		.4byte	0x6fa
 1291 046c 0F       		.uleb128 0xf
 1292 046d 4C000000 		.4byte	.LVL46
 1293 0471 05070000 		.4byte	0x705
 1294 0475 0D       		.uleb128 0xd
 1295 0476 01       		.uleb128 0x1
 1296 0477 50       		.byte	0x50
 1297 0478 03       		.uleb128 0x3
 1298 0479 0A       		.byte	0xa
 1299 047a E803     		.2byte	0x3e8
 1300 047c 00       		.byte	0
 1301 047d 00       		.byte	0
 1302 047e 11       		.uleb128 0x11
 1303 047f 72000000 		.4byte	.LBB7
 1304 0483 24000000 		.4byte	.LBE7-.LBB7
 1305 0487 D4040000 		.4byte	0x4d4
 1306 048b 09       		.uleb128 0x9
 1307 048c 6900     		.ascii	"i\000"
 1308 048e 01       		.byte	0x1
 1309 048f 7B       		.byte	0x7b
 1310 0490 68000000 		.4byte	0x68
 1311 0494 B7000000 		.4byte	.LLST6
 1312 0498 0C       		.uleb128 0xc
 1313 0499 82000000 		.4byte	.LVL54
 1314 049d FB000000 		.4byte	0xfb
 1315 04a1 BB040000 		.4byte	0x4bb
 1316 04a5 0D       		.uleb128 0xd
 1317 04a6 01       		.uleb128 0x1
 1318 04a7 50       		.byte	0x50
 1319 04a8 02       		.uleb128 0x2
ARM GAS  C:\Users\LUCASI~1\AppData\Local\Temp\ccAIbrbH.s 			page 27


 1320 04a9 74       		.byte	0x74
 1321 04aa 00       		.sleb128 0
 1322 04ab 0D       		.uleb128 0xd
 1323 04ac 01       		.uleb128 0x1
 1324 04ad 51       		.byte	0x51
 1325 04ae 01       		.uleb128 0x1
 1326 04af 31       		.byte	0x31
 1327 04b0 0D       		.uleb128 0xd
 1328 04b1 01       		.uleb128 0x1
 1329 04b2 52       		.byte	0x52
 1330 04b3 01       		.uleb128 0x1
 1331 04b4 30       		.byte	0x30
 1332 04b5 0D       		.uleb128 0xd
 1333 04b6 01       		.uleb128 0x1
 1334 04b7 53       		.byte	0x53
 1335 04b8 01       		.uleb128 0x1
 1336 04b9 49       		.byte	0x49
 1337 04ba 00       		.byte	0
 1338 04bb 0E       		.uleb128 0xe
 1339 04bc 86000000 		.4byte	.LVL55
 1340 04c0 FA060000 		.4byte	0x6fa
 1341 04c4 0F       		.uleb128 0xf
 1342 04c5 8C000000 		.4byte	.LVL56
 1343 04c9 05070000 		.4byte	0x705
 1344 04cd 0D       		.uleb128 0xd
 1345 04ce 01       		.uleb128 0x1
 1346 04cf 50       		.byte	0x50
 1347 04d0 01       		.uleb128 0x1
 1348 04d1 49       		.byte	0x49
 1349 04d2 00       		.byte	0
 1350 04d3 00       		.byte	0
 1351 04d4 11       		.uleb128 0x11
 1352 04d5 96000000 		.4byte	.LBB8
 1353 04d9 2E000000 		.4byte	.LBE8-.LBB8
 1354 04dd 5D050000 		.4byte	0x55d
 1355 04e1 12       		.uleb128 0x12
 1356 04e2 6900     		.ascii	"i\000"
 1357 04e4 01       		.byte	0x1
 1358 04e5 81       		.byte	0x81
 1359 04e6 68000000 		.4byte	0x68
 1360 04ea 01       		.uleb128 0x1
 1361 04eb 54       		.byte	0x54
 1362 04ec 0C       		.uleb128 0xc
 1363 04ed 9E000000 		.4byte	.LVL60
 1364 04f1 B4000000 		.4byte	0xb4
 1365 04f5 04050000 		.4byte	0x504
 1366 04f9 0D       		.uleb128 0xd
 1367 04fa 01       		.uleb128 0x1
 1368 04fb 50       		.byte	0x50
 1369 04fc 01       		.uleb128 0x1
 1370 04fd 30       		.byte	0x30
 1371 04fe 0D       		.uleb128 0xd
 1372 04ff 01       		.uleb128 0x1
 1373 0500 51       		.byte	0x51
 1374 0501 01       		.uleb128 0x1
 1375 0502 41       		.byte	0x41
 1376 0503 00       		.byte	0
ARM GAS  C:\Users\LUCASI~1\AppData\Local\Temp\ccAIbrbH.s 			page 28


 1377 0504 0E       		.uleb128 0xe
 1378 0505 A2000000 		.4byte	.LVL61
 1379 0509 FA060000 		.4byte	0x6fa
 1380 050d 0C       		.uleb128 0xc
 1381 050e A8000000 		.4byte	.LVL62
 1382 0512 05070000 		.4byte	0x705
 1383 0516 21050000 		.4byte	0x521
 1384 051a 0D       		.uleb128 0xd
 1385 051b 01       		.uleb128 0x1
 1386 051c 50       		.byte	0x50
 1387 051d 02       		.uleb128 0x2
 1388 051e 08       		.byte	0x8
 1389 051f 32       		.byte	0x32
 1390 0520 00       		.byte	0
 1391 0521 0C       		.uleb128 0xc
 1392 0522 B4000000 		.4byte	.LVL63
 1393 0526 FB000000 		.4byte	0xfb
 1394 052a 43050000 		.4byte	0x543
 1395 052e 0D       		.uleb128 0xd
 1396 052f 01       		.uleb128 0x1
 1397 0530 50       		.byte	0x50
 1398 0531 01       		.uleb128 0x1
 1399 0532 30       		.byte	0x30
 1400 0533 0D       		.uleb128 0xd
 1401 0534 01       		.uleb128 0x1
 1402 0535 51       		.byte	0x51
 1403 0536 01       		.uleb128 0x1
 1404 0537 41       		.byte	0x41
 1405 0538 0D       		.uleb128 0xd
 1406 0539 01       		.uleb128 0x1
 1407 053a 52       		.byte	0x52
 1408 053b 01       		.uleb128 0x1
 1409 053c 30       		.byte	0x30
 1410 053d 0D       		.uleb128 0xd
 1411 053e 01       		.uleb128 0x1
 1412 053f 53       		.byte	0x53
 1413 0540 01       		.uleb128 0x1
 1414 0541 49       		.byte	0x49
 1415 0542 00       		.byte	0
 1416 0543 0E       		.uleb128 0xe
 1417 0544 B8000000 		.4byte	.LVL64
 1418 0548 FA060000 		.4byte	0x6fa
 1419 054c 0F       		.uleb128 0xf
 1420 054d BE000000 		.4byte	.LVL65
 1421 0551 05070000 		.4byte	0x705
 1422 0555 0D       		.uleb128 0xd
 1423 0556 01       		.uleb128 0x1
 1424 0557 50       		.byte	0x50
 1425 0558 02       		.uleb128 0x2
 1426 0559 08       		.byte	0x8
 1427 055a 32       		.byte	0x32
 1428 055b 00       		.byte	0
 1429 055c 00       		.byte	0
 1430 055d 0C       		.uleb128 0xc
 1431 055e 0A000000 		.4byte	.LVL38
 1432 0562 B4000000 		.4byte	0xb4
 1433 0566 75050000 		.4byte	0x575
ARM GAS  C:\Users\LUCASI~1\AppData\Local\Temp\ccAIbrbH.s 			page 29


 1434 056a 0D       		.uleb128 0xd
 1435 056b 01       		.uleb128 0x1
 1436 056c 50       		.byte	0x50
 1437 056d 01       		.uleb128 0x1
 1438 056e 30       		.byte	0x30
 1439 056f 0D       		.uleb128 0xd
 1440 0570 01       		.uleb128 0x1
 1441 0571 51       		.byte	0x51
 1442 0572 01       		.uleb128 0x1
 1443 0573 41       		.byte	0x41
 1444 0574 00       		.byte	0
 1445 0575 0C       		.uleb128 0xc
 1446 0576 16000000 		.4byte	.LVL39
 1447 057a FB000000 		.4byte	0xfb
 1448 057e 97050000 		.4byte	0x597
 1449 0582 0D       		.uleb128 0xd
 1450 0583 01       		.uleb128 0x1
 1451 0584 50       		.byte	0x50
 1452 0585 01       		.uleb128 0x1
 1453 0586 30       		.byte	0x30
 1454 0587 0D       		.uleb128 0xd
 1455 0588 01       		.uleb128 0x1
 1456 0589 51       		.byte	0x51
 1457 058a 01       		.uleb128 0x1
 1458 058b 34       		.byte	0x34
 1459 058c 0D       		.uleb128 0xd
 1460 058d 01       		.uleb128 0x1
 1461 058e 52       		.byte	0x52
 1462 058f 01       		.uleb128 0x1
 1463 0590 31       		.byte	0x31
 1464 0591 0D       		.uleb128 0xd
 1465 0592 01       		.uleb128 0x1
 1466 0593 53       		.byte	0x53
 1467 0594 01       		.uleb128 0x1
 1468 0595 49       		.byte	0x49
 1469 0596 00       		.byte	0
 1470 0597 0E       		.uleb128 0xe
 1471 0598 1A000000 		.4byte	.LVL40
 1472 059c FA060000 		.4byte	0x6fa
 1473 05a0 0C       		.uleb128 0xc
 1474 05a1 22000000 		.4byte	.LVL41
 1475 05a5 05070000 		.4byte	0x705
 1476 05a9 B5050000 		.4byte	0x5b5
 1477 05ad 0D       		.uleb128 0xd
 1478 05ae 01       		.uleb128 0x1
 1479 05af 50       		.byte	0x50
 1480 05b0 03       		.uleb128 0x3
 1481 05b1 0A       		.byte	0xa
 1482 05b2 E803     		.2byte	0x3e8
 1483 05b4 00       		.byte	0
 1484 05b5 0C       		.uleb128 0xc
 1485 05b6 5E000000 		.4byte	.LVL48
 1486 05ba FB000000 		.4byte	0xfb
 1487 05be D7050000 		.4byte	0x5d7
 1488 05c2 0D       		.uleb128 0xd
 1489 05c3 01       		.uleb128 0x1
 1490 05c4 50       		.byte	0x50
ARM GAS  C:\Users\LUCASI~1\AppData\Local\Temp\ccAIbrbH.s 			page 30


 1491 05c5 01       		.uleb128 0x1
 1492 05c6 3C       		.byte	0x3c
 1493 05c7 0D       		.uleb128 0xd
 1494 05c8 01       		.uleb128 0x1
 1495 05c9 51       		.byte	0x51
 1496 05ca 01       		.uleb128 0x1
 1497 05cb 34       		.byte	0x34
 1498 05cc 0D       		.uleb128 0xd
 1499 05cd 01       		.uleb128 0x1
 1500 05ce 52       		.byte	0x52
 1501 05cf 01       		.uleb128 0x1
 1502 05d0 30       		.byte	0x30
 1503 05d1 0D       		.uleb128 0xd
 1504 05d2 01       		.uleb128 0x1
 1505 05d3 53       		.byte	0x53
 1506 05d4 01       		.uleb128 0x1
 1507 05d5 49       		.byte	0x49
 1508 05d6 00       		.byte	0
 1509 05d7 0E       		.uleb128 0xe
 1510 05d8 62000000 		.4byte	.LVL49
 1511 05dc FA060000 		.4byte	0x6fa
 1512 05e0 0C       		.uleb128 0xc
 1513 05e1 6A000000 		.4byte	.LVL50
 1514 05e5 05070000 		.4byte	0x705
 1515 05e9 F5050000 		.4byte	0x5f5
 1516 05ed 0D       		.uleb128 0xd
 1517 05ee 01       		.uleb128 0x1
 1518 05ef 50       		.byte	0x50
 1519 05f0 03       		.uleb128 0x3
 1520 05f1 0A       		.byte	0xa
 1521 05f2 E803     		.2byte	0x3e8
 1522 05f4 00       		.byte	0
 1523 05f5 0F       		.uleb128 0xf
 1524 05f6 72000000 		.4byte	.LVL51
 1525 05fa B4000000 		.4byte	0xb4
 1526 05fe 0D       		.uleb128 0xd
 1527 05ff 01       		.uleb128 0x1
 1528 0600 50       		.byte	0x50
 1529 0601 01       		.uleb128 0x1
 1530 0602 30       		.byte	0x30
 1531 0603 0D       		.uleb128 0xd
 1532 0604 01       		.uleb128 0x1
 1533 0605 51       		.byte	0x51
 1534 0606 01       		.uleb128 0x1
 1535 0607 41       		.byte	0x41
 1536 0608 00       		.byte	0
 1537 0609 00       		.byte	0
 1538 060a 06       		.uleb128 0x6
 1539 060b 92010000 		.4byte	.LASF29
 1540 060f 01       		.byte	0x1
 1541 0610 03       		.byte	0x3
 1542 0611 00000000 		.4byte	.LFB63
 1543 0615 2E000000 		.4byte	.LFE63-.LFB63
 1544 0619 01       		.uleb128 0x1
 1545 061a 9C       		.byte	0x9c
 1546 061b 5C060000 		.4byte	0x65c
 1547 061f 0A       		.uleb128 0xa
ARM GAS  C:\Users\LUCASI~1\AppData\Local\Temp\ccAIbrbH.s 			page 31


 1548 0620 94000000 		.4byte	.LASF30
 1549 0624 01       		.byte	0x1
 1550 0625 03       		.byte	0x3
 1551 0626 68000000 		.4byte	0x68
 1552 062a D6000000 		.4byte	.LLST7
 1553 062e 0E       		.uleb128 0xe
 1554 062f 14000000 		.4byte	.LVL68
 1555 0633 EE030000 		.4byte	0x3ee
 1556 0637 0E       		.uleb128 0xe
 1557 0638 1A000000 		.4byte	.LVL70
 1558 063c 5E010000 		.4byte	0x15e
 1559 0640 0E       		.uleb128 0xe
 1560 0641 20000000 		.4byte	.LVL72
 1561 0645 AF020000 		.4byte	0x2af
 1562 0649 0E       		.uleb128 0xe
 1563 064a 26000000 		.4byte	.LVL74
 1564 064e FD010000 		.4byte	0x1fd
 1565 0652 0E       		.uleb128 0xe
 1566 0653 2C000000 		.4byte	.LVL76
 1567 0657 56020000 		.4byte	0x256
 1568 065b 00       		.byte	0
 1569 065c 13       		.uleb128 0x13
 1570 065d B7020000 		.4byte	.LASF31
 1571 0661 05       		.byte	0x5
 1572 0662 17       		.byte	0x17
 1573 0663 6F000000 		.4byte	0x6f
 1574 0667 05       		.uleb128 0x5
 1575 0668 03       		.byte	0x3
 1576 0669 00000000 		.4byte	NP_g_nNumberOfPixels
 1577 066d 13       		.uleb128 0x13
 1578 066e 60020000 		.4byte	.LASF32
 1579 0672 05       		.byte	0x5
 1580 0673 18       		.byte	0x18
 1581 0674 81000000 		.4byte	0x81
 1582 0678 05       		.uleb128 0x5
 1583 0679 03       		.byte	0x3
 1584 067a 00000000 		.4byte	NP_g_nDMA_Chan
 1585 067e 13       		.uleb128 0x13
 1586 067f 4C020000 		.4byte	.LASF33
 1587 0683 05       		.byte	0x5
 1588 0684 19       		.byte	0x19
 1589 0685 81000000 		.4byte	0x81
 1590 0689 05       		.uleb128 0x5
 1591 068a 03       		.byte	0x3
 1592 068b 00000000 		.4byte	NP_g_nDMA_TD
 1593 068f 13       		.uleb128 0x13
 1594 0690 9D010000 		.4byte	.LASF34
 1595 0694 05       		.byte	0x5
 1596 0695 1A       		.byte	0x1a
 1597 0696 81000000 		.4byte	0x81
 1598 069a 05       		.uleb128 0x5
 1599 069b 03       		.byte	0x3
 1600 069c 00000000 		.4byte	NP_g_bOwnsBuffer
 1601 06a0 13       		.uleb128 0x13
 1602 06a1 45010000 		.4byte	.LASF35
 1603 06a5 05       		.byte	0x5
 1604 06a6 1C       		.byte	0x1c
ARM GAS  C:\Users\LUCASI~1\AppData\Local\Temp\ccAIbrbH.s 			page 32


 1605 06a7 B1060000 		.4byte	0x6b1
 1606 06ab 05       		.uleb128 0x5
 1607 06ac 03       		.byte	0x3
 1608 06ad 00000000 		.4byte	NP_g_pFrameBuffer
 1609 06b1 14       		.uleb128 0x14
 1610 06b2 04       		.byte	0x4
 1611 06b3 A1000000 		.4byte	0xa1
 1612 06b7 13       		.uleb128 0x13
 1613 06b8 7C010000 		.4byte	.LASF36
 1614 06bc 05       		.byte	0x5
 1615 06bd 1D       		.byte	0x1d
 1616 06be 6F000000 		.4byte	0x6f
 1617 06c2 05       		.uleb128 0x5
 1618 06c3 03       		.byte	0x3
 1619 06c4 00000000 		.4byte	NP_g_nFrameBufferSize
 1620 06c8 15       		.uleb128 0x15
 1621 06c9 18020000 		.4byte	.LASF37
 1622 06cd 06       		.byte	0x6
 1623 06ce 2A06     		.2byte	0x62a
 1624 06d0 D4060000 		.4byte	0x6d4
 1625 06d4 05       		.uleb128 0x5
 1626 06d5 76000000 		.4byte	0x76
 1627 06d9 16       		.uleb128 0x16
 1628 06da 2C000000 		.4byte	0x2c
 1629 06de E9060000 		.4byte	0x6e9
 1630 06e2 17       		.uleb128 0x17
 1631 06e3 AD000000 		.4byte	0xad
 1632 06e7 32       		.byte	0x32
 1633 06e8 00       		.byte	0
 1634 06e9 13       		.uleb128 0x13
 1635 06ea D1010000 		.4byte	.LASF38
 1636 06ee 07       		.byte	0x7
 1637 06ef 09       		.byte	0x9
 1638 06f0 D9060000 		.4byte	0x6d9
 1639 06f4 05       		.uleb128 0x5
 1640 06f5 03       		.byte	0x3
 1641 06f6 00000000 		.4byte	pPixelArray
 1642 06fa 18       		.uleb128 0x18
 1643 06fb A0000000 		.4byte	.LASF39
 1644 06ff A0000000 		.4byte	.LASF39
 1645 0703 05       		.byte	0x5
 1646 0704 29       		.byte	0x29
 1647 0705 18       		.uleb128 0x18
 1648 0706 CC020000 		.4byte	.LASF40
 1649 070a CC020000 		.4byte	.LASF40
 1650 070e 08       		.byte	0x8
 1651 070f 77       		.byte	0x77
 1652 0710 00       		.byte	0
 1653              		.section	.debug_abbrev,"",%progbits
 1654              	.Ldebug_abbrev0:
 1655 0000 01       		.uleb128 0x1
 1656 0001 11       		.uleb128 0x11
 1657 0002 01       		.byte	0x1
 1658 0003 25       		.uleb128 0x25
 1659 0004 0E       		.uleb128 0xe
 1660 0005 13       		.uleb128 0x13
 1661 0006 0B       		.uleb128 0xb
ARM GAS  C:\Users\LUCASI~1\AppData\Local\Temp\ccAIbrbH.s 			page 33


 1662 0007 03       		.uleb128 0x3
 1663 0008 0E       		.uleb128 0xe
 1664 0009 1B       		.uleb128 0x1b
 1665 000a 0E       		.uleb128 0xe
 1666 000b 55       		.uleb128 0x55
 1667 000c 17       		.uleb128 0x17
 1668 000d 11       		.uleb128 0x11
 1669 000e 01       		.uleb128 0x1
 1670 000f 10       		.uleb128 0x10
 1671 0010 17       		.uleb128 0x17
 1672 0011 00       		.byte	0
 1673 0012 00       		.byte	0
 1674 0013 02       		.uleb128 0x2
 1675 0014 24       		.uleb128 0x24
 1676 0015 00       		.byte	0
 1677 0016 0B       		.uleb128 0xb
 1678 0017 0B       		.uleb128 0xb
 1679 0018 3E       		.uleb128 0x3e
 1680 0019 0B       		.uleb128 0xb
 1681 001a 03       		.uleb128 0x3
 1682 001b 0E       		.uleb128 0xe
 1683 001c 00       		.byte	0
 1684 001d 00       		.byte	0
 1685 001e 03       		.uleb128 0x3
 1686 001f 16       		.uleb128 0x16
 1687 0020 00       		.byte	0
 1688 0021 03       		.uleb128 0x3
 1689 0022 0E       		.uleb128 0xe
 1690 0023 3A       		.uleb128 0x3a
 1691 0024 0B       		.uleb128 0xb
 1692 0025 3B       		.uleb128 0x3b
 1693 0026 0B       		.uleb128 0xb
 1694 0027 49       		.uleb128 0x49
 1695 0028 13       		.uleb128 0x13
 1696 0029 00       		.byte	0
 1697 002a 00       		.byte	0
 1698 002b 04       		.uleb128 0x4
 1699 002c 24       		.uleb128 0x24
 1700 002d 00       		.byte	0
 1701 002e 0B       		.uleb128 0xb
 1702 002f 0B       		.uleb128 0xb
 1703 0030 3E       		.uleb128 0x3e
 1704 0031 0B       		.uleb128 0xb
 1705 0032 03       		.uleb128 0x3
 1706 0033 08       		.uleb128 0x8
 1707 0034 00       		.byte	0
 1708 0035 00       		.byte	0
 1709 0036 05       		.uleb128 0x5
 1710 0037 35       		.uleb128 0x35
 1711 0038 00       		.byte	0
 1712 0039 49       		.uleb128 0x49
 1713 003a 13       		.uleb128 0x13
 1714 003b 00       		.byte	0
 1715 003c 00       		.byte	0
 1716 003d 06       		.uleb128 0x6
 1717 003e 2E       		.uleb128 0x2e
 1718 003f 01       		.byte	0x1
ARM GAS  C:\Users\LUCASI~1\AppData\Local\Temp\ccAIbrbH.s 			page 34


 1719 0040 3F       		.uleb128 0x3f
 1720 0041 19       		.uleb128 0x19
 1721 0042 03       		.uleb128 0x3
 1722 0043 0E       		.uleb128 0xe
 1723 0044 3A       		.uleb128 0x3a
 1724 0045 0B       		.uleb128 0xb
 1725 0046 3B       		.uleb128 0x3b
 1726 0047 0B       		.uleb128 0xb
 1727 0048 27       		.uleb128 0x27
 1728 0049 19       		.uleb128 0x19
 1729 004a 11       		.uleb128 0x11
 1730 004b 01       		.uleb128 0x1
 1731 004c 12       		.uleb128 0x12
 1732 004d 06       		.uleb128 0x6
 1733 004e 40       		.uleb128 0x40
 1734 004f 18       		.uleb128 0x18
 1735 0050 9742     		.uleb128 0x2117
 1736 0052 19       		.uleb128 0x19
 1737 0053 01       		.uleb128 0x1
 1738 0054 13       		.uleb128 0x13
 1739 0055 00       		.byte	0
 1740 0056 00       		.byte	0
 1741 0057 07       		.uleb128 0x7
 1742 0058 05       		.uleb128 0x5
 1743 0059 00       		.byte	0
 1744 005a 03       		.uleb128 0x3
 1745 005b 0E       		.uleb128 0xe
 1746 005c 3A       		.uleb128 0x3a
 1747 005d 0B       		.uleb128 0xb
 1748 005e 3B       		.uleb128 0x3b
 1749 005f 0B       		.uleb128 0xb
 1750 0060 49       		.uleb128 0x49
 1751 0061 13       		.uleb128 0x13
 1752 0062 02       		.uleb128 0x2
 1753 0063 18       		.uleb128 0x18
 1754 0064 00       		.byte	0
 1755 0065 00       		.byte	0
 1756 0066 08       		.uleb128 0x8
 1757 0067 0B       		.uleb128 0xb
 1758 0068 01       		.byte	0x1
 1759 0069 11       		.uleb128 0x11
 1760 006a 01       		.uleb128 0x1
 1761 006b 12       		.uleb128 0x12
 1762 006c 06       		.uleb128 0x6
 1763 006d 00       		.byte	0
 1764 006e 00       		.byte	0
 1765 006f 09       		.uleb128 0x9
 1766 0070 34       		.uleb128 0x34
 1767 0071 00       		.byte	0
 1768 0072 03       		.uleb128 0x3
 1769 0073 08       		.uleb128 0x8
 1770 0074 3A       		.uleb128 0x3a
 1771 0075 0B       		.uleb128 0xb
 1772 0076 3B       		.uleb128 0x3b
 1773 0077 0B       		.uleb128 0xb
 1774 0078 49       		.uleb128 0x49
 1775 0079 13       		.uleb128 0x13
ARM GAS  C:\Users\LUCASI~1\AppData\Local\Temp\ccAIbrbH.s 			page 35


 1776 007a 02       		.uleb128 0x2
 1777 007b 17       		.uleb128 0x17
 1778 007c 00       		.byte	0
 1779 007d 00       		.byte	0
 1780 007e 0A       		.uleb128 0xa
 1781 007f 05       		.uleb128 0x5
 1782 0080 00       		.byte	0
 1783 0081 03       		.uleb128 0x3
 1784 0082 0E       		.uleb128 0xe
 1785 0083 3A       		.uleb128 0x3a
 1786 0084 0B       		.uleb128 0xb
 1787 0085 3B       		.uleb128 0x3b
 1788 0086 0B       		.uleb128 0xb
 1789 0087 49       		.uleb128 0x49
 1790 0088 13       		.uleb128 0x13
 1791 0089 02       		.uleb128 0x2
 1792 008a 17       		.uleb128 0x17
 1793 008b 00       		.byte	0
 1794 008c 00       		.byte	0
 1795 008d 0B       		.uleb128 0xb
 1796 008e 2E       		.uleb128 0x2e
 1797 008f 01       		.byte	0x1
 1798 0090 3F       		.uleb128 0x3f
 1799 0091 19       		.uleb128 0x19
 1800 0092 03       		.uleb128 0x3
 1801 0093 0E       		.uleb128 0xe
 1802 0094 3A       		.uleb128 0x3a
 1803 0095 0B       		.uleb128 0xb
 1804 0096 3B       		.uleb128 0x3b
 1805 0097 0B       		.uleb128 0xb
 1806 0098 11       		.uleb128 0x11
 1807 0099 01       		.uleb128 0x1
 1808 009a 12       		.uleb128 0x12
 1809 009b 06       		.uleb128 0x6
 1810 009c 40       		.uleb128 0x40
 1811 009d 18       		.uleb128 0x18
 1812 009e 9742     		.uleb128 0x2117
 1813 00a0 19       		.uleb128 0x19
 1814 00a1 01       		.uleb128 0x1
 1815 00a2 13       		.uleb128 0x13
 1816 00a3 00       		.byte	0
 1817 00a4 00       		.byte	0
 1818 00a5 0C       		.uleb128 0xc
 1819 00a6 898201   		.uleb128 0x4109
 1820 00a9 01       		.byte	0x1
 1821 00aa 11       		.uleb128 0x11
 1822 00ab 01       		.uleb128 0x1
 1823 00ac 31       		.uleb128 0x31
 1824 00ad 13       		.uleb128 0x13
 1825 00ae 01       		.uleb128 0x1
 1826 00af 13       		.uleb128 0x13
 1827 00b0 00       		.byte	0
 1828 00b1 00       		.byte	0
 1829 00b2 0D       		.uleb128 0xd
 1830 00b3 8A8201   		.uleb128 0x410a
 1831 00b6 00       		.byte	0
 1832 00b7 02       		.uleb128 0x2
ARM GAS  C:\Users\LUCASI~1\AppData\Local\Temp\ccAIbrbH.s 			page 36


 1833 00b8 18       		.uleb128 0x18
 1834 00b9 9142     		.uleb128 0x2111
 1835 00bb 18       		.uleb128 0x18
 1836 00bc 00       		.byte	0
 1837 00bd 00       		.byte	0
 1838 00be 0E       		.uleb128 0xe
 1839 00bf 898201   		.uleb128 0x4109
 1840 00c2 00       		.byte	0
 1841 00c3 11       		.uleb128 0x11
 1842 00c4 01       		.uleb128 0x1
 1843 00c5 31       		.uleb128 0x31
 1844 00c6 13       		.uleb128 0x13
 1845 00c7 00       		.byte	0
 1846 00c8 00       		.byte	0
 1847 00c9 0F       		.uleb128 0xf
 1848 00ca 898201   		.uleb128 0x4109
 1849 00cd 01       		.byte	0x1
 1850 00ce 11       		.uleb128 0x11
 1851 00cf 01       		.uleb128 0x1
 1852 00d0 31       		.uleb128 0x31
 1853 00d1 13       		.uleb128 0x13
 1854 00d2 00       		.byte	0
 1855 00d3 00       		.byte	0
 1856 00d4 10       		.uleb128 0x10
 1857 00d5 34       		.uleb128 0x34
 1858 00d6 00       		.byte	0
 1859 00d7 03       		.uleb128 0x3
 1860 00d8 0E       		.uleb128 0xe
 1861 00d9 3A       		.uleb128 0x3a
 1862 00da 0B       		.uleb128 0xb
 1863 00db 3B       		.uleb128 0x3b
 1864 00dc 0B       		.uleb128 0xb
 1865 00dd 49       		.uleb128 0x49
 1866 00de 13       		.uleb128 0x13
 1867 00df 1C       		.uleb128 0x1c
 1868 00e0 0B       		.uleb128 0xb
 1869 00e1 00       		.byte	0
 1870 00e2 00       		.byte	0
 1871 00e3 11       		.uleb128 0x11
 1872 00e4 0B       		.uleb128 0xb
 1873 00e5 01       		.byte	0x1
 1874 00e6 11       		.uleb128 0x11
 1875 00e7 01       		.uleb128 0x1
 1876 00e8 12       		.uleb128 0x12
 1877 00e9 06       		.uleb128 0x6
 1878 00ea 01       		.uleb128 0x1
 1879 00eb 13       		.uleb128 0x13
 1880 00ec 00       		.byte	0
 1881 00ed 00       		.byte	0
 1882 00ee 12       		.uleb128 0x12
 1883 00ef 34       		.uleb128 0x34
 1884 00f0 00       		.byte	0
 1885 00f1 03       		.uleb128 0x3
 1886 00f2 08       		.uleb128 0x8
 1887 00f3 3A       		.uleb128 0x3a
 1888 00f4 0B       		.uleb128 0xb
 1889 00f5 3B       		.uleb128 0x3b
ARM GAS  C:\Users\LUCASI~1\AppData\Local\Temp\ccAIbrbH.s 			page 37


 1890 00f6 0B       		.uleb128 0xb
 1891 00f7 49       		.uleb128 0x49
 1892 00f8 13       		.uleb128 0x13
 1893 00f9 02       		.uleb128 0x2
 1894 00fa 18       		.uleb128 0x18
 1895 00fb 00       		.byte	0
 1896 00fc 00       		.byte	0
 1897 00fd 13       		.uleb128 0x13
 1898 00fe 34       		.uleb128 0x34
 1899 00ff 00       		.byte	0
 1900 0100 03       		.uleb128 0x3
 1901 0101 0E       		.uleb128 0xe
 1902 0102 3A       		.uleb128 0x3a
 1903 0103 0B       		.uleb128 0xb
 1904 0104 3B       		.uleb128 0x3b
 1905 0105 0B       		.uleb128 0xb
 1906 0106 49       		.uleb128 0x49
 1907 0107 13       		.uleb128 0x13
 1908 0108 3F       		.uleb128 0x3f
 1909 0109 19       		.uleb128 0x19
 1910 010a 02       		.uleb128 0x2
 1911 010b 18       		.uleb128 0x18
 1912 010c 00       		.byte	0
 1913 010d 00       		.byte	0
 1914 010e 14       		.uleb128 0x14
 1915 010f 0F       		.uleb128 0xf
 1916 0110 00       		.byte	0
 1917 0111 0B       		.uleb128 0xb
 1918 0112 0B       		.uleb128 0xb
 1919 0113 49       		.uleb128 0x49
 1920 0114 13       		.uleb128 0x13
 1921 0115 00       		.byte	0
 1922 0116 00       		.byte	0
 1923 0117 15       		.uleb128 0x15
 1924 0118 34       		.uleb128 0x34
 1925 0119 00       		.byte	0
 1926 011a 03       		.uleb128 0x3
 1927 011b 0E       		.uleb128 0xe
 1928 011c 3A       		.uleb128 0x3a
 1929 011d 0B       		.uleb128 0xb
 1930 011e 3B       		.uleb128 0x3b
 1931 011f 05       		.uleb128 0x5
 1932 0120 49       		.uleb128 0x49
 1933 0121 13       		.uleb128 0x13
 1934 0122 3F       		.uleb128 0x3f
 1935 0123 19       		.uleb128 0x19
 1936 0124 3C       		.uleb128 0x3c
 1937 0125 19       		.uleb128 0x19
 1938 0126 00       		.byte	0
 1939 0127 00       		.byte	0
 1940 0128 16       		.uleb128 0x16
 1941 0129 01       		.uleb128 0x1
 1942 012a 01       		.byte	0x1
 1943 012b 49       		.uleb128 0x49
 1944 012c 13       		.uleb128 0x13
 1945 012d 01       		.uleb128 0x1
 1946 012e 13       		.uleb128 0x13
ARM GAS  C:\Users\LUCASI~1\AppData\Local\Temp\ccAIbrbH.s 			page 38


 1947 012f 00       		.byte	0
 1948 0130 00       		.byte	0
 1949 0131 17       		.uleb128 0x17
 1950 0132 21       		.uleb128 0x21
 1951 0133 00       		.byte	0
 1952 0134 49       		.uleb128 0x49
 1953 0135 13       		.uleb128 0x13
 1954 0136 2F       		.uleb128 0x2f
 1955 0137 0B       		.uleb128 0xb
 1956 0138 00       		.byte	0
 1957 0139 00       		.byte	0
 1958 013a 18       		.uleb128 0x18
 1959 013b 2E       		.uleb128 0x2e
 1960 013c 00       		.byte	0
 1961 013d 3F       		.uleb128 0x3f
 1962 013e 19       		.uleb128 0x19
 1963 013f 3C       		.uleb128 0x3c
 1964 0140 19       		.uleb128 0x19
 1965 0141 6E       		.uleb128 0x6e
 1966 0142 0E       		.uleb128 0xe
 1967 0143 03       		.uleb128 0x3
 1968 0144 0E       		.uleb128 0xe
 1969 0145 3A       		.uleb128 0x3a
 1970 0146 0B       		.uleb128 0xb
 1971 0147 3B       		.uleb128 0x3b
 1972 0148 0B       		.uleb128 0xb
 1973 0149 00       		.byte	0
 1974 014a 00       		.byte	0
 1975 014b 00       		.byte	0
 1976              		.section	.debug_loc,"",%progbits
 1977              	.Ldebug_loc0:
 1978              	.LLST0:
 1979 0000 02000000 		.4byte	.LVL1
 1980 0004 06000000 		.4byte	.LVL2
 1981 0008 0100     		.2byte	0x1
 1982 000a 50       		.byte	0x50
 1983 000b 06000000 		.4byte	.LVL2
 1984 000f 28000000 		.4byte	.LFE64
 1985 0013 0100     		.2byte	0x1
 1986 0015 52       		.byte	0x52
 1987 0016 00000000 		.4byte	0
 1988 001a 00000000 		.4byte	0
 1989              	.LLST1:
 1990 001e 00000000 		.4byte	.LVL4
 1991 0022 0C000000 		.4byte	.LVL5
 1992 0026 0100     		.2byte	0x1
 1993 0028 51       		.byte	0x51
 1994 0029 0C000000 		.4byte	.LVL5
 1995 002d 2C000000 		.4byte	.LFE65
 1996 0031 0100     		.2byte	0x1
 1997 0033 51       		.byte	0x51
 1998 0034 00000000 		.4byte	0
 1999 0038 00000000 		.4byte	0
 2000              	.LLST2:
 2001 003c 0C000000 		.4byte	.LVL5
 2002 0040 10000000 		.4byte	.LVL6
 2003 0044 0100     		.2byte	0x1
ARM GAS  C:\Users\LUCASI~1\AppData\Local\Temp\ccAIbrbH.s 			page 39


 2004 0046 50       		.byte	0x50
 2005 0047 10000000 		.4byte	.LVL6
 2006 004b 24000000 		.4byte	.LVL8
 2007 004f 0100     		.2byte	0x1
 2008 0051 54       		.byte	0x54
 2009 0052 00000000 		.4byte	0
 2010 0056 00000000 		.4byte	0
 2011              	.LLST3:
 2012 005a 02000000 		.4byte	.LVL9
 2013 005e 06000000 		.4byte	.LVL10
 2014 0062 0200     		.2byte	0x2
 2015 0064 30       		.byte	0x30
 2016 0065 9F       		.byte	0x9f
 2017 0066 06000000 		.4byte	.LVL10
 2018 006a 3A000000 		.4byte	.LFE66
 2019 006e 0100     		.2byte	0x1
 2020 0070 54       		.byte	0x54
 2021 0071 00000000 		.4byte	0
 2022 0075 00000000 		.4byte	0
 2023              	.LLST4:
 2024 0079 02000000 		.4byte	.LVL24
 2025 007d 06000000 		.4byte	.LVL25
 2026 0081 0200     		.2byte	0x2
 2027 0083 30       		.byte	0x30
 2028 0084 9F       		.byte	0x9f
 2029 0085 06000000 		.4byte	.LVL25
 2030 0089 98000000 		.4byte	.LVL37
 2031 008d 0100     		.2byte	0x1
 2032 008f 55       		.byte	0x55
 2033 0090 00000000 		.4byte	0
 2034 0094 00000000 		.4byte	0
 2035              	.LLST5:
 2036 0098 22000000 		.4byte	.LVL41
 2037 009c 26000000 		.4byte	.LVL42
 2038 00a0 0200     		.2byte	0x2
 2039 00a2 31       		.byte	0x31
 2040 00a3 9F       		.byte	0x9f
 2041 00a4 26000000 		.4byte	.LVL42
 2042 00a8 74000000 		.4byte	.LVL52
 2043 00ac 0100     		.2byte	0x1
 2044 00ae 54       		.byte	0x54
 2045 00af 00000000 		.4byte	0
 2046 00b3 00000000 		.4byte	0
 2047              	.LLST6:
 2048 00b7 72000000 		.4byte	.LVL51
 2049 00bb 76000000 		.4byte	.LVL53
 2050 00bf 0200     		.2byte	0x2
 2051 00c1 30       		.byte	0x30
 2052 00c2 9F       		.byte	0x9f
 2053 00c3 76000000 		.4byte	.LVL53
 2054 00c7 94000000 		.4byte	.LVL58
 2055 00cb 0100     		.2byte	0x1
 2056 00cd 54       		.byte	0x54
 2057 00ce 00000000 		.4byte	0
 2058 00d2 00000000 		.4byte	0
 2059              	.LLST7:
 2060 00d6 00000000 		.4byte	.LVL67
ARM GAS  C:\Users\LUCASI~1\AppData\Local\Temp\ccAIbrbH.s 			page 40


 2061 00da 13000000 		.4byte	.LVL68-1
 2062 00de 0100     		.2byte	0x1
 2063 00e0 50       		.byte	0x50
 2064 00e1 13000000 		.4byte	.LVL68-1
 2065 00e5 16000000 		.4byte	.LVL69
 2066 00e9 0400     		.2byte	0x4
 2067 00eb F3       		.byte	0xf3
 2068 00ec 01       		.uleb128 0x1
 2069 00ed 50       		.byte	0x50
 2070 00ee 9F       		.byte	0x9f
 2071 00ef 16000000 		.4byte	.LVL69
 2072 00f3 19000000 		.4byte	.LVL70-1
 2073 00f7 0100     		.2byte	0x1
 2074 00f9 50       		.byte	0x50
 2075 00fa 19000000 		.4byte	.LVL70-1
 2076 00fe 1C000000 		.4byte	.LVL71
 2077 0102 0400     		.2byte	0x4
 2078 0104 F3       		.byte	0xf3
 2079 0105 01       		.uleb128 0x1
 2080 0106 50       		.byte	0x50
 2081 0107 9F       		.byte	0x9f
 2082 0108 1C000000 		.4byte	.LVL71
 2083 010c 1F000000 		.4byte	.LVL72-1
 2084 0110 0100     		.2byte	0x1
 2085 0112 50       		.byte	0x50
 2086 0113 1F000000 		.4byte	.LVL72-1
 2087 0117 22000000 		.4byte	.LVL73
 2088 011b 0400     		.2byte	0x4
 2089 011d F3       		.byte	0xf3
 2090 011e 01       		.uleb128 0x1
 2091 011f 50       		.byte	0x50
 2092 0120 9F       		.byte	0x9f
 2093 0121 22000000 		.4byte	.LVL73
 2094 0125 25000000 		.4byte	.LVL74-1
 2095 0129 0100     		.2byte	0x1
 2096 012b 50       		.byte	0x50
 2097 012c 25000000 		.4byte	.LVL74-1
 2098 0130 28000000 		.4byte	.LVL75
 2099 0134 0400     		.2byte	0x4
 2100 0136 F3       		.byte	0xf3
 2101 0137 01       		.uleb128 0x1
 2102 0138 50       		.byte	0x50
 2103 0139 9F       		.byte	0x9f
 2104 013a 28000000 		.4byte	.LVL75
 2105 013e 2B000000 		.4byte	.LVL76-1
 2106 0142 0100     		.2byte	0x1
 2107 0144 50       		.byte	0x50
 2108 0145 2B000000 		.4byte	.LVL76-1
 2109 0149 2E000000 		.4byte	.LFE63
 2110 014d 0400     		.2byte	0x4
 2111 014f F3       		.byte	0xf3
 2112 0150 01       		.uleb128 0x1
 2113 0151 50       		.byte	0x50
 2114 0152 9F       		.byte	0x9f
 2115 0153 00000000 		.4byte	0
 2116 0157 00000000 		.4byte	0
 2117              		.section	.debug_aranges,"",%progbits
ARM GAS  C:\Users\LUCASI~1\AppData\Local\Temp\ccAIbrbH.s 			page 41


 2118 0000 54000000 		.4byte	0x54
 2119 0004 0200     		.2byte	0x2
 2120 0006 00000000 		.4byte	.Ldebug_info0
 2121 000a 04       		.byte	0x4
 2122 000b 00       		.byte	0
 2123 000c 0000     		.2byte	0
 2124 000e 0000     		.2byte	0
 2125 0010 00000000 		.4byte	.LFB64
 2126 0014 28000000 		.4byte	.LFE64-.LFB64
 2127 0018 00000000 		.4byte	.LFB65
 2128 001c 2C000000 		.4byte	.LFE65-.LFB65
 2129 0020 00000000 		.4byte	.LFB66
 2130 0024 3A000000 		.4byte	.LFE66-.LFB66
 2131 0028 00000000 		.4byte	.LFB67
 2132 002c 1C000000 		.4byte	.LFE67-.LFB67
 2133 0030 00000000 		.4byte	.LFB68
 2134 0034 1C000000 		.4byte	.LFE68-.LFB68
 2135 0038 00000000 		.4byte	.LFB69
 2136 003c 9C000000 		.4byte	.LFE69-.LFB69
 2137 0040 00000000 		.4byte	.LFB70
 2138 0044 C6000000 		.4byte	.LFE70-.LFB70
 2139 0048 00000000 		.4byte	.LFB63
 2140 004c 2E000000 		.4byte	.LFE63-.LFB63
 2141 0050 00000000 		.4byte	0
 2142 0054 00000000 		.4byte	0
 2143              		.section	.debug_ranges,"",%progbits
 2144              	.Ldebug_ranges0:
 2145 0000 00000000 		.4byte	.LFB64
 2146 0004 28000000 		.4byte	.LFE64
 2147 0008 00000000 		.4byte	.LFB65
 2148 000c 2C000000 		.4byte	.LFE65
 2149 0010 00000000 		.4byte	.LFB66
 2150 0014 3A000000 		.4byte	.LFE66
 2151 0018 00000000 		.4byte	.LFB67
 2152 001c 1C000000 		.4byte	.LFE67
 2153 0020 00000000 		.4byte	.LFB68
 2154 0024 1C000000 		.4byte	.LFE68
 2155 0028 00000000 		.4byte	.LFB69
 2156 002c 9C000000 		.4byte	.LFE69
 2157 0030 00000000 		.4byte	.LFB70
 2158 0034 C6000000 		.4byte	.LFE70
 2159 0038 00000000 		.4byte	.LFB63
 2160 003c 2E000000 		.4byte	.LFE63
 2161 0040 00000000 		.4byte	0
 2162 0044 00000000 		.4byte	0
 2163              		.section	.debug_line,"",%progbits
 2164              	.Ldebug_line0:
 2165 0000 14030000 		.section	.debug_str,"MS",%progbits,1
 2165      02007B01 
 2165      00000201 
 2165      FB0E0D00 
 2165      01010101 
 2166              	.LASF25:
 2167 0000 57656967 		.ascii	"WeightOnSequence\000"
 2167      68744F6E 
 2167      53657175 
 2167      656E6365 
ARM GAS  C:\Users\LUCASI~1\AppData\Local\Temp\ccAIbrbH.s 			page 42


 2167      00
 2168              	.LASF43:
 2169 0011 433A5C55 		.ascii	"C:\\Users\\lucasiversen\\Desktop\\3semesterProjekt_"
 2169      73657273 
 2169      5C6C7563 
 2169      61736976 
 2169      65727365 
 2170 0040 7265706F 		.ascii	"repository\\PSoC kode\\NeoPixel\\NeoPixel.cydsn\000"
 2170      7369746F 
 2170      72795C50 
 2170      536F4320 
 2170      6B6F6465 
 2171              	.LASF9:
 2172 006d 5F5F696E 		.ascii	"__int32_t\000"
 2172      7433325F 
 2172      7400
 2173              	.LASF17:
 2174 0077 73746172 		.ascii	"startPos\000"
 2174      74506F73 
 2174      00
 2175              	.LASF42:
 2176 0080 4C656448 		.ascii	"LedHandler.c\000"
 2176      616E646C 
 2176      65722E63 
 2176      00
 2177              	.LASF20:
 2178 008d 5475726E 		.ascii	"TurnOn\000"
 2178      4F6E00
 2179              	.LASF30:
 2180 0094 73746174 		.ascii	"state\000"
 2180      6500
 2181              	.LASF12:
 2182 009a 666C6F61 		.ascii	"float\000"
 2182      7400
 2183              	.LASF39:
 2184 00a0 4E505F55 		.ascii	"NP_Update\000"
 2184      70646174 
 2184      6500
 2185              	.LASF23:
 2186 00aa 53746F70 		.ascii	"StopSequence\000"
 2186      53657175 
 2186      656E6365 
 2186      00
 2187              	.LASF41:
 2188 00b7 474E5520 		.ascii	"GNU C11 5.4.1 20160609 (release) [ARM/embedded-5-br"
 2188      43313120 
 2188      352E342E 
 2188      31203230 
 2188      31363036 
 2189 00ea 616E6368 		.ascii	"anch revision 237715] -mcpu=cortex-m3 -mthumb -g -O"
 2189      20726576 
 2189      6973696F 
 2189      6E203233 
 2189      37373135 
 2190 011d 67202D66 		.ascii	"g -ffunction-sections -ffat-lto-objects\000"
 2190      66756E63 
 2190      74696F6E 
ARM GAS  C:\Users\LUCASI~1\AppData\Local\Temp\ccAIbrbH.s 			page 43


 2190      2D736563 
 2190      74696F6E 
 2191              	.LASF35:
 2192 0145 4E505F67 		.ascii	"NP_g_pFrameBuffer\000"
 2192      5F704672 
 2192      616D6542 
 2192      75666665 
 2192      7200
 2193              	.LASF5:
 2194 0157 6C6F6E67 		.ascii	"long unsigned int\000"
 2194      20756E73 
 2194      69676E65 
 2194      6420696E 
 2194      7400
 2195              	.LASF3:
 2196 0169 73686F72 		.ascii	"short unsigned int\000"
 2196      7420756E 
 2196      7369676E 
 2196      65642069 
 2196      6E7400
 2197              	.LASF36:
 2198 017c 4E505F67 		.ascii	"NP_g_nFrameBufferSize\000"
 2198      5F6E4672 
 2198      616D6542 
 2198      75666665 
 2198      7253697A 
 2199              	.LASF29:
 2200 0192 6C656448 		.ascii	"ledHandler\000"
 2200      616E646C 
 2200      657200
 2201              	.LASF34:
 2202 019d 4E505F67 		.ascii	"NP_g_bOwnsBuffer\000"
 2202      5F624F77 
 2202      6E734275 
 2202      66666572 
 2202      00
 2203              	.LASF28:
 2204 01ae 53746172 		.ascii	"StartSequence\000"
 2204      74536571 
 2204      75656E63 
 2204      6500
 2205              	.LASF1:
 2206 01bc 756E7369 		.ascii	"unsigned char\000"
 2206      676E6564 
 2206      20636861 
 2206      7200
 2207              	.LASF13:
 2208 01ca 646F7562 		.ascii	"double\000"
 2208      6C6500
 2209              	.LASF38:
 2210 01d1 70506978 		.ascii	"pPixelArray\000"
 2210      656C4172 
 2210      72617900 
 2211              	.LASF21:
 2212 01dd 636F6C6F 		.ascii	"color\000"
 2212      7200
 2213              	.LASF18:
ARM GAS  C:\Users\LUCASI~1\AppData\Local\Temp\ccAIbrbH.s 			page 44


 2214 01e3 616D6F75 		.ascii	"amount\000"
 2214      6E7400
 2215              	.LASF22:
 2216 01ea 696E7465 		.ascii	"intensity\000"
 2216      6E736974 
 2216      7900
 2217              	.LASF8:
 2218 01f4 756E7369 		.ascii	"unsigned int\000"
 2218      676E6564 
 2218      20696E74 
 2218      00
 2219              	.LASF7:
 2220 0201 6C6F6E67 		.ascii	"long long unsigned int\000"
 2220      206C6F6E 
 2220      6720756E 
 2220      7369676E 
 2220      65642069 
 2221              	.LASF37:
 2222 0218 49544D5F 		.ascii	"ITM_RxBuffer\000"
 2222      52784275 
 2222      66666572 
 2222      00
 2223              	.LASF10:
 2224 0225 696E7433 		.ascii	"int32_t\000"
 2224      325F7400 
 2225              	.LASF16:
 2226 022d 73697A65 		.ascii	"sizetype\000"
 2226      74797065 
 2226      00
 2227              	.LASF6:
 2228 0236 6C6F6E67 		.ascii	"long long int\000"
 2228      206C6F6E 
 2228      6720696E 
 2228      7400
 2229              	.LASF19:
 2230 0244 5475726E 		.ascii	"TurnOff\000"
 2230      4F666600 
 2231              	.LASF33:
 2232 024c 4E505F67 		.ascii	"NP_g_nDMA_TD\000"
 2232      5F6E444D 
 2232      415F5444 
 2232      00
 2233              	.LASF27:
 2234 0259 6F666673 		.ascii	"offset\000"
 2234      657400
 2235              	.LASF32:
 2236 0260 4E505F67 		.ascii	"NP_g_nDMA_Chan\000"
 2236      5F6E444D 
 2236      415F4368 
 2236      616E00
 2237              	.LASF2:
 2238 026f 73686F72 		.ascii	"short int\000"
 2238      7420696E 
 2238      7400
 2239              	.LASF11:
 2240 0279 75696E74 		.ascii	"uint8\000"
 2240      3800
ARM GAS  C:\Users\LUCASI~1\AppData\Local\Temp\ccAIbrbH.s 			page 45


 2241              	.LASF24:
 2242 027f 57656967 		.ascii	"WeightOffSequence\000"
 2242      68744F66 
 2242      66536571 
 2242      75656E63 
 2242      6500
 2243              	.LASF4:
 2244 0291 6C6F6E67 		.ascii	"long int\000"
 2244      20696E74 
 2244      00
 2245              	.LASF14:
 2246 029a 63686172 		.ascii	"char\000"
 2246      00
 2247              	.LASF15:
 2248 029f 6C6F6E67 		.ascii	"long double\000"
 2248      20646F75 
 2248      626C6500 
 2249              	.LASF0:
 2250 02ab 7369676E 		.ascii	"signed char\000"
 2250      65642063 
 2250      68617200 
 2251              	.LASF31:
 2252 02b7 4E505F67 		.ascii	"NP_g_nNumberOfPixels\000"
 2252      5F6E4E75 
 2252      6D626572 
 2252      4F665069 
 2252      78656C73 
 2253              	.LASF40:
 2254 02cc 43794465 		.ascii	"CyDelay\000"
 2254      6C617900 
 2255              	.LASF26:
 2256 02d4 43757048 		.ascii	"CupHitSequence\000"
 2256      69745365 
 2256      7175656E 
 2256      636500
 2257              		.ident	"GCC: (GNU Tools for ARM Embedded Processors) 5.4.1 20160609 (release) [ARM/embedded-5-bran
