ARM GAS  C:\Users\LUCASI~1\AppData\Local\Temp\cc2ifH5R.s 			page 1


   1              		.syntax unified
   2              		.cpu cortex-m3
   3              		.fpu softvfp
   4              		.eabi_attribute 20, 1
   5              		.eabi_attribute 21, 1
   6              		.eabi_attribute 23, 3
   7              		.eabi_attribute 24, 1
   8              		.eabi_attribute 25, 1
   9              		.eabi_attribute 26, 1
  10              		.eabi_attribute 30, 1
  11              		.eabi_attribute 34, 1
  12              		.eabi_attribute 18, 4
  13              		.thumb
  14              		.syntax unified
  15              		.file	"main.c"
  16              		.text
  17              	.Ltext0:
  18              		.cfi_sections	.debug_frame
  19              		.section	.text.ball_int_handler,"ax",%progbits
  20              		.align	2
  21              		.global	ball_int_handler
  22              		.thumb
  23              		.thumb_func
  24              		.type	ball_int_handler, %function
  25              	ball_int_handler:
  26              	.LFB65:
  27              		.file 1 "main.c"
   1:main.c        **** #include <project.h>
   2:main.c        **** #include "LedHandler.h"
   3:main.c        **** #include "edgeSensorApp.h"
   4:main.c        **** #include "project.h"
   5:main.c        **** #include "MotorApp.h"
   6:main.c        **** #include "rpiCommunication.h"
   7:main.c        **** #include "scale.h"
   8:main.c        **** #include "waitingState.h"
   9:main.c        **** #include "soundApp.h"
  10:main.c        **** 
  11:main.c        **** CY_ISR_PROTO(ball_int_handler);
  12:main.c        **** CY_ISR_PROTO(isr_rpi_start);
  13:main.c        **** CY_ISR_PROTO(isr_rpi_stop);
  14:main.c        **** 
  15:main.c        **** int main(void)
  16:main.c        **** {
  17:main.c        ****     NP_Start(MAX, pPixelArray, 12.8);
  18:main.c        **** 
  19:main.c        ****     running_ = 0;
  20:main.c        ****     rpiRunning = 0;
  21:main.c        ****     
  22:main.c        ****     CyGlobalIntEnable; //init global int
  23:main.c        ****     ball_int_StartEx(ball_int_handler);
  24:main.c        ****     isr_rpi_start_StartEx(isr_rpi_start);
  25:main.c        ****     isr_rpi_stop_StartEx(isr_rpi_stop);
  26:main.c        ****     //init drivers
  27:main.c        ****     edgeSensorInit();
  28:main.c        ****     rpiInit();
  29:main.c        ****     soundInit();
  30:main.c        ****     
ARM GAS  C:\Users\LUCASI~1\AppData\Local\Temp\cc2ifH5R.s 			page 2


  31:main.c        ****     ADC_SAR_1_Start();  //initialisere ADC'en
  32:main.c        ****     
  33:main.c        ****     state = 3;
  34:main.c        ****     
  35:main.c        ****     for(;;)
  36:main.c        ****     {  
  37:main.c        ****         while(running_ == 1)
  38:main.c        ****         {
  39:main.c        ****             speedSelect();
  40:main.c        ****             CyDelay(250);  // + timeDificulty[difficulty]
  41:main.c        ****         }
  42:main.c        ****         while(running_ == 0)
  43:main.c        ****         {
  44:main.c        ****             waitingStateStart();
  45:main.c        ****         }
  46:main.c        ****     }
  47:main.c        **** }
  48:main.c        **** 
  49:main.c        **** CY_ISR(ball_int_handler)
  50:main.c        **** {
  28              		.loc 1 50 0
  29              		.cfi_startproc
  30              		@ args = 0, pretend = 0, frame = 0
  31              		@ frame_needed = 0, uses_anonymous_args = 0
  32 0000 08B5     		push	{r3, lr}
  33              		.cfi_def_cfa_offset 8
  34              		.cfi_offset 3, -8
  35              		.cfi_offset 14, -4
  51:main.c        ****     if(running_ == 1)
  36              		.loc 1 51 0
  37 0002 0C4B     		ldr	r3, .L4
  38 0004 1B68     		ldr	r3, [r3]
  39 0006 012B     		cmp	r3, #1
  40 0008 12D1     		bne	.L1
  52:main.c        ****     {
  53:main.c        ****         running_ = 0;
  41              		.loc 1 53 0
  42 000a 0022     		movs	r2, #0
  43 000c 094B     		ldr	r3, .L4
  44 000e 1A60     		str	r2, [r3]
  54:main.c        ****     
  55:main.c        ****         motorStop();
  45              		.loc 1 55 0
  46 0010 FFF7FEFF 		bl	motorStop
  47              	.LVL0:
  56:main.c        ****         sendToSOMO(3);
  48              		.loc 1 56 0
  49 0014 0320     		movs	r0, #3
  50 0016 FFF7FEFF 		bl	sendToSOMO
  51              	.LVL1:
  57:main.c        ****         ledHandler(CUPHIT);
  52              		.loc 1 57 0
  53 001a 0220     		movs	r0, #2
  54 001c FFF7FEFF 		bl	ledHandler
  55              	.LVL2:
  58:main.c        ****         score();
  56              		.loc 1 58 0
ARM GAS  C:\Users\LUCASI~1\AppData\Local\Temp\cc2ifH5R.s 			page 3


  57 0020 FFF7FEFF 		bl	score
  58              	.LVL3:
  59:main.c        ****         CyDelay(2000);
  59              		.loc 1 59 0
  60 0024 4FF4FA60 		mov	r0, #2000
  61 0028 FFF7FEFF 		bl	CyDelay
  62              	.LVL4:
  60:main.c        ****     
  61:main.c        ****         waitingStateDrink();
  63              		.loc 1 61 0
  64 002c FFF7FEFF 		bl	waitingStateDrink
  65              	.LVL5:
  66              	.L1:
  67 0030 08BD     		pop	{r3, pc}
  68              	.L5:
  69 0032 00BF     		.align	2
  70              	.L4:
  71 0034 00000000 		.word	running_
  72              		.cfi_endproc
  73              	.LFE65:
  74              		.size	ball_int_handler, .-ball_int_handler
  75              		.section	.text.main,"ax",%progbits
  76              		.align	2
  77              		.global	main
  78              		.thumb
  79              		.thumb_func
  80              		.type	main, %function
  81              	main:
  82              	.LFB64:
  16:main.c        ****     NP_Start(MAX, pPixelArray, 12.8);
  83              		.loc 1 16 0
  84              		.cfi_startproc
  85              		@ Volatile: function does not return.
  86              		@ args = 0, pretend = 0, frame = 0
  87              		@ frame_needed = 0, uses_anonymous_args = 0
  88 0000 08B5     		push	{r3, lr}
  89              		.cfi_def_cfa_offset 8
  90              		.cfi_offset 3, -8
  91              		.cfi_offset 14, -4
  17:main.c        **** 
  92              		.loc 1 17 0
  93 0002 19A3     		adr	r3, .L13
  94 0004 D3E90023 		ldrd	r2, [r3]
  95 0008 1949     		ldr	r1, .L13+8
  96 000a 1120     		movs	r0, #17
  97 000c FFF7FEFF 		bl	NP_Start
  98              	.LVL6:
  19:main.c        ****     rpiRunning = 0;
  99              		.loc 1 19 0
 100 0010 0023     		movs	r3, #0
 101 0012 184A     		ldr	r2, .L13+12
 102 0014 1360     		str	r3, [r2]
  20:main.c        ****     
 103              		.loc 1 20 0
 104 0016 184A     		ldr	r2, .L13+16
 105 0018 1360     		str	r3, [r2]
  22:main.c        ****     ball_int_StartEx(ball_int_handler);
ARM GAS  C:\Users\LUCASI~1\AppData\Local\Temp\cc2ifH5R.s 			page 4


 106              		.loc 1 22 0
 107              		.syntax unified
 108              	@ 22 "main.c" 1
 109 001a 62B6     		CPSIE   i
 110              	@ 0 "" 2
  23:main.c        ****     isr_rpi_start_StartEx(isr_rpi_start);
 111              		.loc 1 23 0
 112              		.thumb
 113              		.syntax unified
 114 001c 1748     		ldr	r0, .L13+20
 115 001e FFF7FEFF 		bl	ball_int_StartEx
 116              	.LVL7:
  24:main.c        ****     isr_rpi_stop_StartEx(isr_rpi_stop);
 117              		.loc 1 24 0
 118 0022 1748     		ldr	r0, .L13+24
 119 0024 FFF7FEFF 		bl	isr_rpi_start_StartEx
 120              	.LVL8:
  25:main.c        ****     //init drivers
 121              		.loc 1 25 0
 122 0028 1648     		ldr	r0, .L13+28
 123 002a FFF7FEFF 		bl	isr_rpi_stop_StartEx
 124              	.LVL9:
  27:main.c        ****     rpiInit();
 125              		.loc 1 27 0
 126 002e FFF7FEFF 		bl	edgeSensorInit
 127              	.LVL10:
  28:main.c        ****     soundInit();
 128              		.loc 1 28 0
 129 0032 FFF7FEFF 		bl	rpiInit
 130              	.LVL11:
  29:main.c        ****     
 131              		.loc 1 29 0
 132 0036 FFF7FEFF 		bl	soundInit
 133              	.LVL12:
  31:main.c        ****     
 134              		.loc 1 31 0
 135 003a FFF7FEFF 		bl	ADC_SAR_1_Start
 136              	.LVL13:
  33:main.c        ****     
 137              		.loc 1 33 0
 138 003e 0322     		movs	r2, #3
 139 0040 114B     		ldr	r3, .L13+32
 140 0042 1A60     		str	r2, [r3]
 141 0044 04E0     		b	.L7
 142              	.L8:
  39:main.c        ****             CyDelay(250);  // + timeDificulty[difficulty]
 143              		.loc 1 39 0
 144 0046 FFF7FEFF 		bl	speedSelect
 145              	.LVL14:
  40:main.c        ****         }
 146              		.loc 1 40 0
 147 004a FA20     		movs	r0, #250
 148 004c FFF7FEFF 		bl	CyDelay
 149              	.LVL15:
 150              	.L7:
  37:main.c        ****         {
 151              		.loc 1 37 0
ARM GAS  C:\Users\LUCASI~1\AppData\Local\Temp\cc2ifH5R.s 			page 5


 152 0050 084B     		ldr	r3, .L13+12
 153 0052 1B68     		ldr	r3, [r3]
 154 0054 012B     		cmp	r3, #1
 155 0056 02D1     		bne	.L9
 156 0058 F5E7     		b	.L8
 157              	.L10:
  44:main.c        ****         }
 158              		.loc 1 44 0
 159 005a FFF7FEFF 		bl	waitingStateStart
 160              	.LVL16:
 161              	.L9:
  42:main.c        ****         {
 162              		.loc 1 42 0
 163 005e 054B     		ldr	r3, .L13+12
 164 0060 1B68     		ldr	r3, [r3]
 165 0062 002B     		cmp	r3, #0
 166 0064 F9D0     		beq	.L10
 167 0066 F3E7     		b	.L7
 168              	.L14:
 169              		.align	3
 170              	.L13:
 171 0068 9A999999 		.word	-1717986918
 172 006c 99992940 		.word	1076468121
 173 0070 00000000 		.word	pPixelArray
 174 0074 00000000 		.word	running_
 175 0078 00000000 		.word	rpiRunning
 176 007c 00000000 		.word	ball_int_handler
 177 0080 00000000 		.word	isr_rpi_start
 178 0084 00000000 		.word	isr_rpi_stop
 179 0088 00000000 		.word	state
 180              		.cfi_endproc
 181              	.LFE64:
 182              		.size	main, .-main
 183              		.comm	status_scale,2,2
 184              		.comm	count_not_ok,2,2
 185              		.comm	count_ok,2,2
 186              		.comm	measurement,2,2
 187              		.comm	uartBuffer,256,4
 188              		.comm	result,2,2
 189              		.comm	rpiRunning,4,4
 190              		.comm	randState,4,4
 191              		.comm	state,4,4
 192              		.comm	running_,4,4
 193              		.comm	pPixelArray,51,4
 194              		.comm	NP_g_nFrameBufferSize,4,4
 195              		.comm	NP_g_pFrameBuffer,4,4
 196              		.comm	NP_g_bOwnsBuffer,1,1
 197              		.comm	NP_g_nDMA_TD,1,1
 198              		.comm	NP_g_nDMA_Chan,1,1
 199              		.comm	NP_g_nNumberOfPixels,4,4
 200              		.text
 201              	.Letext0:
 202              		.file 2 "c:\\program files (x86)\\cypress\\psoc creator\\4.2\\psoc creator\\import\\gnu\\arm\\5.4.
 203              		.file 3 "c:\\program files (x86)\\cypress\\psoc creator\\4.2\\psoc creator\\import\\gnu\\arm\\5.4.
 204              		.file 4 "Generated_Source\\PSoC5/cytypes.h"
 205              		.file 5 "Generated_Source\\PSoC5/NP_funcs.h"
 206              		.file 6 "Generated_Source\\PSoC5/core_cm3.h"
ARM GAS  C:\Users\LUCASI~1\AppData\Local\Temp\cc2ifH5R.s 			page 6


 207              		.file 7 "LedHandler.h"
 208              		.file 8 "waitingState.h"
 209              		.file 9 "MotorApp.h"
 210              		.file 10 "rpiCommunication.h"
 211              		.file 11 "scale.h"
 212              		.file 12 "soundApp.h"
 213              		.file 13 "Generated_Source\\PSoC5/CyLib.h"
 214              		.file 14 "Generated_Source\\PSoC5/ball_int.h"
 215              		.file 15 "Generated_Source\\PSoC5/isr_rpi_start.h"
 216              		.file 16 "Generated_Source\\PSoC5/isr_rpi_stop.h"
 217              		.file 17 "edgeSensorApp.h"
 218              		.file 18 "Generated_Source\\PSoC5/ADC_SAR_1.h"
 219              		.section	.debug_info,"",%progbits
 220              	.Ldebug_info0:
 221 0000 23040000 		.4byte	0x423
 222 0004 0400     		.2byte	0x4
 223 0006 00000000 		.4byte	.Ldebug_abbrev0
 224 000a 04       		.byte	0x4
 225 000b 01       		.uleb128 0x1
 226 000c 1E030000 		.4byte	.LASF58
 227 0010 0C       		.byte	0xc
 228 0011 9A020000 		.4byte	.LASF59
 229 0015 3E020000 		.4byte	.LASF60
 230 0019 00000000 		.4byte	.Ldebug_ranges0+0
 231 001d 00000000 		.4byte	0
 232 0021 00000000 		.4byte	.Ldebug_line0
 233 0025 02       		.uleb128 0x2
 234 0026 08       		.byte	0x8
 235 0027 04       		.byte	0x4
 236 0028 AA020000 		.4byte	.LASF0
 237 002c 02       		.uleb128 0x2
 238 002d 01       		.byte	0x1
 239 002e 06       		.byte	0x6
 240 002f 6F010000 		.4byte	.LASF1
 241 0033 02       		.uleb128 0x2
 242 0034 01       		.byte	0x1
 243 0035 08       		.byte	0x8
 244 0036 61010000 		.4byte	.LASF2
 245 003a 02       		.uleb128 0x2
 246 003b 02       		.byte	0x2
 247 003c 05       		.byte	0x5
 248 003d 89000000 		.4byte	.LASF3
 249 0041 03       		.uleb128 0x3
 250 0042 C1000000 		.4byte	.LASF5
 251 0046 02       		.byte	0x2
 252 0047 2B       		.byte	0x2b
 253 0048 4C000000 		.4byte	0x4c
 254 004c 02       		.uleb128 0x2
 255 004d 02       		.byte	0x2
 256 004e 07       		.byte	0x7
 257 004f EB010000 		.4byte	.LASF4
 258 0053 03       		.uleb128 0x3
 259 0054 BA020000 		.4byte	.LASF6
 260 0058 02       		.byte	0x2
 261 0059 3F       		.byte	0x3f
 262 005a 5E000000 		.4byte	0x5e
 263 005e 02       		.uleb128 0x2
ARM GAS  C:\Users\LUCASI~1\AppData\Local\Temp\cc2ifH5R.s 			page 7


 264 005f 04       		.byte	0x4
 265 0060 05       		.byte	0x5
 266 0061 21010000 		.4byte	.LASF7
 267 0065 02       		.uleb128 0x2
 268 0066 04       		.byte	0x4
 269 0067 07       		.byte	0x7
 270 0068 C4010000 		.4byte	.LASF8
 271 006c 02       		.uleb128 0x2
 272 006d 08       		.byte	0x8
 273 006e 05       		.byte	0x5
 274 006f 13010000 		.4byte	.LASF9
 275 0073 02       		.uleb128 0x2
 276 0074 08       		.byte	0x8
 277 0075 07       		.byte	0x7
 278 0076 81010000 		.4byte	.LASF10
 279 007a 04       		.uleb128 0x4
 280 007b 04       		.byte	0x4
 281 007c 05       		.byte	0x5
 282 007d 696E7400 		.ascii	"int\000"
 283 0081 02       		.uleb128 0x2
 284 0082 04       		.byte	0x4
 285 0083 07       		.byte	0x7
 286 0084 AE010000 		.4byte	.LASF11
 287 0088 03       		.uleb128 0x3
 288 0089 BB010000 		.4byte	.LASF12
 289 008d 03       		.byte	0x3
 290 008e 24       		.byte	0x24
 291 008f 41000000 		.4byte	0x41
 292 0093 03       		.uleb128 0x3
 293 0094 09020000 		.4byte	.LASF13
 294 0098 03       		.byte	0x3
 295 0099 2C       		.byte	0x2c
 296 009a 53000000 		.4byte	0x53
 297 009e 03       		.uleb128 0x3
 298 009f E4000000 		.4byte	.LASF14
 299 00a3 04       		.byte	0x4
 300 00a4 C2       		.byte	0xc2
 301 00a5 33000000 		.4byte	0x33
 302 00a9 02       		.uleb128 0x2
 303 00aa 04       		.byte	0x4
 304 00ab 04       		.byte	0x4
 305 00ac 0D010000 		.4byte	.LASF15
 306 00b0 02       		.uleb128 0x2
 307 00b1 01       		.byte	0x1
 308 00b2 08       		.byte	0x8
 309 00b3 04020000 		.4byte	.LASF16
 310 00b7 05       		.uleb128 0x5
 311 00b8 9E000000 		.4byte	0x9e
 312 00bc 02       		.uleb128 0x2
 313 00bd 08       		.byte	0x8
 314 00be 04       		.byte	0x4
 315 00bf 55010000 		.4byte	.LASF17
 316 00c3 02       		.uleb128 0x2
 317 00c4 04       		.byte	0x4
 318 00c5 07       		.byte	0x7
 319 00c6 93000000 		.4byte	.LASF18
 320 00ca 06       		.uleb128 0x6
ARM GAS  C:\Users\LUCASI~1\AppData\Local\Temp\cc2ifH5R.s 			page 8


 321 00cb 01       		.byte	0x1
 322 00cc 33000000 		.4byte	0x33
 323 00d0 07       		.byte	0x7
 324 00d1 0B       		.byte	0xb
 325 00d2 F5000000 		.4byte	0xf5
 326 00d6 07       		.uleb128 0x7
 327 00d7 FE010000 		.4byte	.LASF19
 328 00db 00       		.byte	0
 329 00dc 07       		.uleb128 0x7
 330 00dd DB020000 		.4byte	.LASF20
 331 00e1 01       		.byte	0x1
 332 00e2 07       		.uleb128 0x7
 333 00e3 34010000 		.4byte	.LASF21
 334 00e7 02       		.byte	0x2
 335 00e8 07       		.uleb128 0x7
 336 00e9 F5020000 		.4byte	.LASF22
 337 00ed 03       		.byte	0x3
 338 00ee 07       		.uleb128 0x7
 339 00ef A1020000 		.4byte	.LASF23
 340 00f3 04       		.byte	0x4
 341 00f4 00       		.byte	0
 342 00f5 08       		.uleb128 0x8
 343 00f6 1A000000 		.4byte	.LASF61
 344 00fa 01       		.byte	0x1
 345 00fb 31       		.byte	0x31
 346 00fc 00000000 		.4byte	.LFB65
 347 0100 38000000 		.4byte	.LFE65-.LFB65
 348 0104 01       		.uleb128 0x1
 349 0105 9C       		.byte	0x9c
 350 0106 61010000 		.4byte	0x161
 351 010a 09       		.uleb128 0x9
 352 010b 14000000 		.4byte	.LVL0
 353 010f 76030000 		.4byte	0x376
 354 0113 0A       		.uleb128 0xa
 355 0114 1A000000 		.4byte	.LVL1
 356 0118 81030000 		.4byte	0x381
 357 011c 26010000 		.4byte	0x126
 358 0120 0B       		.uleb128 0xb
 359 0121 01       		.uleb128 0x1
 360 0122 50       		.byte	0x50
 361 0123 01       		.uleb128 0x1
 362 0124 33       		.byte	0x33
 363 0125 00       		.byte	0
 364 0126 0A       		.uleb128 0xa
 365 0127 20000000 		.4byte	.LVL2
 366 012b 8C030000 		.4byte	0x38c
 367 012f 39010000 		.4byte	0x139
 368 0133 0B       		.uleb128 0xb
 369 0134 01       		.uleb128 0x1
 370 0135 50       		.byte	0x50
 371 0136 01       		.uleb128 0x1
 372 0137 32       		.byte	0x32
 373 0138 00       		.byte	0
 374 0139 09       		.uleb128 0x9
 375 013a 24000000 		.4byte	.LVL3
 376 013e 97030000 		.4byte	0x397
 377 0142 0A       		.uleb128 0xa
ARM GAS  C:\Users\LUCASI~1\AppData\Local\Temp\cc2ifH5R.s 			page 9


 378 0143 2C000000 		.4byte	.LVL4
 379 0147 A2030000 		.4byte	0x3a2
 380 014b 57010000 		.4byte	0x157
 381 014f 0B       		.uleb128 0xb
 382 0150 01       		.uleb128 0x1
 383 0151 50       		.byte	0x50
 384 0152 03       		.uleb128 0x3
 385 0153 0A       		.byte	0xa
 386 0154 D007     		.2byte	0x7d0
 387 0156 00       		.byte	0
 388 0157 09       		.uleb128 0x9
 389 0158 30000000 		.4byte	.LVL5
 390 015c AD030000 		.4byte	0x3ad
 391 0160 00       		.byte	0
 392 0161 0C       		.uleb128 0xc
 393 0162 AD000000 		.4byte	.LASF62
 394 0166 01       		.byte	0x1
 395 0167 0F       		.byte	0xf
 396 0168 7A000000 		.4byte	0x7a
 397 016c 00000000 		.4byte	.LFB64
 398 0170 8C000000 		.4byte	.LFE64-.LFB64
 399 0174 01       		.uleb128 0x1
 400 0175 9C       		.byte	0x9c
 401 0176 1E020000 		.4byte	0x21e
 402 017a 0A       		.uleb128 0xa
 403 017b 10000000 		.4byte	.LVL6
 404 017f B8030000 		.4byte	0x3b8
 405 0183 AA010000 		.4byte	0x1aa
 406 0187 0B       		.uleb128 0xb
 407 0188 01       		.uleb128 0x1
 408 0189 50       		.byte	0x50
 409 018a 01       		.uleb128 0x1
 410 018b 41       		.byte	0x41
 411 018c 0B       		.uleb128 0xb
 412 018d 01       		.uleb128 0x1
 413 018e 51       		.byte	0x51
 414 018f 05       		.uleb128 0x5
 415 0190 03       		.byte	0x3
 416 0191 00000000 		.4byte	pPixelArray
 417 0195 0B       		.uleb128 0xb
 418 0196 06       		.uleb128 0x6
 419 0197 52       		.byte	0x52
 420 0198 93       		.byte	0x93
 421 0199 04       		.uleb128 0x4
 422 019a 53       		.byte	0x53
 423 019b 93       		.byte	0x93
 424 019c 04       		.uleb128 0x4
 425 019d 0B       		.uleb128 0xb
 426 019e F4       		.byte	0xf4
 427 019f 25       		.uleb128 0x25
 428 01a0 08       		.byte	0x8
 429 01a1 9A999999 		.4byte	0x9999999a
 430 01a5 99992940 		.4byte	0x40299999
 431 01a9 00       		.byte	0
 432 01aa 0A       		.uleb128 0xa
 433 01ab 22000000 		.4byte	.LVL7
 434 01af C3030000 		.4byte	0x3c3
ARM GAS  C:\Users\LUCASI~1\AppData\Local\Temp\cc2ifH5R.s 			page 10


 435 01b3 C1010000 		.4byte	0x1c1
 436 01b7 0B       		.uleb128 0xb
 437 01b8 01       		.uleb128 0x1
 438 01b9 50       		.byte	0x50
 439 01ba 05       		.uleb128 0x5
 440 01bb 03       		.byte	0x3
 441 01bc 00000000 		.4byte	ball_int_handler
 442 01c0 00       		.byte	0
 443 01c1 09       		.uleb128 0x9
 444 01c2 28000000 		.4byte	.LVL8
 445 01c6 CE030000 		.4byte	0x3ce
 446 01ca 09       		.uleb128 0x9
 447 01cb 2E000000 		.4byte	.LVL9
 448 01cf D9030000 		.4byte	0x3d9
 449 01d3 09       		.uleb128 0x9
 450 01d4 32000000 		.4byte	.LVL10
 451 01d8 E4030000 		.4byte	0x3e4
 452 01dc 09       		.uleb128 0x9
 453 01dd 36000000 		.4byte	.LVL11
 454 01e1 EF030000 		.4byte	0x3ef
 455 01e5 09       		.uleb128 0x9
 456 01e6 3A000000 		.4byte	.LVL12
 457 01ea FA030000 		.4byte	0x3fa
 458 01ee 09       		.uleb128 0x9
 459 01ef 3E000000 		.4byte	.LVL13
 460 01f3 05040000 		.4byte	0x405
 461 01f7 09       		.uleb128 0x9
 462 01f8 4A000000 		.4byte	.LVL14
 463 01fc 10040000 		.4byte	0x410
 464 0200 0A       		.uleb128 0xa
 465 0201 50000000 		.4byte	.LVL15
 466 0205 A2030000 		.4byte	0x3a2
 467 0209 14020000 		.4byte	0x214
 468 020d 0B       		.uleb128 0xb
 469 020e 01       		.uleb128 0x1
 470 020f 50       		.byte	0x50
 471 0210 02       		.uleb128 0x2
 472 0211 08       		.byte	0x8
 473 0212 FA       		.byte	0xfa
 474 0213 00       		.byte	0
 475 0214 09       		.uleb128 0x9
 476 0215 5E000000 		.4byte	.LVL16
 477 0219 1B040000 		.4byte	0x41b
 478 021d 00       		.byte	0
 479 021e 0D       		.uleb128 0xd
 480 021f E0020000 		.4byte	.LASF24
 481 0223 05       		.byte	0x5
 482 0224 17       		.byte	0x17
 483 0225 81000000 		.4byte	0x81
 484 0229 05       		.uleb128 0x5
 485 022a 03       		.byte	0x3
 486 022b 00000000 		.4byte	NP_g_nNumberOfPixels
 487 022f 0D       		.uleb128 0xd
 488 0230 B2000000 		.4byte	.LASF25
 489 0234 05       		.byte	0x5
 490 0235 18       		.byte	0x18
 491 0236 9E000000 		.4byte	0x9e
ARM GAS  C:\Users\LUCASI~1\AppData\Local\Temp\cc2ifH5R.s 			page 11


 492 023a 05       		.uleb128 0x5
 493 023b 03       		.byte	0x3
 494 023c 00000000 		.4byte	NP_g_nDMA_Chan
 495 0240 0D       		.uleb128 0xd
 496 0241 D7000000 		.4byte	.LASF26
 497 0245 05       		.byte	0x5
 498 0246 19       		.byte	0x19
 499 0247 9E000000 		.4byte	0x9e
 500 024b 05       		.uleb128 0x5
 501 024c 03       		.byte	0x3
 502 024d 00000000 		.4byte	NP_g_nDMA_TD
 503 0251 0D       		.uleb128 0xd
 504 0252 EA000000 		.4byte	.LASF27
 505 0256 05       		.byte	0x5
 506 0257 1A       		.byte	0x1a
 507 0258 9E000000 		.4byte	0x9e
 508 025c 05       		.uleb128 0x5
 509 025d 03       		.byte	0x3
 510 025e 00000000 		.4byte	NP_g_bOwnsBuffer
 511 0262 0D       		.uleb128 0xd
 512 0263 5C000000 		.4byte	.LASF28
 513 0267 05       		.byte	0x5
 514 0268 1C       		.byte	0x1c
 515 0269 73020000 		.4byte	0x273
 516 026d 05       		.uleb128 0x5
 517 026e 03       		.byte	0x3
 518 026f 00000000 		.4byte	NP_g_pFrameBuffer
 519 0273 0E       		.uleb128 0xe
 520 0274 04       		.byte	0x4
 521 0275 B7000000 		.4byte	0xb7
 522 0279 0D       		.uleb128 0xd
 523 027a 98010000 		.4byte	.LASF29
 524 027e 05       		.byte	0x5
 525 027f 1D       		.byte	0x1d
 526 0280 81000000 		.4byte	0x81
 527 0284 05       		.uleb128 0x5
 528 0285 03       		.byte	0x3
 529 0286 00000000 		.4byte	NP_g_nFrameBufferSize
 530 028a 0F       		.uleb128 0xf
 531 028b 11030000 		.4byte	.LASF30
 532 028f 06       		.byte	0x6
 533 0290 2A06     		.2byte	0x62a
 534 0292 96020000 		.4byte	0x296
 535 0296 05       		.uleb128 0x5
 536 0297 93000000 		.4byte	0x93
 537 029b 10       		.uleb128 0x10
 538 029c 33000000 		.4byte	0x33
 539 02a0 AB020000 		.4byte	0x2ab
 540 02a4 11       		.uleb128 0x11
 541 02a5 C3000000 		.4byte	0xc3
 542 02a9 32       		.byte	0x32
 543 02aa 00       		.byte	0
 544 02ab 0D       		.uleb128 0xd
 545 02ac 6E000000 		.4byte	.LASF31
 546 02b0 07       		.byte	0x7
 547 02b1 09       		.byte	0x9
 548 02b2 9B020000 		.4byte	0x29b
ARM GAS  C:\Users\LUCASI~1\AppData\Local\Temp\cc2ifH5R.s 			page 12


 549 02b6 05       		.uleb128 0x5
 550 02b7 03       		.byte	0x3
 551 02b8 00000000 		.4byte	pPixelArray
 552 02bc 0D       		.uleb128 0xd
 553 02bd 0A000000 		.4byte	.LASF32
 554 02c1 08       		.byte	0x8
 555 02c2 01       		.byte	0x1
 556 02c3 7A000000 		.4byte	0x7a
 557 02c7 05       		.uleb128 0x5
 558 02c8 03       		.byte	0x3
 559 02c9 00000000 		.4byte	running_
 560 02cd 0D       		.uleb128 0xd
 561 02ce 83000000 		.4byte	.LASF33
 562 02d2 09       		.byte	0x9
 563 02d3 08       		.byte	0x8
 564 02d4 7A000000 		.4byte	0x7a
 565 02d8 05       		.uleb128 0x5
 566 02d9 03       		.byte	0x3
 567 02da 00000000 		.4byte	state
 568 02de 0D       		.uleb128 0xd
 569 02df C4020000 		.4byte	.LASF34
 570 02e3 09       		.byte	0x9
 571 02e4 09       		.byte	0x9
 572 02e5 7A000000 		.4byte	0x7a
 573 02e9 05       		.uleb128 0x5
 574 02ea 03       		.byte	0x3
 575 02eb 00000000 		.4byte	randState
 576 02ef 0D       		.uleb128 0xd
 577 02f0 2B000000 		.4byte	.LASF35
 578 02f4 0A       		.byte	0xa
 579 02f5 04       		.byte	0x4
 580 02f6 7A000000 		.4byte	0x7a
 581 02fa 05       		.uleb128 0x5
 582 02fb 03       		.byte	0x3
 583 02fc 00000000 		.4byte	rpiRunning
 584 0300 0D       		.uleb128 0xd
 585 0301 13000000 		.4byte	.LASF36
 586 0305 0B       		.byte	0xb
 587 0306 03       		.byte	0x3
 588 0307 88000000 		.4byte	0x88
 589 030b 05       		.uleb128 0x5
 590 030c 03       		.byte	0x3
 591 030d 00000000 		.4byte	result
 592 0311 10       		.uleb128 0x10
 593 0312 B0000000 		.4byte	0xb0
 594 0316 21030000 		.4byte	0x321
 595 031a 11       		.uleb128 0x11
 596 031b C3000000 		.4byte	0xc3
 597 031f FF       		.byte	0xff
 598 0320 00       		.byte	0
 599 0321 0D       		.uleb128 0xd
 600 0322 B4030000 		.4byte	.LASF37
 601 0326 0B       		.byte	0xb
 602 0327 04       		.byte	0x4
 603 0328 11030000 		.4byte	0x311
 604 032c 05       		.uleb128 0x5
 605 032d 03       		.byte	0x3
ARM GAS  C:\Users\LUCASI~1\AppData\Local\Temp\cc2ifH5R.s 			page 13


 606 032e 00000000 		.4byte	uartBuffer
 607 0332 0D       		.uleb128 0xd
 608 0333 1D020000 		.4byte	.LASF38
 609 0337 0B       		.byte	0xb
 610 0338 05       		.byte	0x5
 611 0339 88000000 		.4byte	0x88
 612 033d 05       		.uleb128 0x5
 613 033e 03       		.byte	0x3
 614 033f 00000000 		.4byte	measurement
 615 0343 0D       		.uleb128 0xd
 616 0344 B1020000 		.4byte	.LASF39
 617 0348 0B       		.byte	0xb
 618 0349 05       		.byte	0x5
 619 034a 88000000 		.4byte	0x88
 620 034e 05       		.uleb128 0x5
 621 034f 03       		.byte	0x3
 622 0350 00000000 		.4byte	count_ok
 623 0354 0D       		.uleb128 0xd
 624 0355 CE020000 		.4byte	.LASF40
 625 0359 0B       		.byte	0xb
 626 035a 05       		.byte	0x5
 627 035b 88000000 		.4byte	0x88
 628 035f 05       		.uleb128 0x5
 629 0360 03       		.byte	0x3
 630 0361 00000000 		.4byte	count_not_ok
 631 0365 0D       		.uleb128 0xd
 632 0366 D6010000 		.4byte	.LASF41
 633 036a 0B       		.byte	0xb
 634 036b 05       		.byte	0x5
 635 036c 88000000 		.4byte	0x88
 636 0370 05       		.uleb128 0x5
 637 0371 03       		.byte	0x3
 638 0372 00000000 		.4byte	status_scale
 639 0376 12       		.uleb128 0x12
 640 0377 00000000 		.4byte	.LASF42
 641 037b 00000000 		.4byte	.LASF42
 642 037f 09       		.byte	0x9
 643 0380 0F       		.byte	0xf
 644 0381 12       		.uleb128 0x12
 645 0382 CC000000 		.4byte	.LASF43
 646 0386 CC000000 		.4byte	.LASF43
 647 038a 0C       		.byte	0xc
 648 038b 05       		.byte	0x5
 649 038c 12       		.uleb128 0x12
 650 038d 4A010000 		.4byte	.LASF44
 651 0391 4A010000 		.4byte	.LASF44
 652 0395 07       		.byte	0x7
 653 0396 0D       		.byte	0xd
 654 0397 12       		.uleb128 0x12
 655 0398 7B010000 		.4byte	.LASF45
 656 039c 7B010000 		.4byte	.LASF45
 657 03a0 0A       		.byte	0xa
 658 03a1 09       		.byte	0x9
 659 03a2 12       		.uleb128 0x12
 660 03a3 AC030000 		.4byte	.LASF46
 661 03a7 AC030000 		.4byte	.LASF46
 662 03ab 0D       		.byte	0xd
ARM GAS  C:\Users\LUCASI~1\AppData\Local\Temp\cc2ifH5R.s 			page 14


 663 03ac 77       		.byte	0x77
 664 03ad 12       		.uleb128 0x12
 665 03ae FF020000 		.4byte	.LASF47
 666 03b2 FF020000 		.4byte	.LASF47
 667 03b6 08       		.byte	0x8
 668 03b7 04       		.byte	0x4
 669 03b8 12       		.uleb128 0x12
 670 03b9 7A000000 		.4byte	.LASF48
 671 03bd 7A000000 		.4byte	.LASF48
 672 03c1 05       		.byte	0x5
 673 03c2 26       		.byte	0x26
 674 03c3 12       		.uleb128 0x12
 675 03c4 9C000000 		.4byte	.LASF49
 676 03c8 9C000000 		.4byte	.LASF49
 677 03cc 0E       		.byte	0xe
 678 03cd 18       		.byte	0x18
 679 03ce 12       		.uleb128 0x12
 680 03cf 36000000 		.4byte	.LASF50
 681 03d3 36000000 		.4byte	.LASF50
 682 03d7 0F       		.byte	0xf
 683 03d8 18       		.byte	0x18
 684 03d9 12       		.uleb128 0x12
 685 03da 29020000 		.4byte	.LASF51
 686 03de 29020000 		.4byte	.LASF51
 687 03e2 10       		.byte	0x10
 688 03e3 18       		.byte	0x18
 689 03e4 12       		.uleb128 0x12
 690 03e5 3B010000 		.4byte	.LASF52
 691 03e9 3B010000 		.4byte	.LASF52
 692 03ed 11       		.byte	0x11
 693 03ee 0B       		.byte	0xb
 694 03ef 12       		.uleb128 0x12
 695 03f0 E3010000 		.4byte	.LASF53
 696 03f4 E3010000 		.4byte	.LASF53
 697 03f8 0A       		.byte	0xa
 698 03f9 0D       		.byte	0xd
 699 03fa 12       		.uleb128 0x12
 700 03fb 2A010000 		.4byte	.LASF54
 701 03ff 2A010000 		.4byte	.LASF54
 702 0403 0C       		.byte	0xc
 703 0404 04       		.byte	0x4
 704 0405 12       		.uleb128 0x12
 705 0406 4C000000 		.4byte	.LASF55
 706 040a 4C000000 		.4byte	.LASF55
 707 040e 12       		.byte	0x12
 708 040f 34       		.byte	0x34
 709 0410 12       		.uleb128 0x12
 710 0411 11020000 		.4byte	.LASF56
 711 0415 11020000 		.4byte	.LASF56
 712 0419 09       		.byte	0x9
 713 041a 0B       		.byte	0xb
 714 041b 12       		.uleb128 0x12
 715 041c FB000000 		.4byte	.LASF57
 716 0420 FB000000 		.4byte	.LASF57
 717 0424 08       		.byte	0x8
 718 0425 03       		.byte	0x3
 719 0426 00       		.byte	0
ARM GAS  C:\Users\LUCASI~1\AppData\Local\Temp\cc2ifH5R.s 			page 15


 720              		.section	.debug_abbrev,"",%progbits
 721              	.Ldebug_abbrev0:
 722 0000 01       		.uleb128 0x1
 723 0001 11       		.uleb128 0x11
 724 0002 01       		.byte	0x1
 725 0003 25       		.uleb128 0x25
 726 0004 0E       		.uleb128 0xe
 727 0005 13       		.uleb128 0x13
 728 0006 0B       		.uleb128 0xb
 729 0007 03       		.uleb128 0x3
 730 0008 0E       		.uleb128 0xe
 731 0009 1B       		.uleb128 0x1b
 732 000a 0E       		.uleb128 0xe
 733 000b 55       		.uleb128 0x55
 734 000c 17       		.uleb128 0x17
 735 000d 11       		.uleb128 0x11
 736 000e 01       		.uleb128 0x1
 737 000f 10       		.uleb128 0x10
 738 0010 17       		.uleb128 0x17
 739 0011 00       		.byte	0
 740 0012 00       		.byte	0
 741 0013 02       		.uleb128 0x2
 742 0014 24       		.uleb128 0x24
 743 0015 00       		.byte	0
 744 0016 0B       		.uleb128 0xb
 745 0017 0B       		.uleb128 0xb
 746 0018 3E       		.uleb128 0x3e
 747 0019 0B       		.uleb128 0xb
 748 001a 03       		.uleb128 0x3
 749 001b 0E       		.uleb128 0xe
 750 001c 00       		.byte	0
 751 001d 00       		.byte	0
 752 001e 03       		.uleb128 0x3
 753 001f 16       		.uleb128 0x16
 754 0020 00       		.byte	0
 755 0021 03       		.uleb128 0x3
 756 0022 0E       		.uleb128 0xe
 757 0023 3A       		.uleb128 0x3a
 758 0024 0B       		.uleb128 0xb
 759 0025 3B       		.uleb128 0x3b
 760 0026 0B       		.uleb128 0xb
 761 0027 49       		.uleb128 0x49
 762 0028 13       		.uleb128 0x13
 763 0029 00       		.byte	0
 764 002a 00       		.byte	0
 765 002b 04       		.uleb128 0x4
 766 002c 24       		.uleb128 0x24
 767 002d 00       		.byte	0
 768 002e 0B       		.uleb128 0xb
 769 002f 0B       		.uleb128 0xb
 770 0030 3E       		.uleb128 0x3e
 771 0031 0B       		.uleb128 0xb
 772 0032 03       		.uleb128 0x3
 773 0033 08       		.uleb128 0x8
 774 0034 00       		.byte	0
 775 0035 00       		.byte	0
 776 0036 05       		.uleb128 0x5
ARM GAS  C:\Users\LUCASI~1\AppData\Local\Temp\cc2ifH5R.s 			page 16


 777 0037 35       		.uleb128 0x35
 778 0038 00       		.byte	0
 779 0039 49       		.uleb128 0x49
 780 003a 13       		.uleb128 0x13
 781 003b 00       		.byte	0
 782 003c 00       		.byte	0
 783 003d 06       		.uleb128 0x6
 784 003e 04       		.uleb128 0x4
 785 003f 01       		.byte	0x1
 786 0040 0B       		.uleb128 0xb
 787 0041 0B       		.uleb128 0xb
 788 0042 49       		.uleb128 0x49
 789 0043 13       		.uleb128 0x13
 790 0044 3A       		.uleb128 0x3a
 791 0045 0B       		.uleb128 0xb
 792 0046 3B       		.uleb128 0x3b
 793 0047 0B       		.uleb128 0xb
 794 0048 01       		.uleb128 0x1
 795 0049 13       		.uleb128 0x13
 796 004a 00       		.byte	0
 797 004b 00       		.byte	0
 798 004c 07       		.uleb128 0x7
 799 004d 28       		.uleb128 0x28
 800 004e 00       		.byte	0
 801 004f 03       		.uleb128 0x3
 802 0050 0E       		.uleb128 0xe
 803 0051 1C       		.uleb128 0x1c
 804 0052 0B       		.uleb128 0xb
 805 0053 00       		.byte	0
 806 0054 00       		.byte	0
 807 0055 08       		.uleb128 0x8
 808 0056 2E       		.uleb128 0x2e
 809 0057 01       		.byte	0x1
 810 0058 3F       		.uleb128 0x3f
 811 0059 19       		.uleb128 0x19
 812 005a 03       		.uleb128 0x3
 813 005b 0E       		.uleb128 0xe
 814 005c 3A       		.uleb128 0x3a
 815 005d 0B       		.uleb128 0xb
 816 005e 3B       		.uleb128 0x3b
 817 005f 0B       		.uleb128 0xb
 818 0060 27       		.uleb128 0x27
 819 0061 19       		.uleb128 0x19
 820 0062 11       		.uleb128 0x11
 821 0063 01       		.uleb128 0x1
 822 0064 12       		.uleb128 0x12
 823 0065 06       		.uleb128 0x6
 824 0066 40       		.uleb128 0x40
 825 0067 18       		.uleb128 0x18
 826 0068 9742     		.uleb128 0x2117
 827 006a 19       		.uleb128 0x19
 828 006b 01       		.uleb128 0x1
 829 006c 13       		.uleb128 0x13
 830 006d 00       		.byte	0
 831 006e 00       		.byte	0
 832 006f 09       		.uleb128 0x9
 833 0070 898201   		.uleb128 0x4109
ARM GAS  C:\Users\LUCASI~1\AppData\Local\Temp\cc2ifH5R.s 			page 17


 834 0073 00       		.byte	0
 835 0074 11       		.uleb128 0x11
 836 0075 01       		.uleb128 0x1
 837 0076 31       		.uleb128 0x31
 838 0077 13       		.uleb128 0x13
 839 0078 00       		.byte	0
 840 0079 00       		.byte	0
 841 007a 0A       		.uleb128 0xa
 842 007b 898201   		.uleb128 0x4109
 843 007e 01       		.byte	0x1
 844 007f 11       		.uleb128 0x11
 845 0080 01       		.uleb128 0x1
 846 0081 31       		.uleb128 0x31
 847 0082 13       		.uleb128 0x13
 848 0083 01       		.uleb128 0x1
 849 0084 13       		.uleb128 0x13
 850 0085 00       		.byte	0
 851 0086 00       		.byte	0
 852 0087 0B       		.uleb128 0xb
 853 0088 8A8201   		.uleb128 0x410a
 854 008b 00       		.byte	0
 855 008c 02       		.uleb128 0x2
 856 008d 18       		.uleb128 0x18
 857 008e 9142     		.uleb128 0x2111
 858 0090 18       		.uleb128 0x18
 859 0091 00       		.byte	0
 860 0092 00       		.byte	0
 861 0093 0C       		.uleb128 0xc
 862 0094 2E       		.uleb128 0x2e
 863 0095 01       		.byte	0x1
 864 0096 3F       		.uleb128 0x3f
 865 0097 19       		.uleb128 0x19
 866 0098 03       		.uleb128 0x3
 867 0099 0E       		.uleb128 0xe
 868 009a 3A       		.uleb128 0x3a
 869 009b 0B       		.uleb128 0xb
 870 009c 3B       		.uleb128 0x3b
 871 009d 0B       		.uleb128 0xb
 872 009e 27       		.uleb128 0x27
 873 009f 19       		.uleb128 0x19
 874 00a0 49       		.uleb128 0x49
 875 00a1 13       		.uleb128 0x13
 876 00a2 8701     		.uleb128 0x87
 877 00a4 19       		.uleb128 0x19
 878 00a5 11       		.uleb128 0x11
 879 00a6 01       		.uleb128 0x1
 880 00a7 12       		.uleb128 0x12
 881 00a8 06       		.uleb128 0x6
 882 00a9 40       		.uleb128 0x40
 883 00aa 18       		.uleb128 0x18
 884 00ab 9742     		.uleb128 0x2117
 885 00ad 19       		.uleb128 0x19
 886 00ae 01       		.uleb128 0x1
 887 00af 13       		.uleb128 0x13
 888 00b0 00       		.byte	0
 889 00b1 00       		.byte	0
 890 00b2 0D       		.uleb128 0xd
ARM GAS  C:\Users\LUCASI~1\AppData\Local\Temp\cc2ifH5R.s 			page 18


 891 00b3 34       		.uleb128 0x34
 892 00b4 00       		.byte	0
 893 00b5 03       		.uleb128 0x3
 894 00b6 0E       		.uleb128 0xe
 895 00b7 3A       		.uleb128 0x3a
 896 00b8 0B       		.uleb128 0xb
 897 00b9 3B       		.uleb128 0x3b
 898 00ba 0B       		.uleb128 0xb
 899 00bb 49       		.uleb128 0x49
 900 00bc 13       		.uleb128 0x13
 901 00bd 3F       		.uleb128 0x3f
 902 00be 19       		.uleb128 0x19
 903 00bf 02       		.uleb128 0x2
 904 00c0 18       		.uleb128 0x18
 905 00c1 00       		.byte	0
 906 00c2 00       		.byte	0
 907 00c3 0E       		.uleb128 0xe
 908 00c4 0F       		.uleb128 0xf
 909 00c5 00       		.byte	0
 910 00c6 0B       		.uleb128 0xb
 911 00c7 0B       		.uleb128 0xb
 912 00c8 49       		.uleb128 0x49
 913 00c9 13       		.uleb128 0x13
 914 00ca 00       		.byte	0
 915 00cb 00       		.byte	0
 916 00cc 0F       		.uleb128 0xf
 917 00cd 34       		.uleb128 0x34
 918 00ce 00       		.byte	0
 919 00cf 03       		.uleb128 0x3
 920 00d0 0E       		.uleb128 0xe
 921 00d1 3A       		.uleb128 0x3a
 922 00d2 0B       		.uleb128 0xb
 923 00d3 3B       		.uleb128 0x3b
 924 00d4 05       		.uleb128 0x5
 925 00d5 49       		.uleb128 0x49
 926 00d6 13       		.uleb128 0x13
 927 00d7 3F       		.uleb128 0x3f
 928 00d8 19       		.uleb128 0x19
 929 00d9 3C       		.uleb128 0x3c
 930 00da 19       		.uleb128 0x19
 931 00db 00       		.byte	0
 932 00dc 00       		.byte	0
 933 00dd 10       		.uleb128 0x10
 934 00de 01       		.uleb128 0x1
 935 00df 01       		.byte	0x1
 936 00e0 49       		.uleb128 0x49
 937 00e1 13       		.uleb128 0x13
 938 00e2 01       		.uleb128 0x1
 939 00e3 13       		.uleb128 0x13
 940 00e4 00       		.byte	0
 941 00e5 00       		.byte	0
 942 00e6 11       		.uleb128 0x11
 943 00e7 21       		.uleb128 0x21
 944 00e8 00       		.byte	0
 945 00e9 49       		.uleb128 0x49
 946 00ea 13       		.uleb128 0x13
 947 00eb 2F       		.uleb128 0x2f
ARM GAS  C:\Users\LUCASI~1\AppData\Local\Temp\cc2ifH5R.s 			page 19


 948 00ec 0B       		.uleb128 0xb
 949 00ed 00       		.byte	0
 950 00ee 00       		.byte	0
 951 00ef 12       		.uleb128 0x12
 952 00f0 2E       		.uleb128 0x2e
 953 00f1 00       		.byte	0
 954 00f2 3F       		.uleb128 0x3f
 955 00f3 19       		.uleb128 0x19
 956 00f4 3C       		.uleb128 0x3c
 957 00f5 19       		.uleb128 0x19
 958 00f6 6E       		.uleb128 0x6e
 959 00f7 0E       		.uleb128 0xe
 960 00f8 03       		.uleb128 0x3
 961 00f9 0E       		.uleb128 0xe
 962 00fa 3A       		.uleb128 0x3a
 963 00fb 0B       		.uleb128 0xb
 964 00fc 3B       		.uleb128 0x3b
 965 00fd 0B       		.uleb128 0xb
 966 00fe 00       		.byte	0
 967 00ff 00       		.byte	0
 968 0100 00       		.byte	0
 969              		.section	.debug_aranges,"",%progbits
 970 0000 24000000 		.4byte	0x24
 971 0004 0200     		.2byte	0x2
 972 0006 00000000 		.4byte	.Ldebug_info0
 973 000a 04       		.byte	0x4
 974 000b 00       		.byte	0
 975 000c 0000     		.2byte	0
 976 000e 0000     		.2byte	0
 977 0010 00000000 		.4byte	.LFB65
 978 0014 38000000 		.4byte	.LFE65-.LFB65
 979 0018 00000000 		.4byte	.LFB64
 980 001c 8C000000 		.4byte	.LFE64-.LFB64
 981 0020 00000000 		.4byte	0
 982 0024 00000000 		.4byte	0
 983              		.section	.debug_ranges,"",%progbits
 984              	.Ldebug_ranges0:
 985 0000 00000000 		.4byte	.LFB65
 986 0004 38000000 		.4byte	.LFE65
 987 0008 00000000 		.4byte	.LFB64
 988 000c 8C000000 		.4byte	.LFE64
 989 0010 00000000 		.4byte	0
 990 0014 00000000 		.4byte	0
 991              		.section	.debug_line,"",%progbits
 992              	.Ldebug_line0:
 993 0000 56020000 		.section	.debug_str,"MS",%progbits,1
 993      02001902 
 993      00000201 
 993      FB0E0D00 
 993      01010101 
 994              	.LASF42:
 995 0000 6D6F746F 		.ascii	"motorStop\000"
 995      7253746F 
 995      7000
 996              	.LASF32:
 997 000a 72756E6E 		.ascii	"running_\000"
 997      696E675F 
ARM GAS  C:\Users\LUCASI~1\AppData\Local\Temp\cc2ifH5R.s 			page 20


 997      00
 998              	.LASF36:
 999 0013 72657375 		.ascii	"result\000"
 999      6C7400
 1000              	.LASF61:
 1001 001a 62616C6C 		.ascii	"ball_int_handler\000"
 1001      5F696E74 
 1001      5F68616E 
 1001      646C6572 
 1001      00
 1002              	.LASF35:
 1003 002b 72706952 		.ascii	"rpiRunning\000"
 1003      756E6E69 
 1003      6E6700
 1004              	.LASF50:
 1005 0036 6973725F 		.ascii	"isr_rpi_start_StartEx\000"
 1005      7270695F 
 1005      73746172 
 1005      745F5374 
 1005      61727445 
 1006              	.LASF55:
 1007 004c 4144435F 		.ascii	"ADC_SAR_1_Start\000"
 1007      5341525F 
 1007      315F5374 
 1007      61727400 
 1008              	.LASF28:
 1009 005c 4E505F67 		.ascii	"NP_g_pFrameBuffer\000"
 1009      5F704672 
 1009      616D6542 
 1009      75666665 
 1009      7200
 1010              	.LASF31:
 1011 006e 70506978 		.ascii	"pPixelArray\000"
 1011      656C4172 
 1011      72617900 
 1012              	.LASF48:
 1013 007a 4E505F53 		.ascii	"NP_Start\000"
 1013      74617274 
 1013      00
 1014              	.LASF33:
 1015 0083 73746174 		.ascii	"state\000"
 1015      6500
 1016              	.LASF3:
 1017 0089 73686F72 		.ascii	"short int\000"
 1017      7420696E 
 1017      7400
 1018              	.LASF18:
 1019 0093 73697A65 		.ascii	"sizetype\000"
 1019      74797065 
 1019      00
 1020              	.LASF49:
 1021 009c 62616C6C 		.ascii	"ball_int_StartEx\000"
 1021      5F696E74 
 1021      5F537461 
 1021      72744578 
 1021      00
 1022              	.LASF62:
ARM GAS  C:\Users\LUCASI~1\AppData\Local\Temp\cc2ifH5R.s 			page 21


 1023 00ad 6D61696E 		.ascii	"main\000"
 1023      00
 1024              	.LASF25:
 1025 00b2 4E505F67 		.ascii	"NP_g_nDMA_Chan\000"
 1025      5F6E444D 
 1025      415F4368 
 1025      616E00
 1026              	.LASF5:
 1027 00c1 5F5F7569 		.ascii	"__uint16_t\000"
 1027      6E743136 
 1027      5F7400
 1028              	.LASF43:
 1029 00cc 73656E64 		.ascii	"sendToSOMO\000"
 1029      546F534F 
 1029      4D4F00
 1030              	.LASF26:
 1031 00d7 4E505F67 		.ascii	"NP_g_nDMA_TD\000"
 1031      5F6E444D 
 1031      415F5444 
 1031      00
 1032              	.LASF14:
 1033 00e4 75696E74 		.ascii	"uint8\000"
 1033      3800
 1034              	.LASF27:
 1035 00ea 4E505F67 		.ascii	"NP_g_bOwnsBuffer\000"
 1035      5F624F77 
 1035      6E734275 
 1035      66666572 
 1035      00
 1036              	.LASF57:
 1037 00fb 77616974 		.ascii	"waitingStateStart\000"
 1037      696E6753 
 1037      74617465 
 1037      53746172 
 1037      7400
 1038              	.LASF15:
 1039 010d 666C6F61 		.ascii	"float\000"
 1039      7400
 1040              	.LASF9:
 1041 0113 6C6F6E67 		.ascii	"long long int\000"
 1041      206C6F6E 
 1041      6720696E 
 1041      7400
 1042              	.LASF7:
 1043 0121 6C6F6E67 		.ascii	"long int\000"
 1043      20696E74 
 1043      00
 1044              	.LASF54:
 1045 012a 736F756E 		.ascii	"soundInit\000"
 1045      64496E69 
 1045      7400
 1046              	.LASF21:
 1047 0134 43555048 		.ascii	"CUPHIT\000"
 1047      495400
 1048              	.LASF52:
 1049 013b 65646765 		.ascii	"edgeSensorInit\000"
 1049      53656E73 
ARM GAS  C:\Users\LUCASI~1\AppData\Local\Temp\cc2ifH5R.s 			page 22


 1049      6F72496E 
 1049      697400
 1050              	.LASF44:
 1051 014a 6C656448 		.ascii	"ledHandler\000"
 1051      616E646C 
 1051      657200
 1052              	.LASF17:
 1053 0155 6C6F6E67 		.ascii	"long double\000"
 1053      20646F75 
 1053      626C6500 
 1054              	.LASF2:
 1055 0161 756E7369 		.ascii	"unsigned char\000"
 1055      676E6564 
 1055      20636861 
 1055      7200
 1056              	.LASF1:
 1057 016f 7369676E 		.ascii	"signed char\000"
 1057      65642063 
 1057      68617200 
 1058              	.LASF45:
 1059 017b 73636F72 		.ascii	"score\000"
 1059      6500
 1060              	.LASF10:
 1061 0181 6C6F6E67 		.ascii	"long long unsigned int\000"
 1061      206C6F6E 
 1061      6720756E 
 1061      7369676E 
 1061      65642069 
 1062              	.LASF29:
 1063 0198 4E505F67 		.ascii	"NP_g_nFrameBufferSize\000"
 1063      5F6E4672 
 1063      616D6542 
 1063      75666665 
 1063      7253697A 
 1064              	.LASF11:
 1065 01ae 756E7369 		.ascii	"unsigned int\000"
 1065      676E6564 
 1065      20696E74 
 1065      00
 1066              	.LASF12:
 1067 01bb 75696E74 		.ascii	"uint16_t\000"
 1067      31365F74 
 1067      00
 1068              	.LASF8:
 1069 01c4 6C6F6E67 		.ascii	"long unsigned int\000"
 1069      20756E73 
 1069      69676E65 
 1069      6420696E 
 1069      7400
 1070              	.LASF41:
 1071 01d6 73746174 		.ascii	"status_scale\000"
 1071      75735F73 
 1071      63616C65 
 1071      00
 1072              	.LASF53:
 1073 01e3 72706949 		.ascii	"rpiInit\000"
 1073      6E697400 
ARM GAS  C:\Users\LUCASI~1\AppData\Local\Temp\cc2ifH5R.s 			page 23


 1074              	.LASF4:
 1075 01eb 73686F72 		.ascii	"short unsigned int\000"
 1075      7420756E 
 1075      7369676E 
 1075      65642069 
 1075      6E7400
 1076              	.LASF19:
 1077 01fe 53544152 		.ascii	"START\000"
 1077      5400
 1078              	.LASF16:
 1079 0204 63686172 		.ascii	"char\000"
 1079      00
 1080              	.LASF13:
 1081 0209 696E7433 		.ascii	"int32_t\000"
 1081      325F7400 
 1082              	.LASF56:
 1083 0211 73706565 		.ascii	"speedSelect\000"
 1083      6453656C 
 1083      65637400 
 1084              	.LASF38:
 1085 021d 6D656173 		.ascii	"measurement\000"
 1085      7572656D 
 1085      656E7400 
 1086              	.LASF51:
 1087 0229 6973725F 		.ascii	"isr_rpi_stop_StartEx\000"
 1087      7270695F 
 1087      73746F70 
 1087      5F537461 
 1087      72744578 
 1088              	.LASF60:
 1089 023e 433A5C55 		.ascii	"C:\\Users\\lucasiversen\\Desktop\\3semesterProjekt_"
 1089      73657273 
 1089      5C6C7563 
 1089      61736976 
 1089      65727365 
 1090 026d 7265706F 		.ascii	"repository\\PSoC kode\\NeoPixel\\NeoPixel.cydsn\000"
 1090      7369746F 
 1090      72795C50 
 1090      536F4320 
 1090      6B6F6465 
 1091              	.LASF59:
 1092 029a 6D61696E 		.ascii	"main.c\000"
 1092      2E6300
 1093              	.LASF23:
 1094 02a1 57454947 		.ascii	"WEIGHTON\000"
 1094      48544F4E 
 1094      00
 1095              	.LASF0:
 1096 02aa 646F7562 		.ascii	"double\000"
 1096      6C6500
 1097              	.LASF39:
 1098 02b1 636F756E 		.ascii	"count_ok\000"
 1098      745F6F6B 
 1098      00
 1099              	.LASF6:
 1100 02ba 5F5F696E 		.ascii	"__int32_t\000"
 1100      7433325F 
ARM GAS  C:\Users\LUCASI~1\AppData\Local\Temp\cc2ifH5R.s 			page 24


 1100      7400
 1101              	.LASF34:
 1102 02c4 72616E64 		.ascii	"randState\000"
 1102      53746174 
 1102      6500
 1103              	.LASF40:
 1104 02ce 636F756E 		.ascii	"count_not_ok\000"
 1104      745F6E6F 
 1104      745F6F6B 
 1104      00
 1105              	.LASF20:
 1106 02db 53544F50 		.ascii	"STOP\000"
 1106      00
 1107              	.LASF24:
 1108 02e0 4E505F67 		.ascii	"NP_g_nNumberOfPixels\000"
 1108      5F6E4E75 
 1108      6D626572 
 1108      4F665069 
 1108      78656C73 
 1109              	.LASF22:
 1110 02f5 57454947 		.ascii	"WEIGHTOFF\000"
 1110      48544F46 
 1110      4600
 1111              	.LASF47:
 1112 02ff 77616974 		.ascii	"waitingStateDrink\000"
 1112      696E6753 
 1112      74617465 
 1112      4472696E 
 1112      6B00
 1113              	.LASF30:
 1114 0311 49544D5F 		.ascii	"ITM_RxBuffer\000"
 1114      52784275 
 1114      66666572 
 1114      00
 1115              	.LASF58:
 1116 031e 474E5520 		.ascii	"GNU C11 5.4.1 20160609 (release) [ARM/embedded-5-br"
 1116      43313120 
 1116      352E342E 
 1116      31203230 
 1116      31363036 
 1117 0351 616E6368 		.ascii	"anch revision 237715] -mcpu=cortex-m3 -mthumb -g -O"
 1117      20726576 
 1117      6973696F 
 1117      6E203233 
 1117      37373135 
 1118 0384 67202D66 		.ascii	"g -ffunction-sections -ffat-lto-objects\000"
 1118      66756E63 
 1118      74696F6E 
 1118      2D736563 
 1118      74696F6E 
 1119              	.LASF46:
 1120 03ac 43794465 		.ascii	"CyDelay\000"
 1120      6C617900 
 1121              	.LASF37:
 1122 03b4 75617274 		.ascii	"uartBuffer\000"
 1122      42756666 
 1122      657200
ARM GAS  C:\Users\LUCASI~1\AppData\Local\Temp\cc2ifH5R.s 			page 25


 1123              		.ident	"GCC: (GNU Tools for ARM Embedded Processors) 5.4.1 20160609 (release) [ARM/embedded-5-bran
