ARM GAS  C:\Users\LUCASI~1\AppData\Local\Temp\ccirDYhi.s 			page 1


   1              		.syntax unified
   2              		.cpu cortex-m3
   3              		.fpu softvfp
   4              		.eabi_attribute 20, 1
   5              		.eabi_attribute 21, 1
   6              		.eabi_attribute 23, 3
   7              		.eabi_attribute 24, 1
   8              		.eabi_attribute 25, 1
   9              		.eabi_attribute 26, 1
  10              		.eabi_attribute 30, 1
  11              		.eabi_attribute 34, 1
  12              		.eabi_attribute 18, 4
  13              		.thumb
  14              		.syntax unified
  15              		.file	"MotorApp.c"
  16              		.text
  17              	.Ltext0:
  18              		.cfi_sections	.debug_frame
  19              		.section	.text.driveForwards,"ax",%progbits
  20              		.align	2
  21              		.global	driveForwards
  22              		.thumb
  23              		.thumb_func
  24              		.type	driveForwards, %function
  25              	driveForwards:
  26              	.LFB66:
  27              		.file 1 "MotorApp.c"
   1:MotorApp.c    **** #include "MotorApp.h"
   2:MotorApp.c    **** 
   3:MotorApp.c    **** 
   4:MotorApp.c    **** /*
   5:MotorApp.c    **** Dette er et to dimensionelt array der indeholder de forskellige duty cycles der kan sendes til de t
   6:MotorApp.c    **** og vil altid køre således. Ved at skifte rundt rundt i første dimension vil beerdroid dreje endt
   7:MotorApp.c    **** */
   8:MotorApp.c    **** int driveState[7][2] = {{10, 100},
   9:MotorApp.c    ****                         {30, 100},
  10:MotorApp.c    ****                         {50, 100},
  11:MotorApp.c    ****                         {70, 100},
  12:MotorApp.c    ****                         {70, 80},
  13:MotorApp.c    ****                         {70, 60},
  14:MotorApp.c    ****                         {70, 40}};
  15:MotorApp.c    **** 
  16:MotorApp.c    **** 
  17:MotorApp.c    **** //denne funktion skifter tilfældigt rundt i driveState arrayet
  18:MotorApp.c    **** void speedSelect()
  19:MotorApp.c    **** {    
  20:MotorApp.c    ****     if(randState == 0)                      //Når randstate er 0, laves en ny randstate værdi ime
  21:MotorApp.c    ****     {
  22:MotorApp.c    ****         srand(time(0)); 
  23:MotorApp.c    ****         randState = rand() % 7 - 3;
  24:MotorApp.c    ****     }
  25:MotorApp.c    ****     else if(randState < 0)                  //Hvis randstate er under 0 rykkes en gang ned i arraye
  26:MotorApp.c    ****     {
  27:MotorApp.c    ****         changeState(-1);
  28:MotorApp.c    ****         randState++;                        //randsdtate forøges så den til sidst rammer 0 og der
  29:MotorApp.c    ****     }
  30:MotorApp.c    ****     else if(randState > 0)                  //Hvis randstate er over 0 rykkes en gang op i arrayet
ARM GAS  C:\Users\LUCASI~1\AppData\Local\Temp\ccirDYhi.s 			page 2


  31:MotorApp.c    ****     {
  32:MotorApp.c    ****         changeState(1);
  33:MotorApp.c    ****         randState--;                        //randsdtate trækkes 1 fra så den til sidst rammer 0 
  34:MotorApp.c    ****     }
  35:MotorApp.c    **** }
  36:MotorApp.c    **** 
  37:MotorApp.c    **** void changeState(int change)                //Denne funktion sikre at state ikke forlader driveStat
  38:MotorApp.c    **** {
  39:MotorApp.c    ****   
  40:MotorApp.c    ****     
  41:MotorApp.c    ****     if(change == 1 || change == -1)
  42:MotorApp.c    ****     {
  43:MotorApp.c    ****         if(state > 0 && change == -1)
  44:MotorApp.c    ****         {
  45:MotorApp.c    ****             state += change;
  46:MotorApp.c    ****             changeSpeed();
  47:MotorApp.c    ****         }
  48:MotorApp.c    ****         else if(state < 6 && change == 1)
  49:MotorApp.c    ****         {
  50:MotorApp.c    ****             state += change;
  51:MotorApp.c    ****             changeSpeed();
  52:MotorApp.c    ****         } 
  53:MotorApp.c    ****     }
  54:MotorApp.c    **** }
  55:MotorApp.c    **** 
  56:MotorApp.c    **** 
  57:MotorApp.c    **** void driveForwards()                        //Denne funktion sætter motoren til at køre fremad
  58:MotorApp.c    **** {
  28              		.loc 1 58 0
  29              		.cfi_startproc
  30              		@ args = 0, pretend = 0, frame = 0
  31              		@ frame_needed = 0, uses_anonymous_args = 0
  32 0000 08B5     		push	{r3, lr}
  33              		.cfi_def_cfa_offset 8
  34              		.cfi_offset 3, -8
  35              		.cfi_offset 14, -4
  59:MotorApp.c    ****     if(running_ == 1)
  36              		.loc 1 59 0
  37 0002 0F4B     		ldr	r3, .L4
  38 0004 1B68     		ldr	r3, [r3]
  39 0006 012B     		cmp	r3, #1
  40 0008 19D1     		bne	.L1
  60:MotorApp.c    ****     {
  61:MotorApp.c    ****     motorPWM_1_Stop();
  41              		.loc 1 61 0
  42 000a FFF7FEFF 		bl	motorPWM_1_Stop
  43              	.LVL0:
  62:MotorApp.c    ****     motorPWM_2_Stop();
  44              		.loc 1 62 0
  45 000e FFF7FEFF 		bl	motorPWM_2_Stop
  46              	.LVL1:
  63:MotorApp.c    ****     
  64:MotorApp.c    ****     Pin1_dir1_Write(0);
  47              		.loc 1 64 0
  48 0012 0020     		movs	r0, #0
  49 0014 FFF7FEFF 		bl	Pin1_dir1_Write
  50              	.LVL2:
ARM GAS  C:\Users\LUCASI~1\AppData\Local\Temp\ccirDYhi.s 			page 3


  65:MotorApp.c    ****     Pin1_dir2_Write(1);
  51              		.loc 1 65 0
  52 0018 0120     		movs	r0, #1
  53 001a FFF7FEFF 		bl	Pin1_dir2_Write
  54              	.LVL3:
  66:MotorApp.c    ****     Pin2_dir1_Write(0);
  55              		.loc 1 66 0
  56 001e 0020     		movs	r0, #0
  57 0020 FFF7FEFF 		bl	Pin2_dir1_Write
  58              	.LVL4:
  67:MotorApp.c    ****     Pin2_dir2_Write(1);
  59              		.loc 1 67 0
  60 0024 0120     		movs	r0, #1
  61 0026 FFF7FEFF 		bl	Pin2_dir2_Write
  62              	.LVL5:
  68:MotorApp.c    ****     
  69:MotorApp.c    ****     
  70:MotorApp.c    ****     motorPWM_1_WriteCompare(80); //Set speed to current drive state on PWM 1
  63              		.loc 1 70 0
  64 002a 5020     		movs	r0, #80
  65 002c FFF7FEFF 		bl	motorPWM_1_WriteCompare
  66              	.LVL6:
  71:MotorApp.c    ****     motorPWM_2_WriteCompare(80); //Set speed to current drive state on PWM 2
  67              		.loc 1 71 0
  68 0030 5020     		movs	r0, #80
  69 0032 FFF7FEFF 		bl	motorPWM_2_WriteCompare
  70              	.LVL7:
  72:MotorApp.c    ****     
  73:MotorApp.c    ****     motorPWM_1_Start();
  71              		.loc 1 73 0
  72 0036 FFF7FEFF 		bl	motorPWM_1_Start
  73              	.LVL8:
  74:MotorApp.c    ****     motorPWM_2_Start();
  74              		.loc 1 74 0
  75 003a FFF7FEFF 		bl	motorPWM_2_Start
  76              	.LVL9:
  77              	.L1:
  78 003e 08BD     		pop	{r3, pc}
  79              	.L5:
  80              		.align	2
  81              	.L4:
  82 0040 00000000 		.word	running_
  83              		.cfi_endproc
  84              	.LFE66:
  85              		.size	driveForwards, .-driveForwards
  86              		.section	.text.driveBackwards,"ax",%progbits
  87              		.align	2
  88              		.global	driveBackwards
  89              		.thumb
  90              		.thumb_func
  91              		.type	driveBackwards, %function
  92              	driveBackwards:
  93              	.LFB67:
  75:MotorApp.c    ****     }
  76:MotorApp.c    **** }
  77:MotorApp.c    **** 
  78:MotorApp.c    **** void driveBackwards()                       //Denne funktion sætter motoren til at køre bagud
ARM GAS  C:\Users\LUCASI~1\AppData\Local\Temp\ccirDYhi.s 			page 4


  79:MotorApp.c    **** {
  94              		.loc 1 79 0
  95              		.cfi_startproc
  96              		@ args = 0, pretend = 0, frame = 0
  97              		@ frame_needed = 0, uses_anonymous_args = 0
  98 0000 08B5     		push	{r3, lr}
  99              		.cfi_def_cfa_offset 8
 100              		.cfi_offset 3, -8
 101              		.cfi_offset 14, -4
  80:MotorApp.c    ****     if(running_ == 1)
 102              		.loc 1 80 0
 103 0002 0F4B     		ldr	r3, .L9
 104 0004 1B68     		ldr	r3, [r3]
 105 0006 012B     		cmp	r3, #1
 106 0008 19D1     		bne	.L6
  81:MotorApp.c    ****     {
  82:MotorApp.c    ****     motorPWM_1_Stop();
 107              		.loc 1 82 0
 108 000a FFF7FEFF 		bl	motorPWM_1_Stop
 109              	.LVL10:
  83:MotorApp.c    ****     motorPWM_2_Stop();
 110              		.loc 1 83 0
 111 000e FFF7FEFF 		bl	motorPWM_2_Stop
 112              	.LVL11:
  84:MotorApp.c    ****     
  85:MotorApp.c    ****     Pin1_dir1_Write(1);
 113              		.loc 1 85 0
 114 0012 0120     		movs	r0, #1
 115 0014 FFF7FEFF 		bl	Pin1_dir1_Write
 116              	.LVL12:
  86:MotorApp.c    ****     Pin1_dir2_Write(0);
 117              		.loc 1 86 0
 118 0018 0020     		movs	r0, #0
 119 001a FFF7FEFF 		bl	Pin1_dir2_Write
 120              	.LVL13:
  87:MotorApp.c    ****     Pin2_dir1_Write(1);
 121              		.loc 1 87 0
 122 001e 0120     		movs	r0, #1
 123 0020 FFF7FEFF 		bl	Pin2_dir1_Write
 124              	.LVL14:
  88:MotorApp.c    ****     Pin2_dir2_Write(0);
 125              		.loc 1 88 0
 126 0024 0020     		movs	r0, #0
 127 0026 FFF7FEFF 		bl	Pin2_dir2_Write
 128              	.LVL15:
  89:MotorApp.c    ****     
  90:MotorApp.c    ****     motorPWM_1_WriteCompare(80); //Set speed to current drive state on PWM 1
 129              		.loc 1 90 0
 130 002a 5020     		movs	r0, #80
 131 002c FFF7FEFF 		bl	motorPWM_1_WriteCompare
 132              	.LVL16:
  91:MotorApp.c    ****     motorPWM_2_WriteCompare(80); //Set speed to current drive state on PWM 2
 133              		.loc 1 91 0
 134 0030 5020     		movs	r0, #80
 135 0032 FFF7FEFF 		bl	motorPWM_2_WriteCompare
 136              	.LVL17:
  92:MotorApp.c    ****     
ARM GAS  C:\Users\LUCASI~1\AppData\Local\Temp\ccirDYhi.s 			page 5


  93:MotorApp.c    ****     motorPWM_1_Start();
 137              		.loc 1 93 0
 138 0036 FFF7FEFF 		bl	motorPWM_1_Start
 139              	.LVL18:
  94:MotorApp.c    ****     motorPWM_2_Start();
 140              		.loc 1 94 0
 141 003a FFF7FEFF 		bl	motorPWM_2_Start
 142              	.LVL19:
 143              	.L6:
 144 003e 08BD     		pop	{r3, pc}
 145              	.L10:
 146              		.align	2
 147              	.L9:
 148 0040 00000000 		.word	running_
 149              		.cfi_endproc
 150              	.LFE67:
 151              		.size	driveBackwards, .-driveBackwards
 152              		.section	.text.motorStop,"ax",%progbits
 153              		.align	2
 154              		.global	motorStop
 155              		.thumb
 156              		.thumb_func
 157              		.type	motorStop, %function
 158              	motorStop:
 159              	.LFB68:
  95:MotorApp.c    ****     }
  96:MotorApp.c    **** }
  97:MotorApp.c    **** 
  98:MotorApp.c    **** void motorStop()
  99:MotorApp.c    **** {
 160              		.loc 1 99 0
 161              		.cfi_startproc
 162              		@ args = 0, pretend = 0, frame = 0
 163              		@ frame_needed = 0, uses_anonymous_args = 0
 164 0000 08B5     		push	{r3, lr}
 165              		.cfi_def_cfa_offset 8
 166              		.cfi_offset 3, -8
 167              		.cfi_offset 14, -4
 100:MotorApp.c    ****     motorPWM_1_Stop();
 168              		.loc 1 100 0
 169 0002 FFF7FEFF 		bl	motorPWM_1_Stop
 170              	.LVL20:
 101:MotorApp.c    ****     motorPWM_2_Stop();
 171              		.loc 1 101 0
 172 0006 FFF7FEFF 		bl	motorPWM_2_Stop
 173              	.LVL21:
 174 000a 08BD     		pop	{r3, pc}
 175              		.cfi_endproc
 176              	.LFE68:
 177              		.size	motorStop, .-motorStop
 178              		.section	.text.changeSpeed,"ax",%progbits
 179              		.align	2
 180              		.global	changeSpeed
 181              		.thumb
 182              		.thumb_func
 183              		.type	changeSpeed, %function
 184              	changeSpeed:
ARM GAS  C:\Users\LUCASI~1\AppData\Local\Temp\ccirDYhi.s 			page 6


 185              	.LFB69:
 102:MotorApp.c    ****     
 103:MotorApp.c    **** }
 104:MotorApp.c    **** 
 105:MotorApp.c    **** void changeSpeed()                          //Denne funktion ændre placering i driveState, og herm
 106:MotorApp.c    **** {
 186              		.loc 1 106 0
 187              		.cfi_startproc
 188              		@ args = 0, pretend = 0, frame = 0
 189              		@ frame_needed = 0, uses_anonymous_args = 0
 190 0000 08B5     		push	{r3, lr}
 191              		.cfi_def_cfa_offset 8
 192              		.cfi_offset 3, -8
 193              		.cfi_offset 14, -4
 107:MotorApp.c    ****     motorPWM_1_Stop();
 194              		.loc 1 107 0
 195 0002 FFF7FEFF 		bl	motorPWM_1_Stop
 196              	.LVL22:
 108:MotorApp.c    ****     motorPWM_2_Stop();
 197              		.loc 1 108 0
 198 0006 FFF7FEFF 		bl	motorPWM_2_Stop
 199              	.LVL23:
 109:MotorApp.c    ****     
 110:MotorApp.c    ****     if(driveState[state][0] > 9 && driveState[state][0] < 71)     //sikre at arrayet ikke forlades
 200              		.loc 1 110 0
 201 000a 154B     		ldr	r3, .L17
 202 000c 1A68     		ldr	r2, [r3]
 203 000e 154B     		ldr	r3, .L17+4
 204 0010 53F83230 		ldr	r3, [r3, r2, lsl #3]
 205 0014 0A3B     		subs	r3, r3, #10
 206 0016 3C2B     		cmp	r3, #60
 207 0018 09D8     		bhi	.L14
 111:MotorApp.c    ****     {
 112:MotorApp.c    ****         motorPWM_1_WritePeriod(170);
 208              		.loc 1 112 0
 209 001a AA20     		movs	r0, #170
 210 001c FFF7FEFF 		bl	motorPWM_1_WritePeriod
 211              	.LVL24:
 113:MotorApp.c    ****         motorPWM_1_WriteCompare(driveState[state][0]); //Set speed to current drive state on PWM 1 
 212              		.loc 1 113 0
 213 0020 0F4B     		ldr	r3, .L17
 214 0022 1A68     		ldr	r2, [r3]
 215 0024 0F4B     		ldr	r3, .L17+4
 216 0026 13F83200 		ldrb	r0, [r3, r2, lsl #3]	@ zero_extendqisi2
 217 002a FFF7FEFF 		bl	motorPWM_1_WriteCompare
 218              	.LVL25:
 219              	.L14:
 114:MotorApp.c    ****     }
 115:MotorApp.c    ****     if(driveState[state][1] > 39 && driveState[state][1] < 101)     //sikre at arrayet ikke forlade
 220              		.loc 1 115 0
 221 002e 0C4B     		ldr	r3, .L17
 222 0030 1A68     		ldr	r2, [r3]
 223 0032 0C4B     		ldr	r3, .L17+4
 224 0034 03EBC203 		add	r3, r3, r2, lsl #3
 225 0038 5B68     		ldr	r3, [r3, #4]
 226 003a 283B     		subs	r3, r3, #40
 227 003c 3C2B     		cmp	r3, #60
ARM GAS  C:\Users\LUCASI~1\AppData\Local\Temp\ccirDYhi.s 			page 7


 228 003e 0AD8     		bhi	.L15
 116:MotorApp.c    ****     {
 117:MotorApp.c    ****         motorPWM_2_WritePeriod(170);
 229              		.loc 1 117 0
 230 0040 AA20     		movs	r0, #170
 231 0042 FFF7FEFF 		bl	motorPWM_2_WritePeriod
 232              	.LVL26:
 118:MotorApp.c    ****         motorPWM_2_WriteCompare(driveState[state][1]); //Set speed to current drive state on PWM 2 
 233              		.loc 1 118 0
 234 0046 064B     		ldr	r3, .L17
 235 0048 1A68     		ldr	r2, [r3]
 236 004a 064B     		ldr	r3, .L17+4
 237 004c 03EBC203 		add	r3, r3, r2, lsl #3
 238 0050 1879     		ldrb	r0, [r3, #4]	@ zero_extendqisi2
 239 0052 FFF7FEFF 		bl	motorPWM_2_WriteCompare
 240              	.LVL27:
 241              	.L15:
 119:MotorApp.c    ****     }
 120:MotorApp.c    ****     
 121:MotorApp.c    ****     motorPWM_1_Start();
 242              		.loc 1 121 0
 243 0056 FFF7FEFF 		bl	motorPWM_1_Start
 244              	.LVL28:
 122:MotorApp.c    ****     motorPWM_2_Start();
 245              		.loc 1 122 0
 246 005a FFF7FEFF 		bl	motorPWM_2_Start
 247              	.LVL29:
 248 005e 08BD     		pop	{r3, pc}
 249              	.L18:
 250              		.align	2
 251              	.L17:
 252 0060 00000000 		.word	state
 253 0064 00000000 		.word	.LANCHOR0
 254              		.cfi_endproc
 255              	.LFE69:
 256              		.size	changeSpeed, .-changeSpeed
 257              		.section	.text.changeState,"ax",%progbits
 258              		.align	2
 259              		.global	changeState
 260              		.thumb
 261              		.thumb_func
 262              		.type	changeState, %function
 263              	changeState:
 264              	.LFB65:
  38:MotorApp.c    ****   
 265              		.loc 1 38 0
 266              		.cfi_startproc
 267              		@ args = 0, pretend = 0, frame = 0
 268              		@ frame_needed = 0, uses_anonymous_args = 0
 269              	.LVL30:
 270 0000 08B5     		push	{r3, lr}
 271              		.cfi_def_cfa_offset 8
 272              		.cfi_offset 3, -8
 273              		.cfi_offset 14, -4
  41:MotorApp.c    ****     {
 274              		.loc 1 41 0
 275 0002 0128     		cmp	r0, #1
ARM GAS  C:\Users\LUCASI~1\AppData\Local\Temp\ccirDYhi.s 			page 8


 276 0004 02D0     		beq	.L20
  41:MotorApp.c    ****     {
 277              		.loc 1 41 0 is_stmt 0 discriminator 1
 278 0006 B0F1FF3F 		cmp	r0, #-1
 279 000a 15D1     		bne	.L19
 280              	.L20:
  43:MotorApp.c    ****         {
 281              		.loc 1 43 0 is_stmt 1
 282 000c 0B4B     		ldr	r3, .L24
 283 000e 1B68     		ldr	r3, [r3]
 284 0010 002B     		cmp	r3, #0
 285 0012 08DD     		ble	.L22
  43:MotorApp.c    ****         {
 286              		.loc 1 43 0 is_stmt 0 discriminator 1
 287 0014 B0F1FF3F 		cmp	r0, #-1
 288 0018 05D1     		bne	.L22
  45:MotorApp.c    ****             changeSpeed();
 289              		.loc 1 45 0 is_stmt 1
 290 001a 1844     		add	r0, r0, r3
 291              	.LVL31:
 292 001c 074B     		ldr	r3, .L24
 293 001e 1860     		str	r0, [r3]
  46:MotorApp.c    ****         }
 294              		.loc 1 46 0
 295 0020 FFF7FEFF 		bl	changeSpeed
 296              	.LVL32:
 297 0024 08BD     		pop	{r3, pc}
 298              	.LVL33:
 299              	.L22:
  48:MotorApp.c    ****         {
 300              		.loc 1 48 0
 301 0026 052B     		cmp	r3, #5
 302 0028 06DC     		bgt	.L19
  48:MotorApp.c    ****         {
 303              		.loc 1 48 0 is_stmt 0 discriminator 1
 304 002a 0128     		cmp	r0, #1
 305 002c 04D1     		bne	.L19
  50:MotorApp.c    ****             changeSpeed();
 306              		.loc 1 50 0 is_stmt 1
 307 002e 1844     		add	r0, r0, r3
 308              	.LVL34:
 309 0030 024B     		ldr	r3, .L24
 310 0032 1860     		str	r0, [r3]
  51:MotorApp.c    ****         } 
 311              		.loc 1 51 0
 312 0034 FFF7FEFF 		bl	changeSpeed
 313              	.LVL35:
 314              	.L19:
 315 0038 08BD     		pop	{r3, pc}
 316              	.L25:
 317 003a 00BF     		.align	2
 318              	.L24:
 319 003c 00000000 		.word	state
 320              		.cfi_endproc
 321              	.LFE65:
 322              		.size	changeState, .-changeState
 323              		.section	.text.speedSelect,"ax",%progbits
ARM GAS  C:\Users\LUCASI~1\AppData\Local\Temp\ccirDYhi.s 			page 9


 324              		.align	2
 325              		.global	speedSelect
 326              		.thumb
 327              		.thumb_func
 328              		.type	speedSelect, %function
 329              	speedSelect:
 330              	.LFB64:
  19:MotorApp.c    ****     if(randState == 0)                      //Når randstate er 0, laves en ny randstate værdi ime
 331              		.loc 1 19 0
 332              		.cfi_startproc
 333              		@ args = 0, pretend = 0, frame = 0
 334              		@ frame_needed = 0, uses_anonymous_args = 0
 335 0000 08B5     		push	{r3, lr}
 336              		.cfi_def_cfa_offset 8
 337              		.cfi_offset 3, -8
 338              		.cfi_offset 14, -4
  20:MotorApp.c    ****     {
 339              		.loc 1 20 0
 340 0002 164B     		ldr	r3, .L31
 341 0004 1B68     		ldr	r3, [r3]
 342 0006 A3B9     		cbnz	r3, .L27
  22:MotorApp.c    ****         randState = rand() % 7 - 3;
 343              		.loc 1 22 0
 344 0008 0020     		movs	r0, #0
 345 000a FFF7FEFF 		bl	time
 346              	.LVL36:
 347 000e FFF7FEFF 		bl	srand
 348              	.LVL37:
  23:MotorApp.c    ****     }
 349              		.loc 1 23 0
 350 0012 FFF7FEFF 		bl	rand
 351              	.LVL38:
 352 0016 124A     		ldr	r2, .L31+4
 353 0018 80FB0223 		smull	r2, r3, r0, r2
 354 001c C218     		adds	r2, r0, r3
 355 001e C317     		asrs	r3, r0, #31
 356 0020 C3EBA203 		rsb	r3, r3, r2, asr #2
 357 0024 C3EBC303 		rsb	r3, r3, r3, lsl #3
 358 0028 C31A     		subs	r3, r0, r3
 359 002a 033B     		subs	r3, r3, #3
 360 002c 0B4A     		ldr	r2, .L31
 361 002e 1360     		str	r3, [r2]
 362 0030 08BD     		pop	{r3, pc}
 363              	.L27:
  25:MotorApp.c    ****     {
 364              		.loc 1 25 0
 365 0032 002B     		cmp	r3, #0
 366 0034 08DA     		bge	.L29
  27:MotorApp.c    ****         randState++;                        //randsdtate forøges så den til sidst rammer 0 og der
 367              		.loc 1 27 0
 368 0036 4FF0FF30 		mov	r0, #-1
 369 003a FFF7FEFF 		bl	changeState
 370              	.LVL39:
  28:MotorApp.c    ****     }
 371              		.loc 1 28 0
 372 003e 074A     		ldr	r2, .L31
 373 0040 1368     		ldr	r3, [r2]
ARM GAS  C:\Users\LUCASI~1\AppData\Local\Temp\ccirDYhi.s 			page 10


 374 0042 0133     		adds	r3, r3, #1
 375 0044 1360     		str	r3, [r2]
 376 0046 08BD     		pop	{r3, pc}
 377              	.L29:
  30:MotorApp.c    ****     {
 378              		.loc 1 30 0
 379 0048 002B     		cmp	r3, #0
 380 004a 06DD     		ble	.L26
  32:MotorApp.c    ****         randState--;                        //randsdtate trækkes 1 fra så den til sidst rammer 0 
 381              		.loc 1 32 0
 382 004c 0120     		movs	r0, #1
 383 004e FFF7FEFF 		bl	changeState
 384              	.LVL40:
  33:MotorApp.c    ****     }
 385              		.loc 1 33 0
 386 0052 024A     		ldr	r2, .L31
 387 0054 1368     		ldr	r3, [r2]
 388 0056 013B     		subs	r3, r3, #1
 389 0058 1360     		str	r3, [r2]
 390              	.L26:
 391 005a 08BD     		pop	{r3, pc}
 392              	.L32:
 393              		.align	2
 394              	.L31:
 395 005c 00000000 		.word	randState
 396 0060 93244992 		.word	-1840700269
 397              		.cfi_endproc
 398              	.LFE64:
 399              		.size	speedSelect, .-speedSelect
 400              		.section	.text.DelayBased90Turn,"ax",%progbits
 401              		.align	2
 402              		.global	DelayBased90Turn
 403              		.thumb
 404              		.thumb_func
 405              		.type	DelayBased90Turn, %function
 406              	DelayBased90Turn:
 407              	.LFB70:
 123:MotorApp.c    **** }
 124:MotorApp.c    **** 
 125:MotorApp.c    **** void DelayBased90Turn(int dir)
 126:MotorApp.c    **** {
 408              		.loc 1 126 0
 409              		.cfi_startproc
 410              		@ args = 0, pretend = 0, frame = 0
 411              		@ frame_needed = 0, uses_anonymous_args = 0
 412              	.LVL41:
 127:MotorApp.c    ****     if(running_ == 1)
 413              		.loc 1 127 0
 414 0000 214B     		ldr	r3, .L40
 415 0002 1B68     		ldr	r3, [r3]
 416 0004 012B     		cmp	r3, #1
 417 0006 3ED1     		bne	.L39
 126:MotorApp.c    ****     if(running_ == 1)
 418              		.loc 1 126 0
 419 0008 10B5     		push	{r4, lr}
 420              		.cfi_def_cfa_offset 8
 421              		.cfi_offset 4, -8
ARM GAS  C:\Users\LUCASI~1\AppData\Local\Temp\ccirDYhi.s 			page 11


 422              		.cfi_offset 14, -4
 423 000a 0446     		mov	r4, r0
 128:MotorApp.c    ****     {
 129:MotorApp.c    ****     motorPWM_1_Stop();
 424              		.loc 1 129 0
 425 000c FFF7FEFF 		bl	motorPWM_1_Stop
 426              	.LVL42:
 130:MotorApp.c    ****     motorPWM_2_Stop();
 427              		.loc 1 130 0
 428 0010 FFF7FEFF 		bl	motorPWM_2_Stop
 429              	.LVL43:
 131:MotorApp.c    ****     
 132:MotorApp.c    ****     CyDelay(250);
 430              		.loc 1 132 0
 431 0014 FA20     		movs	r0, #250
 432 0016 FFF7FEFF 		bl	CyDelay
 433              	.LVL44:
 133:MotorApp.c    ****     
 134:MotorApp.c    ****     switch(dir)
 434              		.loc 1 134 0
 435 001a 012C     		cmp	r4, #1
 436 001c 02D0     		beq	.L36
 437 001e 022C     		cmp	r4, #2
 438 0020 0DD0     		beq	.L37
 439 0022 18E0     		b	.L35
 440              	.L36:
 135:MotorApp.c    ****     {
 136:MotorApp.c    ****         case 1 :
 137:MotorApp.c    ****             Pin1_dir1_Write(0);
 441              		.loc 1 137 0
 442 0024 0020     		movs	r0, #0
 443 0026 FFF7FEFF 		bl	Pin1_dir1_Write
 444              	.LVL45:
 138:MotorApp.c    ****             Pin1_dir2_Write(1);
 445              		.loc 1 138 0
 446 002a 0120     		movs	r0, #1
 447 002c FFF7FEFF 		bl	Pin1_dir2_Write
 448              	.LVL46:
 139:MotorApp.c    ****             Pin2_dir1_Write(1);
 449              		.loc 1 139 0
 450 0030 0120     		movs	r0, #1
 451 0032 FFF7FEFF 		bl	Pin2_dir1_Write
 452              	.LVL47:
 140:MotorApp.c    ****             Pin2_dir2_Write(0);
 453              		.loc 1 140 0
 454 0036 0020     		movs	r0, #0
 455 0038 FFF7FEFF 		bl	Pin2_dir2_Write
 456              	.LVL48:
 141:MotorApp.c    ****             break;
 457              		.loc 1 141 0
 458 003c 0BE0     		b	.L35
 459              	.L37:
 142:MotorApp.c    ****         case 2 :
 143:MotorApp.c    ****             Pin1_dir2_Write(0);
 460              		.loc 1 143 0
 461 003e 0020     		movs	r0, #0
 462 0040 FFF7FEFF 		bl	Pin1_dir2_Write
ARM GAS  C:\Users\LUCASI~1\AppData\Local\Temp\ccirDYhi.s 			page 12


 463              	.LVL49:
 144:MotorApp.c    ****             Pin1_dir1_Write(1);
 464              		.loc 1 144 0
 465 0044 0120     		movs	r0, #1
 466 0046 FFF7FEFF 		bl	Pin1_dir1_Write
 467              	.LVL50:
 145:MotorApp.c    ****             Pin2_dir2_Write(1);
 468              		.loc 1 145 0
 469 004a 0120     		movs	r0, #1
 470 004c FFF7FEFF 		bl	Pin2_dir2_Write
 471              	.LVL51:
 146:MotorApp.c    ****             Pin2_dir1_Write(0);
 472              		.loc 1 146 0
 473 0050 0020     		movs	r0, #0
 474 0052 FFF7FEFF 		bl	Pin2_dir1_Write
 475              	.LVL52:
 476              	.L35:
 147:MotorApp.c    ****             break;
 148:MotorApp.c    ****     }
 149:MotorApp.c    ****     
 150:MotorApp.c    ****     
 151:MotorApp.c    ****     motorPWM_1_WriteCompare(100);
 477              		.loc 1 151 0
 478 0056 6420     		movs	r0, #100
 479 0058 FFF7FEFF 		bl	motorPWM_1_WriteCompare
 480              	.LVL53:
 152:MotorApp.c    ****     motorPWM_2_WriteCompare(100);
 481              		.loc 1 152 0
 482 005c 6420     		movs	r0, #100
 483 005e FFF7FEFF 		bl	motorPWM_2_WriteCompare
 484              	.LVL54:
 153:MotorApp.c    ****     
 154:MotorApp.c    ****     motorPWM_1_Start();
 485              		.loc 1 154 0
 486 0062 FFF7FEFF 		bl	motorPWM_1_Start
 487              	.LVL55:
 155:MotorApp.c    ****     motorPWM_2_Start();
 488              		.loc 1 155 0
 489 0066 FFF7FEFF 		bl	motorPWM_2_Start
 490              	.LVL56:
 156:MotorApp.c    ****     
 157:MotorApp.c    ****     CyDelay(1000);
 491              		.loc 1 157 0
 492 006a 4FF47A70 		mov	r0, #1000
 493 006e FFF7FEFF 		bl	CyDelay
 494              	.LVL57:
 158:MotorApp.c    ****     
 159:MotorApp.c    ****     motorPWM_1_Stop();
 495              		.loc 1 159 0
 496 0072 FFF7FEFF 		bl	motorPWM_1_Stop
 497              	.LVL58:
 160:MotorApp.c    ****     motorPWM_2_Stop();
 498              		.loc 1 160 0
 499 0076 FFF7FEFF 		bl	motorPWM_2_Stop
 500              	.LVL59:
 161:MotorApp.c    ****     
 162:MotorApp.c    ****     CyDelay(250);
ARM GAS  C:\Users\LUCASI~1\AppData\Local\Temp\ccirDYhi.s 			page 13


 501              		.loc 1 162 0
 502 007a FA20     		movs	r0, #250
 503 007c FFF7FEFF 		bl	CyDelay
 504              	.LVL60:
 163:MotorApp.c    ****     
 164:MotorApp.c    ****     driveForwards(); 
 505              		.loc 1 164 0
 506 0080 FFF7FEFF 		bl	driveForwards
 507              	.LVL61:
 508 0084 10BD     		pop	{r4, pc}
 509              	.LVL62:
 510              	.L39:
 511              		.cfi_def_cfa_offset 0
 512              		.cfi_restore 4
 513              		.cfi_restore 14
 514 0086 7047     		bx	lr
 515              	.L41:
 516              		.align	2
 517              	.L40:
 518 0088 00000000 		.word	running_
 519              		.cfi_endproc
 520              	.LFE70:
 521              		.size	DelayBased90Turn, .-DelayBased90Turn
 522              		.section	.text.DelayBased180Turn,"ax",%progbits
 523              		.align	2
 524              		.global	DelayBased180Turn
 525              		.thumb
 526              		.thumb_func
 527              		.type	DelayBased180Turn, %function
 528              	DelayBased180Turn:
 529              	.LFB71:
 165:MotorApp.c    ****     }
 166:MotorApp.c    **** }
 167:MotorApp.c    **** 
 168:MotorApp.c    **** 
 169:MotorApp.c    **** void DelayBased180Turn()
 170:MotorApp.c    **** {
 530              		.loc 1 170 0
 531              		.cfi_startproc
 532              		@ args = 0, pretend = 0, frame = 0
 533              		@ frame_needed = 0, uses_anonymous_args = 0
 534 0000 08B5     		push	{r3, lr}
 535              		.cfi_def_cfa_offset 8
 536              		.cfi_offset 3, -8
 537              		.cfi_offset 14, -4
 171:MotorApp.c    ****     if(running_ == 1)
 538              		.loc 1 171 0
 539 0002 1E4B     		ldr	r3, .L45
 540 0004 1B68     		ldr	r3, [r3]
 541 0006 012B     		cmp	r3, #1
 542 0008 36D1     		bne	.L42
 172:MotorApp.c    ****     {
 173:MotorApp.c    ****     motorPWM_1_Stop();
 543              		.loc 1 173 0
 544 000a FFF7FEFF 		bl	motorPWM_1_Stop
 545              	.LVL63:
 174:MotorApp.c    ****     motorPWM_2_Stop();
ARM GAS  C:\Users\LUCASI~1\AppData\Local\Temp\ccirDYhi.s 			page 14


 546              		.loc 1 174 0
 547 000e FFF7FEFF 		bl	motorPWM_2_Stop
 548              	.LVL64:
 175:MotorApp.c    ****     
 176:MotorApp.c    ****     CyDelay(250);
 549              		.loc 1 176 0
 550 0012 FA20     		movs	r0, #250
 551 0014 FFF7FEFF 		bl	CyDelay
 552              	.LVL65:
 177:MotorApp.c    ****     
 178:MotorApp.c    ****     driveBackwards();
 553              		.loc 1 178 0
 554 0018 FFF7FEFF 		bl	driveBackwards
 555              	.LVL66:
 179:MotorApp.c    ****     
 180:MotorApp.c    ****     CyDelay(2000);
 556              		.loc 1 180 0
 557 001c 4FF4FA60 		mov	r0, #2000
 558 0020 FFF7FEFF 		bl	CyDelay
 559              	.LVL67:
 181:MotorApp.c    ****     
 182:MotorApp.c    ****     motorPWM_1_Stop();
 560              		.loc 1 182 0
 561 0024 FFF7FEFF 		bl	motorPWM_1_Stop
 562              	.LVL68:
 183:MotorApp.c    ****     motorPWM_2_Stop();
 563              		.loc 1 183 0
 564 0028 FFF7FEFF 		bl	motorPWM_2_Stop
 565              	.LVL69:
 184:MotorApp.c    ****     
 185:MotorApp.c    ****     CyDelay(250);
 566              		.loc 1 185 0
 567 002c FA20     		movs	r0, #250
 568 002e FFF7FEFF 		bl	CyDelay
 569              	.LVL70:
 186:MotorApp.c    ****     
 187:MotorApp.c    ****     Pin1_dir1_Write(0);
 570              		.loc 1 187 0
 571 0032 0020     		movs	r0, #0
 572 0034 FFF7FEFF 		bl	Pin1_dir1_Write
 573              	.LVL71:
 188:MotorApp.c    ****     Pin1_dir2_Write(1);
 574              		.loc 1 188 0
 575 0038 0120     		movs	r0, #1
 576 003a FFF7FEFF 		bl	Pin1_dir2_Write
 577              	.LVL72:
 189:MotorApp.c    ****     Pin2_dir1_Write(1);
 578              		.loc 1 189 0
 579 003e 0120     		movs	r0, #1
 580 0040 FFF7FEFF 		bl	Pin2_dir1_Write
 581              	.LVL73:
 190:MotorApp.c    ****     Pin2_dir2_Write(0);
 582              		.loc 1 190 0
 583 0044 0020     		movs	r0, #0
 584 0046 FFF7FEFF 		bl	Pin2_dir2_Write
 585              	.LVL74:
 191:MotorApp.c    ****     
ARM GAS  C:\Users\LUCASI~1\AppData\Local\Temp\ccirDYhi.s 			page 15


 192:MotorApp.c    ****     motorPWM_1_Start();
 586              		.loc 1 192 0
 587 004a FFF7FEFF 		bl	motorPWM_1_Start
 588              	.LVL75:
 193:MotorApp.c    ****     motorPWM_2_Start();
 589              		.loc 1 193 0
 590 004e FFF7FEFF 		bl	motorPWM_2_Start
 591              	.LVL76:
 194:MotorApp.c    ****     
 195:MotorApp.c    ****     motorPWM_1_WriteCompare(100);
 592              		.loc 1 195 0
 593 0052 6420     		movs	r0, #100
 594 0054 FFF7FEFF 		bl	motorPWM_1_WriteCompare
 595              	.LVL77:
 196:MotorApp.c    ****     motorPWM_2_WriteCompare(100);
 596              		.loc 1 196 0
 597 0058 6420     		movs	r0, #100
 598 005a FFF7FEFF 		bl	motorPWM_2_WriteCompare
 599              	.LVL78:
 197:MotorApp.c    ****     
 198:MotorApp.c    ****     CyDelay(1000);
 600              		.loc 1 198 0
 601 005e 4FF47A70 		mov	r0, #1000
 602 0062 FFF7FEFF 		bl	CyDelay
 603              	.LVL79:
 199:MotorApp.c    ****     
 200:MotorApp.c    ****     motorPWM_1_Stop();
 604              		.loc 1 200 0
 605 0066 FFF7FEFF 		bl	motorPWM_1_Stop
 606              	.LVL80:
 201:MotorApp.c    ****     motorPWM_2_Stop();
 607              		.loc 1 201 0
 608 006a FFF7FEFF 		bl	motorPWM_2_Stop
 609              	.LVL81:
 202:MotorApp.c    ****     
 203:MotorApp.c    ****     CyDelay(250);
 610              		.loc 1 203 0
 611 006e FA20     		movs	r0, #250
 612 0070 FFF7FEFF 		bl	CyDelay
 613              	.LVL82:
 204:MotorApp.c    ****     
 205:MotorApp.c    ****     driveForwards();
 614              		.loc 1 205 0
 615 0074 FFF7FEFF 		bl	driveForwards
 616              	.LVL83:
 617              	.L42:
 618 0078 08BD     		pop	{r3, pc}
 619              	.L46:
 620 007a 00BF     		.align	2
 621              	.L45:
 622 007c 00000000 		.word	running_
 623              		.cfi_endproc
 624              	.LFE71:
 625              		.size	DelayBased180Turn, .-DelayBased180Turn
 626              		.global	driveState
 627              		.comm	randState,4,4
 628              		.comm	state,4,4
ARM GAS  C:\Users\LUCASI~1\AppData\Local\Temp\ccirDYhi.s 			page 16


 629              		.comm	NP_g_nFrameBufferSize,4,4
 630              		.comm	NP_g_pFrameBuffer,4,4
 631              		.comm	NP_g_bOwnsBuffer,1,1
 632              		.comm	NP_g_nDMA_TD,1,1
 633              		.comm	NP_g_nDMA_Chan,1,1
 634              		.comm	NP_g_nNumberOfPixels,4,4
 635              		.comm	running_,4,4
 636              		.data
 637              		.align	2
 638              		.set	.LANCHOR0,. + 0
 639              		.type	driveState, %object
 640              		.size	driveState, 56
 641              	driveState:
 642 0000 0A000000 		.word	10
 643 0004 64000000 		.word	100
 644 0008 1E000000 		.word	30
 645 000c 64000000 		.word	100
 646 0010 32000000 		.word	50
 647 0014 64000000 		.word	100
 648 0018 46000000 		.word	70
 649 001c 64000000 		.word	100
 650 0020 46000000 		.word	70
 651 0024 50000000 		.word	80
 652 0028 46000000 		.word	70
 653 002c 3C000000 		.word	60
 654 0030 46000000 		.word	70
 655 0034 28000000 		.word	40
 656              		.text
 657              	.Letext0:
 658              		.file 2 "c:\\program files (x86)\\cypress\\psoc creator\\4.2\\psoc creator\\import\\gnu\\arm\\5.4.
 659              		.file 3 "c:\\program files (x86)\\cypress\\psoc creator\\4.2\\psoc creator\\import\\gnu\\arm\\5.4.
 660              		.file 4 "Generated_Source\\PSoC5/cytypes.h"
 661              		.file 5 "waitingState.h"
 662              		.file 6 "Generated_Source\\PSoC5/NP_funcs.h"
 663              		.file 7 "Generated_Source\\PSoC5/core_cm3.h"
 664              		.file 8 "MotorApp.h"
 665              		.file 9 "Generated_Source\\PSoC5/motorPWM_1.h"
 666              		.file 10 "Generated_Source\\PSoC5/motorPWM_2.h"
 667              		.file 11 "Generated_Source\\PSoC5/Pin1_dir1.h"
 668              		.file 12 "Generated_Source\\PSoC5/Pin1_dir2.h"
 669              		.file 13 "Generated_Source\\PSoC5/Pin2_dir1.h"
 670              		.file 14 "Generated_Source\\PSoC5/Pin2_dir2.h"
 671              		.file 15 "c:\\program files (x86)\\cypress\\psoc creator\\4.2\\psoc creator\\import\\gnu\\arm\\5.4
 672              		.file 16 "c:\\program files (x86)\\cypress\\psoc creator\\4.2\\psoc creator\\import\\gnu\\arm\\5.4
 673              		.file 17 "Generated_Source\\PSoC5/CyLib.h"
 674              		.section	.debug_info,"",%progbits
 675              	.Ldebug_info0:
 676 0000 70070000 		.4byte	0x770
 677 0004 0400     		.2byte	0x4
 678 0006 00000000 		.4byte	.Ldebug_abbrev0
 679 000a 04       		.byte	0x4
 680 000b 01       		.uleb128 0x1
 681 000c 20010000 		.4byte	.LASF53
 682 0010 0C       		.byte	0xc
 683 0011 93000000 		.4byte	.LASF54
 684 0015 10000000 		.4byte	.LASF55
 685 0019 00000000 		.4byte	.Ldebug_ranges0+0
ARM GAS  C:\Users\LUCASI~1\AppData\Local\Temp\ccirDYhi.s 			page 17


 686 001d 00000000 		.4byte	0
 687 0021 00000000 		.4byte	.Ldebug_line0
 688 0025 02       		.uleb128 0x2
 689 0026 01       		.byte	0x1
 690 0027 06       		.byte	0x6
 691 0028 90030000 		.4byte	.LASF0
 692 002c 02       		.uleb128 0x2
 693 002d 01       		.byte	0x1
 694 002e 08       		.byte	0x8
 695 002f 0E020000 		.4byte	.LASF1
 696 0033 02       		.uleb128 0x2
 697 0034 02       		.byte	0x2
 698 0035 05       		.byte	0x5
 699 0036 2B030000 		.4byte	.LASF2
 700 003a 02       		.uleb128 0x2
 701 003b 02       		.byte	0x2
 702 003c 07       		.byte	0x7
 703 003d E2010000 		.4byte	.LASF3
 704 0041 03       		.uleb128 0x3
 705 0042 78000000 		.4byte	.LASF12
 706 0046 02       		.byte	0x2
 707 0047 3F       		.byte	0x3f
 708 0048 4C000000 		.4byte	0x4c
 709 004c 02       		.uleb128 0x2
 710 004d 04       		.byte	0x4
 711 004e 05       		.byte	0x5
 712 004f 64030000 		.4byte	.LASF4
 713 0053 02       		.uleb128 0x2
 714 0054 04       		.byte	0x4
 715 0055 07       		.byte	0x7
 716 0056 1C020000 		.4byte	.LASF5
 717 005a 02       		.uleb128 0x2
 718 005b 08       		.byte	0x8
 719 005c 05       		.byte	0x5
 720 005d D3020000 		.4byte	.LASF6
 721 0061 02       		.uleb128 0x2
 722 0062 08       		.byte	0x8
 723 0063 07       		.byte	0x7
 724 0064 80020000 		.4byte	.LASF7
 725 0068 04       		.uleb128 0x4
 726 0069 04       		.byte	0x4
 727 006a 05       		.byte	0x5
 728 006b 696E7400 		.ascii	"int\000"
 729 006f 02       		.uleb128 0x2
 730 0070 04       		.byte	0x4
 731 0071 07       		.byte	0x7
 732 0072 65020000 		.4byte	.LASF8
 733 0076 02       		.uleb128 0x2
 734 0077 08       		.byte	0x8
 735 0078 04       		.byte	0x4
 736 0079 6D030000 		.4byte	.LASF9
 737 007d 02       		.uleb128 0x2
 738 007e 04       		.byte	0x4
 739 007f 07       		.byte	0x7
 740 0080 CA020000 		.4byte	.LASF10
 741 0084 02       		.uleb128 0x2
 742 0085 01       		.byte	0x1
ARM GAS  C:\Users\LUCASI~1\AppData\Local\Temp\ccirDYhi.s 			page 18


 743 0086 08       		.byte	0x8
 744 0087 F1020000 		.4byte	.LASF11
 745 008b 03       		.uleb128 0x3
 746 008c A8020000 		.4byte	.LASF13
 747 0090 03       		.byte	0x3
 748 0091 2C       		.byte	0x2c
 749 0092 41000000 		.4byte	0x41
 750 0096 03       		.uleb128 0x3
 751 0097 35030000 		.4byte	.LASF14
 752 009b 04       		.byte	0x4
 753 009c C2       		.byte	0xc2
 754 009d 2C000000 		.4byte	0x2c
 755 00a1 02       		.uleb128 0x2
 756 00a2 04       		.byte	0x4
 757 00a3 04       		.byte	0x4
 758 00a4 F8000000 		.4byte	.LASF15
 759 00a8 02       		.uleb128 0x2
 760 00a9 08       		.byte	0x8
 761 00aa 04       		.byte	0x4
 762 00ab AE000000 		.4byte	.LASF16
 763 00af 05       		.uleb128 0x5
 764 00b0 96000000 		.4byte	0x96
 765 00b4 06       		.uleb128 0x6
 766 00b5 72020000 		.4byte	.LASF17
 767 00b9 01       		.byte	0x1
 768 00ba 39       		.byte	0x39
 769 00bb 00000000 		.4byte	.LFB66
 770 00bf 44000000 		.4byte	.LFE66-.LFB66
 771 00c3 01       		.uleb128 0x1
 772 00c4 9C       		.byte	0x9c
 773 00c5 62010000 		.4byte	0x162
 774 00c9 07       		.uleb128 0x7
 775 00ca 0E000000 		.4byte	.LVL0
 776 00ce C3060000 		.4byte	0x6c3
 777 00d2 07       		.uleb128 0x7
 778 00d3 12000000 		.4byte	.LVL1
 779 00d7 CE060000 		.4byte	0x6ce
 780 00db 08       		.uleb128 0x8
 781 00dc 18000000 		.4byte	.LVL2
 782 00e0 D9060000 		.4byte	0x6d9
 783 00e4 EE000000 		.4byte	0xee
 784 00e8 09       		.uleb128 0x9
 785 00e9 01       		.uleb128 0x1
 786 00ea 50       		.byte	0x50
 787 00eb 01       		.uleb128 0x1
 788 00ec 30       		.byte	0x30
 789 00ed 00       		.byte	0
 790 00ee 08       		.uleb128 0x8
 791 00ef 1E000000 		.4byte	.LVL3
 792 00f3 E4060000 		.4byte	0x6e4
 793 00f7 01010000 		.4byte	0x101
 794 00fb 09       		.uleb128 0x9
 795 00fc 01       		.uleb128 0x1
 796 00fd 50       		.byte	0x50
 797 00fe 01       		.uleb128 0x1
 798 00ff 31       		.byte	0x31
 799 0100 00       		.byte	0
ARM GAS  C:\Users\LUCASI~1\AppData\Local\Temp\ccirDYhi.s 			page 19


 800 0101 08       		.uleb128 0x8
 801 0102 24000000 		.4byte	.LVL4
 802 0106 EF060000 		.4byte	0x6ef
 803 010a 14010000 		.4byte	0x114
 804 010e 09       		.uleb128 0x9
 805 010f 01       		.uleb128 0x1
 806 0110 50       		.byte	0x50
 807 0111 01       		.uleb128 0x1
 808 0112 30       		.byte	0x30
 809 0113 00       		.byte	0
 810 0114 08       		.uleb128 0x8
 811 0115 2A000000 		.4byte	.LVL5
 812 0119 FA060000 		.4byte	0x6fa
 813 011d 27010000 		.4byte	0x127
 814 0121 09       		.uleb128 0x9
 815 0122 01       		.uleb128 0x1
 816 0123 50       		.byte	0x50
 817 0124 01       		.uleb128 0x1
 818 0125 31       		.byte	0x31
 819 0126 00       		.byte	0
 820 0127 08       		.uleb128 0x8
 821 0128 30000000 		.4byte	.LVL6
 822 012c 05070000 		.4byte	0x705
 823 0130 3B010000 		.4byte	0x13b
 824 0134 09       		.uleb128 0x9
 825 0135 01       		.uleb128 0x1
 826 0136 50       		.byte	0x50
 827 0137 02       		.uleb128 0x2
 828 0138 08       		.byte	0x8
 829 0139 50       		.byte	0x50
 830 013a 00       		.byte	0
 831 013b 08       		.uleb128 0x8
 832 013c 36000000 		.4byte	.LVL7
 833 0140 10070000 		.4byte	0x710
 834 0144 4F010000 		.4byte	0x14f
 835 0148 09       		.uleb128 0x9
 836 0149 01       		.uleb128 0x1
 837 014a 50       		.byte	0x50
 838 014b 02       		.uleb128 0x2
 839 014c 08       		.byte	0x8
 840 014d 50       		.byte	0x50
 841 014e 00       		.byte	0
 842 014f 07       		.uleb128 0x7
 843 0150 3A000000 		.4byte	.LVL8
 844 0154 1B070000 		.4byte	0x71b
 845 0158 07       		.uleb128 0x7
 846 0159 3E000000 		.4byte	.LVL9
 847 015d 26070000 		.4byte	0x726
 848 0161 00       		.byte	0
 849 0162 06       		.uleb128 0x6
 850 0163 B0020000 		.4byte	.LASF18
 851 0167 01       		.byte	0x1
 852 0168 4E       		.byte	0x4e
 853 0169 00000000 		.4byte	.LFB67
 854 016d 44000000 		.4byte	.LFE67-.LFB67
 855 0171 01       		.uleb128 0x1
 856 0172 9C       		.byte	0x9c
ARM GAS  C:\Users\LUCASI~1\AppData\Local\Temp\ccirDYhi.s 			page 20


 857 0173 10020000 		.4byte	0x210
 858 0177 07       		.uleb128 0x7
 859 0178 0E000000 		.4byte	.LVL10
 860 017c C3060000 		.4byte	0x6c3
 861 0180 07       		.uleb128 0x7
 862 0181 12000000 		.4byte	.LVL11
 863 0185 CE060000 		.4byte	0x6ce
 864 0189 08       		.uleb128 0x8
 865 018a 18000000 		.4byte	.LVL12
 866 018e D9060000 		.4byte	0x6d9
 867 0192 9C010000 		.4byte	0x19c
 868 0196 09       		.uleb128 0x9
 869 0197 01       		.uleb128 0x1
 870 0198 50       		.byte	0x50
 871 0199 01       		.uleb128 0x1
 872 019a 31       		.byte	0x31
 873 019b 00       		.byte	0
 874 019c 08       		.uleb128 0x8
 875 019d 1E000000 		.4byte	.LVL13
 876 01a1 E4060000 		.4byte	0x6e4
 877 01a5 AF010000 		.4byte	0x1af
 878 01a9 09       		.uleb128 0x9
 879 01aa 01       		.uleb128 0x1
 880 01ab 50       		.byte	0x50
 881 01ac 01       		.uleb128 0x1
 882 01ad 30       		.byte	0x30
 883 01ae 00       		.byte	0
 884 01af 08       		.uleb128 0x8
 885 01b0 24000000 		.4byte	.LVL14
 886 01b4 EF060000 		.4byte	0x6ef
 887 01b8 C2010000 		.4byte	0x1c2
 888 01bc 09       		.uleb128 0x9
 889 01bd 01       		.uleb128 0x1
 890 01be 50       		.byte	0x50
 891 01bf 01       		.uleb128 0x1
 892 01c0 31       		.byte	0x31
 893 01c1 00       		.byte	0
 894 01c2 08       		.uleb128 0x8
 895 01c3 2A000000 		.4byte	.LVL15
 896 01c7 FA060000 		.4byte	0x6fa
 897 01cb D5010000 		.4byte	0x1d5
 898 01cf 09       		.uleb128 0x9
 899 01d0 01       		.uleb128 0x1
 900 01d1 50       		.byte	0x50
 901 01d2 01       		.uleb128 0x1
 902 01d3 30       		.byte	0x30
 903 01d4 00       		.byte	0
 904 01d5 08       		.uleb128 0x8
 905 01d6 30000000 		.4byte	.LVL16
 906 01da 05070000 		.4byte	0x705
 907 01de E9010000 		.4byte	0x1e9
 908 01e2 09       		.uleb128 0x9
 909 01e3 01       		.uleb128 0x1
 910 01e4 50       		.byte	0x50
 911 01e5 02       		.uleb128 0x2
 912 01e6 08       		.byte	0x8
 913 01e7 50       		.byte	0x50
ARM GAS  C:\Users\LUCASI~1\AppData\Local\Temp\ccirDYhi.s 			page 21


 914 01e8 00       		.byte	0
 915 01e9 08       		.uleb128 0x8
 916 01ea 36000000 		.4byte	.LVL17
 917 01ee 10070000 		.4byte	0x710
 918 01f2 FD010000 		.4byte	0x1fd
 919 01f6 09       		.uleb128 0x9
 920 01f7 01       		.uleb128 0x1
 921 01f8 50       		.byte	0x50
 922 01f9 02       		.uleb128 0x2
 923 01fa 08       		.byte	0x8
 924 01fb 50       		.byte	0x50
 925 01fc 00       		.byte	0
 926 01fd 07       		.uleb128 0x7
 927 01fe 3A000000 		.4byte	.LVL18
 928 0202 1B070000 		.4byte	0x71b
 929 0206 07       		.uleb128 0x7
 930 0207 3E000000 		.4byte	.LVL19
 931 020b 26070000 		.4byte	0x726
 932 020f 00       		.byte	0
 933 0210 06       		.uleb128 0x6
 934 0211 C0010000 		.4byte	.LASF19
 935 0215 01       		.byte	0x1
 936 0216 62       		.byte	0x62
 937 0217 00000000 		.4byte	.LFB68
 938 021b 0C000000 		.4byte	.LFE68-.LFB68
 939 021f 01       		.uleb128 0x1
 940 0220 9C       		.byte	0x9c
 941 0221 38020000 		.4byte	0x238
 942 0225 07       		.uleb128 0x7
 943 0226 06000000 		.4byte	.LVL20
 944 022a C3060000 		.4byte	0x6c3
 945 022e 07       		.uleb128 0x7
 946 022f 0A000000 		.4byte	.LVL21
 947 0233 CE060000 		.4byte	0x6ce
 948 0237 00       		.byte	0
 949 0238 06       		.uleb128 0x6
 950 0239 EC000000 		.4byte	.LASF20
 951 023d 01       		.byte	0x1
 952 023e 69       		.byte	0x69
 953 023f 00000000 		.4byte	.LFB69
 954 0243 68000000 		.4byte	.LFE69-.LFB69
 955 0247 01       		.uleb128 0x1
 956 0248 9C       		.byte	0x9c
 957 0249 AC020000 		.4byte	0x2ac
 958 024d 07       		.uleb128 0x7
 959 024e 06000000 		.4byte	.LVL22
 960 0252 C3060000 		.4byte	0x6c3
 961 0256 07       		.uleb128 0x7
 962 0257 0A000000 		.4byte	.LVL23
 963 025b CE060000 		.4byte	0x6ce
 964 025f 08       		.uleb128 0x8
 965 0260 20000000 		.4byte	.LVL24
 966 0264 31070000 		.4byte	0x731
 967 0268 73020000 		.4byte	0x273
 968 026c 09       		.uleb128 0x9
 969 026d 01       		.uleb128 0x1
 970 026e 50       		.byte	0x50
ARM GAS  C:\Users\LUCASI~1\AppData\Local\Temp\ccirDYhi.s 			page 22


 971 026f 02       		.uleb128 0x2
 972 0270 09       		.byte	0x9
 973 0271 AA       		.byte	0xaa
 974 0272 00       		.byte	0
 975 0273 07       		.uleb128 0x7
 976 0274 2E000000 		.4byte	.LVL25
 977 0278 05070000 		.4byte	0x705
 978 027c 08       		.uleb128 0x8
 979 027d 46000000 		.4byte	.LVL26
 980 0281 3C070000 		.4byte	0x73c
 981 0285 90020000 		.4byte	0x290
 982 0289 09       		.uleb128 0x9
 983 028a 01       		.uleb128 0x1
 984 028b 50       		.byte	0x50
 985 028c 02       		.uleb128 0x2
 986 028d 09       		.byte	0x9
 987 028e AA       		.byte	0xaa
 988 028f 00       		.byte	0
 989 0290 07       		.uleb128 0x7
 990 0291 56000000 		.4byte	.LVL27
 991 0295 10070000 		.4byte	0x710
 992 0299 07       		.uleb128 0x7
 993 029a 5A000000 		.4byte	.LVL28
 994 029e 1B070000 		.4byte	0x71b
 995 02a2 07       		.uleb128 0x7
 996 02a3 5E000000 		.4byte	.LVL29
 997 02a7 26070000 		.4byte	0x726
 998 02ab 00       		.byte	0
 999 02ac 0A       		.uleb128 0xa
 1000 02ad 97020000 		.4byte	.LASF22
 1001 02b1 01       		.byte	0x1
 1002 02b2 25       		.byte	0x25
 1003 02b3 00000000 		.4byte	.LFB65
 1004 02b7 40000000 		.4byte	.LFE65-.LFB65
 1005 02bb 01       		.uleb128 0x1
 1006 02bc 9C       		.byte	0x9c
 1007 02bd E3020000 		.4byte	0x2e3
 1008 02c1 0B       		.uleb128 0xb
 1009 02c2 AC030000 		.4byte	.LASF24
 1010 02c6 01       		.byte	0x1
 1011 02c7 25       		.byte	0x25
 1012 02c8 68000000 		.4byte	0x68
 1013 02cc 00000000 		.4byte	.LLST0
 1014 02d0 07       		.uleb128 0x7
 1015 02d1 24000000 		.4byte	.LVL32
 1016 02d5 38020000 		.4byte	0x238
 1017 02d9 07       		.uleb128 0x7
 1018 02da 38000000 		.4byte	.LVL35
 1019 02de 38020000 		.4byte	0x238
 1020 02e2 00       		.byte	0
 1021 02e3 06       		.uleb128 0x6
 1022 02e4 6C000000 		.4byte	.LASF21
 1023 02e8 01       		.byte	0x1
 1024 02e9 12       		.byte	0x12
 1025 02ea 00000000 		.4byte	.LFB64
 1026 02ee 64000000 		.4byte	.LFE64-.LFB64
 1027 02f2 01       		.uleb128 0x1
ARM GAS  C:\Users\LUCASI~1\AppData\Local\Temp\ccirDYhi.s 			page 23


 1028 02f3 9C       		.byte	0x9c
 1029 02f4 41030000 		.4byte	0x341
 1030 02f8 08       		.uleb128 0x8
 1031 02f9 0E000000 		.4byte	.LVL36
 1032 02fd 47070000 		.4byte	0x747
 1033 0301 0B030000 		.4byte	0x30b
 1034 0305 09       		.uleb128 0x9
 1035 0306 01       		.uleb128 0x1
 1036 0307 50       		.byte	0x50
 1037 0308 01       		.uleb128 0x1
 1038 0309 30       		.byte	0x30
 1039 030a 00       		.byte	0
 1040 030b 07       		.uleb128 0x7
 1041 030c 12000000 		.4byte	.LVL37
 1042 0310 52070000 		.4byte	0x752
 1043 0314 07       		.uleb128 0x7
 1044 0315 16000000 		.4byte	.LVL38
 1045 0319 5D070000 		.4byte	0x75d
 1046 031d 08       		.uleb128 0x8
 1047 031e 3E000000 		.4byte	.LVL39
 1048 0322 AC020000 		.4byte	0x2ac
 1049 0326 31030000 		.4byte	0x331
 1050 032a 09       		.uleb128 0x9
 1051 032b 01       		.uleb128 0x1
 1052 032c 50       		.byte	0x50
 1053 032d 02       		.uleb128 0x2
 1054 032e 09       		.byte	0x9
 1055 032f FF       		.byte	0xff
 1056 0330 00       		.byte	0
 1057 0331 0C       		.uleb128 0xc
 1058 0332 52000000 		.4byte	.LVL40
 1059 0336 AC020000 		.4byte	0x2ac
 1060 033a 09       		.uleb128 0x9
 1061 033b 01       		.uleb128 0x1
 1062 033c 50       		.byte	0x50
 1063 033d 01       		.uleb128 0x1
 1064 033e 31       		.byte	0x31
 1065 033f 00       		.byte	0
 1066 0340 00       		.byte	0
 1067 0341 0A       		.uleb128 0xa
 1068 0342 3B030000 		.4byte	.LASF23
 1069 0346 01       		.byte	0x1
 1070 0347 7D       		.byte	0x7d
 1071 0348 00000000 		.4byte	.LFB70
 1072 034c 8C000000 		.4byte	.LFE70-.LFB70
 1073 0350 01       		.uleb128 0x1
 1074 0351 9C       		.byte	0x9c
 1075 0352 A2040000 		.4byte	0x4a2
 1076 0356 0D       		.uleb128 0xd
 1077 0357 64697200 		.ascii	"dir\000"
 1078 035b 01       		.byte	0x1
 1079 035c 7D       		.byte	0x7d
 1080 035d 68000000 		.4byte	0x68
 1081 0361 3A000000 		.4byte	.LLST1
 1082 0365 07       		.uleb128 0x7
 1083 0366 10000000 		.4byte	.LVL42
 1084 036a C3060000 		.4byte	0x6c3
ARM GAS  C:\Users\LUCASI~1\AppData\Local\Temp\ccirDYhi.s 			page 24


 1085 036e 07       		.uleb128 0x7
 1086 036f 14000000 		.4byte	.LVL43
 1087 0373 CE060000 		.4byte	0x6ce
 1088 0377 08       		.uleb128 0x8
 1089 0378 1A000000 		.4byte	.LVL44
 1090 037c 68070000 		.4byte	0x768
 1091 0380 8B030000 		.4byte	0x38b
 1092 0384 09       		.uleb128 0x9
 1093 0385 01       		.uleb128 0x1
 1094 0386 50       		.byte	0x50
 1095 0387 02       		.uleb128 0x2
 1096 0388 08       		.byte	0x8
 1097 0389 FA       		.byte	0xfa
 1098 038a 00       		.byte	0
 1099 038b 08       		.uleb128 0x8
 1100 038c 2A000000 		.4byte	.LVL45
 1101 0390 D9060000 		.4byte	0x6d9
 1102 0394 9E030000 		.4byte	0x39e
 1103 0398 09       		.uleb128 0x9
 1104 0399 01       		.uleb128 0x1
 1105 039a 50       		.byte	0x50
 1106 039b 01       		.uleb128 0x1
 1107 039c 30       		.byte	0x30
 1108 039d 00       		.byte	0
 1109 039e 08       		.uleb128 0x8
 1110 039f 30000000 		.4byte	.LVL46
 1111 03a3 E4060000 		.4byte	0x6e4
 1112 03a7 B1030000 		.4byte	0x3b1
 1113 03ab 09       		.uleb128 0x9
 1114 03ac 01       		.uleb128 0x1
 1115 03ad 50       		.byte	0x50
 1116 03ae 01       		.uleb128 0x1
 1117 03af 31       		.byte	0x31
 1118 03b0 00       		.byte	0
 1119 03b1 08       		.uleb128 0x8
 1120 03b2 36000000 		.4byte	.LVL47
 1121 03b6 EF060000 		.4byte	0x6ef
 1122 03ba C4030000 		.4byte	0x3c4
 1123 03be 09       		.uleb128 0x9
 1124 03bf 01       		.uleb128 0x1
 1125 03c0 50       		.byte	0x50
 1126 03c1 01       		.uleb128 0x1
 1127 03c2 31       		.byte	0x31
 1128 03c3 00       		.byte	0
 1129 03c4 08       		.uleb128 0x8
 1130 03c5 3C000000 		.4byte	.LVL48
 1131 03c9 FA060000 		.4byte	0x6fa
 1132 03cd D7030000 		.4byte	0x3d7
 1133 03d1 09       		.uleb128 0x9
 1134 03d2 01       		.uleb128 0x1
 1135 03d3 50       		.byte	0x50
 1136 03d4 01       		.uleb128 0x1
 1137 03d5 30       		.byte	0x30
 1138 03d6 00       		.byte	0
 1139 03d7 08       		.uleb128 0x8
 1140 03d8 44000000 		.4byte	.LVL49
 1141 03dc E4060000 		.4byte	0x6e4
ARM GAS  C:\Users\LUCASI~1\AppData\Local\Temp\ccirDYhi.s 			page 25


 1142 03e0 EA030000 		.4byte	0x3ea
 1143 03e4 09       		.uleb128 0x9
 1144 03e5 01       		.uleb128 0x1
 1145 03e6 50       		.byte	0x50
 1146 03e7 01       		.uleb128 0x1
 1147 03e8 30       		.byte	0x30
 1148 03e9 00       		.byte	0
 1149 03ea 08       		.uleb128 0x8
 1150 03eb 4A000000 		.4byte	.LVL50
 1151 03ef D9060000 		.4byte	0x6d9
 1152 03f3 FD030000 		.4byte	0x3fd
 1153 03f7 09       		.uleb128 0x9
 1154 03f8 01       		.uleb128 0x1
 1155 03f9 50       		.byte	0x50
 1156 03fa 01       		.uleb128 0x1
 1157 03fb 31       		.byte	0x31
 1158 03fc 00       		.byte	0
 1159 03fd 08       		.uleb128 0x8
 1160 03fe 50000000 		.4byte	.LVL51
 1161 0402 FA060000 		.4byte	0x6fa
 1162 0406 10040000 		.4byte	0x410
 1163 040a 09       		.uleb128 0x9
 1164 040b 01       		.uleb128 0x1
 1165 040c 50       		.byte	0x50
 1166 040d 01       		.uleb128 0x1
 1167 040e 31       		.byte	0x31
 1168 040f 00       		.byte	0
 1169 0410 08       		.uleb128 0x8
 1170 0411 56000000 		.4byte	.LVL52
 1171 0415 EF060000 		.4byte	0x6ef
 1172 0419 23040000 		.4byte	0x423
 1173 041d 09       		.uleb128 0x9
 1174 041e 01       		.uleb128 0x1
 1175 041f 50       		.byte	0x50
 1176 0420 01       		.uleb128 0x1
 1177 0421 30       		.byte	0x30
 1178 0422 00       		.byte	0
 1179 0423 08       		.uleb128 0x8
 1180 0424 5C000000 		.4byte	.LVL53
 1181 0428 05070000 		.4byte	0x705
 1182 042c 37040000 		.4byte	0x437
 1183 0430 09       		.uleb128 0x9
 1184 0431 01       		.uleb128 0x1
 1185 0432 50       		.byte	0x50
 1186 0433 02       		.uleb128 0x2
 1187 0434 08       		.byte	0x8
 1188 0435 64       		.byte	0x64
 1189 0436 00       		.byte	0
 1190 0437 08       		.uleb128 0x8
 1191 0438 62000000 		.4byte	.LVL54
 1192 043c 10070000 		.4byte	0x710
 1193 0440 4B040000 		.4byte	0x44b
 1194 0444 09       		.uleb128 0x9
 1195 0445 01       		.uleb128 0x1
 1196 0446 50       		.byte	0x50
 1197 0447 02       		.uleb128 0x2
 1198 0448 08       		.byte	0x8
ARM GAS  C:\Users\LUCASI~1\AppData\Local\Temp\ccirDYhi.s 			page 26


 1199 0449 64       		.byte	0x64
 1200 044a 00       		.byte	0
 1201 044b 07       		.uleb128 0x7
 1202 044c 66000000 		.4byte	.LVL55
 1203 0450 1B070000 		.4byte	0x71b
 1204 0454 07       		.uleb128 0x7
 1205 0455 6A000000 		.4byte	.LVL56
 1206 0459 26070000 		.4byte	0x726
 1207 045d 08       		.uleb128 0x8
 1208 045e 72000000 		.4byte	.LVL57
 1209 0462 68070000 		.4byte	0x768
 1210 0466 72040000 		.4byte	0x472
 1211 046a 09       		.uleb128 0x9
 1212 046b 01       		.uleb128 0x1
 1213 046c 50       		.byte	0x50
 1214 046d 03       		.uleb128 0x3
 1215 046e 0A       		.byte	0xa
 1216 046f E803     		.2byte	0x3e8
 1217 0471 00       		.byte	0
 1218 0472 07       		.uleb128 0x7
 1219 0473 76000000 		.4byte	.LVL58
 1220 0477 C3060000 		.4byte	0x6c3
 1221 047b 07       		.uleb128 0x7
 1222 047c 7A000000 		.4byte	.LVL59
 1223 0480 CE060000 		.4byte	0x6ce
 1224 0484 08       		.uleb128 0x8
 1225 0485 80000000 		.4byte	.LVL60
 1226 0489 68070000 		.4byte	0x768
 1227 048d 98040000 		.4byte	0x498
 1228 0491 09       		.uleb128 0x9
 1229 0492 01       		.uleb128 0x1
 1230 0493 50       		.byte	0x50
 1231 0494 02       		.uleb128 0x2
 1232 0495 08       		.byte	0x8
 1233 0496 FA       		.byte	0xfa
 1234 0497 00       		.byte	0
 1235 0498 07       		.uleb128 0x7
 1236 0499 84000000 		.4byte	.LVL61
 1237 049d B4000000 		.4byte	0xb4
 1238 04a1 00       		.byte	0
 1239 04a2 06       		.uleb128 0x6
 1240 04a3 0E010000 		.4byte	.LASF25
 1241 04a7 01       		.byte	0x1
 1242 04a8 A9       		.byte	0xa9
 1243 04a9 00000000 		.4byte	.LFB71
 1244 04ad 80000000 		.4byte	.LFE71-.LFB71
 1245 04b1 01       		.uleb128 0x1
 1246 04b2 9C       		.byte	0x9c
 1247 04b3 EC050000 		.4byte	0x5ec
 1248 04b7 07       		.uleb128 0x7
 1249 04b8 0E000000 		.4byte	.LVL63
 1250 04bc C3060000 		.4byte	0x6c3
 1251 04c0 07       		.uleb128 0x7
 1252 04c1 12000000 		.4byte	.LVL64
 1253 04c5 CE060000 		.4byte	0x6ce
 1254 04c9 08       		.uleb128 0x8
 1255 04ca 18000000 		.4byte	.LVL65
ARM GAS  C:\Users\LUCASI~1\AppData\Local\Temp\ccirDYhi.s 			page 27


 1256 04ce 68070000 		.4byte	0x768
 1257 04d2 DD040000 		.4byte	0x4dd
 1258 04d6 09       		.uleb128 0x9
 1259 04d7 01       		.uleb128 0x1
 1260 04d8 50       		.byte	0x50
 1261 04d9 02       		.uleb128 0x2
 1262 04da 08       		.byte	0x8
 1263 04db FA       		.byte	0xfa
 1264 04dc 00       		.byte	0
 1265 04dd 07       		.uleb128 0x7
 1266 04de 1C000000 		.4byte	.LVL66
 1267 04e2 62010000 		.4byte	0x162
 1268 04e6 08       		.uleb128 0x8
 1269 04e7 24000000 		.4byte	.LVL67
 1270 04eb 68070000 		.4byte	0x768
 1271 04ef FB040000 		.4byte	0x4fb
 1272 04f3 09       		.uleb128 0x9
 1273 04f4 01       		.uleb128 0x1
 1274 04f5 50       		.byte	0x50
 1275 04f6 03       		.uleb128 0x3
 1276 04f7 0A       		.byte	0xa
 1277 04f8 D007     		.2byte	0x7d0
 1278 04fa 00       		.byte	0
 1279 04fb 07       		.uleb128 0x7
 1280 04fc 28000000 		.4byte	.LVL68
 1281 0500 C3060000 		.4byte	0x6c3
 1282 0504 07       		.uleb128 0x7
 1283 0505 2C000000 		.4byte	.LVL69
 1284 0509 CE060000 		.4byte	0x6ce
 1285 050d 08       		.uleb128 0x8
 1286 050e 32000000 		.4byte	.LVL70
 1287 0512 68070000 		.4byte	0x768
 1288 0516 21050000 		.4byte	0x521
 1289 051a 09       		.uleb128 0x9
 1290 051b 01       		.uleb128 0x1
 1291 051c 50       		.byte	0x50
 1292 051d 02       		.uleb128 0x2
 1293 051e 08       		.byte	0x8
 1294 051f FA       		.byte	0xfa
 1295 0520 00       		.byte	0
 1296 0521 08       		.uleb128 0x8
 1297 0522 38000000 		.4byte	.LVL71
 1298 0526 D9060000 		.4byte	0x6d9
 1299 052a 34050000 		.4byte	0x534
 1300 052e 09       		.uleb128 0x9
 1301 052f 01       		.uleb128 0x1
 1302 0530 50       		.byte	0x50
 1303 0531 01       		.uleb128 0x1
 1304 0532 30       		.byte	0x30
 1305 0533 00       		.byte	0
 1306 0534 08       		.uleb128 0x8
 1307 0535 3E000000 		.4byte	.LVL72
 1308 0539 E4060000 		.4byte	0x6e4
 1309 053d 47050000 		.4byte	0x547
 1310 0541 09       		.uleb128 0x9
 1311 0542 01       		.uleb128 0x1
 1312 0543 50       		.byte	0x50
ARM GAS  C:\Users\LUCASI~1\AppData\Local\Temp\ccirDYhi.s 			page 28


 1313 0544 01       		.uleb128 0x1
 1314 0545 31       		.byte	0x31
 1315 0546 00       		.byte	0
 1316 0547 08       		.uleb128 0x8
 1317 0548 44000000 		.4byte	.LVL73
 1318 054c EF060000 		.4byte	0x6ef
 1319 0550 5A050000 		.4byte	0x55a
 1320 0554 09       		.uleb128 0x9
 1321 0555 01       		.uleb128 0x1
 1322 0556 50       		.byte	0x50
 1323 0557 01       		.uleb128 0x1
 1324 0558 31       		.byte	0x31
 1325 0559 00       		.byte	0
 1326 055a 08       		.uleb128 0x8
 1327 055b 4A000000 		.4byte	.LVL74
 1328 055f FA060000 		.4byte	0x6fa
 1329 0563 6D050000 		.4byte	0x56d
 1330 0567 09       		.uleb128 0x9
 1331 0568 01       		.uleb128 0x1
 1332 0569 50       		.byte	0x50
 1333 056a 01       		.uleb128 0x1
 1334 056b 30       		.byte	0x30
 1335 056c 00       		.byte	0
 1336 056d 07       		.uleb128 0x7
 1337 056e 4E000000 		.4byte	.LVL75
 1338 0572 1B070000 		.4byte	0x71b
 1339 0576 07       		.uleb128 0x7
 1340 0577 52000000 		.4byte	.LVL76
 1341 057b 26070000 		.4byte	0x726
 1342 057f 08       		.uleb128 0x8
 1343 0580 58000000 		.4byte	.LVL77
 1344 0584 05070000 		.4byte	0x705
 1345 0588 93050000 		.4byte	0x593
 1346 058c 09       		.uleb128 0x9
 1347 058d 01       		.uleb128 0x1
 1348 058e 50       		.byte	0x50
 1349 058f 02       		.uleb128 0x2
 1350 0590 08       		.byte	0x8
 1351 0591 64       		.byte	0x64
 1352 0592 00       		.byte	0
 1353 0593 08       		.uleb128 0x8
 1354 0594 5E000000 		.4byte	.LVL78
 1355 0598 10070000 		.4byte	0x710
 1356 059c A7050000 		.4byte	0x5a7
 1357 05a0 09       		.uleb128 0x9
 1358 05a1 01       		.uleb128 0x1
 1359 05a2 50       		.byte	0x50
 1360 05a3 02       		.uleb128 0x2
 1361 05a4 08       		.byte	0x8
 1362 05a5 64       		.byte	0x64
 1363 05a6 00       		.byte	0
 1364 05a7 08       		.uleb128 0x8
 1365 05a8 66000000 		.4byte	.LVL79
 1366 05ac 68070000 		.4byte	0x768
 1367 05b0 BC050000 		.4byte	0x5bc
 1368 05b4 09       		.uleb128 0x9
 1369 05b5 01       		.uleb128 0x1
ARM GAS  C:\Users\LUCASI~1\AppData\Local\Temp\ccirDYhi.s 			page 29


 1370 05b6 50       		.byte	0x50
 1371 05b7 03       		.uleb128 0x3
 1372 05b8 0A       		.byte	0xa
 1373 05b9 E803     		.2byte	0x3e8
 1374 05bb 00       		.byte	0
 1375 05bc 07       		.uleb128 0x7
 1376 05bd 6A000000 		.4byte	.LVL80
 1377 05c1 C3060000 		.4byte	0x6c3
 1378 05c5 07       		.uleb128 0x7
 1379 05c6 6E000000 		.4byte	.LVL81
 1380 05ca CE060000 		.4byte	0x6ce
 1381 05ce 08       		.uleb128 0x8
 1382 05cf 74000000 		.4byte	.LVL82
 1383 05d3 68070000 		.4byte	0x768
 1384 05d7 E2050000 		.4byte	0x5e2
 1385 05db 09       		.uleb128 0x9
 1386 05dc 01       		.uleb128 0x1
 1387 05dd 50       		.byte	0x50
 1388 05de 02       		.uleb128 0x2
 1389 05df 08       		.byte	0x8
 1390 05e0 FA       		.byte	0xfa
 1391 05e1 00       		.byte	0
 1392 05e2 07       		.uleb128 0x7
 1393 05e3 78000000 		.4byte	.LVL83
 1394 05e7 B4000000 		.4byte	0xb4
 1395 05eb 00       		.byte	0
 1396 05ec 0E       		.uleb128 0xe
 1397 05ed F5010000 		.4byte	.LASF26
 1398 05f1 05       		.byte	0x5
 1399 05f2 01       		.byte	0x1
 1400 05f3 68000000 		.4byte	0x68
 1401 05f7 05       		.uleb128 0x5
 1402 05f8 03       		.byte	0x3
 1403 05f9 00000000 		.4byte	running_
 1404 05fd 0E       		.uleb128 0xe
 1405 05fe D7000000 		.4byte	.LASF27
 1406 0602 06       		.byte	0x6
 1407 0603 17       		.byte	0x17
 1408 0604 6F000000 		.4byte	0x6f
 1409 0608 05       		.uleb128 0x5
 1410 0609 03       		.byte	0x3
 1411 060a 00000000 		.4byte	NP_g_nNumberOfPixels
 1412 060e 0E       		.uleb128 0xe
 1413 060f 1C030000 		.4byte	.LASF28
 1414 0613 06       		.byte	0x6
 1415 0614 18       		.byte	0x18
 1416 0615 96000000 		.4byte	0x96
 1417 0619 05       		.uleb128 0x5
 1418 061a 03       		.byte	0x3
 1419 061b 00000000 		.4byte	NP_g_nDMA_Chan
 1420 061f 0E       		.uleb128 0xe
 1421 0620 2E020000 		.4byte	.LASF29
 1422 0624 06       		.byte	0x6
 1423 0625 19       		.byte	0x19
 1424 0626 96000000 		.4byte	0x96
 1425 062a 05       		.uleb128 0x5
 1426 062b 03       		.byte	0x3
ARM GAS  C:\Users\LUCASI~1\AppData\Local\Temp\ccirDYhi.s 			page 30


 1427 062c 00000000 		.4byte	NP_g_nDMA_TD
 1428 0630 0E       		.uleb128 0xe
 1429 0631 82000000 		.4byte	.LASF30
 1430 0635 06       		.byte	0x6
 1431 0636 1A       		.byte	0x1a
 1432 0637 96000000 		.4byte	0x96
 1433 063b 05       		.uleb128 0x5
 1434 063c 03       		.byte	0x3
 1435 063d 00000000 		.4byte	NP_g_bOwnsBuffer
 1436 0641 0E       		.uleb128 0xe
 1437 0642 AE010000 		.4byte	.LASF31
 1438 0646 06       		.byte	0x6
 1439 0647 1C       		.byte	0x1c
 1440 0648 52060000 		.4byte	0x652
 1441 064c 05       		.uleb128 0x5
 1442 064d 03       		.byte	0x3
 1443 064e 00000000 		.4byte	NP_g_pFrameBuffer
 1444 0652 0F       		.uleb128 0xf
 1445 0653 04       		.byte	0x4
 1446 0654 AF000000 		.4byte	0xaf
 1447 0658 0E       		.uleb128 0xe
 1448 0659 06030000 		.4byte	.LASF32
 1449 065d 06       		.byte	0x6
 1450 065e 1D       		.byte	0x1d
 1451 065f 6F000000 		.4byte	0x6f
 1452 0663 05       		.uleb128 0x5
 1453 0664 03       		.byte	0x3
 1454 0665 00000000 		.4byte	NP_g_nFrameBufferSize
 1455 0669 10       		.uleb128 0x10
 1456 066a 58020000 		.4byte	.LASF33
 1457 066e 07       		.byte	0x7
 1458 066f 2A06     		.2byte	0x62a
 1459 0671 75060000 		.4byte	0x675
 1460 0675 05       		.uleb128 0x5
 1461 0676 8B000000 		.4byte	0x8b
 1462 067a 0E       		.uleb128 0xe
 1463 067b 08020000 		.4byte	.LASF34
 1464 067f 08       		.byte	0x8
 1465 0680 08       		.byte	0x8
 1466 0681 68000000 		.4byte	0x68
 1467 0685 05       		.uleb128 0x5
 1468 0686 03       		.byte	0x3
 1469 0687 00000000 		.4byte	state
 1470 068b 0E       		.uleb128 0xe
 1471 068c FE010000 		.4byte	.LASF35
 1472 0690 08       		.byte	0x8
 1473 0691 09       		.byte	0x9
 1474 0692 68000000 		.4byte	0x68
 1475 0696 05       		.uleb128 0x5
 1476 0697 03       		.byte	0x3
 1477 0698 00000000 		.4byte	randState
 1478 069c 11       		.uleb128 0x11
 1479 069d 68000000 		.4byte	0x68
 1480 06a1 B2060000 		.4byte	0x6b2
 1481 06a5 12       		.uleb128 0x12
 1482 06a6 7D000000 		.4byte	0x7d
 1483 06aa 06       		.byte	0x6
ARM GAS  C:\Users\LUCASI~1\AppData\Local\Temp\ccirDYhi.s 			page 31


 1484 06ab 12       		.uleb128 0x12
 1485 06ac 7D000000 		.4byte	0x7d
 1486 06b0 01       		.byte	0x1
 1487 06b1 00       		.byte	0
 1488 06b2 0E       		.uleb128 0xe
 1489 06b3 BF020000 		.4byte	.LASF36
 1490 06b7 01       		.byte	0x1
 1491 06b8 08       		.byte	0x8
 1492 06b9 9C060000 		.4byte	0x69c
 1493 06bd 05       		.uleb128 0x5
 1494 06be 03       		.byte	0x3
 1495 06bf 00000000 		.4byte	driveState
 1496 06c3 13       		.uleb128 0x13
 1497 06c4 00000000 		.4byte	.LASF37
 1498 06c8 00000000 		.4byte	.LASF37
 1499 06cc 09       		.byte	0x9
 1500 06cd 93       		.byte	0x93
 1501 06ce 13       		.uleb128 0x13
 1502 06cf 9C030000 		.4byte	.LASF38
 1503 06d3 9C030000 		.4byte	.LASF38
 1504 06d7 0A       		.byte	0xa
 1505 06d8 93       		.byte	0x93
 1506 06d9 13       		.uleb128 0x13
 1507 06da F6020000 		.4byte	.LASF39
 1508 06de F6020000 		.4byte	.LASF39
 1509 06e2 0B       		.byte	0xb
 1510 06e3 26       		.byte	0x26
 1511 06e4 13       		.uleb128 0x13
 1512 06e5 E1020000 		.4byte	.LASF40
 1513 06e9 E1020000 		.4byte	.LASF40
 1514 06ed 0C       		.byte	0xc
 1515 06ee 26       		.byte	0x26
 1516 06ef 13       		.uleb128 0x13
 1517 06f0 9E000000 		.4byte	.LASF41
 1518 06f4 9E000000 		.4byte	.LASF41
 1519 06f8 0D       		.byte	0xd
 1520 06f9 26       		.byte	0x26
 1521 06fa 13       		.uleb128 0x13
 1522 06fb FE000000 		.4byte	.LASF42
 1523 06ff FE000000 		.4byte	.LASF42
 1524 0703 0E       		.byte	0xe
 1525 0704 26       		.byte	0x26
 1526 0705 13       		.uleb128 0x13
 1527 0706 CA010000 		.4byte	.LASF43
 1528 070a CA010000 		.4byte	.LASF43
 1529 070e 09       		.byte	0x9
 1530 070f C3       		.byte	0xc3
 1531 0710 13       		.uleb128 0x13
 1532 0711 4C030000 		.4byte	.LASF44
 1533 0715 4C030000 		.4byte	.LASF44
 1534 0719 0A       		.byte	0xa
 1535 071a C3       		.byte	0xc3
 1536 071b 13       		.uleb128 0x13
 1537 071c C6000000 		.4byte	.LASF45
 1538 0720 C6000000 		.4byte	.LASF45
 1539 0724 09       		.byte	0x9
 1540 0725 92       		.byte	0x92
ARM GAS  C:\Users\LUCASI~1\AppData\Local\Temp\ccirDYhi.s 			page 32


 1541 0726 13       		.uleb128 0x13
 1542 0727 B5000000 		.4byte	.LASF46
 1543 072b B5000000 		.4byte	.LASF46
 1544 072f 0A       		.byte	0xa
 1545 0730 92       		.byte	0x92
 1546 0731 13       		.uleb128 0x13
 1547 0732 41020000 		.4byte	.LASF47
 1548 0736 41020000 		.4byte	.LASF47
 1549 073a 09       		.byte	0x9
 1550 073b BE       		.byte	0xbe
 1551 073c 13       		.uleb128 0x13
 1552 073d 79030000 		.4byte	.LASF48
 1553 0741 79030000 		.4byte	.LASF48
 1554 0745 0A       		.byte	0xa
 1555 0746 BE       		.byte	0xbe
 1556 0747 13       		.uleb128 0x13
 1557 0748 A3020000 		.4byte	.LASF49
 1558 074c A3020000 		.4byte	.LASF49
 1559 0750 0F       		.byte	0xf
 1560 0751 37       		.byte	0x37
 1561 0752 13       		.uleb128 0x13
 1562 0753 3B020000 		.4byte	.LASF50
 1563 0757 3B020000 		.4byte	.LASF50
 1564 075b 10       		.byte	0x10
 1565 075c 96       		.byte	0x96
 1566 075d 13       		.uleb128 0x13
 1567 075e BB030000 		.4byte	.LASF51
 1568 0762 BB030000 		.4byte	.LASF51
 1569 0766 10       		.byte	0x10
 1570 0767 88       		.byte	0x88
 1571 0768 13       		.uleb128 0x13
 1572 0769 B3030000 		.4byte	.LASF52
 1573 076d B3030000 		.4byte	.LASF52
 1574 0771 11       		.byte	0x11
 1575 0772 77       		.byte	0x77
 1576 0773 00       		.byte	0
 1577              		.section	.debug_abbrev,"",%progbits
 1578              	.Ldebug_abbrev0:
 1579 0000 01       		.uleb128 0x1
 1580 0001 11       		.uleb128 0x11
 1581 0002 01       		.byte	0x1
 1582 0003 25       		.uleb128 0x25
 1583 0004 0E       		.uleb128 0xe
 1584 0005 13       		.uleb128 0x13
 1585 0006 0B       		.uleb128 0xb
 1586 0007 03       		.uleb128 0x3
 1587 0008 0E       		.uleb128 0xe
 1588 0009 1B       		.uleb128 0x1b
 1589 000a 0E       		.uleb128 0xe
 1590 000b 55       		.uleb128 0x55
 1591 000c 17       		.uleb128 0x17
 1592 000d 11       		.uleb128 0x11
 1593 000e 01       		.uleb128 0x1
 1594 000f 10       		.uleb128 0x10
 1595 0010 17       		.uleb128 0x17
 1596 0011 00       		.byte	0
 1597 0012 00       		.byte	0
ARM GAS  C:\Users\LUCASI~1\AppData\Local\Temp\ccirDYhi.s 			page 33


 1598 0013 02       		.uleb128 0x2
 1599 0014 24       		.uleb128 0x24
 1600 0015 00       		.byte	0
 1601 0016 0B       		.uleb128 0xb
 1602 0017 0B       		.uleb128 0xb
 1603 0018 3E       		.uleb128 0x3e
 1604 0019 0B       		.uleb128 0xb
 1605 001a 03       		.uleb128 0x3
 1606 001b 0E       		.uleb128 0xe
 1607 001c 00       		.byte	0
 1608 001d 00       		.byte	0
 1609 001e 03       		.uleb128 0x3
 1610 001f 16       		.uleb128 0x16
 1611 0020 00       		.byte	0
 1612 0021 03       		.uleb128 0x3
 1613 0022 0E       		.uleb128 0xe
 1614 0023 3A       		.uleb128 0x3a
 1615 0024 0B       		.uleb128 0xb
 1616 0025 3B       		.uleb128 0x3b
 1617 0026 0B       		.uleb128 0xb
 1618 0027 49       		.uleb128 0x49
 1619 0028 13       		.uleb128 0x13
 1620 0029 00       		.byte	0
 1621 002a 00       		.byte	0
 1622 002b 04       		.uleb128 0x4
 1623 002c 24       		.uleb128 0x24
 1624 002d 00       		.byte	0
 1625 002e 0B       		.uleb128 0xb
 1626 002f 0B       		.uleb128 0xb
 1627 0030 3E       		.uleb128 0x3e
 1628 0031 0B       		.uleb128 0xb
 1629 0032 03       		.uleb128 0x3
 1630 0033 08       		.uleb128 0x8
 1631 0034 00       		.byte	0
 1632 0035 00       		.byte	0
 1633 0036 05       		.uleb128 0x5
 1634 0037 35       		.uleb128 0x35
 1635 0038 00       		.byte	0
 1636 0039 49       		.uleb128 0x49
 1637 003a 13       		.uleb128 0x13
 1638 003b 00       		.byte	0
 1639 003c 00       		.byte	0
 1640 003d 06       		.uleb128 0x6
 1641 003e 2E       		.uleb128 0x2e
 1642 003f 01       		.byte	0x1
 1643 0040 3F       		.uleb128 0x3f
 1644 0041 19       		.uleb128 0x19
 1645 0042 03       		.uleb128 0x3
 1646 0043 0E       		.uleb128 0xe
 1647 0044 3A       		.uleb128 0x3a
 1648 0045 0B       		.uleb128 0xb
 1649 0046 3B       		.uleb128 0x3b
 1650 0047 0B       		.uleb128 0xb
 1651 0048 11       		.uleb128 0x11
 1652 0049 01       		.uleb128 0x1
 1653 004a 12       		.uleb128 0x12
 1654 004b 06       		.uleb128 0x6
ARM GAS  C:\Users\LUCASI~1\AppData\Local\Temp\ccirDYhi.s 			page 34


 1655 004c 40       		.uleb128 0x40
 1656 004d 18       		.uleb128 0x18
 1657 004e 9742     		.uleb128 0x2117
 1658 0050 19       		.uleb128 0x19
 1659 0051 01       		.uleb128 0x1
 1660 0052 13       		.uleb128 0x13
 1661 0053 00       		.byte	0
 1662 0054 00       		.byte	0
 1663 0055 07       		.uleb128 0x7
 1664 0056 898201   		.uleb128 0x4109
 1665 0059 00       		.byte	0
 1666 005a 11       		.uleb128 0x11
 1667 005b 01       		.uleb128 0x1
 1668 005c 31       		.uleb128 0x31
 1669 005d 13       		.uleb128 0x13
 1670 005e 00       		.byte	0
 1671 005f 00       		.byte	0
 1672 0060 08       		.uleb128 0x8
 1673 0061 898201   		.uleb128 0x4109
 1674 0064 01       		.byte	0x1
 1675 0065 11       		.uleb128 0x11
 1676 0066 01       		.uleb128 0x1
 1677 0067 31       		.uleb128 0x31
 1678 0068 13       		.uleb128 0x13
 1679 0069 01       		.uleb128 0x1
 1680 006a 13       		.uleb128 0x13
 1681 006b 00       		.byte	0
 1682 006c 00       		.byte	0
 1683 006d 09       		.uleb128 0x9
 1684 006e 8A8201   		.uleb128 0x410a
 1685 0071 00       		.byte	0
 1686 0072 02       		.uleb128 0x2
 1687 0073 18       		.uleb128 0x18
 1688 0074 9142     		.uleb128 0x2111
 1689 0076 18       		.uleb128 0x18
 1690 0077 00       		.byte	0
 1691 0078 00       		.byte	0
 1692 0079 0A       		.uleb128 0xa
 1693 007a 2E       		.uleb128 0x2e
 1694 007b 01       		.byte	0x1
 1695 007c 3F       		.uleb128 0x3f
 1696 007d 19       		.uleb128 0x19
 1697 007e 03       		.uleb128 0x3
 1698 007f 0E       		.uleb128 0xe
 1699 0080 3A       		.uleb128 0x3a
 1700 0081 0B       		.uleb128 0xb
 1701 0082 3B       		.uleb128 0x3b
 1702 0083 0B       		.uleb128 0xb
 1703 0084 27       		.uleb128 0x27
 1704 0085 19       		.uleb128 0x19
 1705 0086 11       		.uleb128 0x11
 1706 0087 01       		.uleb128 0x1
 1707 0088 12       		.uleb128 0x12
 1708 0089 06       		.uleb128 0x6
 1709 008a 40       		.uleb128 0x40
 1710 008b 18       		.uleb128 0x18
 1711 008c 9742     		.uleb128 0x2117
ARM GAS  C:\Users\LUCASI~1\AppData\Local\Temp\ccirDYhi.s 			page 35


 1712 008e 19       		.uleb128 0x19
 1713 008f 01       		.uleb128 0x1
 1714 0090 13       		.uleb128 0x13
 1715 0091 00       		.byte	0
 1716 0092 00       		.byte	0
 1717 0093 0B       		.uleb128 0xb
 1718 0094 05       		.uleb128 0x5
 1719 0095 00       		.byte	0
 1720 0096 03       		.uleb128 0x3
 1721 0097 0E       		.uleb128 0xe
 1722 0098 3A       		.uleb128 0x3a
 1723 0099 0B       		.uleb128 0xb
 1724 009a 3B       		.uleb128 0x3b
 1725 009b 0B       		.uleb128 0xb
 1726 009c 49       		.uleb128 0x49
 1727 009d 13       		.uleb128 0x13
 1728 009e 02       		.uleb128 0x2
 1729 009f 17       		.uleb128 0x17
 1730 00a0 00       		.byte	0
 1731 00a1 00       		.byte	0
 1732 00a2 0C       		.uleb128 0xc
 1733 00a3 898201   		.uleb128 0x4109
 1734 00a6 01       		.byte	0x1
 1735 00a7 11       		.uleb128 0x11
 1736 00a8 01       		.uleb128 0x1
 1737 00a9 31       		.uleb128 0x31
 1738 00aa 13       		.uleb128 0x13
 1739 00ab 00       		.byte	0
 1740 00ac 00       		.byte	0
 1741 00ad 0D       		.uleb128 0xd
 1742 00ae 05       		.uleb128 0x5
 1743 00af 00       		.byte	0
 1744 00b0 03       		.uleb128 0x3
 1745 00b1 08       		.uleb128 0x8
 1746 00b2 3A       		.uleb128 0x3a
 1747 00b3 0B       		.uleb128 0xb
 1748 00b4 3B       		.uleb128 0x3b
 1749 00b5 0B       		.uleb128 0xb
 1750 00b6 49       		.uleb128 0x49
 1751 00b7 13       		.uleb128 0x13
 1752 00b8 02       		.uleb128 0x2
 1753 00b9 17       		.uleb128 0x17
 1754 00ba 00       		.byte	0
 1755 00bb 00       		.byte	0
 1756 00bc 0E       		.uleb128 0xe
 1757 00bd 34       		.uleb128 0x34
 1758 00be 00       		.byte	0
 1759 00bf 03       		.uleb128 0x3
 1760 00c0 0E       		.uleb128 0xe
 1761 00c1 3A       		.uleb128 0x3a
 1762 00c2 0B       		.uleb128 0xb
 1763 00c3 3B       		.uleb128 0x3b
 1764 00c4 0B       		.uleb128 0xb
 1765 00c5 49       		.uleb128 0x49
 1766 00c6 13       		.uleb128 0x13
 1767 00c7 3F       		.uleb128 0x3f
 1768 00c8 19       		.uleb128 0x19
ARM GAS  C:\Users\LUCASI~1\AppData\Local\Temp\ccirDYhi.s 			page 36


 1769 00c9 02       		.uleb128 0x2
 1770 00ca 18       		.uleb128 0x18
 1771 00cb 00       		.byte	0
 1772 00cc 00       		.byte	0
 1773 00cd 0F       		.uleb128 0xf
 1774 00ce 0F       		.uleb128 0xf
 1775 00cf 00       		.byte	0
 1776 00d0 0B       		.uleb128 0xb
 1777 00d1 0B       		.uleb128 0xb
 1778 00d2 49       		.uleb128 0x49
 1779 00d3 13       		.uleb128 0x13
 1780 00d4 00       		.byte	0
 1781 00d5 00       		.byte	0
 1782 00d6 10       		.uleb128 0x10
 1783 00d7 34       		.uleb128 0x34
 1784 00d8 00       		.byte	0
 1785 00d9 03       		.uleb128 0x3
 1786 00da 0E       		.uleb128 0xe
 1787 00db 3A       		.uleb128 0x3a
 1788 00dc 0B       		.uleb128 0xb
 1789 00dd 3B       		.uleb128 0x3b
 1790 00de 05       		.uleb128 0x5
 1791 00df 49       		.uleb128 0x49
 1792 00e0 13       		.uleb128 0x13
 1793 00e1 3F       		.uleb128 0x3f
 1794 00e2 19       		.uleb128 0x19
 1795 00e3 3C       		.uleb128 0x3c
 1796 00e4 19       		.uleb128 0x19
 1797 00e5 00       		.byte	0
 1798 00e6 00       		.byte	0
 1799 00e7 11       		.uleb128 0x11
 1800 00e8 01       		.uleb128 0x1
 1801 00e9 01       		.byte	0x1
 1802 00ea 49       		.uleb128 0x49
 1803 00eb 13       		.uleb128 0x13
 1804 00ec 01       		.uleb128 0x1
 1805 00ed 13       		.uleb128 0x13
 1806 00ee 00       		.byte	0
 1807 00ef 00       		.byte	0
 1808 00f0 12       		.uleb128 0x12
 1809 00f1 21       		.uleb128 0x21
 1810 00f2 00       		.byte	0
 1811 00f3 49       		.uleb128 0x49
 1812 00f4 13       		.uleb128 0x13
 1813 00f5 2F       		.uleb128 0x2f
 1814 00f6 0B       		.uleb128 0xb
 1815 00f7 00       		.byte	0
 1816 00f8 00       		.byte	0
 1817 00f9 13       		.uleb128 0x13
 1818 00fa 2E       		.uleb128 0x2e
 1819 00fb 00       		.byte	0
 1820 00fc 3F       		.uleb128 0x3f
 1821 00fd 19       		.uleb128 0x19
 1822 00fe 3C       		.uleb128 0x3c
 1823 00ff 19       		.uleb128 0x19
 1824 0100 6E       		.uleb128 0x6e
 1825 0101 0E       		.uleb128 0xe
ARM GAS  C:\Users\LUCASI~1\AppData\Local\Temp\ccirDYhi.s 			page 37


 1826 0102 03       		.uleb128 0x3
 1827 0103 0E       		.uleb128 0xe
 1828 0104 3A       		.uleb128 0x3a
 1829 0105 0B       		.uleb128 0xb
 1830 0106 3B       		.uleb128 0x3b
 1831 0107 0B       		.uleb128 0xb
 1832 0108 00       		.byte	0
 1833 0109 00       		.byte	0
 1834 010a 00       		.byte	0
 1835              		.section	.debug_loc,"",%progbits
 1836              	.Ldebug_loc0:
 1837              	.LLST0:
 1838 0000 00000000 		.4byte	.LVL30
 1839 0004 1C000000 		.4byte	.LVL31
 1840 0008 0100     		.2byte	0x1
 1841 000a 50       		.byte	0x50
 1842 000b 1C000000 		.4byte	.LVL31
 1843 000f 26000000 		.4byte	.LVL33
 1844 0013 0400     		.2byte	0x4
 1845 0015 F3       		.byte	0xf3
 1846 0016 01       		.uleb128 0x1
 1847 0017 50       		.byte	0x50
 1848 0018 9F       		.byte	0x9f
 1849 0019 26000000 		.4byte	.LVL33
 1850 001d 30000000 		.4byte	.LVL34
 1851 0021 0100     		.2byte	0x1
 1852 0023 50       		.byte	0x50
 1853 0024 30000000 		.4byte	.LVL34
 1854 0028 40000000 		.4byte	.LFE65
 1855 002c 0400     		.2byte	0x4
 1856 002e F3       		.byte	0xf3
 1857 002f 01       		.uleb128 0x1
 1858 0030 50       		.byte	0x50
 1859 0031 9F       		.byte	0x9f
 1860 0032 00000000 		.4byte	0
 1861 0036 00000000 		.4byte	0
 1862              	.LLST1:
 1863 003a 00000000 		.4byte	.LVL41
 1864 003e 0F000000 		.4byte	.LVL42-1
 1865 0042 0100     		.2byte	0x1
 1866 0044 50       		.byte	0x50
 1867 0045 0F000000 		.4byte	.LVL42-1
 1868 0049 86000000 		.4byte	.LVL62
 1869 004d 0100     		.2byte	0x1
 1870 004f 54       		.byte	0x54
 1871 0050 86000000 		.4byte	.LVL62
 1872 0054 8C000000 		.4byte	.LFE70
 1873 0058 0100     		.2byte	0x1
 1874 005a 50       		.byte	0x50
 1875 005b 00000000 		.4byte	0
 1876 005f 00000000 		.4byte	0
 1877              		.section	.debug_aranges,"",%progbits
 1878 0000 54000000 		.4byte	0x54
 1879 0004 0200     		.2byte	0x2
 1880 0006 00000000 		.4byte	.Ldebug_info0
 1881 000a 04       		.byte	0x4
 1882 000b 00       		.byte	0
ARM GAS  C:\Users\LUCASI~1\AppData\Local\Temp\ccirDYhi.s 			page 38


 1883 000c 0000     		.2byte	0
 1884 000e 0000     		.2byte	0
 1885 0010 00000000 		.4byte	.LFB66
 1886 0014 44000000 		.4byte	.LFE66-.LFB66
 1887 0018 00000000 		.4byte	.LFB67
 1888 001c 44000000 		.4byte	.LFE67-.LFB67
 1889 0020 00000000 		.4byte	.LFB68
 1890 0024 0C000000 		.4byte	.LFE68-.LFB68
 1891 0028 00000000 		.4byte	.LFB69
 1892 002c 68000000 		.4byte	.LFE69-.LFB69
 1893 0030 00000000 		.4byte	.LFB65
 1894 0034 40000000 		.4byte	.LFE65-.LFB65
 1895 0038 00000000 		.4byte	.LFB64
 1896 003c 64000000 		.4byte	.LFE64-.LFB64
 1897 0040 00000000 		.4byte	.LFB70
 1898 0044 8C000000 		.4byte	.LFE70-.LFB70
 1899 0048 00000000 		.4byte	.LFB71
 1900 004c 80000000 		.4byte	.LFE71-.LFB71
 1901 0050 00000000 		.4byte	0
 1902 0054 00000000 		.4byte	0
 1903              		.section	.debug_ranges,"",%progbits
 1904              	.Ldebug_ranges0:
 1905 0000 00000000 		.4byte	.LFB66
 1906 0004 44000000 		.4byte	.LFE66
 1907 0008 00000000 		.4byte	.LFB67
 1908 000c 44000000 		.4byte	.LFE67
 1909 0010 00000000 		.4byte	.LFB68
 1910 0014 0C000000 		.4byte	.LFE68
 1911 0018 00000000 		.4byte	.LFB69
 1912 001c 68000000 		.4byte	.LFE69
 1913 0020 00000000 		.4byte	.LFB65
 1914 0024 40000000 		.4byte	.LFE65
 1915 0028 00000000 		.4byte	.LFB64
 1916 002c 64000000 		.4byte	.LFE64
 1917 0030 00000000 		.4byte	.LFB70
 1918 0034 8C000000 		.4byte	.LFE70
 1919 0038 00000000 		.4byte	.LFB71
 1920 003c 80000000 		.4byte	.LFE71
 1921 0040 00000000 		.4byte	0
 1922 0044 00000000 		.4byte	0
 1923              		.section	.debug_line,"",%progbits
 1924              	.Ldebug_line0:
 1925 0000 5B030000 		.section	.debug_str,"MS",%progbits,1
 1925      02006302 
 1925      00000201 
 1925      FB0E0D00 
 1925      01010101 
 1926              	.LASF37:
 1927 0000 6D6F746F 		.ascii	"motorPWM_1_Stop\000"
 1927      7250574D 
 1927      5F315F53 
 1927      746F7000 
 1928              	.LASF55:
 1929 0010 433A5C55 		.ascii	"C:\\Users\\lucasiversen\\Desktop\\3semesterProjekt_"
 1929      73657273 
 1929      5C6C7563 
 1929      61736976 
ARM GAS  C:\Users\LUCASI~1\AppData\Local\Temp\ccirDYhi.s 			page 39


 1929      65727365 
 1930 003f 7265706F 		.ascii	"repository\\PSoC kode\\NeoPixel\\NeoPixel.cydsn\000"
 1930      7369746F 
 1930      72795C50 
 1930      536F4320 
 1930      6B6F6465 
 1931              	.LASF21:
 1932 006c 73706565 		.ascii	"speedSelect\000"
 1932      6453656C 
 1932      65637400 
 1933              	.LASF12:
 1934 0078 5F5F696E 		.ascii	"__int32_t\000"
 1934      7433325F 
 1934      7400
 1935              	.LASF30:
 1936 0082 4E505F67 		.ascii	"NP_g_bOwnsBuffer\000"
 1936      5F624F77 
 1936      6E734275 
 1936      66666572 
 1936      00
 1937              	.LASF54:
 1938 0093 4D6F746F 		.ascii	"MotorApp.c\000"
 1938      72417070 
 1938      2E6300
 1939              	.LASF41:
 1940 009e 50696E32 		.ascii	"Pin2_dir1_Write\000"
 1940      5F646972 
 1940      315F5772 
 1940      69746500 
 1941              	.LASF16:
 1942 00ae 646F7562 		.ascii	"double\000"
 1942      6C6500
 1943              	.LASF46:
 1944 00b5 6D6F746F 		.ascii	"motorPWM_2_Start\000"
 1944      7250574D 
 1944      5F325F53 
 1944      74617274 
 1944      00
 1945              	.LASF45:
 1946 00c6 6D6F746F 		.ascii	"motorPWM_1_Start\000"
 1946      7250574D 
 1946      5F315F53 
 1946      74617274 
 1946      00
 1947              	.LASF27:
 1948 00d7 4E505F67 		.ascii	"NP_g_nNumberOfPixels\000"
 1948      5F6E4E75 
 1948      6D626572 
 1948      4F665069 
 1948      78656C73 
 1949              	.LASF20:
 1950 00ec 6368616E 		.ascii	"changeSpeed\000"
 1950      67655370 
 1950      65656400 
 1951              	.LASF15:
 1952 00f8 666C6F61 		.ascii	"float\000"
 1952      7400
ARM GAS  C:\Users\LUCASI~1\AppData\Local\Temp\ccirDYhi.s 			page 40


 1953              	.LASF42:
 1954 00fe 50696E32 		.ascii	"Pin2_dir2_Write\000"
 1954      5F646972 
 1954      325F5772 
 1954      69746500 
 1955              	.LASF25:
 1956 010e 44656C61 		.ascii	"DelayBased180Turn\000"
 1956      79426173 
 1956      65643138 
 1956      30547572 
 1956      6E00
 1957              	.LASF53:
 1958 0120 474E5520 		.ascii	"GNU C11 5.4.1 20160609 (release) [ARM/embedded-5-br"
 1958      43313120 
 1958      352E342E 
 1958      31203230 
 1958      31363036 
 1959 0153 616E6368 		.ascii	"anch revision 237715] -mcpu=cortex-m3 -mthumb -g -O"
 1959      20726576 
 1959      6973696F 
 1959      6E203233 
 1959      37373135 
 1960 0186 67202D66 		.ascii	"g -ffunction-sections -ffat-lto-objects\000"
 1960      66756E63 
 1960      74696F6E 
 1960      2D736563 
 1960      74696F6E 
 1961              	.LASF31:
 1962 01ae 4E505F67 		.ascii	"NP_g_pFrameBuffer\000"
 1962      5F704672 
 1962      616D6542 
 1962      75666665 
 1962      7200
 1963              	.LASF19:
 1964 01c0 6D6F746F 		.ascii	"motorStop\000"
 1964      7253746F 
 1964      7000
 1965              	.LASF43:
 1966 01ca 6D6F746F 		.ascii	"motorPWM_1_WriteCompare\000"
 1966      7250574D 
 1966      5F315F57 
 1966      72697465 
 1966      436F6D70 
 1967              	.LASF3:
 1968 01e2 73686F72 		.ascii	"short unsigned int\000"
 1968      7420756E 
 1968      7369676E 
 1968      65642069 
 1968      6E7400
 1969              	.LASF26:
 1970 01f5 72756E6E 		.ascii	"running_\000"
 1970      696E675F 
 1970      00
 1971              	.LASF35:
 1972 01fe 72616E64 		.ascii	"randState\000"
 1972      53746174 
 1972      6500
ARM GAS  C:\Users\LUCASI~1\AppData\Local\Temp\ccirDYhi.s 			page 41


 1973              	.LASF34:
 1974 0208 73746174 		.ascii	"state\000"
 1974      6500
 1975              	.LASF1:
 1976 020e 756E7369 		.ascii	"unsigned char\000"
 1976      676E6564 
 1976      20636861 
 1976      7200
 1977              	.LASF5:
 1978 021c 6C6F6E67 		.ascii	"long unsigned int\000"
 1978      20756E73 
 1978      69676E65 
 1978      6420696E 
 1978      7400
 1979              	.LASF29:
 1980 022e 4E505F67 		.ascii	"NP_g_nDMA_TD\000"
 1980      5F6E444D 
 1980      415F5444 
 1980      00
 1981              	.LASF50:
 1982 023b 7372616E 		.ascii	"srand\000"
 1982      6400
 1983              	.LASF47:
 1984 0241 6D6F746F 		.ascii	"motorPWM_1_WritePeriod\000"
 1984      7250574D 
 1984      5F315F57 
 1984      72697465 
 1984      50657269 
 1985              	.LASF33:
 1986 0258 49544D5F 		.ascii	"ITM_RxBuffer\000"
 1986      52784275 
 1986      66666572 
 1986      00
 1987              	.LASF8:
 1988 0265 756E7369 		.ascii	"unsigned int\000"
 1988      676E6564 
 1988      20696E74 
 1988      00
 1989              	.LASF17:
 1990 0272 64726976 		.ascii	"driveForwards\000"
 1990      65466F72 
 1990      77617264 
 1990      7300
 1991              	.LASF7:
 1992 0280 6C6F6E67 		.ascii	"long long unsigned int\000"
 1992      206C6F6E 
 1992      6720756E 
 1992      7369676E 
 1992      65642069 
 1993              	.LASF22:
 1994 0297 6368616E 		.ascii	"changeState\000"
 1994      67655374 
 1994      61746500 
 1995              	.LASF49:
 1996 02a3 74696D65 		.ascii	"time\000"
 1996      00
 1997              	.LASF13:
ARM GAS  C:\Users\LUCASI~1\AppData\Local\Temp\ccirDYhi.s 			page 42


 1998 02a8 696E7433 		.ascii	"int32_t\000"
 1998      325F7400 
 1999              	.LASF18:
 2000 02b0 64726976 		.ascii	"driveBackwards\000"
 2000      65426163 
 2000      6B776172 
 2000      647300
 2001              	.LASF36:
 2002 02bf 64726976 		.ascii	"driveState\000"
 2002      65537461 
 2002      746500
 2003              	.LASF10:
 2004 02ca 73697A65 		.ascii	"sizetype\000"
 2004      74797065 
 2004      00
 2005              	.LASF6:
 2006 02d3 6C6F6E67 		.ascii	"long long int\000"
 2006      206C6F6E 
 2006      6720696E 
 2006      7400
 2007              	.LASF40:
 2008 02e1 50696E31 		.ascii	"Pin1_dir2_Write\000"
 2008      5F646972 
 2008      325F5772 
 2008      69746500 
 2009              	.LASF11:
 2010 02f1 63686172 		.ascii	"char\000"
 2010      00
 2011              	.LASF39:
 2012 02f6 50696E31 		.ascii	"Pin1_dir1_Write\000"
 2012      5F646972 
 2012      315F5772 
 2012      69746500 
 2013              	.LASF32:
 2014 0306 4E505F67 		.ascii	"NP_g_nFrameBufferSize\000"
 2014      5F6E4672 
 2014      616D6542 
 2014      75666665 
 2014      7253697A 
 2015              	.LASF28:
 2016 031c 4E505F67 		.ascii	"NP_g_nDMA_Chan\000"
 2016      5F6E444D 
 2016      415F4368 
 2016      616E00
 2017              	.LASF2:
 2018 032b 73686F72 		.ascii	"short int\000"
 2018      7420696E 
 2018      7400
 2019              	.LASF14:
 2020 0335 75696E74 		.ascii	"uint8\000"
 2020      3800
 2021              	.LASF23:
 2022 033b 44656C61 		.ascii	"DelayBased90Turn\000"
 2022      79426173 
 2022      65643930 
 2022      5475726E 
 2022      00
ARM GAS  C:\Users\LUCASI~1\AppData\Local\Temp\ccirDYhi.s 			page 43


 2023              	.LASF44:
 2024 034c 6D6F746F 		.ascii	"motorPWM_2_WriteCompare\000"
 2024      7250574D 
 2024      5F325F57 
 2024      72697465 
 2024      436F6D70 
 2025              	.LASF4:
 2026 0364 6C6F6E67 		.ascii	"long int\000"
 2026      20696E74 
 2026      00
 2027              	.LASF9:
 2028 036d 6C6F6E67 		.ascii	"long double\000"
 2028      20646F75 
 2028      626C6500 
 2029              	.LASF48:
 2030 0379 6D6F746F 		.ascii	"motorPWM_2_WritePeriod\000"
 2030      7250574D 
 2030      5F325F57 
 2030      72697465 
 2030      50657269 
 2031              	.LASF0:
 2032 0390 7369676E 		.ascii	"signed char\000"
 2032      65642063 
 2032      68617200 
 2033              	.LASF38:
 2034 039c 6D6F746F 		.ascii	"motorPWM_2_Stop\000"
 2034      7250574D 
 2034      5F325F53 
 2034      746F7000 
 2035              	.LASF24:
 2036 03ac 6368616E 		.ascii	"change\000"
 2036      676500
 2037              	.LASF52:
 2038 03b3 43794465 		.ascii	"CyDelay\000"
 2038      6C617900 
 2039              	.LASF51:
 2040 03bb 72616E64 		.ascii	"rand\000"
 2040      00
 2041              		.ident	"GCC: (GNU Tools for ARM Embedded Processors) 5.4.1 20160609 (release) [ARM/embedded-5-bran
