ARM GAS  C:\Users\LUCASI~1\AppData\Local\Temp\cc7tjIHR.s 			page 1


   1              		.syntax unified
   2              		.cpu cortex-m3
   3              		.fpu softvfp
   4              		.eabi_attribute 20, 1
   5              		.eabi_attribute 21, 1
   6              		.eabi_attribute 23, 3
   7              		.eabi_attribute 24, 1
   8              		.eabi_attribute 25, 1
   9              		.eabi_attribute 26, 1
  10              		.eabi_attribute 30, 1
  11              		.eabi_attribute 34, 1
  12              		.eabi_attribute 18, 4
  13              		.thumb
  14              		.syntax unified
  15              		.file	"NP_funcs.c"
  16              		.text
  17              	.Ltext0:
  18              		.cfi_sections	.debug_frame
  19              		.global	__aeabi_ddiv
  20              		.global	__aeabi_dcmpgt
  21              		.global	__aeabi_d2uiz
  22              		.section	.text.NP_Start,"ax",%progbits
  23              		.align	2
  24              		.global	NP_Start
  25              		.thumb
  26              		.thumb_func
  27              		.type	NP_Start, %function
  28              	NP_Start:
  29              	.LFB0:
  30              		.file 1 "Generated_Source\\PSoC5\\NP_funcs.c"
   1:Generated_Source\PSoC5/NP_funcs.c **** /* ========================================
   2:Generated_Source\PSoC5/NP_funcs.c ****  *
   3:Generated_Source\PSoC5/NP_funcs.c ****  * API function definitions for NeoPixel
   4:Generated_Source\PSoC5/NP_funcs.c ****  * PSOC5 driver component.
   5:Generated_Source\PSoC5/NP_funcs.c ****  * 
   6:Generated_Source\PSoC5/NP_funcs.c ****  * Nick Burns (PolyVinalDistillate)
   7:Generated_Source\PSoC5/NP_funcs.c ****  *
   8:Generated_Source\PSoC5/NP_funcs.c ****  * ========================================
   9:Generated_Source\PSoC5/NP_funcs.c **** */
  10:Generated_Source\PSoC5/NP_funcs.c **** #include "NP_funcs.h"
  11:Generated_Source\PSoC5/NP_funcs.c **** 
  12:Generated_Source\PSoC5/NP_funcs.c **** volatile void* NP_Start(unsigned int nNumberOfNeopixels, void* pBuffer, double fSpeedMHz)
  13:Generated_Source\PSoC5/NP_funcs.c **** {
  31              		.loc 1 13 0
  32              		.cfi_startproc
  33              		@ args = 0, pretend = 0, frame = 0
  34              		@ frame_needed = 0, uses_anonymous_args = 0
  35              	.LVL0:
  36 0000 2DE9F047 		push	{r4, r5, r6, r7, r8, r9, r10, lr}
  37              		.cfi_def_cfa_offset 32
  38              		.cfi_offset 4, -32
  39              		.cfi_offset 5, -28
  40              		.cfi_offset 6, -24
  41              		.cfi_offset 7, -20
  42              		.cfi_offset 8, -16
  43              		.cfi_offset 9, -12
  44              		.cfi_offset 10, -8
ARM GAS  C:\Users\LUCASI~1\AppData\Local\Temp\cc7tjIHR.s 			page 2


  45              		.cfi_offset 14, -4
  46 0004 0446     		mov	r4, r0
  47 0006 8A46     		mov	r10, r1
  14:Generated_Source\PSoC5/NP_funcs.c ****     //work out cycles required at specified clock speed...
  15:Generated_Source\PSoC5/NP_funcs.c ****     NP_g_pFrameBuffer = NULL;
  48              		.loc 1 15 0
  49 0008 0020     		movs	r0, #0
  50              	.LVL1:
  51 000a 3D49     		ldr	r1, .L8+24
  52              	.LVL2:
  53 000c 0860     		str	r0, [r1]
  16:Generated_Source\PSoC5/NP_funcs.c ****     if((1.25/(1.0/(fSpeedMHz))) > 255) return NULL;
  54              		.loc 1 16 0
  55 000e 0020     		movs	r0, #0
  56 0010 3C49     		ldr	r1, .L8+28
  57 0012 FFF7FEFF 		bl	__aeabi_ddiv
  58              	.LVL3:
  59 0016 0646     		mov	r6, r0
  60 0018 0F46     		mov	r7, r1
  61 001a 0246     		mov	r2, r0
  62 001c 0B46     		mov	r3, r1
  63 001e 0020     		movs	r0, #0
  64 0020 3949     		ldr	r1, .L8+32
  65 0022 FFF7FEFF 		bl	__aeabi_ddiv
  66              	.LVL4:
  67 0026 8046     		mov	r8, r0
  68 0028 8946     		mov	r9, r1
  69 002a 2FA3     		adr	r3, .L8
  70 002c D3E90023 		ldrd	r2, [r3]
  71 0030 FFF7FEFF 		bl	__aeabi_dcmpgt
  72              	.LVL5:
  73 0034 0028     		cmp	r0, #0
  74 0036 54D1     		bne	.L6
  17:Generated_Source\PSoC5/NP_funcs.c ****     
  18:Generated_Source\PSoC5/NP_funcs.c ****     unsigned char fCyclesTotal = (unsigned char)(1.25/(1.0/(fSpeedMHz)));
  75              		.loc 1 18 0
  76 0038 4046     		mov	r0, r8
  77 003a 4946     		mov	r1, r9
  78 003c FFF7FEFF 		bl	__aeabi_d2uiz
  79              	.LVL6:
  80 0040 5FFA80F8 		uxtb	r8, r0
  81              	.LVL7:
  19:Generated_Source\PSoC5/NP_funcs.c ****     unsigned char fCyclesOn = (unsigned char)(0.7/(1.0/(fSpeedMHz)));
  82              		.loc 1 19 0
  83 0044 3246     		mov	r2, r6
  84 0046 3B46     		mov	r3, r7
  85 0048 29A1     		adr	r1, .L8+8
  86 004a D1E90001 		ldrd	r0, [r1]
  87 004e FFF7FEFF 		bl	__aeabi_ddiv
  88              	.LVL8:
  89 0052 FFF7FEFF 		bl	__aeabi_d2uiz
  90              	.LVL9:
  91 0056 C5B2     		uxtb	r5, r0
  92              	.LVL10:
  20:Generated_Source\PSoC5/NP_funcs.c ****     unsigned char fCyclesOff = (unsigned char)(0.35/(1.0/(fSpeedMHz)));
  93              		.loc 1 20 0
  94 0058 3246     		mov	r2, r6
ARM GAS  C:\Users\LUCASI~1\AppData\Local\Temp\cc7tjIHR.s 			page 3


  95 005a 3B46     		mov	r3, r7
  96 005c 26A1     		adr	r1, .L8+16
  97 005e D1E90001 		ldrd	r0, [r1]
  98 0062 FFF7FEFF 		bl	__aeabi_ddiv
  99              	.LVL11:
 100 0066 FFF7FEFF 		bl	__aeabi_d2uiz
 101              	.LVL12:
 102 006a C6B2     		uxtb	r6, r0
 103              	.LVL13:
  21:Generated_Source\PSoC5/NP_funcs.c ****     
  22:Generated_Source\PSoC5/NP_funcs.c ****     NP_g_nFrameBufferSize = nNumberOfNeopixels*3;
 104              		.loc 1 22 0
 105 006c 04EB4404 		add	r4, r4, r4, lsl #1
 106              	.LVL14:
 107 0070 264B     		ldr	r3, .L8+36
 108 0072 1C60     		str	r4, [r3]
  23:Generated_Source\PSoC5/NP_funcs.c ****     //Configure for 19.2 MHz operation
  24:Generated_Source\PSoC5/NP_funcs.c ****     NP_Neo_BITCNT_Start();        //Counts bits in a byte
 109              		.loc 1 24 0
 110 0074 FFF7FEFF 		bl	NP_Neo_BITCNT_Start
 111              	.LVL15:
  25:Generated_Source\PSoC5/NP_funcs.c ****     NP_Neo_ONTime_Start();        //Sets number of clocks for logic 1 pulse width
 112              		.loc 1 25 0
 113 0078 FFF7FEFF 		bl	NP_Neo_ONTime_Start
 114              	.LVL16:
  26:Generated_Source\PSoC5/NP_funcs.c ****     NP_Neo_OFFTime_Start();       //clocks for logic 0 pulse width
 115              		.loc 1 26 0
 116 007c FFF7FEFF 		bl	NP_Neo_OFFTime_Start
 117              	.LVL17:
  27:Generated_Source\PSoC5/NP_funcs.c ****     //Sets bitrate frequency in number of clocks. Must be larger than largest of above two counter 
  28:Generated_Source\PSoC5/NP_funcs.c ****     CY_SET_REG8(NP_Neo_DPTH_D1_PTR, fCyclesTotal);
 118              		.loc 1 28 0
 119 0080 234B     		ldr	r3, .L8+40
 120 0082 83F80080 		strb	r8, [r3]
  29:Generated_Source\PSoC5/NP_funcs.c ****     NP_Neo_OFFTime_WritePeriod(fCyclesOff-1);
 121              		.loc 1 29 0
 122 0086 701E     		subs	r0, r6, #1
 123 0088 C0B2     		uxtb	r0, r0
 124 008a FFF7FEFF 		bl	NP_Neo_OFFTime_WritePeriod
 125              	.LVL18:
  30:Generated_Source\PSoC5/NP_funcs.c ****     NP_Neo_ONTime_WritePeriod(fCyclesOn-1);
 126              		.loc 1 30 0
 127 008e 681E     		subs	r0, r5, #1
 128 0090 C0B2     		uxtb	r0, r0
 129 0092 FFF7FEFF 		bl	NP_Neo_ONTime_WritePeriod
 130              	.LVL19:
  31:Generated_Source\PSoC5/NP_funcs.c ****     //Setup a DMA channel
  32:Generated_Source\PSoC5/NP_funcs.c ****     NP_g_nDMA_Chan = NP_DMA_DmaInitialize(NP_DMA_BYTES_PER_BURST, 
 131              		.loc 1 32 0
 132 0096 4FF48043 		mov	r3, #16384
 133 009a 41F6FF72 		movw	r2, #8191
 134 009e 0121     		movs	r1, #1
 135 00a0 0846     		mov	r0, r1
 136 00a2 FFF7FEFF 		bl	NP_DMA_DmaInitialize
 137              	.LVL20:
 138 00a6 1B4B     		ldr	r3, .L8+44
 139 00a8 1870     		strb	r0, [r3]
ARM GAS  C:\Users\LUCASI~1\AppData\Local\Temp\cc7tjIHR.s 			page 4


  33:Generated_Source\PSoC5/NP_funcs.c ****                                                         NP_DMA_REQUEST_PER_BURST, 
  34:Generated_Source\PSoC5/NP_funcs.c ****                                                         HI16(NP_DMA_SRC_BASE), 
  35:Generated_Source\PSoC5/NP_funcs.c ****                                                         HI16(NP_DMA_DST_BASE));
  36:Generated_Source\PSoC5/NP_funcs.c ****     
  37:Generated_Source\PSoC5/NP_funcs.c ****     if(pBuffer == NULL)
 140              		.loc 1 37 0
 141 00aa BAF1000F 		cmp	r10, #0
 142 00ae 0ED1     		bne	.L3
  38:Generated_Source\PSoC5/NP_funcs.c ****     {
  39:Generated_Source\PSoC5/NP_funcs.c ****         NP_g_pFrameBuffer = malloc(nNumberOfNeopixels*3);
 143              		.loc 1 39 0
 144 00b0 2046     		mov	r0, r4
 145 00b2 FFF7FEFF 		bl	malloc
 146              	.LVL21:
 147 00b6 124B     		ldr	r3, .L8+24
 148 00b8 1860     		str	r0, [r3]
  40:Generated_Source\PSoC5/NP_funcs.c ****         if(NP_g_pFrameBuffer != NULL)
 149              		.loc 1 40 0
 150 00ba 18B1     		cbz	r0, .L4
  41:Generated_Source\PSoC5/NP_funcs.c ****         {
  42:Generated_Source\PSoC5/NP_funcs.c ****             NP_g_bOwnsBuffer = 1;
 151              		.loc 1 42 0
 152 00bc 0122     		movs	r2, #1
 153 00be 164B     		ldr	r3, .L8+48
 154 00c0 1A70     		strb	r2, [r3]
 155 00c2 0AE0     		b	.L5
 156              	.L4:
  43:Generated_Source\PSoC5/NP_funcs.c ****         }
  44:Generated_Source\PSoC5/NP_funcs.c ****         else
  45:Generated_Source\PSoC5/NP_funcs.c ****         {
  46:Generated_Source\PSoC5/NP_funcs.c ****             NP_g_nFrameBufferSize = 0;
 157              		.loc 1 46 0
 158 00c4 0020     		movs	r0, #0
 159 00c6 114B     		ldr	r3, .L8+36
 160 00c8 1860     		str	r0, [r3]
  47:Generated_Source\PSoC5/NP_funcs.c ****             return NULL;
 161              		.loc 1 47 0
 162 00ca BDE8F087 		pop	{r4, r5, r6, r7, r8, r9, r10, pc}
 163              	.LVL22:
 164              	.L3:
  48:Generated_Source\PSoC5/NP_funcs.c ****         }
  49:Generated_Source\PSoC5/NP_funcs.c ****     }
  50:Generated_Source\PSoC5/NP_funcs.c ****     else
  51:Generated_Source\PSoC5/NP_funcs.c ****     {
  52:Generated_Source\PSoC5/NP_funcs.c ****         NP_g_pFrameBuffer = pBuffer;
 165              		.loc 1 52 0
 166 00ce 0C4B     		ldr	r3, .L8+24
 167 00d0 C3F800A0 		str	r10, [r3]
  53:Generated_Source\PSoC5/NP_funcs.c ****         NP_g_bOwnsBuffer = 0;
 168              		.loc 1 53 0
 169 00d4 0022     		movs	r2, #0
 170 00d6 104B     		ldr	r3, .L8+48
 171 00d8 1A70     		strb	r2, [r3]
 172              	.L5:
  54:Generated_Source\PSoC5/NP_funcs.c ****     }
  55:Generated_Source\PSoC5/NP_funcs.c ****     return NP_g_pFrameBuffer;
 173              		.loc 1 55 0
ARM GAS  C:\Users\LUCASI~1\AppData\Local\Temp\cc7tjIHR.s 			page 5


 174 00da 094B     		ldr	r3, .L8+24
 175 00dc 1868     		ldr	r0, [r3]
 176 00de BDE8F087 		pop	{r4, r5, r6, r7, r8, r9, r10, pc}
 177              	.LVL23:
 178              	.L6:
  16:Generated_Source\PSoC5/NP_funcs.c ****     
 179              		.loc 1 16 0
 180 00e2 0020     		movs	r0, #0
  56:Generated_Source\PSoC5/NP_funcs.c **** }
 181              		.loc 1 56 0
 182 00e4 BDE8F087 		pop	{r4, r5, r6, r7, r8, r9, r10, pc}
 183              	.LVL24:
 184              	.L9:
 185              		.align	3
 186              	.L8:
 187 00e8 00000000 		.word	0
 188 00ec 00E06F40 		.word	1081073664
 189 00f0 66666666 		.word	1717986918
 190 00f4 6666E63F 		.word	1072064102
 191 00f8 66666666 		.word	1717986918
 192 00fc 6666D63F 		.word	1071015526
 193 0100 00000000 		.word	NP_g_pFrameBuffer
 194 0104 0000F03F 		.word	1072693248
 195 0108 0000F43F 		.word	1072955392
 196 010c 00000000 		.word	NP_g_nFrameBufferSize
 197 0110 39640040 		.word	1073767481
 198 0114 00000000 		.word	NP_g_nDMA_Chan
 199 0118 00000000 		.word	NP_g_bOwnsBuffer
 200              		.cfi_endproc
 201              	.LFE0:
 202              		.size	NP_Start, .-NP_Start
 203              		.section	.text.NP_Update,"ax",%progbits
 204              		.align	2
 205              		.global	NP_Update
 206              		.thumb
 207              		.thumb_func
 208              		.type	NP_Update, %function
 209              	NP_Update:
 210              	.LFB1:
  57:Generated_Source\PSoC5/NP_funcs.c **** 
  58:Generated_Source\PSoC5/NP_funcs.c **** //copy frame buffer to LEDs
  59:Generated_Source\PSoC5/NP_funcs.c **** void NP_Update()
  60:Generated_Source\PSoC5/NP_funcs.c **** {
 211              		.loc 1 60 0
 212              		.cfi_startproc
 213              		@ args = 0, pretend = 0, frame = 0
 214              		@ frame_needed = 0, uses_anonymous_args = 0
 215 0000 38B5     		push	{r3, r4, r5, lr}
 216              		.cfi_def_cfa_offset 16
 217              		.cfi_offset 3, -16
 218              		.cfi_offset 4, -12
 219              		.cfi_offset 5, -8
 220              		.cfi_offset 14, -4
  61:Generated_Source\PSoC5/NP_funcs.c ****     if(NP_g_pFrameBuffer)
 221              		.loc 1 61 0
 222 0002 0F4B     		ldr	r3, .L13
 223 0004 1B68     		ldr	r3, [r3]
ARM GAS  C:\Users\LUCASI~1\AppData\Local\Temp\cc7tjIHR.s 			page 6


 224 0006 CBB1     		cbz	r3, .L10
  62:Generated_Source\PSoC5/NP_funcs.c ****     {
  63:Generated_Source\PSoC5/NP_funcs.c ****         NP_g_nDMA_TD = CyDmaTdAllocate();
 225              		.loc 1 63 0
 226 0008 FFF7FEFF 		bl	CyDmaTdAllocate
 227              	.LVL25:
 228 000c 0D4C     		ldr	r4, .L13+4
 229 000e 2070     		strb	r0, [r4]
  64:Generated_Source\PSoC5/NP_funcs.c ****         CyDmaTdSetConfiguration(NP_g_nDMA_TD, NP_g_nFrameBufferSize, CY_DMA_DISABLE_TD, TD_INC_SRC_
 230              		.loc 1 64 0
 231 0010 2123     		movs	r3, #33
 232 0012 FE22     		movs	r2, #254
 233 0014 0C49     		ldr	r1, .L13+8
 234 0016 0988     		ldrh	r1, [r1]
 235 0018 FFF7FEFF 		bl	CyDmaTdSetConfiguration
 236              	.LVL26:
  65:Generated_Source\PSoC5/NP_funcs.c ****         CyDmaTdSetAddress(NP_g_nDMA_TD, LO16((uint32)NP_g_pFrameBuffer), LO16((uint32)NP_Neo_DPTH_F
 237              		.loc 1 65 0
 238 001c 46F24942 		movw	r2, #25673
 239 0020 074B     		ldr	r3, .L13
 240 0022 1988     		ldrh	r1, [r3]
 241 0024 2078     		ldrb	r0, [r4]	@ zero_extendqisi2
 242 0026 FFF7FEFF 		bl	CyDmaTdSetAddress
 243              	.LVL27:
  66:Generated_Source\PSoC5/NP_funcs.c ****         CyDmaChSetInitialTd(NP_g_nDMA_Chan, NP_g_nDMA_TD);
 244              		.loc 1 66 0
 245 002a 084D     		ldr	r5, .L13+12
 246 002c 2178     		ldrb	r1, [r4]	@ zero_extendqisi2
 247 002e 2878     		ldrb	r0, [r5]	@ zero_extendqisi2
 248 0030 FFF7FEFF 		bl	CyDmaChSetInitialTd
 249              	.LVL28:
  67:Generated_Source\PSoC5/NP_funcs.c ****         CyDmaChEnable(NP_g_nDMA_Chan, 1);
 250              		.loc 1 67 0
 251 0034 0121     		movs	r1, #1
 252 0036 2878     		ldrb	r0, [r5]	@ zero_extendqisi2
 253 0038 FFF7FEFF 		bl	CyDmaChEnable
 254              	.LVL29:
 255              	.L10:
 256 003c 38BD     		pop	{r3, r4, r5, pc}
 257              	.L14:
 258 003e 00BF     		.align	2
 259              	.L13:
 260 0040 00000000 		.word	NP_g_pFrameBuffer
 261 0044 00000000 		.word	NP_g_nDMA_TD
 262 0048 00000000 		.word	NP_g_nFrameBufferSize
 263 004c 00000000 		.word	NP_g_nDMA_Chan
 264              		.cfi_endproc
 265              	.LFE1:
 266              		.size	NP_Update, .-NP_Update
 267              		.section	.text.NP_Stop,"ax",%progbits
 268              		.align	2
 269              		.global	NP_Stop
 270              		.thumb
 271              		.thumb_func
 272              		.type	NP_Stop, %function
 273              	NP_Stop:
 274              	.LFB2:
ARM GAS  C:\Users\LUCASI~1\AppData\Local\Temp\cc7tjIHR.s 			page 7


  68:Generated_Source\PSoC5/NP_funcs.c ****     }
  69:Generated_Source\PSoC5/NP_funcs.c **** }
  70:Generated_Source\PSoC5/NP_funcs.c **** 
  71:Generated_Source\PSoC5/NP_funcs.c **** void NP_Stop()
  72:Generated_Source\PSoC5/NP_funcs.c **** {
 275              		.loc 1 72 0
 276              		.cfi_startproc
 277              		@ args = 0, pretend = 0, frame = 0
 278              		@ frame_needed = 0, uses_anonymous_args = 0
 279 0000 08B5     		push	{r3, lr}
 280              		.cfi_def_cfa_offset 8
 281              		.cfi_offset 3, -8
 282              		.cfi_offset 14, -4
  73:Generated_Source\PSoC5/NP_funcs.c ****     if(NP_g_pFrameBuffer != NULL)
 283              		.loc 1 73 0
 284 0002 0B4B     		ldr	r3, .L18
 285 0004 1B68     		ldr	r3, [r3]
 286 0006 73B1     		cbz	r3, .L16
  74:Generated_Source\PSoC5/NP_funcs.c ****     {
  75:Generated_Source\PSoC5/NP_funcs.c ****         CyDmaChFree(NP_g_nDMA_Chan);
 287              		.loc 1 75 0
 288 0008 0A4B     		ldr	r3, .L18+4
 289 000a 1878     		ldrb	r0, [r3]	@ zero_extendqisi2
 290 000c FFF7FEFF 		bl	CyDmaChFree
 291              	.LVL30:
  76:Generated_Source\PSoC5/NP_funcs.c ****         CyDmaTdFree(NP_g_nDMA_TD);
 292              		.loc 1 76 0
 293 0010 094B     		ldr	r3, .L18+8
 294 0012 1878     		ldrb	r0, [r3]	@ zero_extendqisi2
 295 0014 FFF7FEFF 		bl	CyDmaTdFree
 296              	.LVL31:
  77:Generated_Source\PSoC5/NP_funcs.c ****         if(NP_g_bOwnsBuffer)
 297              		.loc 1 77 0
 298 0018 084B     		ldr	r3, .L18+12
 299 001a 1B78     		ldrb	r3, [r3]	@ zero_extendqisi2
 300 001c 1BB1     		cbz	r3, .L16
  78:Generated_Source\PSoC5/NP_funcs.c ****             free((void*)NP_g_pFrameBuffer);
 301              		.loc 1 78 0
 302 001e 044B     		ldr	r3, .L18
 303 0020 1868     		ldr	r0, [r3]
 304 0022 FFF7FEFF 		bl	free
 305              	.LVL32:
 306              	.L16:
  79:Generated_Source\PSoC5/NP_funcs.c ****     }
  80:Generated_Source\PSoC5/NP_funcs.c ****     NP_g_pFrameBuffer = NULL;
 307              		.loc 1 80 0
 308 0026 0022     		movs	r2, #0
 309 0028 014B     		ldr	r3, .L18
 310 002a 1A60     		str	r2, [r3]
 311 002c 08BD     		pop	{r3, pc}
 312              	.L19:
 313 002e 00BF     		.align	2
 314              	.L18:
 315 0030 00000000 		.word	NP_g_pFrameBuffer
 316 0034 00000000 		.word	NP_g_nDMA_Chan
 317 0038 00000000 		.word	NP_g_nDMA_TD
 318 003c 00000000 		.word	NP_g_bOwnsBuffer
ARM GAS  C:\Users\LUCASI~1\AppData\Local\Temp\cc7tjIHR.s 			page 8


 319              		.cfi_endproc
 320              	.LFE2:
 321              		.size	NP_Stop, .-NP_Stop
 322              		.comm	NP_g_nFrameBufferSize,4,4
 323              		.comm	NP_g_pFrameBuffer,4,4
 324              		.comm	NP_g_bOwnsBuffer,1,1
 325              		.comm	NP_g_nDMA_TD,1,1
 326              		.comm	NP_g_nDMA_Chan,1,1
 327              		.comm	NP_g_nNumberOfPixels,4,4
 328              		.text
 329              	.Letext0:
 330              		.file 2 "Generated_Source\\PSoC5\\cytypes.h"
 331              		.file 3 "Generated_Source\\PSoC5\\NP_funcs.h"
 332              		.file 4 "Generated_Source\\PSoC5\\NP_Neo_BITCNT.h"
 333              		.file 5 "Generated_Source\\PSoC5\\NP_Neo_ONTime.h"
 334              		.file 6 "Generated_Source\\PSoC5\\NP_Neo_OFFTime.h"
 335              		.file 7 "Generated_Source\\PSoC5\\NP_DMA_DMA.h"
 336              		.file 8 "c:\\program files (x86)\\cypress\\psoc creator\\4.2\\psoc creator\\import\\gnu\\arm\\5.4.
 337              		.file 9 "Generated_Source\\PSoC5/CYDMAC.H"
 338              		.section	.debug_info,"",%progbits
 339              	.Ldebug_info0:
 340 0000 5B030000 		.4byte	0x35b
 341 0004 0400     		.2byte	0x4
 342 0006 00000000 		.4byte	.Ldebug_abbrev0
 343 000a 04       		.byte	0x4
 344 000b 01       		.uleb128 0x1
 345 000c CB000000 		.4byte	.LASF47
 346 0010 0C       		.byte	0xc
 347 0011 70030000 		.4byte	.LASF48
 348 0015 FD020000 		.4byte	.LASF49
 349 0019 00000000 		.4byte	.Ldebug_ranges0+0
 350 001d 00000000 		.4byte	0
 351 0021 00000000 		.4byte	.Ldebug_line0
 352 0025 02       		.uleb128 0x2
 353 0026 08       		.byte	0x8
 354 0027 04       		.byte	0x4
 355 0028 D4010000 		.4byte	.LASF0
 356 002c 02       		.uleb128 0x2
 357 002d 01       		.byte	0x1
 358 002e 06       		.byte	0x6
 359 002f 48030000 		.4byte	.LASF1
 360 0033 02       		.uleb128 0x2
 361 0034 01       		.byte	0x1
 362 0035 08       		.byte	0x8
 363 0036 BD000000 		.4byte	.LASF2
 364 003a 02       		.uleb128 0x2
 365 003b 02       		.byte	0x2
 366 003c 05       		.byte	0x5
 367 003d A4020000 		.4byte	.LASF3
 368 0041 02       		.uleb128 0x2
 369 0042 02       		.byte	0x2
 370 0043 07       		.byte	0x7
 371 0044 32000000 		.4byte	.LASF4
 372 0048 02       		.uleb128 0x2
 373 0049 04       		.byte	0x4
 374 004a 05       		.byte	0x5
 375 004b CB020000 		.4byte	.LASF5
ARM GAS  C:\Users\LUCASI~1\AppData\Local\Temp\cc7tjIHR.s 			page 9


 376 004f 02       		.uleb128 0x2
 377 0050 04       		.byte	0x4
 378 0051 07       		.byte	0x7
 379 0052 88010000 		.4byte	.LASF6
 380 0056 02       		.uleb128 0x2
 381 0057 08       		.byte	0x8
 382 0058 05       		.byte	0x5
 383 0059 6E020000 		.4byte	.LASF7
 384 005d 02       		.uleb128 0x2
 385 005e 08       		.byte	0x8
 386 005f 07       		.byte	0x7
 387 0060 26020000 		.4byte	.LASF8
 388 0064 03       		.uleb128 0x3
 389 0065 04       		.byte	0x4
 390 0066 05       		.byte	0x5
 391 0067 696E7400 		.ascii	"int\000"
 392 006b 02       		.uleb128 0x2
 393 006c 04       		.byte	0x4
 394 006d 07       		.byte	0x7
 395 006e 19020000 		.4byte	.LASF9
 396 0072 04       		.uleb128 0x4
 397 0073 9A010000 		.4byte	.LASF10
 398 0077 02       		.byte	0x2
 399 0078 C2       		.byte	0xc2
 400 0079 33000000 		.4byte	0x33
 401 007d 04       		.uleb128 0x4
 402 007e F6010000 		.4byte	.LASF11
 403 0082 02       		.byte	0x2
 404 0083 C3       		.byte	0xc3
 405 0084 41000000 		.4byte	0x41
 406 0088 04       		.uleb128 0x4
 407 0089 06020000 		.4byte	.LASF12
 408 008d 02       		.byte	0x2
 409 008e C4       		.byte	0xc4
 410 008f 4F000000 		.4byte	0x4f
 411 0093 02       		.uleb128 0x2
 412 0094 04       		.byte	0x4
 413 0095 04       		.byte	0x4
 414 0096 AD000000 		.4byte	.LASF13
 415 009a 02       		.uleb128 0x2
 416 009b 01       		.byte	0x1
 417 009c 08       		.byte	0x8
 418 009d 7C020000 		.4byte	.LASF14
 419 00a1 05       		.uleb128 0x5
 420 00a2 59010000 		.4byte	.LASF15
 421 00a6 02       		.byte	0x2
 422 00a7 6C01     		.2byte	0x16c
 423 00a9 AD000000 		.4byte	0xad
 424 00ad 06       		.uleb128 0x6
 425 00ae 72000000 		.4byte	0x72
 426 00b2 02       		.uleb128 0x2
 427 00b3 08       		.byte	0x8
 428 00b4 04       		.byte	0x4
 429 00b5 F1020000 		.4byte	.LASF16
 430 00b9 02       		.uleb128 0x2
 431 00ba 04       		.byte	0x4
 432 00bb 07       		.byte	0x7
ARM GAS  C:\Users\LUCASI~1\AppData\Local\Temp\cc7tjIHR.s 			page 10


 433 00bc 60020000 		.4byte	.LASF17
 434 00c0 07       		.uleb128 0x7
 435 00c1 04       		.byte	0x4
 436 00c2 08       		.uleb128 0x8
 437 00c3 FD010000 		.4byte	.LASF50
 438 00c7 01       		.byte	0x1
 439 00c8 0C       		.byte	0xc
 440 00c9 AF010000 		.4byte	0x1af
 441 00cd 00000000 		.4byte	.LFB0
 442 00d1 1C010000 		.4byte	.LFE0-.LFB0
 443 00d5 01       		.uleb128 0x1
 444 00d6 9C       		.byte	0x9c
 445 00d7 AF010000 		.4byte	0x1af
 446 00db 09       		.uleb128 0x9
 447 00dc D4020000 		.4byte	.LASF18
 448 00e0 01       		.byte	0x1
 449 00e1 0C       		.byte	0xc
 450 00e2 6B000000 		.4byte	0x6b
 451 00e6 00000000 		.4byte	.LLST0
 452 00ea 09       		.uleb128 0x9
 453 00eb 3D020000 		.4byte	.LASF19
 454 00ef 01       		.byte	0x1
 455 00f0 0C       		.byte	0xc
 456 00f1 C0000000 		.4byte	0xc0
 457 00f5 45000000 		.4byte	.LLST1
 458 00f9 09       		.uleb128 0x9
 459 00fa E7020000 		.4byte	.LASF20
 460 00fe 01       		.byte	0x1
 461 00ff 0C       		.byte	0xc
 462 0100 25000000 		.4byte	0x25
 463 0104 71000000 		.4byte	.LLST2
 464 0108 0A       		.uleb128 0xa
 465 0109 B6010000 		.4byte	.LASF21
 466 010d 01       		.byte	0x1
 467 010e 12       		.byte	0x12
 468 010f 33000000 		.4byte	0x33
 469 0113 99000000 		.4byte	.LLST3
 470 0117 0A       		.uleb128 0xa
 471 0118 88000000 		.4byte	.LASF22
 472 011c 01       		.byte	0x1
 473 011d 13       		.byte	0x13
 474 011e 33000000 		.4byte	0x33
 475 0122 AC000000 		.4byte	.LLST4
 476 0126 0A       		.uleb128 0xa
 477 0127 A2000000 		.4byte	.LASF23
 478 012b 01       		.byte	0x1
 479 012c 14       		.byte	0x14
 480 012d 33000000 		.4byte	0x33
 481 0131 BF000000 		.4byte	.LLST5
 482 0135 0B       		.uleb128 0xb
 483 0136 78000000 		.4byte	.LVL15
 484 013a B9020000 		.4byte	0x2b9
 485 013e 0B       		.uleb128 0xb
 486 013f 7C000000 		.4byte	.LVL16
 487 0143 C4020000 		.4byte	0x2c4
 488 0147 0B       		.uleb128 0xb
 489 0148 80000000 		.4byte	.LVL17
ARM GAS  C:\Users\LUCASI~1\AppData\Local\Temp\cc7tjIHR.s 			page 11


 490 014c CF020000 		.4byte	0x2cf
 491 0150 0C       		.uleb128 0xc
 492 0151 8E000000 		.4byte	.LVL18
 493 0155 DA020000 		.4byte	0x2da
 494 0159 64010000 		.4byte	0x164
 495 015d 0D       		.uleb128 0xd
 496 015e 01       		.uleb128 0x1
 497 015f 50       		.byte	0x50
 498 0160 02       		.uleb128 0x2
 499 0161 76       		.byte	0x76
 500 0162 7F       		.sleb128 -1
 501 0163 00       		.byte	0
 502 0164 0C       		.uleb128 0xc
 503 0165 96000000 		.4byte	.LVL19
 504 0169 E5020000 		.4byte	0x2e5
 505 016d 78010000 		.4byte	0x178
 506 0171 0D       		.uleb128 0xd
 507 0172 01       		.uleb128 0x1
 508 0173 50       		.byte	0x50
 509 0174 02       		.uleb128 0x2
 510 0175 75       		.byte	0x75
 511 0176 7F       		.sleb128 -1
 512 0177 00       		.byte	0
 513 0178 0C       		.uleb128 0xc
 514 0179 A6000000 		.4byte	.LVL20
 515 017d F0020000 		.4byte	0x2f0
 516 0181 9E010000 		.4byte	0x19e
 517 0185 0D       		.uleb128 0xd
 518 0186 01       		.uleb128 0x1
 519 0187 50       		.byte	0x50
 520 0188 01       		.uleb128 0x1
 521 0189 31       		.byte	0x31
 522 018a 0D       		.uleb128 0xd
 523 018b 01       		.uleb128 0x1
 524 018c 51       		.byte	0x51
 525 018d 01       		.uleb128 0x1
 526 018e 31       		.byte	0x31
 527 018f 0D       		.uleb128 0xd
 528 0190 01       		.uleb128 0x1
 529 0191 52       		.byte	0x52
 530 0192 03       		.uleb128 0x3
 531 0193 0A       		.byte	0xa
 532 0194 FF1F     		.2byte	0x1fff
 533 0196 0D       		.uleb128 0xd
 534 0197 01       		.uleb128 0x1
 535 0198 53       		.byte	0x53
 536 0199 03       		.uleb128 0x3
 537 019a 0A       		.byte	0xa
 538 019b 0040     		.2byte	0x4000
 539 019d 00       		.byte	0
 540 019e 0E       		.uleb128 0xe
 541 019f B6000000 		.4byte	.LVL21
 542 01a3 FB020000 		.4byte	0x2fb
 543 01a7 0D       		.uleb128 0xd
 544 01a8 01       		.uleb128 0x1
 545 01a9 50       		.byte	0x50
 546 01aa 02       		.uleb128 0x2
ARM GAS  C:\Users\LUCASI~1\AppData\Local\Temp\cc7tjIHR.s 			page 12


 547 01ab 74       		.byte	0x74
 548 01ac 00       		.sleb128 0
 549 01ad 00       		.byte	0
 550 01ae 00       		.byte	0
 551 01af 0F       		.uleb128 0xf
 552 01b0 04       		.byte	0x4
 553 01b1 B5010000 		.4byte	0x1b5
 554 01b5 10       		.uleb128 0x10
 555 01b6 11       		.uleb128 0x11
 556 01b7 B3000000 		.4byte	.LASF24
 557 01bb 01       		.byte	0x1
 558 01bc 3B       		.byte	0x3b
 559 01bd 00000000 		.4byte	.LFB1
 560 01c1 50000000 		.4byte	.LFE1-.LFB1
 561 01c5 01       		.uleb128 0x1
 562 01c6 9C       		.byte	0x9c
 563 01c7 1C020000 		.4byte	0x21c
 564 01cb 0B       		.uleb128 0xb
 565 01cc 0C000000 		.4byte	.LVL25
 566 01d0 06030000 		.4byte	0x306
 567 01d4 0C       		.uleb128 0xc
 568 01d5 1C000000 		.4byte	.LVL26
 569 01d9 11030000 		.4byte	0x311
 570 01dd EE010000 		.4byte	0x1ee
 571 01e1 0D       		.uleb128 0xd
 572 01e2 01       		.uleb128 0x1
 573 01e3 52       		.byte	0x52
 574 01e4 02       		.uleb128 0x2
 575 01e5 09       		.byte	0x9
 576 01e6 FE       		.byte	0xfe
 577 01e7 0D       		.uleb128 0xd
 578 01e8 01       		.uleb128 0x1
 579 01e9 53       		.byte	0x53
 580 01ea 02       		.uleb128 0x2
 581 01eb 08       		.byte	0x8
 582 01ec 21       		.byte	0x21
 583 01ed 00       		.byte	0
 584 01ee 0C       		.uleb128 0xc
 585 01ef 2A000000 		.4byte	.LVL27
 586 01f3 1C030000 		.4byte	0x31c
 587 01f7 03020000 		.4byte	0x203
 588 01fb 0D       		.uleb128 0xd
 589 01fc 01       		.uleb128 0x1
 590 01fd 52       		.byte	0x52
 591 01fe 03       		.uleb128 0x3
 592 01ff 0A       		.byte	0xa
 593 0200 4964     		.2byte	0x6449
 594 0202 00       		.byte	0
 595 0203 0B       		.uleb128 0xb
 596 0204 34000000 		.4byte	.LVL28
 597 0208 27030000 		.4byte	0x327
 598 020c 0E       		.uleb128 0xe
 599 020d 3C000000 		.4byte	.LVL29
 600 0211 32030000 		.4byte	0x332
 601 0215 0D       		.uleb128 0xd
 602 0216 01       		.uleb128 0x1
 603 0217 51       		.byte	0x51
ARM GAS  C:\Users\LUCASI~1\AppData\Local\Temp\cc7tjIHR.s 			page 13


 604 0218 01       		.uleb128 0x1
 605 0219 31       		.byte	0x31
 606 021a 00       		.byte	0
 607 021b 00       		.byte	0
 608 021c 11       		.uleb128 0x11
 609 021d C3020000 		.4byte	.LASF25
 610 0221 01       		.byte	0x1
 611 0222 47       		.byte	0x47
 612 0223 00000000 		.4byte	.LFB2
 613 0227 40000000 		.4byte	.LFE2-.LFB2
 614 022b 01       		.uleb128 0x1
 615 022c 9C       		.byte	0x9c
 616 022d 4D020000 		.4byte	0x24d
 617 0231 0B       		.uleb128 0xb
 618 0232 10000000 		.4byte	.LVL30
 619 0236 3D030000 		.4byte	0x33d
 620 023a 0B       		.uleb128 0xb
 621 023b 18000000 		.4byte	.LVL31
 622 023f 48030000 		.4byte	0x348
 623 0243 0B       		.uleb128 0xb
 624 0244 26000000 		.4byte	.LVL32
 625 0248 53030000 		.4byte	0x353
 626 024c 00       		.byte	0
 627 024d 12       		.uleb128 0x12
 628 024e 54030000 		.4byte	.LASF26
 629 0252 03       		.byte	0x3
 630 0253 17       		.byte	0x17
 631 0254 6B000000 		.4byte	0x6b
 632 0258 05       		.uleb128 0x5
 633 0259 03       		.byte	0x3
 634 025a 00000000 		.4byte	NP_g_nNumberOfPixels
 635 025e 12       		.uleb128 0x12
 636 025f 95020000 		.4byte	.LASF27
 637 0263 03       		.byte	0x3
 638 0264 18       		.byte	0x18
 639 0265 72000000 		.4byte	0x72
 640 0269 05       		.uleb128 0x5
 641 026a 03       		.byte	0x3
 642 026b 00000000 		.4byte	NP_g_nDMA_Chan
 643 026f 12       		.uleb128 0x12
 644 0270 DB010000 		.4byte	.LASF28
 645 0274 03       		.byte	0x3
 646 0275 19       		.byte	0x19
 647 0276 72000000 		.4byte	0x72
 648 027a 05       		.uleb128 0x5
 649 027b 03       		.byte	0x3
 650 027c 00000000 		.4byte	NP_g_nDMA_TD
 651 0280 12       		.uleb128 0x12
 652 0281 C3010000 		.4byte	.LASF29
 653 0285 03       		.byte	0x3
 654 0286 1A       		.byte	0x1a
 655 0287 72000000 		.4byte	0x72
 656 028b 05       		.uleb128 0x5
 657 028c 03       		.byte	0x3
 658 028d 00000000 		.4byte	NP_g_bOwnsBuffer
 659 0291 12       		.uleb128 0x12
 660 0292 5E010000 		.4byte	.LASF30
ARM GAS  C:\Users\LUCASI~1\AppData\Local\Temp\cc7tjIHR.s 			page 14


 661 0296 03       		.byte	0x3
 662 0297 1C       		.byte	0x1c
 663 0298 A2020000 		.4byte	0x2a2
 664 029c 05       		.uleb128 0x5
 665 029d 03       		.byte	0x3
 666 029e 00000000 		.4byte	NP_g_pFrameBuffer
 667 02a2 0F       		.uleb128 0xf
 668 02a3 04       		.byte	0x4
 669 02a4 AD000000 		.4byte	0xad
 670 02a8 12       		.uleb128 0x12
 671 02a9 A0010000 		.4byte	.LASF31
 672 02ad 03       		.byte	0x3
 673 02ae 1D       		.byte	0x1d
 674 02af 6B000000 		.4byte	0x6b
 675 02b3 05       		.uleb128 0x5
 676 02b4 03       		.byte	0x3
 677 02b5 00000000 		.4byte	NP_g_nFrameBufferSize
 678 02b9 13       		.uleb128 0x13
 679 02ba 00000000 		.4byte	.LASF32
 680 02be 00000000 		.4byte	.LASF32
 681 02c2 04       		.byte	0x4
 682 02c3 26       		.byte	0x26
 683 02c4 13       		.uleb128 0x13
 684 02c5 81020000 		.4byte	.LASF33
 685 02c9 81020000 		.4byte	.LASF33
 686 02cd 05       		.byte	0x5
 687 02ce 26       		.byte	0x26
 688 02cf 13       		.uleb128 0x13
 689 02d0 AE020000 		.4byte	.LASF34
 690 02d4 AE020000 		.4byte	.LASF34
 691 02d8 06       		.byte	0x6
 692 02d9 26       		.byte	0x26
 693 02da 13       		.uleb128 0x13
 694 02db 45020000 		.4byte	.LASF35
 695 02df 45020000 		.4byte	.LASF35
 696 02e3 06       		.byte	0x6
 697 02e4 2A       		.byte	0x2a
 698 02e5 13       		.uleb128 0x13
 699 02e6 59000000 		.4byte	.LASF36
 700 02ea 59000000 		.4byte	.LASF36
 701 02ee 05       		.byte	0x5
 702 02ef 2A       		.byte	0x2a
 703 02f0 13       		.uleb128 0x13
 704 02f1 73000000 		.4byte	.LASF37
 705 02f5 73000000 		.4byte	.LASF37
 706 02f9 07       		.byte	0x7
 707 02fa 1E       		.byte	0x1e
 708 02fb 13       		.uleb128 0x13
 709 02fc 69030000 		.4byte	.LASF38
 710 0300 69030000 		.4byte	.LASF38
 711 0304 08       		.byte	0x8
 712 0305 25       		.byte	0x25
 713 0306 13       		.uleb128 0x13
 714 0307 92000000 		.4byte	.LASF39
 715 030b 92000000 		.4byte	.LASF39
 716 030f 09       		.byte	0x9
 717 0310 39       		.byte	0x39
ARM GAS  C:\Users\LUCASI~1\AppData\Local\Temp\cc7tjIHR.s 			page 15


 718 0311 13       		.uleb128 0x13
 719 0312 70010000 		.4byte	.LASF40
 720 0316 70010000 		.4byte	.LASF40
 721 031a 09       		.byte	0x9
 722 031b 3C       		.byte	0x3c
 723 031c 13       		.uleb128 0x13
 724 031d 14000000 		.4byte	.LASF41
 725 0321 14000000 		.4byte	.LASF41
 726 0325 09       		.byte	0x9
 727 0326 40       		.byte	0x40
 728 0327 13       		.uleb128 0x13
 729 0328 45000000 		.4byte	.LASF42
 730 032c 45000000 		.4byte	.LASF42
 731 0330 09       		.byte	0x9
 732 0331 30       		.byte	0x30
 733 0332 13       		.uleb128 0x13
 734 0333 E8010000 		.4byte	.LASF43
 735 0337 E8010000 		.4byte	.LASF43
 736 033b 09       		.byte	0x9
 737 033c 2A       		.byte	0x2a
 738 033d 13       		.uleb128 0x13
 739 033e 26000000 		.4byte	.LASF44
 740 0342 26000000 		.4byte	.LASF44
 741 0346 09       		.byte	0x9
 742 0347 29       		.byte	0x29
 743 0348 13       		.uleb128 0x13
 744 0349 0D020000 		.4byte	.LASF45
 745 034d 0D020000 		.4byte	.LASF45
 746 0351 09       		.byte	0x9
 747 0352 3A       		.byte	0x3a
 748 0353 13       		.uleb128 0x13
 749 0354 69020000 		.4byte	.LASF46
 750 0358 69020000 		.4byte	.LASF46
 751 035c 08       		.byte	0x8
 752 035d 2D       		.byte	0x2d
 753 035e 00       		.byte	0
 754              		.section	.debug_abbrev,"",%progbits
 755              	.Ldebug_abbrev0:
 756 0000 01       		.uleb128 0x1
 757 0001 11       		.uleb128 0x11
 758 0002 01       		.byte	0x1
 759 0003 25       		.uleb128 0x25
 760 0004 0E       		.uleb128 0xe
 761 0005 13       		.uleb128 0x13
 762 0006 0B       		.uleb128 0xb
 763 0007 03       		.uleb128 0x3
 764 0008 0E       		.uleb128 0xe
 765 0009 1B       		.uleb128 0x1b
 766 000a 0E       		.uleb128 0xe
 767 000b 55       		.uleb128 0x55
 768 000c 17       		.uleb128 0x17
 769 000d 11       		.uleb128 0x11
 770 000e 01       		.uleb128 0x1
 771 000f 10       		.uleb128 0x10
 772 0010 17       		.uleb128 0x17
 773 0011 00       		.byte	0
 774 0012 00       		.byte	0
ARM GAS  C:\Users\LUCASI~1\AppData\Local\Temp\cc7tjIHR.s 			page 16


 775 0013 02       		.uleb128 0x2
 776 0014 24       		.uleb128 0x24
 777 0015 00       		.byte	0
 778 0016 0B       		.uleb128 0xb
 779 0017 0B       		.uleb128 0xb
 780 0018 3E       		.uleb128 0x3e
 781 0019 0B       		.uleb128 0xb
 782 001a 03       		.uleb128 0x3
 783 001b 0E       		.uleb128 0xe
 784 001c 00       		.byte	0
 785 001d 00       		.byte	0
 786 001e 03       		.uleb128 0x3
 787 001f 24       		.uleb128 0x24
 788 0020 00       		.byte	0
 789 0021 0B       		.uleb128 0xb
 790 0022 0B       		.uleb128 0xb
 791 0023 3E       		.uleb128 0x3e
 792 0024 0B       		.uleb128 0xb
 793 0025 03       		.uleb128 0x3
 794 0026 08       		.uleb128 0x8
 795 0027 00       		.byte	0
 796 0028 00       		.byte	0
 797 0029 04       		.uleb128 0x4
 798 002a 16       		.uleb128 0x16
 799 002b 00       		.byte	0
 800 002c 03       		.uleb128 0x3
 801 002d 0E       		.uleb128 0xe
 802 002e 3A       		.uleb128 0x3a
 803 002f 0B       		.uleb128 0xb
 804 0030 3B       		.uleb128 0x3b
 805 0031 0B       		.uleb128 0xb
 806 0032 49       		.uleb128 0x49
 807 0033 13       		.uleb128 0x13
 808 0034 00       		.byte	0
 809 0035 00       		.byte	0
 810 0036 05       		.uleb128 0x5
 811 0037 16       		.uleb128 0x16
 812 0038 00       		.byte	0
 813 0039 03       		.uleb128 0x3
 814 003a 0E       		.uleb128 0xe
 815 003b 3A       		.uleb128 0x3a
 816 003c 0B       		.uleb128 0xb
 817 003d 3B       		.uleb128 0x3b
 818 003e 05       		.uleb128 0x5
 819 003f 49       		.uleb128 0x49
 820 0040 13       		.uleb128 0x13
 821 0041 00       		.byte	0
 822 0042 00       		.byte	0
 823 0043 06       		.uleb128 0x6
 824 0044 35       		.uleb128 0x35
 825 0045 00       		.byte	0
 826 0046 49       		.uleb128 0x49
 827 0047 13       		.uleb128 0x13
 828 0048 00       		.byte	0
 829 0049 00       		.byte	0
 830 004a 07       		.uleb128 0x7
 831 004b 0F       		.uleb128 0xf
ARM GAS  C:\Users\LUCASI~1\AppData\Local\Temp\cc7tjIHR.s 			page 17


 832 004c 00       		.byte	0
 833 004d 0B       		.uleb128 0xb
 834 004e 0B       		.uleb128 0xb
 835 004f 00       		.byte	0
 836 0050 00       		.byte	0
 837 0051 08       		.uleb128 0x8
 838 0052 2E       		.uleb128 0x2e
 839 0053 01       		.byte	0x1
 840 0054 3F       		.uleb128 0x3f
 841 0055 19       		.uleb128 0x19
 842 0056 03       		.uleb128 0x3
 843 0057 0E       		.uleb128 0xe
 844 0058 3A       		.uleb128 0x3a
 845 0059 0B       		.uleb128 0xb
 846 005a 3B       		.uleb128 0x3b
 847 005b 0B       		.uleb128 0xb
 848 005c 27       		.uleb128 0x27
 849 005d 19       		.uleb128 0x19
 850 005e 49       		.uleb128 0x49
 851 005f 13       		.uleb128 0x13
 852 0060 11       		.uleb128 0x11
 853 0061 01       		.uleb128 0x1
 854 0062 12       		.uleb128 0x12
 855 0063 06       		.uleb128 0x6
 856 0064 40       		.uleb128 0x40
 857 0065 18       		.uleb128 0x18
 858 0066 9642     		.uleb128 0x2116
 859 0068 19       		.uleb128 0x19
 860 0069 01       		.uleb128 0x1
 861 006a 13       		.uleb128 0x13
 862 006b 00       		.byte	0
 863 006c 00       		.byte	0
 864 006d 09       		.uleb128 0x9
 865 006e 05       		.uleb128 0x5
 866 006f 00       		.byte	0
 867 0070 03       		.uleb128 0x3
 868 0071 0E       		.uleb128 0xe
 869 0072 3A       		.uleb128 0x3a
 870 0073 0B       		.uleb128 0xb
 871 0074 3B       		.uleb128 0x3b
 872 0075 0B       		.uleb128 0xb
 873 0076 49       		.uleb128 0x49
 874 0077 13       		.uleb128 0x13
 875 0078 02       		.uleb128 0x2
 876 0079 17       		.uleb128 0x17
 877 007a 00       		.byte	0
 878 007b 00       		.byte	0
 879 007c 0A       		.uleb128 0xa
 880 007d 34       		.uleb128 0x34
 881 007e 00       		.byte	0
 882 007f 03       		.uleb128 0x3
 883 0080 0E       		.uleb128 0xe
 884 0081 3A       		.uleb128 0x3a
 885 0082 0B       		.uleb128 0xb
 886 0083 3B       		.uleb128 0x3b
 887 0084 0B       		.uleb128 0xb
 888 0085 49       		.uleb128 0x49
ARM GAS  C:\Users\LUCASI~1\AppData\Local\Temp\cc7tjIHR.s 			page 18


 889 0086 13       		.uleb128 0x13
 890 0087 02       		.uleb128 0x2
 891 0088 17       		.uleb128 0x17
 892 0089 00       		.byte	0
 893 008a 00       		.byte	0
 894 008b 0B       		.uleb128 0xb
 895 008c 898201   		.uleb128 0x4109
 896 008f 00       		.byte	0
 897 0090 11       		.uleb128 0x11
 898 0091 01       		.uleb128 0x1
 899 0092 31       		.uleb128 0x31
 900 0093 13       		.uleb128 0x13
 901 0094 00       		.byte	0
 902 0095 00       		.byte	0
 903 0096 0C       		.uleb128 0xc
 904 0097 898201   		.uleb128 0x4109
 905 009a 01       		.byte	0x1
 906 009b 11       		.uleb128 0x11
 907 009c 01       		.uleb128 0x1
 908 009d 31       		.uleb128 0x31
 909 009e 13       		.uleb128 0x13
 910 009f 01       		.uleb128 0x1
 911 00a0 13       		.uleb128 0x13
 912 00a1 00       		.byte	0
 913 00a2 00       		.byte	0
 914 00a3 0D       		.uleb128 0xd
 915 00a4 8A8201   		.uleb128 0x410a
 916 00a7 00       		.byte	0
 917 00a8 02       		.uleb128 0x2
 918 00a9 18       		.uleb128 0x18
 919 00aa 9142     		.uleb128 0x2111
 920 00ac 18       		.uleb128 0x18
 921 00ad 00       		.byte	0
 922 00ae 00       		.byte	0
 923 00af 0E       		.uleb128 0xe
 924 00b0 898201   		.uleb128 0x4109
 925 00b3 01       		.byte	0x1
 926 00b4 11       		.uleb128 0x11
 927 00b5 01       		.uleb128 0x1
 928 00b6 31       		.uleb128 0x31
 929 00b7 13       		.uleb128 0x13
 930 00b8 00       		.byte	0
 931 00b9 00       		.byte	0
 932 00ba 0F       		.uleb128 0xf
 933 00bb 0F       		.uleb128 0xf
 934 00bc 00       		.byte	0
 935 00bd 0B       		.uleb128 0xb
 936 00be 0B       		.uleb128 0xb
 937 00bf 49       		.uleb128 0x49
 938 00c0 13       		.uleb128 0x13
 939 00c1 00       		.byte	0
 940 00c2 00       		.byte	0
 941 00c3 10       		.uleb128 0x10
 942 00c4 35       		.uleb128 0x35
 943 00c5 00       		.byte	0
 944 00c6 00       		.byte	0
 945 00c7 00       		.byte	0
ARM GAS  C:\Users\LUCASI~1\AppData\Local\Temp\cc7tjIHR.s 			page 19


 946 00c8 11       		.uleb128 0x11
 947 00c9 2E       		.uleb128 0x2e
 948 00ca 01       		.byte	0x1
 949 00cb 3F       		.uleb128 0x3f
 950 00cc 19       		.uleb128 0x19
 951 00cd 03       		.uleb128 0x3
 952 00ce 0E       		.uleb128 0xe
 953 00cf 3A       		.uleb128 0x3a
 954 00d0 0B       		.uleb128 0xb
 955 00d1 3B       		.uleb128 0x3b
 956 00d2 0B       		.uleb128 0xb
 957 00d3 11       		.uleb128 0x11
 958 00d4 01       		.uleb128 0x1
 959 00d5 12       		.uleb128 0x12
 960 00d6 06       		.uleb128 0x6
 961 00d7 40       		.uleb128 0x40
 962 00d8 18       		.uleb128 0x18
 963 00d9 9742     		.uleb128 0x2117
 964 00db 19       		.uleb128 0x19
 965 00dc 01       		.uleb128 0x1
 966 00dd 13       		.uleb128 0x13
 967 00de 00       		.byte	0
 968 00df 00       		.byte	0
 969 00e0 12       		.uleb128 0x12
 970 00e1 34       		.uleb128 0x34
 971 00e2 00       		.byte	0
 972 00e3 03       		.uleb128 0x3
 973 00e4 0E       		.uleb128 0xe
 974 00e5 3A       		.uleb128 0x3a
 975 00e6 0B       		.uleb128 0xb
 976 00e7 3B       		.uleb128 0x3b
 977 00e8 0B       		.uleb128 0xb
 978 00e9 49       		.uleb128 0x49
 979 00ea 13       		.uleb128 0x13
 980 00eb 3F       		.uleb128 0x3f
 981 00ec 19       		.uleb128 0x19
 982 00ed 02       		.uleb128 0x2
 983 00ee 18       		.uleb128 0x18
 984 00ef 00       		.byte	0
 985 00f0 00       		.byte	0
 986 00f1 13       		.uleb128 0x13
 987 00f2 2E       		.uleb128 0x2e
 988 00f3 00       		.byte	0
 989 00f4 3F       		.uleb128 0x3f
 990 00f5 19       		.uleb128 0x19
 991 00f6 3C       		.uleb128 0x3c
 992 00f7 19       		.uleb128 0x19
 993 00f8 6E       		.uleb128 0x6e
 994 00f9 0E       		.uleb128 0xe
 995 00fa 03       		.uleb128 0x3
 996 00fb 0E       		.uleb128 0xe
 997 00fc 3A       		.uleb128 0x3a
 998 00fd 0B       		.uleb128 0xb
 999 00fe 3B       		.uleb128 0x3b
 1000 00ff 0B       		.uleb128 0xb
 1001 0100 00       		.byte	0
 1002 0101 00       		.byte	0
ARM GAS  C:\Users\LUCASI~1\AppData\Local\Temp\cc7tjIHR.s 			page 20


 1003 0102 00       		.byte	0
 1004              		.section	.debug_loc,"",%progbits
 1005              	.Ldebug_loc0:
 1006              	.LLST0:
 1007 0000 00000000 		.4byte	.LVL0
 1008 0004 0A000000 		.4byte	.LVL1
 1009 0008 0100     		.2byte	0x1
 1010 000a 50       		.byte	0x50
 1011 000b 0A000000 		.4byte	.LVL1
 1012 000f 70000000 		.4byte	.LVL14
 1013 0013 0100     		.2byte	0x1
 1014 0015 54       		.byte	0x54
 1015 0016 70000000 		.4byte	.LVL14
 1016 001a E2000000 		.4byte	.LVL23
 1017 001e 0400     		.2byte	0x4
 1018 0020 F3       		.byte	0xf3
 1019 0021 01       		.uleb128 0x1
 1020 0022 50       		.byte	0x50
 1021 0023 9F       		.byte	0x9f
 1022 0024 E2000000 		.4byte	.LVL23
 1023 0028 E8000000 		.4byte	.LVL24
 1024 002c 0100     		.2byte	0x1
 1025 002e 54       		.byte	0x54
 1026 002f E8000000 		.4byte	.LVL24
 1027 0033 1C010000 		.4byte	.LFE0
 1028 0037 0400     		.2byte	0x4
 1029 0039 F3       		.byte	0xf3
 1030 003a 01       		.uleb128 0x1
 1031 003b 50       		.byte	0x50
 1032 003c 9F       		.byte	0x9f
 1033 003d 00000000 		.4byte	0
 1034 0041 00000000 		.4byte	0
 1035              	.LLST1:
 1036 0045 00000000 		.4byte	.LVL0
 1037 0049 0C000000 		.4byte	.LVL2
 1038 004d 0100     		.2byte	0x1
 1039 004f 51       		.byte	0x51
 1040 0050 0C000000 		.4byte	.LVL2
 1041 0054 E8000000 		.4byte	.LVL24
 1042 0058 0100     		.2byte	0x1
 1043 005a 5A       		.byte	0x5a
 1044 005b E8000000 		.4byte	.LVL24
 1045 005f 1C010000 		.4byte	.LFE0
 1046 0063 0400     		.2byte	0x4
 1047 0065 F3       		.byte	0xf3
 1048 0066 01       		.uleb128 0x1
 1049 0067 51       		.byte	0x51
 1050 0068 9F       		.byte	0x9f
 1051 0069 00000000 		.4byte	0
 1052 006d 00000000 		.4byte	0
 1053              	.LLST2:
 1054 0071 00000000 		.4byte	.LVL0
 1055 0075 15000000 		.4byte	.LVL3-1
 1056 0079 0600     		.2byte	0x6
 1057 007b 52       		.byte	0x52
 1058 007c 93       		.byte	0x93
 1059 007d 04       		.uleb128 0x4
ARM GAS  C:\Users\LUCASI~1\AppData\Local\Temp\cc7tjIHR.s 			page 21


 1060 007e 53       		.byte	0x53
 1061 007f 93       		.byte	0x93
 1062 0080 04       		.uleb128 0x4
 1063 0081 15000000 		.4byte	.LVL3-1
 1064 0085 1C010000 		.4byte	.LFE0
 1065 0089 0600     		.2byte	0x6
 1066 008b F3       		.byte	0xf3
 1067 008c 03       		.uleb128 0x3
 1068 008d F5       		.byte	0xf5
 1069 008e 02       		.uleb128 0x2
 1070 008f 25       		.uleb128 0x25
 1071 0090 9F       		.byte	0x9f
 1072 0091 00000000 		.4byte	0
 1073 0095 00000000 		.4byte	0
 1074              	.LLST3:
 1075 0099 44000000 		.4byte	.LVL7
 1076 009d E2000000 		.4byte	.LVL23
 1077 00a1 0100     		.2byte	0x1
 1078 00a3 58       		.byte	0x58
 1079 00a4 00000000 		.4byte	0
 1080 00a8 00000000 		.4byte	0
 1081              	.LLST4:
 1082 00ac 58000000 		.4byte	.LVL10
 1083 00b0 E2000000 		.4byte	.LVL23
 1084 00b4 0100     		.2byte	0x1
 1085 00b6 55       		.byte	0x55
 1086 00b7 00000000 		.4byte	0
 1087 00bb 00000000 		.4byte	0
 1088              	.LLST5:
 1089 00bf 6C000000 		.4byte	.LVL13
 1090 00c3 E2000000 		.4byte	.LVL23
 1091 00c7 0100     		.2byte	0x1
 1092 00c9 56       		.byte	0x56
 1093 00ca 00000000 		.4byte	0
 1094 00ce 00000000 		.4byte	0
 1095              		.section	.debug_aranges,"",%progbits
 1096 0000 2C000000 		.4byte	0x2c
 1097 0004 0200     		.2byte	0x2
 1098 0006 00000000 		.4byte	.Ldebug_info0
 1099 000a 04       		.byte	0x4
 1100 000b 00       		.byte	0
 1101 000c 0000     		.2byte	0
 1102 000e 0000     		.2byte	0
 1103 0010 00000000 		.4byte	.LFB0
 1104 0014 1C010000 		.4byte	.LFE0-.LFB0
 1105 0018 00000000 		.4byte	.LFB1
 1106 001c 50000000 		.4byte	.LFE1-.LFB1
 1107 0020 00000000 		.4byte	.LFB2
 1108 0024 40000000 		.4byte	.LFE2-.LFB2
 1109 0028 00000000 		.4byte	0
 1110 002c 00000000 		.4byte	0
 1111              		.section	.debug_ranges,"",%progbits
 1112              	.Ldebug_ranges0:
 1113 0000 00000000 		.4byte	.LFB0
 1114 0004 1C010000 		.4byte	.LFE0
 1115 0008 00000000 		.4byte	.LFB1
 1116 000c 50000000 		.4byte	.LFE1
ARM GAS  C:\Users\LUCASI~1\AppData\Local\Temp\cc7tjIHR.s 			page 22


 1117 0010 00000000 		.4byte	.LFB2
 1118 0014 40000000 		.4byte	.LFE2
 1119 0018 00000000 		.4byte	0
 1120 001c 00000000 		.4byte	0
 1121              		.section	.debug_line,"",%progbits
 1122              	.Ldebug_line0:
 1123 0000 7A010000 		.section	.debug_str,"MS",%progbits,1
 1123      02001D01 
 1123      00000201 
 1123      FB0E0D00 
 1123      01010101 
 1124              	.LASF32:
 1125 0000 4E505F4E 		.ascii	"NP_Neo_BITCNT_Start\000"
 1125      656F5F42 
 1125      4954434E 
 1125      545F5374 
 1125      61727400 
 1126              	.LASF41:
 1127 0014 4379446D 		.ascii	"CyDmaTdSetAddress\000"
 1127      61546453 
 1127      65744164 
 1127      64726573 
 1127      7300
 1128              	.LASF44:
 1129 0026 4379446D 		.ascii	"CyDmaChFree\000"
 1129      61436846 
 1129      72656500 
 1130              	.LASF4:
 1131 0032 73686F72 		.ascii	"short unsigned int\000"
 1131      7420756E 
 1131      7369676E 
 1131      65642069 
 1131      6E7400
 1132              	.LASF42:
 1133 0045 4379446D 		.ascii	"CyDmaChSetInitialTd\000"
 1133      61436853 
 1133      6574496E 
 1133      69746961 
 1133      6C546400 
 1134              	.LASF36:
 1135 0059 4E505F4E 		.ascii	"NP_Neo_ONTime_WritePeriod\000"
 1135      656F5F4F 
 1135      4E54696D 
 1135      655F5772 
 1135      69746550 
 1136              	.LASF37:
 1137 0073 4E505F44 		.ascii	"NP_DMA_DmaInitialize\000"
 1137      4D415F44 
 1137      6D61496E 
 1137      69746961 
 1137      6C697A65 
 1138              	.LASF22:
 1139 0088 66437963 		.ascii	"fCyclesOn\000"
 1139      6C65734F 
 1139      6E00
 1140              	.LASF39:
 1141 0092 4379446D 		.ascii	"CyDmaTdAllocate\000"
ARM GAS  C:\Users\LUCASI~1\AppData\Local\Temp\cc7tjIHR.s 			page 23


 1141      61546441 
 1141      6C6C6F63 
 1141      61746500 
 1142              	.LASF23:
 1143 00a2 66437963 		.ascii	"fCyclesOff\000"
 1143      6C65734F 
 1143      666600
 1144              	.LASF13:
 1145 00ad 666C6F61 		.ascii	"float\000"
 1145      7400
 1146              	.LASF24:
 1147 00b3 4E505F55 		.ascii	"NP_Update\000"
 1147      70646174 
 1147      6500
 1148              	.LASF2:
 1149 00bd 756E7369 		.ascii	"unsigned char\000"
 1149      676E6564 
 1149      20636861 
 1149      7200
 1150              	.LASF47:
 1151 00cb 474E5520 		.ascii	"GNU C11 5.4.1 20160609 (release) [ARM/embedded-5-br"
 1151      43313120 
 1151      352E342E 
 1151      31203230 
 1151      31363036 
 1152 00fe 616E6368 		.ascii	"anch revision 237715] -mcpu=cortex-m3 -mthumb -g -O"
 1152      20726576 
 1152      6973696F 
 1152      6E203233 
 1152      37373135 
 1153 0131 67202D66 		.ascii	"g -ffunction-sections -ffat-lto-objects\000"
 1153      66756E63 
 1153      74696F6E 
 1153      2D736563 
 1153      74696F6E 
 1154              	.LASF15:
 1155 0159 72656738 		.ascii	"reg8\000"
 1155      00
 1156              	.LASF30:
 1157 015e 4E505F67 		.ascii	"NP_g_pFrameBuffer\000"
 1157      5F704672 
 1157      616D6542 
 1157      75666665 
 1157      7200
 1158              	.LASF40:
 1159 0170 4379446D 		.ascii	"CyDmaTdSetConfiguration\000"
 1159      61546453 
 1159      6574436F 
 1159      6E666967 
 1159      75726174 
 1160              	.LASF6:
 1161 0188 6C6F6E67 		.ascii	"long unsigned int\000"
 1161      20756E73 
 1161      69676E65 
 1161      6420696E 
 1161      7400
 1162              	.LASF10:
ARM GAS  C:\Users\LUCASI~1\AppData\Local\Temp\cc7tjIHR.s 			page 24


 1163 019a 75696E74 		.ascii	"uint8\000"
 1163      3800
 1164              	.LASF31:
 1165 01a0 4E505F67 		.ascii	"NP_g_nFrameBufferSize\000"
 1165      5F6E4672 
 1165      616D6542 
 1165      75666665 
 1165      7253697A 
 1166              	.LASF21:
 1167 01b6 66437963 		.ascii	"fCyclesTotal\000"
 1167      6C657354 
 1167      6F74616C 
 1167      00
 1168              	.LASF29:
 1169 01c3 4E505F67 		.ascii	"NP_g_bOwnsBuffer\000"
 1169      5F624F77 
 1169      6E734275 
 1169      66666572 
 1169      00
 1170              	.LASF0:
 1171 01d4 646F7562 		.ascii	"double\000"
 1171      6C6500
 1172              	.LASF28:
 1173 01db 4E505F67 		.ascii	"NP_g_nDMA_TD\000"
 1173      5F6E444D 
 1173      415F5444 
 1173      00
 1174              	.LASF43:
 1175 01e8 4379446D 		.ascii	"CyDmaChEnable\000"
 1175      61436845 
 1175      6E61626C 
 1175      6500
 1176              	.LASF11:
 1177 01f6 75696E74 		.ascii	"uint16\000"
 1177      313600
 1178              	.LASF50:
 1179 01fd 4E505F53 		.ascii	"NP_Start\000"
 1179      74617274 
 1179      00
 1180              	.LASF12:
 1181 0206 75696E74 		.ascii	"uint32\000"
 1181      333200
 1182              	.LASF45:
 1183 020d 4379446D 		.ascii	"CyDmaTdFree\000"
 1183      61546446 
 1183      72656500 
 1184              	.LASF9:
 1185 0219 756E7369 		.ascii	"unsigned int\000"
 1185      676E6564 
 1185      20696E74 
 1185      00
 1186              	.LASF8:
 1187 0226 6C6F6E67 		.ascii	"long long unsigned int\000"
 1187      206C6F6E 
 1187      6720756E 
 1187      7369676E 
 1187      65642069 
ARM GAS  C:\Users\LUCASI~1\AppData\Local\Temp\cc7tjIHR.s 			page 25


 1188              	.LASF19:
 1189 023d 70427566 		.ascii	"pBuffer\000"
 1189      66657200 
 1190              	.LASF35:
 1191 0245 4E505F4E 		.ascii	"NP_Neo_OFFTime_WritePeriod\000"
 1191      656F5F4F 
 1191      46465469 
 1191      6D655F57 
 1191      72697465 
 1192              	.LASF17:
 1193 0260 73697A65 		.ascii	"sizetype\000"
 1193      74797065 
 1193      00
 1194              	.LASF46:
 1195 0269 66726565 		.ascii	"free\000"
 1195      00
 1196              	.LASF7:
 1197 026e 6C6F6E67 		.ascii	"long long int\000"
 1197      206C6F6E 
 1197      6720696E 
 1197      7400
 1198              	.LASF14:
 1199 027c 63686172 		.ascii	"char\000"
 1199      00
 1200              	.LASF33:
 1201 0281 4E505F4E 		.ascii	"NP_Neo_ONTime_Start\000"
 1201      656F5F4F 
 1201      4E54696D 
 1201      655F5374 
 1201      61727400 
 1202              	.LASF27:
 1203 0295 4E505F67 		.ascii	"NP_g_nDMA_Chan\000"
 1203      5F6E444D 
 1203      415F4368 
 1203      616E00
 1204              	.LASF3:
 1205 02a4 73686F72 		.ascii	"short int\000"
 1205      7420696E 
 1205      7400
 1206              	.LASF34:
 1207 02ae 4E505F4E 		.ascii	"NP_Neo_OFFTime_Start\000"
 1207      656F5F4F 
 1207      46465469 
 1207      6D655F53 
 1207      74617274 
 1208              	.LASF25:
 1209 02c3 4E505F53 		.ascii	"NP_Stop\000"
 1209      746F7000 
 1210              	.LASF5:
 1211 02cb 6C6F6E67 		.ascii	"long int\000"
 1211      20696E74 
 1211      00
 1212              	.LASF18:
 1213 02d4 6E4E756D 		.ascii	"nNumberOfNeopixels\000"
 1213      6265724F 
 1213      664E656F 
 1213      70697865 
ARM GAS  C:\Users\LUCASI~1\AppData\Local\Temp\cc7tjIHR.s 			page 26


 1213      6C7300
 1214              	.LASF20:
 1215 02e7 66537065 		.ascii	"fSpeedMHz\000"
 1215      65644D48 
 1215      7A00
 1216              	.LASF16:
 1217 02f1 6C6F6E67 		.ascii	"long double\000"
 1217      20646F75 
 1217      626C6500 
 1218              	.LASF49:
 1219 02fd 433A5C55 		.ascii	"C:\\Users\\lucasiversen\\Desktop\\PSOC_1_Program\\P"
 1219      73657273 
 1219      5C6C7563 
 1219      61736976 
 1219      65727365 
 1220 032b 534F435F 		.ascii	"SOC_1_Program\\NeoPixel.cydsn\000"
 1220      315F5072 
 1220      6F677261 
 1220      6D5C4E65 
 1220      6F506978 
 1221              	.LASF1:
 1222 0348 7369676E 		.ascii	"signed char\000"
 1222      65642063 
 1222      68617200 
 1223              	.LASF26:
 1224 0354 4E505F67 		.ascii	"NP_g_nNumberOfPixels\000"
 1224      5F6E4E75 
 1224      6D626572 
 1224      4F665069 
 1224      78656C73 
 1225              	.LASF38:
 1226 0369 6D616C6C 		.ascii	"malloc\000"
 1226      6F6300
 1227              	.LASF48:
 1228 0370 47656E65 		.ascii	"Generated_Source\\PSoC5\\NP_funcs.c\000"
 1228      72617465 
 1228      645F536F 
 1228      75726365 
 1228      5C50536F 
 1229              		.ident	"GCC: (GNU Tools for ARM Embedded Processors) 5.4.1 20160609 (release) [ARM/embedded-5-bran
