ARM GAS  C:\Users\LUCASI~1\AppData\Local\Temp\ccsQhfoa.s 			page 1


   1              		.syntax unified
   2              		.cpu cortex-m3
   3              		.fpu softvfp
   4              		.eabi_attribute 20, 1
   5              		.eabi_attribute 21, 1
   6              		.eabi_attribute 23, 3
   7              		.eabi_attribute 24, 1
   8              		.eabi_attribute 25, 1
   9              		.eabi_attribute 26, 1
  10              		.eabi_attribute 30, 1
  11              		.eabi_attribute 34, 1
  12              		.eabi_attribute 18, 4
  13              		.thumb
  14              		.syntax unified
  15              		.file	"NP_Neo_OFFTime.c"
  16              		.text
  17              	.Ltext0:
  18              		.cfi_sections	.debug_frame
  19              		.section	.text.NP_Neo_OFFTime_Init,"ax",%progbits
  20              		.align	2
  21              		.global	NP_Neo_OFFTime_Init
  22              		.thumb
  23              		.thumb_func
  24              		.type	NP_Neo_OFFTime_Init, %function
  25              	NP_Neo_OFFTime_Init:
  26              	.LFB0:
  27              		.file 1 "Generated_Source\\PSoC5\\NP_Neo_OFFTime.c"
   1:Generated_Source\PSoC5/NP_Neo_OFFTime.c **** /*******************************************************************************
   2:Generated_Source\PSoC5/NP_Neo_OFFTime.c **** * File Name: NP_Neo_OFFTime.c
   3:Generated_Source\PSoC5/NP_Neo_OFFTime.c **** * Version 1.0
   4:Generated_Source\PSoC5/NP_Neo_OFFTime.c **** *
   5:Generated_Source\PSoC5/NP_Neo_OFFTime.c **** * Description:
   6:Generated_Source\PSoC5/NP_Neo_OFFTime.c **** *  This file provides source code for the Count7 component's API.
   7:Generated_Source\PSoC5/NP_Neo_OFFTime.c **** *
   8:Generated_Source\PSoC5/NP_Neo_OFFTime.c **** * Note:
   9:Generated_Source\PSoC5/NP_Neo_OFFTime.c **** *
  10:Generated_Source\PSoC5/NP_Neo_OFFTime.c **** ********************************************************************************
  11:Generated_Source\PSoC5/NP_Neo_OFFTime.c **** * Copyright 2013, Cypress Semiconductor Corporation.  All rights reserved.
  12:Generated_Source\PSoC5/NP_Neo_OFFTime.c **** * You may use this file only in accordance with the license, terms, conditions,
  13:Generated_Source\PSoC5/NP_Neo_OFFTime.c **** * disclaimers, and limitations in the end user license agreement accompanying
  14:Generated_Source\PSoC5/NP_Neo_OFFTime.c **** * the software package with which this file was provided.
  15:Generated_Source\PSoC5/NP_Neo_OFFTime.c **** *******************************************************************************/
  16:Generated_Source\PSoC5/NP_Neo_OFFTime.c **** 
  17:Generated_Source\PSoC5/NP_Neo_OFFTime.c **** #include "NP_Neo_OFFTime.h"
  18:Generated_Source\PSoC5/NP_Neo_OFFTime.c **** 
  19:Generated_Source\PSoC5/NP_Neo_OFFTime.c **** uint8 NP_Neo_OFFTime_initVar = 0u;
  20:Generated_Source\PSoC5/NP_Neo_OFFTime.c **** 
  21:Generated_Source\PSoC5/NP_Neo_OFFTime.c **** 
  22:Generated_Source\PSoC5/NP_Neo_OFFTime.c **** /*******************************************************************************
  23:Generated_Source\PSoC5/NP_Neo_OFFTime.c **** * Function Name: NP_Neo_OFFTime_Init
  24:Generated_Source\PSoC5/NP_Neo_OFFTime.c **** ********************************************************************************
  25:Generated_Source\PSoC5/NP_Neo_OFFTime.c **** *
  26:Generated_Source\PSoC5/NP_Neo_OFFTime.c **** * Summary:
  27:Generated_Source\PSoC5/NP_Neo_OFFTime.c **** *  Initializes or restores the component according to the parameter editor
  28:Generated_Source\PSoC5/NP_Neo_OFFTime.c **** *  settings.
  29:Generated_Source\PSoC5/NP_Neo_OFFTime.c **** *
  30:Generated_Source\PSoC5/NP_Neo_OFFTime.c **** * Parameters:
ARM GAS  C:\Users\LUCASI~1\AppData\Local\Temp\ccsQhfoa.s 			page 2


  31:Generated_Source\PSoC5/NP_Neo_OFFTime.c **** *  None
  32:Generated_Source\PSoC5/NP_Neo_OFFTime.c **** *
  33:Generated_Source\PSoC5/NP_Neo_OFFTime.c **** * Return:
  34:Generated_Source\PSoC5/NP_Neo_OFFTime.c **** *  None
  35:Generated_Source\PSoC5/NP_Neo_OFFTime.c **** *
  36:Generated_Source\PSoC5/NP_Neo_OFFTime.c **** * Theory:
  37:Generated_Source\PSoC5/NP_Neo_OFFTime.c **** *  It is not necessary to call Count7_Init() because the Count7_Start() API
  38:Generated_Source\PSoC5/NP_Neo_OFFTime.c **** *  calls this function and is the preferred method to begin component
  39:Generated_Source\PSoC5/NP_Neo_OFFTime.c **** *  operation.
  40:Generated_Source\PSoC5/NP_Neo_OFFTime.c **** *
  41:Generated_Source\PSoC5/NP_Neo_OFFTime.c **** *******************************************************************************/
  42:Generated_Source\PSoC5/NP_Neo_OFFTime.c **** void NP_Neo_OFFTime_Init(void) 
  43:Generated_Source\PSoC5/NP_Neo_OFFTime.c **** {
  28              		.loc 1 43 0
  29              		.cfi_startproc
  30              		@ args = 0, pretend = 0, frame = 0
  31              		@ frame_needed = 0, uses_anonymous_args = 0
  32              		@ link register save eliminated.
  44:Generated_Source\PSoC5/NP_Neo_OFFTime.c ****     /* Set the initial period value from parameter editor */
  45:Generated_Source\PSoC5/NP_Neo_OFFTime.c ****     NP_Neo_OFFTime_PERIOD_REG = NP_Neo_OFFTime_INITIAL_PERIOD;
  33              		.loc 1 45 0
  34 0000 0622     		movs	r2, #6
  35 0002 014B     		ldr	r3, .L2
  36 0004 1A70     		strb	r2, [r3]
  37 0006 7047     		bx	lr
  38              	.L3:
  39              		.align	2
  40              	.L2:
  41 0008 88640040 		.word	1073767560
  42              		.cfi_endproc
  43              	.LFE0:
  44              		.size	NP_Neo_OFFTime_Init, .-NP_Neo_OFFTime_Init
  45              		.section	.text.NP_Neo_OFFTime_Enable,"ax",%progbits
  46              		.align	2
  47              		.global	NP_Neo_OFFTime_Enable
  48              		.thumb
  49              		.thumb_func
  50              		.type	NP_Neo_OFFTime_Enable, %function
  51              	NP_Neo_OFFTime_Enable:
  52              	.LFB1:
  46:Generated_Source\PSoC5/NP_Neo_OFFTime.c **** }
  47:Generated_Source\PSoC5/NP_Neo_OFFTime.c **** 
  48:Generated_Source\PSoC5/NP_Neo_OFFTime.c **** 
  49:Generated_Source\PSoC5/NP_Neo_OFFTime.c **** /*******************************************************************************
  50:Generated_Source\PSoC5/NP_Neo_OFFTime.c **** * Function Name: NP_Neo_OFFTime_Enable
  51:Generated_Source\PSoC5/NP_Neo_OFFTime.c **** ********************************************************************************
  52:Generated_Source\PSoC5/NP_Neo_OFFTime.c **** *
  53:Generated_Source\PSoC5/NP_Neo_OFFTime.c **** * Summary:
  54:Generated_Source\PSoC5/NP_Neo_OFFTime.c **** *  Enables the software enable of the counter.
  55:Generated_Source\PSoC5/NP_Neo_OFFTime.c **** *
  56:Generated_Source\PSoC5/NP_Neo_OFFTime.c **** * Parameters:
  57:Generated_Source\PSoC5/NP_Neo_OFFTime.c **** *  None
  58:Generated_Source\PSoC5/NP_Neo_OFFTime.c **** *
  59:Generated_Source\PSoC5/NP_Neo_OFFTime.c **** * Return:
  60:Generated_Source\PSoC5/NP_Neo_OFFTime.c **** *  None
  61:Generated_Source\PSoC5/NP_Neo_OFFTime.c **** *
  62:Generated_Source\PSoC5/NP_Neo_OFFTime.c **** * Theory:
ARM GAS  C:\Users\LUCASI~1\AppData\Local\Temp\ccsQhfoa.s 			page 3


  63:Generated_Source\PSoC5/NP_Neo_OFFTime.c **** *  It is not necessary to call Count7_Enable() because the Count7_Start() API
  64:Generated_Source\PSoC5/NP_Neo_OFFTime.c **** *  calls this function, which is the preferred method to begin component
  65:Generated_Source\PSoC5/NP_Neo_OFFTime.c **** *  operation.
  66:Generated_Source\PSoC5/NP_Neo_OFFTime.c **** *  This API performs modification of auxiliary control register which is a
  67:Generated_Source\PSoC5/NP_Neo_OFFTime.c **** *  shared resource so it is required to disable interrupts until the
  68:Generated_Source\PSoC5/NP_Neo_OFFTime.c **** *  modification will complete.
  69:Generated_Source\PSoC5/NP_Neo_OFFTime.c **** *
  70:Generated_Source\PSoC5/NP_Neo_OFFTime.c **** *******************************************************************************/
  71:Generated_Source\PSoC5/NP_Neo_OFFTime.c **** void NP_Neo_OFFTime_Enable(void) 
  72:Generated_Source\PSoC5/NP_Neo_OFFTime.c **** {
  53              		.loc 1 72 0
  54              		.cfi_startproc
  55              		@ args = 0, pretend = 0, frame = 0
  56              		@ frame_needed = 0, uses_anonymous_args = 0
  57 0000 08B5     		push	{r3, lr}
  58              		.cfi_def_cfa_offset 8
  59              		.cfi_offset 3, -8
  60              		.cfi_offset 14, -4
  73:Generated_Source\PSoC5/NP_Neo_OFFTime.c ****     uint8 interruptState;
  74:Generated_Source\PSoC5/NP_Neo_OFFTime.c **** 
  75:Generated_Source\PSoC5/NP_Neo_OFFTime.c ****     interruptState = CyEnterCriticalSection();
  61              		.loc 1 75 0
  62 0002 FFF7FEFF 		bl	CyEnterCriticalSection
  63              	.LVL0:
  76:Generated_Source\PSoC5/NP_Neo_OFFTime.c ****     /* Set the counter start bit in auxiliary control. If routed enable
  77:Generated_Source\PSoC5/NP_Neo_OFFTime.c ****     * isn't used then this will immediately star the Count7 operation.
  78:Generated_Source\PSoC5/NP_Neo_OFFTime.c ****     */
  79:Generated_Source\PSoC5/NP_Neo_OFFTime.c ****     NP_Neo_OFFTime_AUX_CONTROL_REG |= NP_Neo_OFFTime_COUNTER_START;
  64              		.loc 1 79 0
  65 0006 044A     		ldr	r2, .L6
  66 0008 1378     		ldrb	r3, [r2]	@ zero_extendqisi2
  67 000a 43F02003 		orr	r3, r3, #32
  68 000e 1370     		strb	r3, [r2]
  80:Generated_Source\PSoC5/NP_Neo_OFFTime.c **** 
  81:Generated_Source\PSoC5/NP_Neo_OFFTime.c ****     CyExitCriticalSection(interruptState);
  69              		.loc 1 81 0
  70 0010 FFF7FEFF 		bl	CyExitCriticalSection
  71              	.LVL1:
  72 0014 08BD     		pop	{r3, pc}
  73              	.L7:
  74 0016 00BF     		.align	2
  75              	.L6:
  76 0018 98640040 		.word	1073767576
  77              		.cfi_endproc
  78              	.LFE1:
  79              		.size	NP_Neo_OFFTime_Enable, .-NP_Neo_OFFTime_Enable
  80              		.section	.text.NP_Neo_OFFTime_Start,"ax",%progbits
  81              		.align	2
  82              		.global	NP_Neo_OFFTime_Start
  83              		.thumb
  84              		.thumb_func
  85              		.type	NP_Neo_OFFTime_Start, %function
  86              	NP_Neo_OFFTime_Start:
  87              	.LFB2:
  82:Generated_Source\PSoC5/NP_Neo_OFFTime.c **** }
  83:Generated_Source\PSoC5/NP_Neo_OFFTime.c **** 
  84:Generated_Source\PSoC5/NP_Neo_OFFTime.c **** 
ARM GAS  C:\Users\LUCASI~1\AppData\Local\Temp\ccsQhfoa.s 			page 4


  85:Generated_Source\PSoC5/NP_Neo_OFFTime.c **** /*******************************************************************************
  86:Generated_Source\PSoC5/NP_Neo_OFFTime.c **** * Function Name: NP_Neo_OFFTime_Start
  87:Generated_Source\PSoC5/NP_Neo_OFFTime.c **** ********************************************************************************
  88:Generated_Source\PSoC5/NP_Neo_OFFTime.c **** *
  89:Generated_Source\PSoC5/NP_Neo_OFFTime.c **** * Summary:
  90:Generated_Source\PSoC5/NP_Neo_OFFTime.c **** *  Performs all of the required initialization for the component and enables
  91:Generated_Source\PSoC5/NP_Neo_OFFTime.c **** *  the counter. The first time the routine is executed, the period is set as
  92:Generated_Source\PSoC5/NP_Neo_OFFTime.c **** *  configured in the customizer. When called to restart the counter following a
  93:Generated_Source\PSoC5/NP_Neo_OFFTime.c **** *  Count7_Stop() call, the current period value is retained.
  94:Generated_Source\PSoC5/NP_Neo_OFFTime.c **** *
  95:Generated_Source\PSoC5/NP_Neo_OFFTime.c **** * Parameters:
  96:Generated_Source\PSoC5/NP_Neo_OFFTime.c **** *  None.
  97:Generated_Source\PSoC5/NP_Neo_OFFTime.c **** *
  98:Generated_Source\PSoC5/NP_Neo_OFFTime.c **** * Global Variables:
  99:Generated_Source\PSoC5/NP_Neo_OFFTime.c **** *  NP_Neo_OFFTime_initVar - global variable.
 100:Generated_Source\PSoC5/NP_Neo_OFFTime.c **** *
 101:Generated_Source\PSoC5/NP_Neo_OFFTime.c **** * Return:
 102:Generated_Source\PSoC5/NP_Neo_OFFTime.c **** *  None.
 103:Generated_Source\PSoC5/NP_Neo_OFFTime.c **** *
 104:Generated_Source\PSoC5/NP_Neo_OFFTime.c **** *******************************************************************************/
 105:Generated_Source\PSoC5/NP_Neo_OFFTime.c **** void NP_Neo_OFFTime_Start(void) 
 106:Generated_Source\PSoC5/NP_Neo_OFFTime.c **** {
  88              		.loc 1 106 0
  89              		.cfi_startproc
  90              		@ args = 0, pretend = 0, frame = 0
  91              		@ frame_needed = 0, uses_anonymous_args = 0
  92 0000 08B5     		push	{r3, lr}
  93              		.cfi_def_cfa_offset 8
  94              		.cfi_offset 3, -8
  95              		.cfi_offset 14, -4
 107:Generated_Source\PSoC5/NP_Neo_OFFTime.c ****     /* If not initialized then perform initialization */
 108:Generated_Source\PSoC5/NP_Neo_OFFTime.c ****     if(NP_Neo_OFFTime_initVar == 0u)
  96              		.loc 1 108 0
  97 0002 054B     		ldr	r3, .L11
  98 0004 1B78     		ldrb	r3, [r3]	@ zero_extendqisi2
  99 0006 23B9     		cbnz	r3, .L9
 109:Generated_Source\PSoC5/NP_Neo_OFFTime.c ****     {
 110:Generated_Source\PSoC5/NP_Neo_OFFTime.c ****         NP_Neo_OFFTime_Init();
 100              		.loc 1 110 0
 101 0008 FFF7FEFF 		bl	NP_Neo_OFFTime_Init
 102              	.LVL2:
 111:Generated_Source\PSoC5/NP_Neo_OFFTime.c ****         NP_Neo_OFFTime_initVar = 1u;
 103              		.loc 1 111 0
 104 000c 0122     		movs	r2, #1
 105 000e 024B     		ldr	r3, .L11
 106 0010 1A70     		strb	r2, [r3]
 107              	.L9:
 112:Generated_Source\PSoC5/NP_Neo_OFFTime.c ****     }
 113:Generated_Source\PSoC5/NP_Neo_OFFTime.c **** 
 114:Generated_Source\PSoC5/NP_Neo_OFFTime.c ****     /* Enable Count7 */
 115:Generated_Source\PSoC5/NP_Neo_OFFTime.c ****     NP_Neo_OFFTime_Enable();
 108              		.loc 1 115 0
 109 0012 FFF7FEFF 		bl	NP_Neo_OFFTime_Enable
 110              	.LVL3:
 111 0016 08BD     		pop	{r3, pc}
 112              	.L12:
 113              		.align	2
ARM GAS  C:\Users\LUCASI~1\AppData\Local\Temp\ccsQhfoa.s 			page 5


 114              	.L11:
 115 0018 00000000 		.word	.LANCHOR0
 116              		.cfi_endproc
 117              	.LFE2:
 118              		.size	NP_Neo_OFFTime_Start, .-NP_Neo_OFFTime_Start
 119              		.section	.text.NP_Neo_OFFTime_Stop,"ax",%progbits
 120              		.align	2
 121              		.global	NP_Neo_OFFTime_Stop
 122              		.thumb
 123              		.thumb_func
 124              		.type	NP_Neo_OFFTime_Stop, %function
 125              	NP_Neo_OFFTime_Stop:
 126              	.LFB3:
 116:Generated_Source\PSoC5/NP_Neo_OFFTime.c **** }
 117:Generated_Source\PSoC5/NP_Neo_OFFTime.c **** 
 118:Generated_Source\PSoC5/NP_Neo_OFFTime.c **** 
 119:Generated_Source\PSoC5/NP_Neo_OFFTime.c **** /*******************************************************************************
 120:Generated_Source\PSoC5/NP_Neo_OFFTime.c **** * Function Name: NP_Neo_OFFTime_Stop
 121:Generated_Source\PSoC5/NP_Neo_OFFTime.c **** ********************************************************************************
 122:Generated_Source\PSoC5/NP_Neo_OFFTime.c **** *
 123:Generated_Source\PSoC5/NP_Neo_OFFTime.c **** * Summary:
 124:Generated_Source\PSoC5/NP_Neo_OFFTime.c **** *  Disables the software enable of the counter.
 125:Generated_Source\PSoC5/NP_Neo_OFFTime.c **** *
 126:Generated_Source\PSoC5/NP_Neo_OFFTime.c **** * Parameters:
 127:Generated_Source\PSoC5/NP_Neo_OFFTime.c **** *  None
 128:Generated_Source\PSoC5/NP_Neo_OFFTime.c **** *
 129:Generated_Source\PSoC5/NP_Neo_OFFTime.c **** * Return:
 130:Generated_Source\PSoC5/NP_Neo_OFFTime.c **** *  None
 131:Generated_Source\PSoC5/NP_Neo_OFFTime.c **** *
 132:Generated_Source\PSoC5/NP_Neo_OFFTime.c **** *******************************************************************************/
 133:Generated_Source\PSoC5/NP_Neo_OFFTime.c **** void NP_Neo_OFFTime_Stop(void) 
 134:Generated_Source\PSoC5/NP_Neo_OFFTime.c **** {
 127              		.loc 1 134 0
 128              		.cfi_startproc
 129              		@ args = 0, pretend = 0, frame = 0
 130              		@ frame_needed = 0, uses_anonymous_args = 0
 131 0000 08B5     		push	{r3, lr}
 132              		.cfi_def_cfa_offset 8
 133              		.cfi_offset 3, -8
 134              		.cfi_offset 14, -4
 135:Generated_Source\PSoC5/NP_Neo_OFFTime.c ****     uint8 interruptState;
 136:Generated_Source\PSoC5/NP_Neo_OFFTime.c **** 
 137:Generated_Source\PSoC5/NP_Neo_OFFTime.c ****     interruptState = CyEnterCriticalSection();
 135              		.loc 1 137 0
 136 0002 FFF7FEFF 		bl	CyEnterCriticalSection
 137              	.LVL4:
 138:Generated_Source\PSoC5/NP_Neo_OFFTime.c ****     /* Clear the counter start bit in auxiliary control. */
 139:Generated_Source\PSoC5/NP_Neo_OFFTime.c ****     NP_Neo_OFFTime_AUX_CONTROL_REG &= (uint8) ~((uint8) NP_Neo_OFFTime_COUNTER_START);
 138              		.loc 1 139 0
 139 0006 044A     		ldr	r2, .L15
 140 0008 1378     		ldrb	r3, [r2]	@ zero_extendqisi2
 141 000a 03F0DF03 		and	r3, r3, #223
 142 000e 1370     		strb	r3, [r2]
 140:Generated_Source\PSoC5/NP_Neo_OFFTime.c **** 
 141:Generated_Source\PSoC5/NP_Neo_OFFTime.c ****     CyExitCriticalSection(interruptState);
 143              		.loc 1 141 0
 144 0010 FFF7FEFF 		bl	CyExitCriticalSection
ARM GAS  C:\Users\LUCASI~1\AppData\Local\Temp\ccsQhfoa.s 			page 6


 145              	.LVL5:
 146 0014 08BD     		pop	{r3, pc}
 147              	.L16:
 148 0016 00BF     		.align	2
 149              	.L15:
 150 0018 98640040 		.word	1073767576
 151              		.cfi_endproc
 152              	.LFE3:
 153              		.size	NP_Neo_OFFTime_Stop, .-NP_Neo_OFFTime_Stop
 154              		.section	.text.NP_Neo_OFFTime_WriteCounter,"ax",%progbits
 155              		.align	2
 156              		.global	NP_Neo_OFFTime_WriteCounter
 157              		.thumb
 158              		.thumb_func
 159              		.type	NP_Neo_OFFTime_WriteCounter, %function
 160              	NP_Neo_OFFTime_WriteCounter:
 161              	.LFB4:
 142:Generated_Source\PSoC5/NP_Neo_OFFTime.c **** }
 143:Generated_Source\PSoC5/NP_Neo_OFFTime.c **** 
 144:Generated_Source\PSoC5/NP_Neo_OFFTime.c **** 
 145:Generated_Source\PSoC5/NP_Neo_OFFTime.c **** /*******************************************************************************
 146:Generated_Source\PSoC5/NP_Neo_OFFTime.c **** * Function Name: NP_Neo_OFFTime_WriteCounter
 147:Generated_Source\PSoC5/NP_Neo_OFFTime.c **** ********************************************************************************
 148:Generated_Source\PSoC5/NP_Neo_OFFTime.c **** *
 149:Generated_Source\PSoC5/NP_Neo_OFFTime.c **** * Summary:
 150:Generated_Source\PSoC5/NP_Neo_OFFTime.c **** *  This function writes the counter directly. The counter should be disabled
 151:Generated_Source\PSoC5/NP_Neo_OFFTime.c **** *  before calling this function.
 152:Generated_Source\PSoC5/NP_Neo_OFFTime.c **** *
 153:Generated_Source\PSoC5/NP_Neo_OFFTime.c **** * Parameters:
 154:Generated_Source\PSoC5/NP_Neo_OFFTime.c **** *  count - Value to be written to counter.
 155:Generated_Source\PSoC5/NP_Neo_OFFTime.c **** *
 156:Generated_Source\PSoC5/NP_Neo_OFFTime.c **** * Return:
 157:Generated_Source\PSoC5/NP_Neo_OFFTime.c **** *  None
 158:Generated_Source\PSoC5/NP_Neo_OFFTime.c **** *
 159:Generated_Source\PSoC5/NP_Neo_OFFTime.c **** *******************************************************************************/
 160:Generated_Source\PSoC5/NP_Neo_OFFTime.c **** void NP_Neo_OFFTime_WriteCounter(uint8 count) 
 161:Generated_Source\PSoC5/NP_Neo_OFFTime.c **** {
 162              		.loc 1 161 0
 163              		.cfi_startproc
 164              		@ args = 0, pretend = 0, frame = 0
 165              		@ frame_needed = 0, uses_anonymous_args = 0
 166              		@ link register save eliminated.
 167              	.LVL6:
 162:Generated_Source\PSoC5/NP_Neo_OFFTime.c ****     NP_Neo_OFFTime_COUNT_REG = (count & NP_Neo_OFFTime_COUNT_7BIT_MASK);
 168              		.loc 1 162 0
 169 0000 00F07F00 		and	r0, r0, #127
 170              	.LVL7:
 171 0004 014B     		ldr	r3, .L18
 172 0006 1870     		strb	r0, [r3]
 173 0008 7047     		bx	lr
 174              	.L19:
 175 000a 00BF     		.align	2
 176              	.L18:
 177 000c 78640040 		.word	1073767544
 178              		.cfi_endproc
 179              	.LFE4:
 180              		.size	NP_Neo_OFFTime_WriteCounter, .-NP_Neo_OFFTime_WriteCounter
ARM GAS  C:\Users\LUCASI~1\AppData\Local\Temp\ccsQhfoa.s 			page 7


 181              		.section	.text.NP_Neo_OFFTime_ReadCounter,"ax",%progbits
 182              		.align	2
 183              		.global	NP_Neo_OFFTime_ReadCounter
 184              		.thumb
 185              		.thumb_func
 186              		.type	NP_Neo_OFFTime_ReadCounter, %function
 187              	NP_Neo_OFFTime_ReadCounter:
 188              	.LFB5:
 163:Generated_Source\PSoC5/NP_Neo_OFFTime.c **** }
 164:Generated_Source\PSoC5/NP_Neo_OFFTime.c **** 
 165:Generated_Source\PSoC5/NP_Neo_OFFTime.c **** 
 166:Generated_Source\PSoC5/NP_Neo_OFFTime.c **** /*******************************************************************************
 167:Generated_Source\PSoC5/NP_Neo_OFFTime.c **** * Function Name: NP_Neo_OFFTime_ReadCounter
 168:Generated_Source\PSoC5/NP_Neo_OFFTime.c **** ********************************************************************************
 169:Generated_Source\PSoC5/NP_Neo_OFFTime.c **** *
 170:Generated_Source\PSoC5/NP_Neo_OFFTime.c **** * Summary:
 171:Generated_Source\PSoC5/NP_Neo_OFFTime.c **** *  This function reads the counter value.
 172:Generated_Source\PSoC5/NP_Neo_OFFTime.c **** *
 173:Generated_Source\PSoC5/NP_Neo_OFFTime.c **** * Parameters:
 174:Generated_Source\PSoC5/NP_Neo_OFFTime.c **** *  None
 175:Generated_Source\PSoC5/NP_Neo_OFFTime.c **** *
 176:Generated_Source\PSoC5/NP_Neo_OFFTime.c **** * Return:
 177:Generated_Source\PSoC5/NP_Neo_OFFTime.c **** *  None
 178:Generated_Source\PSoC5/NP_Neo_OFFTime.c **** *
 179:Generated_Source\PSoC5/NP_Neo_OFFTime.c **** *******************************************************************************/
 180:Generated_Source\PSoC5/NP_Neo_OFFTime.c **** uint8 NP_Neo_OFFTime_ReadCounter(void) 
 181:Generated_Source\PSoC5/NP_Neo_OFFTime.c **** {
 189              		.loc 1 181 0
 190              		.cfi_startproc
 191              		@ args = 0, pretend = 0, frame = 0
 192              		@ frame_needed = 0, uses_anonymous_args = 0
 193              		@ link register save eliminated.
 182:Generated_Source\PSoC5/NP_Neo_OFFTime.c ****     return(NP_Neo_OFFTime_COUNT_REG & NP_Neo_OFFTime_COUNT_7BIT_MASK);
 194              		.loc 1 182 0
 195 0000 024B     		ldr	r3, .L21
 196 0002 1878     		ldrb	r0, [r3]	@ zero_extendqisi2
 183:Generated_Source\PSoC5/NP_Neo_OFFTime.c **** }
 197              		.loc 1 183 0
 198 0004 00F07F00 		and	r0, r0, #127
 199 0008 7047     		bx	lr
 200              	.L22:
 201 000a 00BF     		.align	2
 202              	.L21:
 203 000c 78640040 		.word	1073767544
 204              		.cfi_endproc
 205              	.LFE5:
 206              		.size	NP_Neo_OFFTime_ReadCounter, .-NP_Neo_OFFTime_ReadCounter
 207              		.section	.text.NP_Neo_OFFTime_WritePeriod,"ax",%progbits
 208              		.align	2
 209              		.global	NP_Neo_OFFTime_WritePeriod
 210              		.thumb
 211              		.thumb_func
 212              		.type	NP_Neo_OFFTime_WritePeriod, %function
 213              	NP_Neo_OFFTime_WritePeriod:
 214              	.LFB6:
 184:Generated_Source\PSoC5/NP_Neo_OFFTime.c **** 
 185:Generated_Source\PSoC5/NP_Neo_OFFTime.c **** 
ARM GAS  C:\Users\LUCASI~1\AppData\Local\Temp\ccsQhfoa.s 			page 8


 186:Generated_Source\PSoC5/NP_Neo_OFFTime.c **** /*******************************************************************************
 187:Generated_Source\PSoC5/NP_Neo_OFFTime.c **** * Function Name: NP_Neo_OFFTime_WritePeriod
 188:Generated_Source\PSoC5/NP_Neo_OFFTime.c **** ********************************************************************************
 189:Generated_Source\PSoC5/NP_Neo_OFFTime.c **** *
 190:Generated_Source\PSoC5/NP_Neo_OFFTime.c **** * Summary:
 191:Generated_Source\PSoC5/NP_Neo_OFFTime.c **** *  This function writes the period register. The actual period is one greater
 192:Generated_Source\PSoC5/NP_Neo_OFFTime.c **** *  than the value in the period register since the counting sequence starts
 193:Generated_Source\PSoC5/NP_Neo_OFFTime.c **** *  with the period register and counts down to 0 inclusive. The period of the
 194:Generated_Source\PSoC5/NP_Neo_OFFTime.c **** *  counter output does not change until the counter is reloaded following the
 195:Generated_Source\PSoC5/NP_Neo_OFFTime.c **** *  terminal count value of 0 or due to a hardware load signal.
 196:Generated_Source\PSoC5/NP_Neo_OFFTime.c **** *
 197:Generated_Source\PSoC5/NP_Neo_OFFTime.c **** * Parameters:
 198:Generated_Source\PSoC5/NP_Neo_OFFTime.c **** *  period - Period value to be written.
 199:Generated_Source\PSoC5/NP_Neo_OFFTime.c **** *
 200:Generated_Source\PSoC5/NP_Neo_OFFTime.c **** * Return:
 201:Generated_Source\PSoC5/NP_Neo_OFFTime.c **** *  None
 202:Generated_Source\PSoC5/NP_Neo_OFFTime.c **** *
 203:Generated_Source\PSoC5/NP_Neo_OFFTime.c **** *******************************************************************************/
 204:Generated_Source\PSoC5/NP_Neo_OFFTime.c **** void NP_Neo_OFFTime_WritePeriod(uint8 period) 
 205:Generated_Source\PSoC5/NP_Neo_OFFTime.c **** {
 215              		.loc 1 205 0
 216              		.cfi_startproc
 217              		@ args = 0, pretend = 0, frame = 0
 218              		@ frame_needed = 0, uses_anonymous_args = 0
 219              		@ link register save eliminated.
 220              	.LVL8:
 206:Generated_Source\PSoC5/NP_Neo_OFFTime.c ****     NP_Neo_OFFTime_PERIOD_REG = period;
 221              		.loc 1 206 0
 222 0000 014B     		ldr	r3, .L24
 223 0002 1870     		strb	r0, [r3]
 224 0004 7047     		bx	lr
 225              	.L25:
 226 0006 00BF     		.align	2
 227              	.L24:
 228 0008 88640040 		.word	1073767560
 229              		.cfi_endproc
 230              	.LFE6:
 231              		.size	NP_Neo_OFFTime_WritePeriod, .-NP_Neo_OFFTime_WritePeriod
 232              		.section	.text.NP_Neo_OFFTime_ReadPeriod,"ax",%progbits
 233              		.align	2
 234              		.global	NP_Neo_OFFTime_ReadPeriod
 235              		.thumb
 236              		.thumb_func
 237              		.type	NP_Neo_OFFTime_ReadPeriod, %function
 238              	NP_Neo_OFFTime_ReadPeriod:
 239              	.LFB7:
 207:Generated_Source\PSoC5/NP_Neo_OFFTime.c **** }
 208:Generated_Source\PSoC5/NP_Neo_OFFTime.c **** 
 209:Generated_Source\PSoC5/NP_Neo_OFFTime.c **** 
 210:Generated_Source\PSoC5/NP_Neo_OFFTime.c **** /*******************************************************************************
 211:Generated_Source\PSoC5/NP_Neo_OFFTime.c **** * Function Name: NP_Neo_OFFTime_ReadPeriod
 212:Generated_Source\PSoC5/NP_Neo_OFFTime.c **** ********************************************************************************
 213:Generated_Source\PSoC5/NP_Neo_OFFTime.c **** *
 214:Generated_Source\PSoC5/NP_Neo_OFFTime.c **** * Summary:
 215:Generated_Source\PSoC5/NP_Neo_OFFTime.c **** *  This function reads the period register.
 216:Generated_Source\PSoC5/NP_Neo_OFFTime.c **** *
 217:Generated_Source\PSoC5/NP_Neo_OFFTime.c **** * Parameters:
ARM GAS  C:\Users\LUCASI~1\AppData\Local\Temp\ccsQhfoa.s 			page 9


 218:Generated_Source\PSoC5/NP_Neo_OFFTime.c **** *  None
 219:Generated_Source\PSoC5/NP_Neo_OFFTime.c **** *
 220:Generated_Source\PSoC5/NP_Neo_OFFTime.c **** * Return:
 221:Generated_Source\PSoC5/NP_Neo_OFFTime.c **** *  uint8 - Current period value.
 222:Generated_Source\PSoC5/NP_Neo_OFFTime.c **** *
 223:Generated_Source\PSoC5/NP_Neo_OFFTime.c **** *******************************************************************************/
 224:Generated_Source\PSoC5/NP_Neo_OFFTime.c **** uint8 NP_Neo_OFFTime_ReadPeriod(void) 
 225:Generated_Source\PSoC5/NP_Neo_OFFTime.c **** {
 240              		.loc 1 225 0
 241              		.cfi_startproc
 242              		@ args = 0, pretend = 0, frame = 0
 243              		@ frame_needed = 0, uses_anonymous_args = 0
 244              		@ link register save eliminated.
 226:Generated_Source\PSoC5/NP_Neo_OFFTime.c ****     return(NP_Neo_OFFTime_PERIOD_REG);
 245              		.loc 1 226 0
 246 0000 014B     		ldr	r3, .L27
 247 0002 1878     		ldrb	r0, [r3]	@ zero_extendqisi2
 227:Generated_Source\PSoC5/NP_Neo_OFFTime.c **** }
 248              		.loc 1 227 0
 249 0004 7047     		bx	lr
 250              	.L28:
 251 0006 00BF     		.align	2
 252              	.L27:
 253 0008 88640040 		.word	1073767560
 254              		.cfi_endproc
 255              	.LFE7:
 256              		.size	NP_Neo_OFFTime_ReadPeriod, .-NP_Neo_OFFTime_ReadPeriod
 257              		.global	NP_Neo_OFFTime_initVar
 258              		.bss
 259              		.set	.LANCHOR0,. + 0
 260              		.type	NP_Neo_OFFTime_initVar, %object
 261              		.size	NP_Neo_OFFTime_initVar, 1
 262              	NP_Neo_OFFTime_initVar:
 263 0000 00       		.space	1
 264              		.text
 265              	.Letext0:
 266              		.file 2 "Generated_Source\\PSoC5\\cytypes.h"
 267              		.file 3 "Generated_Source\\PSoC5\\CyLib.h"
 268              		.section	.debug_info,"",%progbits
 269              	.Ldebug_info0:
 270 0000 E7010000 		.4byte	0x1e7
 271 0004 0400     		.2byte	0x4
 272 0006 00000000 		.4byte	.Ldebug_abbrev0
 273 000a 04       		.byte	0x4
 274 000b 01       		.uleb128 0x1
 275 000c 5F000000 		.4byte	.LASF28
 276 0010 0C       		.byte	0xc
 277 0011 97020000 		.4byte	.LASF29
 278 0015 40020000 		.4byte	.LASF30
 279 0019 00000000 		.4byte	.Ldebug_ranges0+0
 280 001d 00000000 		.4byte	0
 281 0021 00000000 		.4byte	.Ldebug_line0
 282 0025 02       		.uleb128 0x2
 283 0026 01       		.byte	0x1
 284 0027 06       		.byte	0x6
 285 0028 8B020000 		.4byte	.LASF0
 286 002c 02       		.uleb128 0x2
ARM GAS  C:\Users\LUCASI~1\AppData\Local\Temp\ccsQhfoa.s 			page 10


 287 002d 01       		.byte	0x1
 288 002e 08       		.byte	0x8
 289 002f 51000000 		.4byte	.LASF1
 290 0033 02       		.uleb128 0x2
 291 0034 02       		.byte	0x2
 292 0035 05       		.byte	0x5
 293 0036 F8010000 		.4byte	.LASF2
 294 003a 02       		.uleb128 0x2
 295 003b 02       		.byte	0x2
 296 003c 07       		.byte	0x7
 297 003d 0D000000 		.4byte	.LASF3
 298 0041 02       		.uleb128 0x2
 299 0042 04       		.byte	0x4
 300 0043 05       		.byte	0x5
 301 0044 2B020000 		.4byte	.LASF4
 302 0048 02       		.uleb128 0x2
 303 0049 04       		.byte	0x4
 304 004a 07       		.byte	0x7
 305 004b 1B010000 		.4byte	.LASF5
 306 004f 02       		.uleb128 0x2
 307 0050 08       		.byte	0x8
 308 0051 05       		.byte	0x5
 309 0052 E5010000 		.4byte	.LASF6
 310 0056 02       		.uleb128 0x2
 311 0057 08       		.byte	0x8
 312 0058 07       		.byte	0x7
 313 0059 3A000000 		.4byte	.LASF7
 314 005d 03       		.uleb128 0x3
 315 005e 04       		.byte	0x4
 316 005f 05       		.byte	0x5
 317 0060 696E7400 		.ascii	"int\000"
 318 0064 02       		.uleb128 0x2
 319 0065 04       		.byte	0x4
 320 0066 07       		.byte	0x7
 321 0067 88010000 		.4byte	.LASF8
 322 006b 04       		.uleb128 0x4
 323 006c 2D010000 		.4byte	.LASF12
 324 0070 02       		.byte	0x2
 325 0071 C2       		.byte	0xc2
 326 0072 2C000000 		.4byte	0x2c
 327 0076 02       		.uleb128 0x2
 328 0077 04       		.byte	0x4
 329 0078 04       		.byte	0x4
 330 0079 34000000 		.4byte	.LASF9
 331 007d 02       		.uleb128 0x2
 332 007e 08       		.byte	0x8
 333 007f 04       		.byte	0x4
 334 0080 4F010000 		.4byte	.LASF10
 335 0084 02       		.uleb128 0x2
 336 0085 01       		.byte	0x1
 337 0086 08       		.byte	0x8
 338 0087 F3010000 		.4byte	.LASF11
 339 008b 05       		.uleb128 0x5
 340 008c 07010000 		.4byte	.LASF13
 341 0090 02       		.byte	0x2
 342 0091 6C01     		.2byte	0x16c
 343 0093 97000000 		.4byte	0x97
ARM GAS  C:\Users\LUCASI~1\AppData\Local\Temp\ccsQhfoa.s 			page 11


 344 0097 06       		.uleb128 0x6
 345 0098 6B000000 		.4byte	0x6b
 346 009c 02       		.uleb128 0x2
 347 009d 08       		.byte	0x8
 348 009e 04       		.byte	0x4
 349 009f 34020000 		.4byte	.LASF14
 350 00a3 02       		.uleb128 0x2
 351 00a4 04       		.byte	0x4
 352 00a5 07       		.byte	0x7
 353 00a6 DC010000 		.4byte	.LASF15
 354 00aa 07       		.uleb128 0x7
 355 00ab 17020000 		.4byte	.LASF31
 356 00af 01       		.byte	0x1
 357 00b0 2A       		.byte	0x2a
 358 00b1 00000000 		.4byte	.LFB0
 359 00b5 0C000000 		.4byte	.LFE0-.LFB0
 360 00b9 01       		.uleb128 0x1
 361 00ba 9C       		.byte	0x9c
 362 00bb 08       		.uleb128 0x8
 363 00bc AB010000 		.4byte	.LASF16
 364 00c0 01       		.byte	0x1
 365 00c1 47       		.byte	0x47
 366 00c2 00000000 		.4byte	.LFB1
 367 00c6 1C000000 		.4byte	.LFE1-.LFB1
 368 00ca 01       		.uleb128 0x1
 369 00cb 9C       		.byte	0x9c
 370 00cc F2000000 		.4byte	0xf2
 371 00d0 09       		.uleb128 0x9
 372 00d1 0C010000 		.4byte	.LASF19
 373 00d5 01       		.byte	0x1
 374 00d6 49       		.byte	0x49
 375 00d7 6B000000 		.4byte	0x6b
 376 00db 00000000 		.4byte	.LLST0
 377 00df 0A       		.uleb128 0xa
 378 00e0 06000000 		.4byte	.LVL0
 379 00e4 D4010000 		.4byte	0x1d4
 380 00e8 0A       		.uleb128 0xa
 381 00e9 14000000 		.4byte	.LVL1
 382 00ed DF010000 		.4byte	0x1df
 383 00f1 00       		.byte	0
 384 00f2 08       		.uleb128 0x8
 385 00f3 02020000 		.4byte	.LASF17
 386 00f7 01       		.byte	0x1
 387 00f8 69       		.byte	0x69
 388 00f9 00000000 		.4byte	.LFB2
 389 00fd 1C000000 		.4byte	.LFE2-.LFB2
 390 0101 01       		.uleb128 0x1
 391 0102 9C       		.byte	0x9c
 392 0103 1A010000 		.4byte	0x11a
 393 0107 0A       		.uleb128 0xa
 394 0108 0C000000 		.4byte	.LVL2
 395 010c AA000000 		.4byte	0xaa
 396 0110 0A       		.uleb128 0xa
 397 0111 16000000 		.4byte	.LVL3
 398 0115 BB000000 		.4byte	0xbb
 399 0119 00       		.byte	0
 400 011a 08       		.uleb128 0x8
ARM GAS  C:\Users\LUCASI~1\AppData\Local\Temp\ccsQhfoa.s 			page 12


 401 011b 20000000 		.4byte	.LASF18
 402 011f 01       		.byte	0x1
 403 0120 85       		.byte	0x85
 404 0121 00000000 		.4byte	.LFB3
 405 0125 1C000000 		.4byte	.LFE3-.LFB3
 406 0129 01       		.uleb128 0x1
 407 012a 9C       		.byte	0x9c
 408 012b 51010000 		.4byte	0x151
 409 012f 09       		.uleb128 0x9
 410 0130 0C010000 		.4byte	.LASF19
 411 0134 01       		.byte	0x1
 412 0135 87       		.byte	0x87
 413 0136 6B000000 		.4byte	0x6b
 414 013a 13000000 		.4byte	.LLST1
 415 013e 0A       		.uleb128 0xa
 416 013f 06000000 		.4byte	.LVL4
 417 0143 D4010000 		.4byte	0x1d4
 418 0147 0A       		.uleb128 0xa
 419 0148 14000000 		.4byte	.LVL5
 420 014c DF010000 		.4byte	0x1df
 421 0150 00       		.byte	0
 422 0151 08       		.uleb128 0x8
 423 0152 33010000 		.4byte	.LASF20
 424 0156 01       		.byte	0x1
 425 0157 A0       		.byte	0xa0
 426 0158 00000000 		.4byte	.LFB4
 427 015c 10000000 		.4byte	.LFE4-.LFB4
 428 0160 01       		.uleb128 0x1
 429 0161 9C       		.byte	0x9c
 430 0162 76010000 		.4byte	0x176
 431 0166 0B       		.uleb128 0xb
 432 0167 00000000 		.4byte	.LASF22
 433 016b 01       		.byte	0x1
 434 016c A0       		.byte	0xa0
 435 016d 6B000000 		.4byte	0x6b
 436 0171 26000000 		.4byte	.LLST2
 437 0175 00       		.byte	0
 438 0176 0C       		.uleb128 0xc
 439 0177 56010000 		.4byte	.LASF24
 440 017b 01       		.byte	0x1
 441 017c B4       		.byte	0xb4
 442 017d 6B000000 		.4byte	0x6b
 443 0181 00000000 		.4byte	.LFB5
 444 0185 10000000 		.4byte	.LFE5-.LFB5
 445 0189 01       		.uleb128 0x1
 446 018a 9C       		.byte	0x9c
 447 018b 08       		.uleb128 0x8
 448 018c C1010000 		.4byte	.LASF21
 449 0190 01       		.byte	0x1
 450 0191 CC       		.byte	0xcc
 451 0192 00000000 		.4byte	.LFB6
 452 0196 0C000000 		.4byte	.LFE6-.LFB6
 453 019a 01       		.uleb128 0x1
 454 019b 9C       		.byte	0x9c
 455 019c AE010000 		.4byte	0x1ae
 456 01a0 0D       		.uleb128 0xd
 457 01a1 06000000 		.4byte	.LASF23
ARM GAS  C:\Users\LUCASI~1\AppData\Local\Temp\ccsQhfoa.s 			page 13


 458 01a5 01       		.byte	0x1
 459 01a6 CC       		.byte	0xcc
 460 01a7 6B000000 		.4byte	0x6b
 461 01ab 01       		.uleb128 0x1
 462 01ac 50       		.byte	0x50
 463 01ad 00       		.byte	0
 464 01ae 0C       		.uleb128 0xc
 465 01af ED000000 		.4byte	.LASF25
 466 01b3 01       		.byte	0x1
 467 01b4 E0       		.byte	0xe0
 468 01b5 6B000000 		.4byte	0x6b
 469 01b9 00000000 		.4byte	.LFB7
 470 01bd 0C000000 		.4byte	.LFE7-.LFB7
 471 01c1 01       		.uleb128 0x1
 472 01c2 9C       		.byte	0x9c
 473 01c3 0E       		.uleb128 0xe
 474 01c4 BF020000 		.4byte	.LASF32
 475 01c8 01       		.byte	0x1
 476 01c9 13       		.byte	0x13
 477 01ca 6B000000 		.4byte	0x6b
 478 01ce 05       		.uleb128 0x5
 479 01cf 03       		.byte	0x3
 480 01d0 00000000 		.4byte	NP_Neo_OFFTime_initVar
 481 01d4 0F       		.uleb128 0xf
 482 01d5 71010000 		.4byte	.LASF26
 483 01d9 71010000 		.4byte	.LASF26
 484 01dd 03       		.byte	0x3
 485 01de 7E       		.byte	0x7e
 486 01df 0F       		.uleb128 0xf
 487 01e0 95010000 		.4byte	.LASF27
 488 01e4 95010000 		.4byte	.LASF27
 489 01e8 03       		.byte	0x3
 490 01e9 7F       		.byte	0x7f
 491 01ea 00       		.byte	0
 492              		.section	.debug_abbrev,"",%progbits
 493              	.Ldebug_abbrev0:
 494 0000 01       		.uleb128 0x1
 495 0001 11       		.uleb128 0x11
 496 0002 01       		.byte	0x1
 497 0003 25       		.uleb128 0x25
 498 0004 0E       		.uleb128 0xe
 499 0005 13       		.uleb128 0x13
 500 0006 0B       		.uleb128 0xb
 501 0007 03       		.uleb128 0x3
 502 0008 0E       		.uleb128 0xe
 503 0009 1B       		.uleb128 0x1b
 504 000a 0E       		.uleb128 0xe
 505 000b 55       		.uleb128 0x55
 506 000c 17       		.uleb128 0x17
 507 000d 11       		.uleb128 0x11
 508 000e 01       		.uleb128 0x1
 509 000f 10       		.uleb128 0x10
 510 0010 17       		.uleb128 0x17
 511 0011 00       		.byte	0
 512 0012 00       		.byte	0
 513 0013 02       		.uleb128 0x2
 514 0014 24       		.uleb128 0x24
ARM GAS  C:\Users\LUCASI~1\AppData\Local\Temp\ccsQhfoa.s 			page 14


 515 0015 00       		.byte	0
 516 0016 0B       		.uleb128 0xb
 517 0017 0B       		.uleb128 0xb
 518 0018 3E       		.uleb128 0x3e
 519 0019 0B       		.uleb128 0xb
 520 001a 03       		.uleb128 0x3
 521 001b 0E       		.uleb128 0xe
 522 001c 00       		.byte	0
 523 001d 00       		.byte	0
 524 001e 03       		.uleb128 0x3
 525 001f 24       		.uleb128 0x24
 526 0020 00       		.byte	0
 527 0021 0B       		.uleb128 0xb
 528 0022 0B       		.uleb128 0xb
 529 0023 3E       		.uleb128 0x3e
 530 0024 0B       		.uleb128 0xb
 531 0025 03       		.uleb128 0x3
 532 0026 08       		.uleb128 0x8
 533 0027 00       		.byte	0
 534 0028 00       		.byte	0
 535 0029 04       		.uleb128 0x4
 536 002a 16       		.uleb128 0x16
 537 002b 00       		.byte	0
 538 002c 03       		.uleb128 0x3
 539 002d 0E       		.uleb128 0xe
 540 002e 3A       		.uleb128 0x3a
 541 002f 0B       		.uleb128 0xb
 542 0030 3B       		.uleb128 0x3b
 543 0031 0B       		.uleb128 0xb
 544 0032 49       		.uleb128 0x49
 545 0033 13       		.uleb128 0x13
 546 0034 00       		.byte	0
 547 0035 00       		.byte	0
 548 0036 05       		.uleb128 0x5
 549 0037 16       		.uleb128 0x16
 550 0038 00       		.byte	0
 551 0039 03       		.uleb128 0x3
 552 003a 0E       		.uleb128 0xe
 553 003b 3A       		.uleb128 0x3a
 554 003c 0B       		.uleb128 0xb
 555 003d 3B       		.uleb128 0x3b
 556 003e 05       		.uleb128 0x5
 557 003f 49       		.uleb128 0x49
 558 0040 13       		.uleb128 0x13
 559 0041 00       		.byte	0
 560 0042 00       		.byte	0
 561 0043 06       		.uleb128 0x6
 562 0044 35       		.uleb128 0x35
 563 0045 00       		.byte	0
 564 0046 49       		.uleb128 0x49
 565 0047 13       		.uleb128 0x13
 566 0048 00       		.byte	0
 567 0049 00       		.byte	0
 568 004a 07       		.uleb128 0x7
 569 004b 2E       		.uleb128 0x2e
 570 004c 00       		.byte	0
 571 004d 3F       		.uleb128 0x3f
ARM GAS  C:\Users\LUCASI~1\AppData\Local\Temp\ccsQhfoa.s 			page 15


 572 004e 19       		.uleb128 0x19
 573 004f 03       		.uleb128 0x3
 574 0050 0E       		.uleb128 0xe
 575 0051 3A       		.uleb128 0x3a
 576 0052 0B       		.uleb128 0xb
 577 0053 3B       		.uleb128 0x3b
 578 0054 0B       		.uleb128 0xb
 579 0055 27       		.uleb128 0x27
 580 0056 19       		.uleb128 0x19
 581 0057 11       		.uleb128 0x11
 582 0058 01       		.uleb128 0x1
 583 0059 12       		.uleb128 0x12
 584 005a 06       		.uleb128 0x6
 585 005b 40       		.uleb128 0x40
 586 005c 18       		.uleb128 0x18
 587 005d 9742     		.uleb128 0x2117
 588 005f 19       		.uleb128 0x19
 589 0060 00       		.byte	0
 590 0061 00       		.byte	0
 591 0062 08       		.uleb128 0x8
 592 0063 2E       		.uleb128 0x2e
 593 0064 01       		.byte	0x1
 594 0065 3F       		.uleb128 0x3f
 595 0066 19       		.uleb128 0x19
 596 0067 03       		.uleb128 0x3
 597 0068 0E       		.uleb128 0xe
 598 0069 3A       		.uleb128 0x3a
 599 006a 0B       		.uleb128 0xb
 600 006b 3B       		.uleb128 0x3b
 601 006c 0B       		.uleb128 0xb
 602 006d 27       		.uleb128 0x27
 603 006e 19       		.uleb128 0x19
 604 006f 11       		.uleb128 0x11
 605 0070 01       		.uleb128 0x1
 606 0071 12       		.uleb128 0x12
 607 0072 06       		.uleb128 0x6
 608 0073 40       		.uleb128 0x40
 609 0074 18       		.uleb128 0x18
 610 0075 9742     		.uleb128 0x2117
 611 0077 19       		.uleb128 0x19
 612 0078 01       		.uleb128 0x1
 613 0079 13       		.uleb128 0x13
 614 007a 00       		.byte	0
 615 007b 00       		.byte	0
 616 007c 09       		.uleb128 0x9
 617 007d 34       		.uleb128 0x34
 618 007e 00       		.byte	0
 619 007f 03       		.uleb128 0x3
 620 0080 0E       		.uleb128 0xe
 621 0081 3A       		.uleb128 0x3a
 622 0082 0B       		.uleb128 0xb
 623 0083 3B       		.uleb128 0x3b
 624 0084 0B       		.uleb128 0xb
 625 0085 49       		.uleb128 0x49
 626 0086 13       		.uleb128 0x13
 627 0087 02       		.uleb128 0x2
 628 0088 17       		.uleb128 0x17
ARM GAS  C:\Users\LUCASI~1\AppData\Local\Temp\ccsQhfoa.s 			page 16


 629 0089 00       		.byte	0
 630 008a 00       		.byte	0
 631 008b 0A       		.uleb128 0xa
 632 008c 898201   		.uleb128 0x4109
 633 008f 00       		.byte	0
 634 0090 11       		.uleb128 0x11
 635 0091 01       		.uleb128 0x1
 636 0092 31       		.uleb128 0x31
 637 0093 13       		.uleb128 0x13
 638 0094 00       		.byte	0
 639 0095 00       		.byte	0
 640 0096 0B       		.uleb128 0xb
 641 0097 05       		.uleb128 0x5
 642 0098 00       		.byte	0
 643 0099 03       		.uleb128 0x3
 644 009a 0E       		.uleb128 0xe
 645 009b 3A       		.uleb128 0x3a
 646 009c 0B       		.uleb128 0xb
 647 009d 3B       		.uleb128 0x3b
 648 009e 0B       		.uleb128 0xb
 649 009f 49       		.uleb128 0x49
 650 00a0 13       		.uleb128 0x13
 651 00a1 02       		.uleb128 0x2
 652 00a2 17       		.uleb128 0x17
 653 00a3 00       		.byte	0
 654 00a4 00       		.byte	0
 655 00a5 0C       		.uleb128 0xc
 656 00a6 2E       		.uleb128 0x2e
 657 00a7 00       		.byte	0
 658 00a8 3F       		.uleb128 0x3f
 659 00a9 19       		.uleb128 0x19
 660 00aa 03       		.uleb128 0x3
 661 00ab 0E       		.uleb128 0xe
 662 00ac 3A       		.uleb128 0x3a
 663 00ad 0B       		.uleb128 0xb
 664 00ae 3B       		.uleb128 0x3b
 665 00af 0B       		.uleb128 0xb
 666 00b0 27       		.uleb128 0x27
 667 00b1 19       		.uleb128 0x19
 668 00b2 49       		.uleb128 0x49
 669 00b3 13       		.uleb128 0x13
 670 00b4 11       		.uleb128 0x11
 671 00b5 01       		.uleb128 0x1
 672 00b6 12       		.uleb128 0x12
 673 00b7 06       		.uleb128 0x6
 674 00b8 40       		.uleb128 0x40
 675 00b9 18       		.uleb128 0x18
 676 00ba 9742     		.uleb128 0x2117
 677 00bc 19       		.uleb128 0x19
 678 00bd 00       		.byte	0
 679 00be 00       		.byte	0
 680 00bf 0D       		.uleb128 0xd
 681 00c0 05       		.uleb128 0x5
 682 00c1 00       		.byte	0
 683 00c2 03       		.uleb128 0x3
 684 00c3 0E       		.uleb128 0xe
 685 00c4 3A       		.uleb128 0x3a
ARM GAS  C:\Users\LUCASI~1\AppData\Local\Temp\ccsQhfoa.s 			page 17


 686 00c5 0B       		.uleb128 0xb
 687 00c6 3B       		.uleb128 0x3b
 688 00c7 0B       		.uleb128 0xb
 689 00c8 49       		.uleb128 0x49
 690 00c9 13       		.uleb128 0x13
 691 00ca 02       		.uleb128 0x2
 692 00cb 18       		.uleb128 0x18
 693 00cc 00       		.byte	0
 694 00cd 00       		.byte	0
 695 00ce 0E       		.uleb128 0xe
 696 00cf 34       		.uleb128 0x34
 697 00d0 00       		.byte	0
 698 00d1 03       		.uleb128 0x3
 699 00d2 0E       		.uleb128 0xe
 700 00d3 3A       		.uleb128 0x3a
 701 00d4 0B       		.uleb128 0xb
 702 00d5 3B       		.uleb128 0x3b
 703 00d6 0B       		.uleb128 0xb
 704 00d7 49       		.uleb128 0x49
 705 00d8 13       		.uleb128 0x13
 706 00d9 3F       		.uleb128 0x3f
 707 00da 19       		.uleb128 0x19
 708 00db 02       		.uleb128 0x2
 709 00dc 18       		.uleb128 0x18
 710 00dd 00       		.byte	0
 711 00de 00       		.byte	0
 712 00df 0F       		.uleb128 0xf
 713 00e0 2E       		.uleb128 0x2e
 714 00e1 00       		.byte	0
 715 00e2 3F       		.uleb128 0x3f
 716 00e3 19       		.uleb128 0x19
 717 00e4 3C       		.uleb128 0x3c
 718 00e5 19       		.uleb128 0x19
 719 00e6 6E       		.uleb128 0x6e
 720 00e7 0E       		.uleb128 0xe
 721 00e8 03       		.uleb128 0x3
 722 00e9 0E       		.uleb128 0xe
 723 00ea 3A       		.uleb128 0x3a
 724 00eb 0B       		.uleb128 0xb
 725 00ec 3B       		.uleb128 0x3b
 726 00ed 0B       		.uleb128 0xb
 727 00ee 00       		.byte	0
 728 00ef 00       		.byte	0
 729 00f0 00       		.byte	0
 730              		.section	.debug_loc,"",%progbits
 731              	.Ldebug_loc0:
 732              	.LLST0:
 733 0000 06000000 		.4byte	.LVL0
 734 0004 13000000 		.4byte	.LVL1-1
 735 0008 0100     		.2byte	0x1
 736 000a 50       		.byte	0x50
 737 000b 00000000 		.4byte	0
 738 000f 00000000 		.4byte	0
 739              	.LLST1:
 740 0013 06000000 		.4byte	.LVL4
 741 0017 13000000 		.4byte	.LVL5-1
 742 001b 0100     		.2byte	0x1
ARM GAS  C:\Users\LUCASI~1\AppData\Local\Temp\ccsQhfoa.s 			page 18


 743 001d 50       		.byte	0x50
 744 001e 00000000 		.4byte	0
 745 0022 00000000 		.4byte	0
 746              	.LLST2:
 747 0026 00000000 		.4byte	.LVL6
 748 002a 04000000 		.4byte	.LVL7
 749 002e 0100     		.2byte	0x1
 750 0030 50       		.byte	0x50
 751 0031 04000000 		.4byte	.LVL7
 752 0035 10000000 		.4byte	.LFE4
 753 0039 0400     		.2byte	0x4
 754 003b F3       		.byte	0xf3
 755 003c 01       		.uleb128 0x1
 756 003d 50       		.byte	0x50
 757 003e 9F       		.byte	0x9f
 758 003f 00000000 		.4byte	0
 759 0043 00000000 		.4byte	0
 760              		.section	.debug_aranges,"",%progbits
 761 0000 54000000 		.4byte	0x54
 762 0004 0200     		.2byte	0x2
 763 0006 00000000 		.4byte	.Ldebug_info0
 764 000a 04       		.byte	0x4
 765 000b 00       		.byte	0
 766 000c 0000     		.2byte	0
 767 000e 0000     		.2byte	0
 768 0010 00000000 		.4byte	.LFB0
 769 0014 0C000000 		.4byte	.LFE0-.LFB0
 770 0018 00000000 		.4byte	.LFB1
 771 001c 1C000000 		.4byte	.LFE1-.LFB1
 772 0020 00000000 		.4byte	.LFB2
 773 0024 1C000000 		.4byte	.LFE2-.LFB2
 774 0028 00000000 		.4byte	.LFB3
 775 002c 1C000000 		.4byte	.LFE3-.LFB3
 776 0030 00000000 		.4byte	.LFB4
 777 0034 10000000 		.4byte	.LFE4-.LFB4
 778 0038 00000000 		.4byte	.LFB5
 779 003c 10000000 		.4byte	.LFE5-.LFB5
 780 0040 00000000 		.4byte	.LFB6
 781 0044 0C000000 		.4byte	.LFE6-.LFB6
 782 0048 00000000 		.4byte	.LFB7
 783 004c 0C000000 		.4byte	.LFE7-.LFB7
 784 0050 00000000 		.4byte	0
 785 0054 00000000 		.4byte	0
 786              		.section	.debug_ranges,"",%progbits
 787              	.Ldebug_ranges0:
 788 0000 00000000 		.4byte	.LFB0
 789 0004 0C000000 		.4byte	.LFE0
 790 0008 00000000 		.4byte	.LFB1
 791 000c 1C000000 		.4byte	.LFE1
 792 0010 00000000 		.4byte	.LFB2
 793 0014 1C000000 		.4byte	.LFE2
 794 0018 00000000 		.4byte	.LFB3
 795 001c 1C000000 		.4byte	.LFE3
 796 0020 00000000 		.4byte	.LFB4
 797 0024 10000000 		.4byte	.LFE4
 798 0028 00000000 		.4byte	.LFB5
 799 002c 10000000 		.4byte	.LFE5
ARM GAS  C:\Users\LUCASI~1\AppData\Local\Temp\ccsQhfoa.s 			page 19


 800 0030 00000000 		.4byte	.LFB6
 801 0034 0C000000 		.4byte	.LFE6
 802 0038 00000000 		.4byte	.LFB7
 803 003c 0C000000 		.4byte	.LFE7
 804 0040 00000000 		.4byte	0
 805 0044 00000000 		.4byte	0
 806              		.section	.debug_line,"",%progbits
 807              	.Ldebug_line0:
 808 0000 EC000000 		.section	.debug_str,"MS",%progbits,1
 808      02005600 
 808      00000201 
 808      FB0E0D00 
 808      01010101 
 809              	.LASF22:
 810 0000 636F756E 		.ascii	"count\000"
 810      7400
 811              	.LASF23:
 812 0006 70657269 		.ascii	"period\000"
 812      6F6400
 813              	.LASF3:
 814 000d 73686F72 		.ascii	"short unsigned int\000"
 814      7420756E 
 814      7369676E 
 814      65642069 
 814      6E7400
 815              	.LASF18:
 816 0020 4E505F4E 		.ascii	"NP_Neo_OFFTime_Stop\000"
 816      656F5F4F 
 816      46465469 
 816      6D655F53 
 816      746F7000 
 817              	.LASF9:
 818 0034 666C6F61 		.ascii	"float\000"
 818      7400
 819              	.LASF7:
 820 003a 6C6F6E67 		.ascii	"long long unsigned int\000"
 820      206C6F6E 
 820      6720756E 
 820      7369676E 
 820      65642069 
 821              	.LASF1:
 822 0051 756E7369 		.ascii	"unsigned char\000"
 822      676E6564 
 822      20636861 
 822      7200
 823              	.LASF28:
 824 005f 474E5520 		.ascii	"GNU C11 5.4.1 20160609 (release) [ARM/embedded-5-br"
 824      43313120 
 824      352E342E 
 824      31203230 
 824      31363036 
 825 0092 616E6368 		.ascii	"anch revision 237715] -mcpu=cortex-m3 -mthumb -g -O"
 825      20726576 
 825      6973696F 
 825      6E203233 
 825      37373135 
 826 00c5 67202D66 		.ascii	"g -ffunction-sections -ffat-lto-objects\000"
ARM GAS  C:\Users\LUCASI~1\AppData\Local\Temp\ccsQhfoa.s 			page 20


 826      66756E63 
 826      74696F6E 
 826      2D736563 
 826      74696F6E 
 827              	.LASF25:
 828 00ed 4E505F4E 		.ascii	"NP_Neo_OFFTime_ReadPeriod\000"
 828      656F5F4F 
 828      46465469 
 828      6D655F52 
 828      65616450 
 829              	.LASF13:
 830 0107 72656738 		.ascii	"reg8\000"
 830      00
 831              	.LASF19:
 832 010c 696E7465 		.ascii	"interruptState\000"
 832      72727570 
 832      74537461 
 832      746500
 833              	.LASF5:
 834 011b 6C6F6E67 		.ascii	"long unsigned int\000"
 834      20756E73 
 834      69676E65 
 834      6420696E 
 834      7400
 835              	.LASF12:
 836 012d 75696E74 		.ascii	"uint8\000"
 836      3800
 837              	.LASF20:
 838 0133 4E505F4E 		.ascii	"NP_Neo_OFFTime_WriteCounter\000"
 838      656F5F4F 
 838      46465469 
 838      6D655F57 
 838      72697465 
 839              	.LASF10:
 840 014f 646F7562 		.ascii	"double\000"
 840      6C6500
 841              	.LASF24:
 842 0156 4E505F4E 		.ascii	"NP_Neo_OFFTime_ReadCounter\000"
 842      656F5F4F 
 842      46465469 
 842      6D655F52 
 842      65616443 
 843              	.LASF26:
 844 0171 4379456E 		.ascii	"CyEnterCriticalSection\000"
 844      74657243 
 844      72697469 
 844      63616C53 
 844      65637469 
 845              	.LASF8:
 846 0188 756E7369 		.ascii	"unsigned int\000"
 846      676E6564 
 846      20696E74 
 846      00
 847              	.LASF27:
 848 0195 43794578 		.ascii	"CyExitCriticalSection\000"
 848      69744372 
 848      69746963 
ARM GAS  C:\Users\LUCASI~1\AppData\Local\Temp\ccsQhfoa.s 			page 21


 848      616C5365 
 848      6374696F 
 849              	.LASF16:
 850 01ab 4E505F4E 		.ascii	"NP_Neo_OFFTime_Enable\000"
 850      656F5F4F 
 850      46465469 
 850      6D655F45 
 850      6E61626C 
 851              	.LASF21:
 852 01c1 4E505F4E 		.ascii	"NP_Neo_OFFTime_WritePeriod\000"
 852      656F5F4F 
 852      46465469 
 852      6D655F57 
 852      72697465 
 853              	.LASF15:
 854 01dc 73697A65 		.ascii	"sizetype\000"
 854      74797065 
 854      00
 855              	.LASF6:
 856 01e5 6C6F6E67 		.ascii	"long long int\000"
 856      206C6F6E 
 856      6720696E 
 856      7400
 857              	.LASF11:
 858 01f3 63686172 		.ascii	"char\000"
 858      00
 859              	.LASF2:
 860 01f8 73686F72 		.ascii	"short int\000"
 860      7420696E 
 860      7400
 861              	.LASF17:
 862 0202 4E505F4E 		.ascii	"NP_Neo_OFFTime_Start\000"
 862      656F5F4F 
 862      46465469 
 862      6D655F53 
 862      74617274 
 863              	.LASF31:
 864 0217 4E505F4E 		.ascii	"NP_Neo_OFFTime_Init\000"
 864      656F5F4F 
 864      46465469 
 864      6D655F49 
 864      6E697400 
 865              	.LASF4:
 866 022b 6C6F6E67 		.ascii	"long int\000"
 866      20696E74 
 866      00
 867              	.LASF14:
 868 0234 6C6F6E67 		.ascii	"long double\000"
 868      20646F75 
 868      626C6500 
 869              	.LASF30:
 870 0240 433A5C55 		.ascii	"C:\\Users\\lucasiversen\\Desktop\\PSOC_1_Program\\P"
 870      73657273 
 870      5C6C7563 
 870      61736976 
 870      65727365 
 871 026e 534F435F 		.ascii	"SOC_1_Program\\NeoPixel.cydsn\000"
ARM GAS  C:\Users\LUCASI~1\AppData\Local\Temp\ccsQhfoa.s 			page 22


 871      315F5072 
 871      6F677261 
 871      6D5C4E65 
 871      6F506978 
 872              	.LASF0:
 873 028b 7369676E 		.ascii	"signed char\000"
 873      65642063 
 873      68617200 
 874              	.LASF29:
 875 0297 47656E65 		.ascii	"Generated_Source\\PSoC5\\NP_Neo_OFFTime.c\000"
 875      72617465 
 875      645F536F 
 875      75726365 
 875      5C50536F 
 876              	.LASF32:
 877 02bf 4E505F4E 		.ascii	"NP_Neo_OFFTime_initVar\000"
 877      656F5F4F 
 877      46465469 
 877      6D655F69 
 877      6E697456 
 878              		.ident	"GCC: (GNU Tools for ARM Embedded Processors) 5.4.1 20160609 (release) [ARM/embedded-5-bran
