ARM GAS  C:\Users\LUCASI~1\AppData\Local\Temp\ccVAnibj.s 			page 1


   1              		.syntax unified
   2              		.cpu cortex-m3
   3              		.fpu softvfp
   4              		.eabi_attribute 20, 1
   5              		.eabi_attribute 21, 1
   6              		.eabi_attribute 23, 3
   7              		.eabi_attribute 24, 1
   8              		.eabi_attribute 25, 1
   9              		.eabi_attribute 26, 1
  10              		.eabi_attribute 30, 1
  11              		.eabi_attribute 34, 1
  12              		.eabi_attribute 18, 4
  13              		.thumb
  14              		.syntax unified
  15              		.file	"triggerPWM_PM.c"
  16              		.text
  17              	.Ltext0:
  18              		.cfi_sections	.debug_frame
  19              		.section	.text.triggerPWM_SaveConfig,"ax",%progbits
  20              		.align	2
  21              		.global	triggerPWM_SaveConfig
  22              		.thumb
  23              		.thumb_func
  24              		.type	triggerPWM_SaveConfig, %function
  25              	triggerPWM_SaveConfig:
  26              	.LFB0:
  27              		.file 1 "Generated_Source\\PSoC5\\triggerPWM_PM.c"
   1:Generated_Source\PSoC5/triggerPWM_PM.c **** /*******************************************************************************
   2:Generated_Source\PSoC5/triggerPWM_PM.c **** * File Name: triggerPWM_PM.c
   3:Generated_Source\PSoC5/triggerPWM_PM.c **** * Version 3.30
   4:Generated_Source\PSoC5/triggerPWM_PM.c **** *
   5:Generated_Source\PSoC5/triggerPWM_PM.c **** * Description:
   6:Generated_Source\PSoC5/triggerPWM_PM.c **** *  This file provides the power management source code to API for the
   7:Generated_Source\PSoC5/triggerPWM_PM.c **** *  PWM.
   8:Generated_Source\PSoC5/triggerPWM_PM.c **** *
   9:Generated_Source\PSoC5/triggerPWM_PM.c **** * Note:
  10:Generated_Source\PSoC5/triggerPWM_PM.c **** *
  11:Generated_Source\PSoC5/triggerPWM_PM.c **** ********************************************************************************
  12:Generated_Source\PSoC5/triggerPWM_PM.c **** * Copyright 2008-2014, Cypress Semiconductor Corporation.  All rights reserved.
  13:Generated_Source\PSoC5/triggerPWM_PM.c **** * You may use this file only in accordance with the license, terms, conditions,
  14:Generated_Source\PSoC5/triggerPWM_PM.c **** * disclaimers, and limitations in the end user license agreement accompanying
  15:Generated_Source\PSoC5/triggerPWM_PM.c **** * the software package with which this file was provided.
  16:Generated_Source\PSoC5/triggerPWM_PM.c **** *******************************************************************************/
  17:Generated_Source\PSoC5/triggerPWM_PM.c **** 
  18:Generated_Source\PSoC5/triggerPWM_PM.c **** #include "triggerPWM.h"
  19:Generated_Source\PSoC5/triggerPWM_PM.c **** 
  20:Generated_Source\PSoC5/triggerPWM_PM.c **** static triggerPWM_backupStruct triggerPWM_backup;
  21:Generated_Source\PSoC5/triggerPWM_PM.c **** 
  22:Generated_Source\PSoC5/triggerPWM_PM.c **** 
  23:Generated_Source\PSoC5/triggerPWM_PM.c **** /*******************************************************************************
  24:Generated_Source\PSoC5/triggerPWM_PM.c **** * Function Name: triggerPWM_SaveConfig
  25:Generated_Source\PSoC5/triggerPWM_PM.c **** ********************************************************************************
  26:Generated_Source\PSoC5/triggerPWM_PM.c **** *
  27:Generated_Source\PSoC5/triggerPWM_PM.c **** * Summary:
  28:Generated_Source\PSoC5/triggerPWM_PM.c **** *  Saves the current user configuration of the component.
  29:Generated_Source\PSoC5/triggerPWM_PM.c **** *
  30:Generated_Source\PSoC5/triggerPWM_PM.c **** * Parameters:
ARM GAS  C:\Users\LUCASI~1\AppData\Local\Temp\ccVAnibj.s 			page 2


  31:Generated_Source\PSoC5/triggerPWM_PM.c **** *  None
  32:Generated_Source\PSoC5/triggerPWM_PM.c **** *
  33:Generated_Source\PSoC5/triggerPWM_PM.c **** * Return:
  34:Generated_Source\PSoC5/triggerPWM_PM.c **** *  None
  35:Generated_Source\PSoC5/triggerPWM_PM.c **** *
  36:Generated_Source\PSoC5/triggerPWM_PM.c **** * Global variables:
  37:Generated_Source\PSoC5/triggerPWM_PM.c **** *  triggerPWM_backup:  Variables of this global structure are modified to
  38:Generated_Source\PSoC5/triggerPWM_PM.c **** *  store the values of non retention configuration registers when Sleep() API is
  39:Generated_Source\PSoC5/triggerPWM_PM.c **** *  called.
  40:Generated_Source\PSoC5/triggerPWM_PM.c **** *
  41:Generated_Source\PSoC5/triggerPWM_PM.c **** *******************************************************************************/
  42:Generated_Source\PSoC5/triggerPWM_PM.c **** void triggerPWM_SaveConfig(void) 
  43:Generated_Source\PSoC5/triggerPWM_PM.c **** {
  28              		.loc 1 43 0
  29              		.cfi_startproc
  30              		@ args = 0, pretend = 0, frame = 0
  31              		@ frame_needed = 0, uses_anonymous_args = 0
  32 0000 10B5     		push	{r4, lr}
  33              		.cfi_def_cfa_offset 8
  34              		.cfi_offset 4, -8
  35              		.cfi_offset 14, -4
  44:Generated_Source\PSoC5/triggerPWM_PM.c **** 
  45:Generated_Source\PSoC5/triggerPWM_PM.c ****     #if(!triggerPWM_UsingFixedFunction)
  46:Generated_Source\PSoC5/triggerPWM_PM.c ****         #if(!triggerPWM_PWMModeIsCenterAligned)
  47:Generated_Source\PSoC5/triggerPWM_PM.c ****             triggerPWM_backup.PWMPeriod = triggerPWM_ReadPeriod();
  36              		.loc 1 47 0
  37 0002 FFF7FEFF 		bl	triggerPWM_ReadPeriod
  38              	.LVL0:
  39 0006 044C     		ldr	r4, .L3
  40 0008 A080     		strh	r0, [r4, #4]	@ movhi
  48:Generated_Source\PSoC5/triggerPWM_PM.c ****         #endif /* (!triggerPWM_PWMModeIsCenterAligned) */
  49:Generated_Source\PSoC5/triggerPWM_PM.c ****         triggerPWM_backup.PWMUdb = triggerPWM_ReadCounter();
  41              		.loc 1 49 0
  42 000a FFF7FEFF 		bl	triggerPWM_ReadCounter
  43              	.LVL1:
  44 000e 6080     		strh	r0, [r4, #2]	@ movhi
  50:Generated_Source\PSoC5/triggerPWM_PM.c ****         #if (triggerPWM_UseStatus)
  51:Generated_Source\PSoC5/triggerPWM_PM.c ****             triggerPWM_backup.InterruptMaskValue = triggerPWM_STATUS_MASK;
  52:Generated_Source\PSoC5/triggerPWM_PM.c ****         #endif /* (triggerPWM_UseStatus) */
  53:Generated_Source\PSoC5/triggerPWM_PM.c **** 
  54:Generated_Source\PSoC5/triggerPWM_PM.c ****         #if(triggerPWM_DeadBandMode == triggerPWM__B_PWM__DBM_256_CLOCKS || \
  55:Generated_Source\PSoC5/triggerPWM_PM.c ****             triggerPWM_DeadBandMode == triggerPWM__B_PWM__DBM_2_4_CLOCKS)
  56:Generated_Source\PSoC5/triggerPWM_PM.c ****             triggerPWM_backup.PWMdeadBandValue = triggerPWM_ReadDeadTime();
  57:Generated_Source\PSoC5/triggerPWM_PM.c ****         #endif /*  deadband count is either 2-4 clocks or 256 clocks */
  58:Generated_Source\PSoC5/triggerPWM_PM.c **** 
  59:Generated_Source\PSoC5/triggerPWM_PM.c ****         #if(triggerPWM_KillModeMinTime)
  60:Generated_Source\PSoC5/triggerPWM_PM.c ****              triggerPWM_backup.PWMKillCounterPeriod = triggerPWM_ReadKillTime();
  61:Generated_Source\PSoC5/triggerPWM_PM.c ****         #endif /* (triggerPWM_KillModeMinTime) */
  62:Generated_Source\PSoC5/triggerPWM_PM.c **** 
  63:Generated_Source\PSoC5/triggerPWM_PM.c ****         #if(triggerPWM_UseControl)
  64:Generated_Source\PSoC5/triggerPWM_PM.c ****             triggerPWM_backup.PWMControlRegister = triggerPWM_ReadControlRegister();
  45              		.loc 1 64 0
  46 0010 FFF7FEFF 		bl	triggerPWM_ReadControlRegister
  47              	.LVL2:
  48 0014 A071     		strb	r0, [r4, #6]
  49 0016 10BD     		pop	{r4, pc}
  50              	.L4:
ARM GAS  C:\Users\LUCASI~1\AppData\Local\Temp\ccVAnibj.s 			page 3


  51              		.align	2
  52              	.L3:
  53 0018 00000000 		.word	.LANCHOR0
  54              		.cfi_endproc
  55              	.LFE0:
  56              		.size	triggerPWM_SaveConfig, .-triggerPWM_SaveConfig
  57              		.section	.text.triggerPWM_RestoreConfig,"ax",%progbits
  58              		.align	2
  59              		.global	triggerPWM_RestoreConfig
  60              		.thumb
  61              		.thumb_func
  62              		.type	triggerPWM_RestoreConfig, %function
  63              	triggerPWM_RestoreConfig:
  64              	.LFB1:
  65:Generated_Source\PSoC5/triggerPWM_PM.c ****         #endif /* (triggerPWM_UseControl) */
  66:Generated_Source\PSoC5/triggerPWM_PM.c ****     #endif  /* (!triggerPWM_UsingFixedFunction) */
  67:Generated_Source\PSoC5/triggerPWM_PM.c **** }
  68:Generated_Source\PSoC5/triggerPWM_PM.c **** 
  69:Generated_Source\PSoC5/triggerPWM_PM.c **** 
  70:Generated_Source\PSoC5/triggerPWM_PM.c **** /*******************************************************************************
  71:Generated_Source\PSoC5/triggerPWM_PM.c **** * Function Name: triggerPWM_RestoreConfig
  72:Generated_Source\PSoC5/triggerPWM_PM.c **** ********************************************************************************
  73:Generated_Source\PSoC5/triggerPWM_PM.c **** *
  74:Generated_Source\PSoC5/triggerPWM_PM.c **** * Summary:
  75:Generated_Source\PSoC5/triggerPWM_PM.c **** *  Restores the current user configuration of the component.
  76:Generated_Source\PSoC5/triggerPWM_PM.c **** *
  77:Generated_Source\PSoC5/triggerPWM_PM.c **** * Parameters:
  78:Generated_Source\PSoC5/triggerPWM_PM.c **** *  None
  79:Generated_Source\PSoC5/triggerPWM_PM.c **** *
  80:Generated_Source\PSoC5/triggerPWM_PM.c **** * Return:
  81:Generated_Source\PSoC5/triggerPWM_PM.c **** *  None
  82:Generated_Source\PSoC5/triggerPWM_PM.c **** *
  83:Generated_Source\PSoC5/triggerPWM_PM.c **** * Global variables:
  84:Generated_Source\PSoC5/triggerPWM_PM.c **** *  triggerPWM_backup:  Variables of this global structure are used to
  85:Generated_Source\PSoC5/triggerPWM_PM.c **** *  restore the values of non retention registers on wakeup from sleep mode.
  86:Generated_Source\PSoC5/triggerPWM_PM.c **** *
  87:Generated_Source\PSoC5/triggerPWM_PM.c **** *******************************************************************************/
  88:Generated_Source\PSoC5/triggerPWM_PM.c **** void triggerPWM_RestoreConfig(void) 
  89:Generated_Source\PSoC5/triggerPWM_PM.c **** {
  65              		.loc 1 89 0
  66              		.cfi_startproc
  67              		@ args = 0, pretend = 0, frame = 0
  68              		@ frame_needed = 0, uses_anonymous_args = 0
  69 0000 10B5     		push	{r4, lr}
  70              		.cfi_def_cfa_offset 8
  71              		.cfi_offset 4, -8
  72              		.cfi_offset 14, -4
  90:Generated_Source\PSoC5/triggerPWM_PM.c ****         #if(!triggerPWM_UsingFixedFunction)
  91:Generated_Source\PSoC5/triggerPWM_PM.c ****             #if(!triggerPWM_PWMModeIsCenterAligned)
  92:Generated_Source\PSoC5/triggerPWM_PM.c ****                 triggerPWM_WritePeriod(triggerPWM_backup.PWMPeriod);
  73              		.loc 1 92 0
  74 0002 054C     		ldr	r4, .L7
  75 0004 A088     		ldrh	r0, [r4, #4]
  76 0006 FFF7FEFF 		bl	triggerPWM_WritePeriod
  77              	.LVL3:
  93:Generated_Source\PSoC5/triggerPWM_PM.c ****             #endif /* (!triggerPWM_PWMModeIsCenterAligned) */
  94:Generated_Source\PSoC5/triggerPWM_PM.c **** 
ARM GAS  C:\Users\LUCASI~1\AppData\Local\Temp\ccVAnibj.s 			page 4


  95:Generated_Source\PSoC5/triggerPWM_PM.c ****             triggerPWM_WriteCounter(triggerPWM_backup.PWMUdb);
  78              		.loc 1 95 0
  79 000a 6088     		ldrh	r0, [r4, #2]
  80 000c FFF7FEFF 		bl	triggerPWM_WriteCounter
  81              	.LVL4:
  96:Generated_Source\PSoC5/triggerPWM_PM.c **** 
  97:Generated_Source\PSoC5/triggerPWM_PM.c ****             #if (triggerPWM_UseStatus)
  98:Generated_Source\PSoC5/triggerPWM_PM.c ****                 triggerPWM_STATUS_MASK = triggerPWM_backup.InterruptMaskValue;
  99:Generated_Source\PSoC5/triggerPWM_PM.c ****             #endif /* (triggerPWM_UseStatus) */
 100:Generated_Source\PSoC5/triggerPWM_PM.c **** 
 101:Generated_Source\PSoC5/triggerPWM_PM.c ****             #if(triggerPWM_DeadBandMode == triggerPWM__B_PWM__DBM_256_CLOCKS || \
 102:Generated_Source\PSoC5/triggerPWM_PM.c ****                 triggerPWM_DeadBandMode == triggerPWM__B_PWM__DBM_2_4_CLOCKS)
 103:Generated_Source\PSoC5/triggerPWM_PM.c ****                 triggerPWM_WriteDeadTime(triggerPWM_backup.PWMdeadBandValue);
 104:Generated_Source\PSoC5/triggerPWM_PM.c ****             #endif /* deadband count is either 2-4 clocks or 256 clocks */
 105:Generated_Source\PSoC5/triggerPWM_PM.c **** 
 106:Generated_Source\PSoC5/triggerPWM_PM.c ****             #if(triggerPWM_KillModeMinTime)
 107:Generated_Source\PSoC5/triggerPWM_PM.c ****                 triggerPWM_WriteKillTime(triggerPWM_backup.PWMKillCounterPeriod);
 108:Generated_Source\PSoC5/triggerPWM_PM.c ****             #endif /* (triggerPWM_KillModeMinTime) */
 109:Generated_Source\PSoC5/triggerPWM_PM.c **** 
 110:Generated_Source\PSoC5/triggerPWM_PM.c ****             #if(triggerPWM_UseControl)
 111:Generated_Source\PSoC5/triggerPWM_PM.c ****                 triggerPWM_WriteControlRegister(triggerPWM_backup.PWMControlRegister);
  82              		.loc 1 111 0
  83 0010 A079     		ldrb	r0, [r4, #6]	@ zero_extendqisi2
  84 0012 FFF7FEFF 		bl	triggerPWM_WriteControlRegister
  85              	.LVL5:
  86 0016 10BD     		pop	{r4, pc}
  87              	.L8:
  88              		.align	2
  89              	.L7:
  90 0018 00000000 		.word	.LANCHOR0
  91              		.cfi_endproc
  92              	.LFE1:
  93              		.size	triggerPWM_RestoreConfig, .-triggerPWM_RestoreConfig
  94              		.section	.text.triggerPWM_Sleep,"ax",%progbits
  95              		.align	2
  96              		.global	triggerPWM_Sleep
  97              		.thumb
  98              		.thumb_func
  99              		.type	triggerPWM_Sleep, %function
 100              	triggerPWM_Sleep:
 101              	.LFB2:
 112:Generated_Source\PSoC5/triggerPWM_PM.c ****             #endif /* (triggerPWM_UseControl) */
 113:Generated_Source\PSoC5/triggerPWM_PM.c ****         #endif  /* (!triggerPWM_UsingFixedFunction) */
 114:Generated_Source\PSoC5/triggerPWM_PM.c ****     }
 115:Generated_Source\PSoC5/triggerPWM_PM.c **** 
 116:Generated_Source\PSoC5/triggerPWM_PM.c **** 
 117:Generated_Source\PSoC5/triggerPWM_PM.c **** /*******************************************************************************
 118:Generated_Source\PSoC5/triggerPWM_PM.c **** * Function Name: triggerPWM_Sleep
 119:Generated_Source\PSoC5/triggerPWM_PM.c **** ********************************************************************************
 120:Generated_Source\PSoC5/triggerPWM_PM.c **** *
 121:Generated_Source\PSoC5/triggerPWM_PM.c **** * Summary:
 122:Generated_Source\PSoC5/triggerPWM_PM.c **** *  Disables block's operation and saves the user configuration. Should be called
 123:Generated_Source\PSoC5/triggerPWM_PM.c **** *  just prior to entering sleep.
 124:Generated_Source\PSoC5/triggerPWM_PM.c **** *
 125:Generated_Source\PSoC5/triggerPWM_PM.c **** * Parameters:
 126:Generated_Source\PSoC5/triggerPWM_PM.c **** *  None
 127:Generated_Source\PSoC5/triggerPWM_PM.c **** *
ARM GAS  C:\Users\LUCASI~1\AppData\Local\Temp\ccVAnibj.s 			page 5


 128:Generated_Source\PSoC5/triggerPWM_PM.c **** * Return:
 129:Generated_Source\PSoC5/triggerPWM_PM.c **** *  None
 130:Generated_Source\PSoC5/triggerPWM_PM.c **** *
 131:Generated_Source\PSoC5/triggerPWM_PM.c **** * Global variables:
 132:Generated_Source\PSoC5/triggerPWM_PM.c **** *  triggerPWM_backup.PWMEnableState:  Is modified depending on the enable
 133:Generated_Source\PSoC5/triggerPWM_PM.c **** *  state of the block before entering sleep mode.
 134:Generated_Source\PSoC5/triggerPWM_PM.c **** *
 135:Generated_Source\PSoC5/triggerPWM_PM.c **** *******************************************************************************/
 136:Generated_Source\PSoC5/triggerPWM_PM.c **** void triggerPWM_Sleep(void) 
 137:Generated_Source\PSoC5/triggerPWM_PM.c **** {
 102              		.loc 1 137 0
 103              		.cfi_startproc
 104              		@ args = 0, pretend = 0, frame = 0
 105              		@ frame_needed = 0, uses_anonymous_args = 0
 106 0000 08B5     		push	{r3, lr}
 107              		.cfi_def_cfa_offset 8
 108              		.cfi_offset 3, -8
 109              		.cfi_offset 14, -4
 138:Generated_Source\PSoC5/triggerPWM_PM.c ****     #if(triggerPWM_UseControl)
 139:Generated_Source\PSoC5/triggerPWM_PM.c ****         if(triggerPWM_CTRL_ENABLE == (triggerPWM_CONTROL & triggerPWM_CTRL_ENABLE))
 110              		.loc 1 139 0
 111 0002 084B     		ldr	r3, .L13
 112 0004 1B78     		ldrb	r3, [r3]	@ zero_extendqisi2
 113 0006 13F0800F 		tst	r3, #128
 114 000a 03D0     		beq	.L10
 140:Generated_Source\PSoC5/triggerPWM_PM.c ****         {
 141:Generated_Source\PSoC5/triggerPWM_PM.c ****             /*Component is enabled */
 142:Generated_Source\PSoC5/triggerPWM_PM.c ****             triggerPWM_backup.PWMEnableState = 1u;
 115              		.loc 1 142 0
 116 000c 0122     		movs	r2, #1
 117 000e 064B     		ldr	r3, .L13+4
 118 0010 1A70     		strb	r2, [r3]
 119 0012 02E0     		b	.L11
 120              	.L10:
 143:Generated_Source\PSoC5/triggerPWM_PM.c ****         }
 144:Generated_Source\PSoC5/triggerPWM_PM.c ****         else
 145:Generated_Source\PSoC5/triggerPWM_PM.c ****         {
 146:Generated_Source\PSoC5/triggerPWM_PM.c ****             /* Component is disabled */
 147:Generated_Source\PSoC5/triggerPWM_PM.c ****             triggerPWM_backup.PWMEnableState = 0u;
 121              		.loc 1 147 0
 122 0014 0022     		movs	r2, #0
 123 0016 044B     		ldr	r3, .L13+4
 124 0018 1A70     		strb	r2, [r3]
 125              	.L11:
 148:Generated_Source\PSoC5/triggerPWM_PM.c ****         }
 149:Generated_Source\PSoC5/triggerPWM_PM.c ****     #endif /* (triggerPWM_UseControl) */
 150:Generated_Source\PSoC5/triggerPWM_PM.c **** 
 151:Generated_Source\PSoC5/triggerPWM_PM.c ****     /* Stop component */
 152:Generated_Source\PSoC5/triggerPWM_PM.c ****     triggerPWM_Stop();
 126              		.loc 1 152 0
 127 001a FFF7FEFF 		bl	triggerPWM_Stop
 128              	.LVL6:
 153:Generated_Source\PSoC5/triggerPWM_PM.c **** 
 154:Generated_Source\PSoC5/triggerPWM_PM.c ****     /* Save registers configuration */
 155:Generated_Source\PSoC5/triggerPWM_PM.c ****     triggerPWM_SaveConfig();
 129              		.loc 1 155 0
 130 001e FFF7FEFF 		bl	triggerPWM_SaveConfig
ARM GAS  C:\Users\LUCASI~1\AppData\Local\Temp\ccVAnibj.s 			page 6


 131              	.LVL7:
 132 0022 08BD     		pop	{r3, pc}
 133              	.L14:
 134              		.align	2
 135              	.L13:
 136 0024 7D640040 		.word	1073767549
 137 0028 00000000 		.word	.LANCHOR0
 138              		.cfi_endproc
 139              	.LFE2:
 140              		.size	triggerPWM_Sleep, .-triggerPWM_Sleep
 141              		.section	.text.triggerPWM_Wakeup,"ax",%progbits
 142              		.align	2
 143              		.global	triggerPWM_Wakeup
 144              		.thumb
 145              		.thumb_func
 146              		.type	triggerPWM_Wakeup, %function
 147              	triggerPWM_Wakeup:
 148              	.LFB3:
 156:Generated_Source\PSoC5/triggerPWM_PM.c **** }
 157:Generated_Source\PSoC5/triggerPWM_PM.c **** 
 158:Generated_Source\PSoC5/triggerPWM_PM.c **** 
 159:Generated_Source\PSoC5/triggerPWM_PM.c **** /*******************************************************************************
 160:Generated_Source\PSoC5/triggerPWM_PM.c **** * Function Name: triggerPWM_Wakeup
 161:Generated_Source\PSoC5/triggerPWM_PM.c **** ********************************************************************************
 162:Generated_Source\PSoC5/triggerPWM_PM.c **** *
 163:Generated_Source\PSoC5/triggerPWM_PM.c **** * Summary:
 164:Generated_Source\PSoC5/triggerPWM_PM.c **** *  Restores and enables the user configuration. Should be called just after
 165:Generated_Source\PSoC5/triggerPWM_PM.c **** *  awaking from sleep.
 166:Generated_Source\PSoC5/triggerPWM_PM.c **** *
 167:Generated_Source\PSoC5/triggerPWM_PM.c **** * Parameters:
 168:Generated_Source\PSoC5/triggerPWM_PM.c **** *  None
 169:Generated_Source\PSoC5/triggerPWM_PM.c **** *
 170:Generated_Source\PSoC5/triggerPWM_PM.c **** * Return:
 171:Generated_Source\PSoC5/triggerPWM_PM.c **** *  None
 172:Generated_Source\PSoC5/triggerPWM_PM.c **** *
 173:Generated_Source\PSoC5/triggerPWM_PM.c **** * Global variables:
 174:Generated_Source\PSoC5/triggerPWM_PM.c **** *  triggerPWM_backup.pwmEnable:  Is used to restore the enable state of
 175:Generated_Source\PSoC5/triggerPWM_PM.c **** *  block on wakeup from sleep mode.
 176:Generated_Source\PSoC5/triggerPWM_PM.c **** *
 177:Generated_Source\PSoC5/triggerPWM_PM.c **** *******************************************************************************/
 178:Generated_Source\PSoC5/triggerPWM_PM.c **** void triggerPWM_Wakeup(void) 
 179:Generated_Source\PSoC5/triggerPWM_PM.c **** {
 149              		.loc 1 179 0
 150              		.cfi_startproc
 151              		@ args = 0, pretend = 0, frame = 0
 152              		@ frame_needed = 0, uses_anonymous_args = 0
 153 0000 08B5     		push	{r3, lr}
 154              		.cfi_def_cfa_offset 8
 155              		.cfi_offset 3, -8
 156              		.cfi_offset 14, -4
 180:Generated_Source\PSoC5/triggerPWM_PM.c ****      /* Restore registers values */
 181:Generated_Source\PSoC5/triggerPWM_PM.c ****     triggerPWM_RestoreConfig();
 157              		.loc 1 181 0
 158 0002 FFF7FEFF 		bl	triggerPWM_RestoreConfig
 159              	.LVL8:
 182:Generated_Source\PSoC5/triggerPWM_PM.c **** 
 183:Generated_Source\PSoC5/triggerPWM_PM.c ****     if(triggerPWM_backup.PWMEnableState != 0u)
ARM GAS  C:\Users\LUCASI~1\AppData\Local\Temp\ccVAnibj.s 			page 7


 160              		.loc 1 183 0
 161 0006 034B     		ldr	r3, .L18
 162 0008 1B78     		ldrb	r3, [r3]	@ zero_extendqisi2
 163 000a 0BB1     		cbz	r3, .L15
 184:Generated_Source\PSoC5/triggerPWM_PM.c ****     {
 185:Generated_Source\PSoC5/triggerPWM_PM.c ****         /* Enable component's operation */
 186:Generated_Source\PSoC5/triggerPWM_PM.c ****         triggerPWM_Enable();
 164              		.loc 1 186 0
 165 000c FFF7FEFF 		bl	triggerPWM_Enable
 166              	.LVL9:
 167              	.L15:
 168 0010 08BD     		pop	{r3, pc}
 169              	.L19:
 170 0012 00BF     		.align	2
 171              	.L18:
 172 0014 00000000 		.word	.LANCHOR0
 173              		.cfi_endproc
 174              	.LFE3:
 175              		.size	triggerPWM_Wakeup, .-triggerPWM_Wakeup
 176              		.bss
 177              		.align	2
 178              		.set	.LANCHOR0,. + 0
 179              		.type	triggerPWM_backup, %object
 180              		.size	triggerPWM_backup, 8
 181              	triggerPWM_backup:
 182 0000 00000000 		.space	8
 182      00000000 
 183              		.text
 184              	.Letext0:
 185              		.file 2 "Generated_Source\\PSoC5\\cytypes.h"
 186              		.file 3 "Generated_Source\\PSoC5\\triggerPWM.h"
 187              		.section	.debug_info,"",%progbits
 188              	.Ldebug_info0:
 189 0000 11020000 		.4byte	0x211
 190 0004 0400     		.2byte	0x4
 191 0006 00000000 		.4byte	.Ldebug_abbrev0
 192 000a 04       		.byte	0x4
 193 000b 01       		.uleb128 0x1
 194 000c B7000000 		.4byte	.LASF34
 195 0010 0C       		.byte	0xc
 196 0011 29000000 		.4byte	.LASF35
 197 0015 BF020000 		.4byte	.LASF36
 198 0019 00000000 		.4byte	.Ldebug_ranges0+0
 199 001d 00000000 		.4byte	0
 200 0021 00000000 		.4byte	.Ldebug_line0
 201 0025 02       		.uleb128 0x2
 202 0026 01       		.byte	0x1
 203 0027 06       		.byte	0x6
 204 0028 0A030000 		.4byte	.LASF0
 205 002c 02       		.uleb128 0x2
 206 002d 01       		.byte	0x1
 207 002e 08       		.byte	0x8
 208 002f A8010000 		.4byte	.LASF1
 209 0033 02       		.uleb128 0x2
 210 0034 02       		.byte	0x2
 211 0035 05       		.byte	0x5
 212 0036 78020000 		.4byte	.LASF2
ARM GAS  C:\Users\LUCASI~1\AppData\Local\Temp\ccVAnibj.s 			page 8


 213 003a 02       		.uleb128 0x2
 214 003b 02       		.byte	0x2
 215 003c 07       		.byte	0x7
 216 003d 16030000 		.4byte	.LASF3
 217 0041 02       		.uleb128 0x2
 218 0042 04       		.byte	0x4
 219 0043 05       		.byte	0x5
 220 0044 AA020000 		.4byte	.LASF4
 221 0048 02       		.uleb128 0x2
 222 0049 04       		.byte	0x4
 223 004a 07       		.byte	0x7
 224 004b 54010000 		.4byte	.LASF5
 225 004f 02       		.uleb128 0x2
 226 0050 08       		.byte	0x8
 227 0051 05       		.byte	0x5
 228 0052 65020000 		.4byte	.LASF6
 229 0056 02       		.uleb128 0x2
 230 0057 08       		.byte	0x8
 231 0058 07       		.byte	0x7
 232 0059 E9010000 		.4byte	.LASF7
 233 005d 03       		.uleb128 0x3
 234 005e 04       		.byte	0x4
 235 005f 05       		.byte	0x5
 236 0060 696E7400 		.ascii	"int\000"
 237 0064 02       		.uleb128 0x2
 238 0065 04       		.byte	0x4
 239 0066 07       		.byte	0x7
 240 0067 C4010000 		.4byte	.LASF8
 241 006b 04       		.uleb128 0x4
 242 006c 78010000 		.4byte	.LASF9
 243 0070 02       		.byte	0x2
 244 0071 C2       		.byte	0xc2
 245 0072 2C000000 		.4byte	0x2c
 246 0076 04       		.uleb128 0x4
 247 0077 BD010000 		.4byte	.LASF10
 248 007b 02       		.byte	0x2
 249 007c C3       		.byte	0xc3
 250 007d 3A000000 		.4byte	0x3a
 251 0081 02       		.uleb128 0x2
 252 0082 04       		.byte	0x4
 253 0083 04       		.byte	0x4
 254 0084 91000000 		.4byte	.LASF11
 255 0088 02       		.uleb128 0x2
 256 0089 08       		.byte	0x8
 257 008a 04       		.byte	0x4
 258 008b B6010000 		.4byte	.LASF12
 259 008f 02       		.uleb128 0x2
 260 0090 01       		.byte	0x1
 261 0091 08       		.byte	0x8
 262 0092 73020000 		.4byte	.LASF13
 263 0096 05       		.uleb128 0x5
 264 0097 2F020000 		.4byte	.LASF14
 265 009b 02       		.byte	0x2
 266 009c 6C01     		.2byte	0x16c
 267 009e A2000000 		.4byte	0xa2
 268 00a2 06       		.uleb128 0x6
 269 00a3 6B000000 		.4byte	0x6b
ARM GAS  C:\Users\LUCASI~1\AppData\Local\Temp\ccVAnibj.s 			page 9


 270 00a7 02       		.uleb128 0x2
 271 00a8 08       		.byte	0x8
 272 00a9 04       		.byte	0x4
 273 00aa B3020000 		.4byte	.LASF15
 274 00ae 02       		.uleb128 0x2
 275 00af 04       		.byte	0x4
 276 00b0 07       		.byte	0x7
 277 00b1 4A020000 		.4byte	.LASF16
 278 00b5 07       		.uleb128 0x7
 279 00b6 08       		.byte	0x8
 280 00b7 03       		.byte	0x3
 281 00b8 6B       		.byte	0x6b
 282 00b9 EE000000 		.4byte	0xee
 283 00bd 08       		.uleb128 0x8
 284 00be 45010000 		.4byte	.LASF17
 285 00c2 03       		.byte	0x3
 286 00c3 6E       		.byte	0x6e
 287 00c4 6B000000 		.4byte	0x6b
 288 00c8 00       		.byte	0
 289 00c9 08       		.uleb128 0x8
 290 00ca 00000000 		.4byte	.LASF18
 291 00ce 03       		.byte	0x3
 292 00cf 71       		.byte	0x71
 293 00d0 76000000 		.4byte	0x76
 294 00d4 02       		.byte	0x2
 295 00d5 08       		.uleb128 0x8
 296 00d6 07000000 		.4byte	.LASF19
 297 00da 03       		.byte	0x3
 298 00db 73       		.byte	0x73
 299 00dc 76000000 		.4byte	0x76
 300 00e0 04       		.byte	0x4
 301 00e1 08       		.uleb128 0x8
 302 00e2 95010000 		.4byte	.LASF20
 303 00e6 03       		.byte	0x3
 304 00e7 86       		.byte	0x86
 305 00e8 6B000000 		.4byte	0x6b
 306 00ec 06       		.byte	0x6
 307 00ed 00       		.byte	0
 308 00ee 04       		.uleb128 0x4
 309 00ef 11000000 		.4byte	.LASF21
 310 00f3 03       		.byte	0x3
 311 00f4 8B       		.byte	0x8b
 312 00f5 B5000000 		.4byte	0xb5
 313 00f9 09       		.uleb128 0x9
 314 00fa 34020000 		.4byte	.LASF22
 315 00fe 01       		.byte	0x1
 316 00ff 2A       		.byte	0x2a
 317 0100 00000000 		.4byte	.LFB0
 318 0104 1C000000 		.4byte	.LFE0-.LFB0
 319 0108 01       		.uleb128 0x1
 320 0109 9C       		.byte	0x9c
 321 010a 2A010000 		.4byte	0x12a
 322 010e 0A       		.uleb128 0xa
 323 010f 06000000 		.4byte	.LVL0
 324 0113 BC010000 		.4byte	0x1bc
 325 0117 0A       		.uleb128 0xa
 326 0118 0E000000 		.4byte	.LVL1
ARM GAS  C:\Users\LUCASI~1\AppData\Local\Temp\ccVAnibj.s 			page 10


 327 011c C7010000 		.4byte	0x1c7
 328 0120 0A       		.uleb128 0xa
 329 0121 14000000 		.4byte	.LVL2
 330 0125 D2010000 		.4byte	0x1d2
 331 0129 00       		.byte	0
 332 012a 09       		.uleb128 0x9
 333 012b 78000000 		.4byte	.LASF23
 334 012f 01       		.byte	0x1
 335 0130 58       		.byte	0x58
 336 0131 00000000 		.4byte	.LFB1
 337 0135 1C000000 		.4byte	.LFE1-.LFB1
 338 0139 01       		.uleb128 0x1
 339 013a 9C       		.byte	0x9c
 340 013b 5B010000 		.4byte	0x15b
 341 013f 0A       		.uleb128 0xa
 342 0140 0A000000 		.4byte	.LVL3
 343 0144 DD010000 		.4byte	0x1dd
 344 0148 0A       		.uleb128 0xa
 345 0149 10000000 		.4byte	.LVL4
 346 014d E8010000 		.4byte	0x1e8
 347 0151 0A       		.uleb128 0xa
 348 0152 16000000 		.4byte	.LVL5
 349 0156 F3010000 		.4byte	0x1f3
 350 015a 00       		.byte	0
 351 015b 09       		.uleb128 0x9
 352 015c 67000000 		.4byte	.LASF24
 353 0160 01       		.byte	0x1
 354 0161 88       		.byte	0x88
 355 0162 00000000 		.4byte	.LFB2
 356 0166 2C000000 		.4byte	.LFE2-.LFB2
 357 016a 01       		.uleb128 0x1
 358 016b 9C       		.byte	0x9c
 359 016c 83010000 		.4byte	0x183
 360 0170 0A       		.uleb128 0xa
 361 0171 1E000000 		.4byte	.LVL6
 362 0175 FE010000 		.4byte	0x1fe
 363 0179 0A       		.uleb128 0xa
 364 017a 22000000 		.4byte	.LVL7
 365 017e F9000000 		.4byte	0xf9
 366 0182 00       		.byte	0
 367 0183 09       		.uleb128 0x9
 368 0184 82020000 		.4byte	.LASF25
 369 0188 01       		.byte	0x1
 370 0189 B2       		.byte	0xb2
 371 018a 00000000 		.4byte	.LFB3
 372 018e 18000000 		.4byte	.LFE3-.LFB3
 373 0192 01       		.uleb128 0x1
 374 0193 9C       		.byte	0x9c
 375 0194 AB010000 		.4byte	0x1ab
 376 0198 0A       		.uleb128 0xa
 377 0199 06000000 		.4byte	.LVL8
 378 019d 2A010000 		.4byte	0x12a
 379 01a1 0A       		.uleb128 0xa
 380 01a2 10000000 		.4byte	.LVL9
 381 01a6 09020000 		.4byte	0x209
 382 01aa 00       		.byte	0
 383 01ab 0B       		.uleb128 0xb
ARM GAS  C:\Users\LUCASI~1\AppData\Local\Temp\ccVAnibj.s 			page 11


 384 01ac 53020000 		.4byte	.LASF37
 385 01b0 01       		.byte	0x1
 386 01b1 14       		.byte	0x14
 387 01b2 EE000000 		.4byte	0xee
 388 01b6 05       		.uleb128 0x5
 389 01b7 03       		.byte	0x3
 390 01b8 00000000 		.4byte	triggerPWM_backup
 391 01bc 0C       		.uleb128 0xc
 392 01bd 94020000 		.4byte	.LASF26
 393 01c1 94020000 		.4byte	.LASF26
 394 01c5 03       		.byte	0x3
 395 01c6 C0       		.byte	0xc0
 396 01c7 0C       		.uleb128 0xc
 397 01c8 7E010000 		.4byte	.LASF27
 398 01cc 7E010000 		.4byte	.LASF27
 399 01d0 03       		.byte	0x3
 400 01d1 B3       		.byte	0xb3
 401 01d2 0C       		.uleb128 0xc
 402 01d3 00020000 		.4byte	.LASF28
 403 01d7 00020000 		.4byte	.LASF28
 404 01db 03       		.byte	0x3
 405 01dc 9D       		.byte	0x9d
 406 01dd 0C       		.uleb128 0xc
 407 01de 50000000 		.4byte	.LASF29
 408 01e2 50000000 		.4byte	.LASF29
 409 01e6 03       		.byte	0x3
 410 01e7 BE       		.byte	0xbe
 411 01e8 0C       		.uleb128 0xc
 412 01e9 D1010000 		.4byte	.LASF30
 413 01ed D1010000 		.4byte	.LASF30
 414 01f1 03       		.byte	0x3
 415 01f2 BA       		.byte	0xba
 416 01f3 0C       		.uleb128 0xc
 417 01f4 97000000 		.4byte	.LASF31
 418 01f8 97000000 		.4byte	.LASF31
 419 01fc 03       		.byte	0x3
 420 01fd 9E       		.byte	0x9e
 421 01fe 0C       		.uleb128 0xc
 422 01ff 1F020000 		.4byte	.LASF32
 423 0203 1F020000 		.4byte	.LASF32
 424 0207 03       		.byte	0x3
 425 0208 93       		.byte	0x93
 426 0209 0C       		.uleb128 0xc
 427 020a 66010000 		.4byte	.LASF33
 428 020e 66010000 		.4byte	.LASF33
 429 0212 03       		.byte	0x3
 430 0213 DB       		.byte	0xdb
 431 0214 00       		.byte	0
 432              		.section	.debug_abbrev,"",%progbits
 433              	.Ldebug_abbrev0:
 434 0000 01       		.uleb128 0x1
 435 0001 11       		.uleb128 0x11
 436 0002 01       		.byte	0x1
 437 0003 25       		.uleb128 0x25
 438 0004 0E       		.uleb128 0xe
 439 0005 13       		.uleb128 0x13
 440 0006 0B       		.uleb128 0xb
ARM GAS  C:\Users\LUCASI~1\AppData\Local\Temp\ccVAnibj.s 			page 12


 441 0007 03       		.uleb128 0x3
 442 0008 0E       		.uleb128 0xe
 443 0009 1B       		.uleb128 0x1b
 444 000a 0E       		.uleb128 0xe
 445 000b 55       		.uleb128 0x55
 446 000c 17       		.uleb128 0x17
 447 000d 11       		.uleb128 0x11
 448 000e 01       		.uleb128 0x1
 449 000f 10       		.uleb128 0x10
 450 0010 17       		.uleb128 0x17
 451 0011 00       		.byte	0
 452 0012 00       		.byte	0
 453 0013 02       		.uleb128 0x2
 454 0014 24       		.uleb128 0x24
 455 0015 00       		.byte	0
 456 0016 0B       		.uleb128 0xb
 457 0017 0B       		.uleb128 0xb
 458 0018 3E       		.uleb128 0x3e
 459 0019 0B       		.uleb128 0xb
 460 001a 03       		.uleb128 0x3
 461 001b 0E       		.uleb128 0xe
 462 001c 00       		.byte	0
 463 001d 00       		.byte	0
 464 001e 03       		.uleb128 0x3
 465 001f 24       		.uleb128 0x24
 466 0020 00       		.byte	0
 467 0021 0B       		.uleb128 0xb
 468 0022 0B       		.uleb128 0xb
 469 0023 3E       		.uleb128 0x3e
 470 0024 0B       		.uleb128 0xb
 471 0025 03       		.uleb128 0x3
 472 0026 08       		.uleb128 0x8
 473 0027 00       		.byte	0
 474 0028 00       		.byte	0
 475 0029 04       		.uleb128 0x4
 476 002a 16       		.uleb128 0x16
 477 002b 00       		.byte	0
 478 002c 03       		.uleb128 0x3
 479 002d 0E       		.uleb128 0xe
 480 002e 3A       		.uleb128 0x3a
 481 002f 0B       		.uleb128 0xb
 482 0030 3B       		.uleb128 0x3b
 483 0031 0B       		.uleb128 0xb
 484 0032 49       		.uleb128 0x49
 485 0033 13       		.uleb128 0x13
 486 0034 00       		.byte	0
 487 0035 00       		.byte	0
 488 0036 05       		.uleb128 0x5
 489 0037 16       		.uleb128 0x16
 490 0038 00       		.byte	0
 491 0039 03       		.uleb128 0x3
 492 003a 0E       		.uleb128 0xe
 493 003b 3A       		.uleb128 0x3a
 494 003c 0B       		.uleb128 0xb
 495 003d 3B       		.uleb128 0x3b
 496 003e 05       		.uleb128 0x5
 497 003f 49       		.uleb128 0x49
ARM GAS  C:\Users\LUCASI~1\AppData\Local\Temp\ccVAnibj.s 			page 13


 498 0040 13       		.uleb128 0x13
 499 0041 00       		.byte	0
 500 0042 00       		.byte	0
 501 0043 06       		.uleb128 0x6
 502 0044 35       		.uleb128 0x35
 503 0045 00       		.byte	0
 504 0046 49       		.uleb128 0x49
 505 0047 13       		.uleb128 0x13
 506 0048 00       		.byte	0
 507 0049 00       		.byte	0
 508 004a 07       		.uleb128 0x7
 509 004b 13       		.uleb128 0x13
 510 004c 01       		.byte	0x1
 511 004d 0B       		.uleb128 0xb
 512 004e 0B       		.uleb128 0xb
 513 004f 3A       		.uleb128 0x3a
 514 0050 0B       		.uleb128 0xb
 515 0051 3B       		.uleb128 0x3b
 516 0052 0B       		.uleb128 0xb
 517 0053 01       		.uleb128 0x1
 518 0054 13       		.uleb128 0x13
 519 0055 00       		.byte	0
 520 0056 00       		.byte	0
 521 0057 08       		.uleb128 0x8
 522 0058 0D       		.uleb128 0xd
 523 0059 00       		.byte	0
 524 005a 03       		.uleb128 0x3
 525 005b 0E       		.uleb128 0xe
 526 005c 3A       		.uleb128 0x3a
 527 005d 0B       		.uleb128 0xb
 528 005e 3B       		.uleb128 0x3b
 529 005f 0B       		.uleb128 0xb
 530 0060 49       		.uleb128 0x49
 531 0061 13       		.uleb128 0x13
 532 0062 38       		.uleb128 0x38
 533 0063 0B       		.uleb128 0xb
 534 0064 00       		.byte	0
 535 0065 00       		.byte	0
 536 0066 09       		.uleb128 0x9
 537 0067 2E       		.uleb128 0x2e
 538 0068 01       		.byte	0x1
 539 0069 3F       		.uleb128 0x3f
 540 006a 19       		.uleb128 0x19
 541 006b 03       		.uleb128 0x3
 542 006c 0E       		.uleb128 0xe
 543 006d 3A       		.uleb128 0x3a
 544 006e 0B       		.uleb128 0xb
 545 006f 3B       		.uleb128 0x3b
 546 0070 0B       		.uleb128 0xb
 547 0071 27       		.uleb128 0x27
 548 0072 19       		.uleb128 0x19
 549 0073 11       		.uleb128 0x11
 550 0074 01       		.uleb128 0x1
 551 0075 12       		.uleb128 0x12
 552 0076 06       		.uleb128 0x6
 553 0077 40       		.uleb128 0x40
 554 0078 18       		.uleb128 0x18
ARM GAS  C:\Users\LUCASI~1\AppData\Local\Temp\ccVAnibj.s 			page 14


 555 0079 9742     		.uleb128 0x2117
 556 007b 19       		.uleb128 0x19
 557 007c 01       		.uleb128 0x1
 558 007d 13       		.uleb128 0x13
 559 007e 00       		.byte	0
 560 007f 00       		.byte	0
 561 0080 0A       		.uleb128 0xa
 562 0081 898201   		.uleb128 0x4109
 563 0084 00       		.byte	0
 564 0085 11       		.uleb128 0x11
 565 0086 01       		.uleb128 0x1
 566 0087 31       		.uleb128 0x31
 567 0088 13       		.uleb128 0x13
 568 0089 00       		.byte	0
 569 008a 00       		.byte	0
 570 008b 0B       		.uleb128 0xb
 571 008c 34       		.uleb128 0x34
 572 008d 00       		.byte	0
 573 008e 03       		.uleb128 0x3
 574 008f 0E       		.uleb128 0xe
 575 0090 3A       		.uleb128 0x3a
 576 0091 0B       		.uleb128 0xb
 577 0092 3B       		.uleb128 0x3b
 578 0093 0B       		.uleb128 0xb
 579 0094 49       		.uleb128 0x49
 580 0095 13       		.uleb128 0x13
 581 0096 02       		.uleb128 0x2
 582 0097 18       		.uleb128 0x18
 583 0098 00       		.byte	0
 584 0099 00       		.byte	0
 585 009a 0C       		.uleb128 0xc
 586 009b 2E       		.uleb128 0x2e
 587 009c 00       		.byte	0
 588 009d 3F       		.uleb128 0x3f
 589 009e 19       		.uleb128 0x19
 590 009f 3C       		.uleb128 0x3c
 591 00a0 19       		.uleb128 0x19
 592 00a1 6E       		.uleb128 0x6e
 593 00a2 0E       		.uleb128 0xe
 594 00a3 03       		.uleb128 0x3
 595 00a4 0E       		.uleb128 0xe
 596 00a5 3A       		.uleb128 0x3a
 597 00a6 0B       		.uleb128 0xb
 598 00a7 3B       		.uleb128 0x3b
 599 00a8 0B       		.uleb128 0xb
 600 00a9 00       		.byte	0
 601 00aa 00       		.byte	0
 602 00ab 00       		.byte	0
 603              		.section	.debug_aranges,"",%progbits
 604 0000 34000000 		.4byte	0x34
 605 0004 0200     		.2byte	0x2
 606 0006 00000000 		.4byte	.Ldebug_info0
 607 000a 04       		.byte	0x4
 608 000b 00       		.byte	0
 609 000c 0000     		.2byte	0
 610 000e 0000     		.2byte	0
 611 0010 00000000 		.4byte	.LFB0
ARM GAS  C:\Users\LUCASI~1\AppData\Local\Temp\ccVAnibj.s 			page 15


 612 0014 1C000000 		.4byte	.LFE0-.LFB0
 613 0018 00000000 		.4byte	.LFB1
 614 001c 1C000000 		.4byte	.LFE1-.LFB1
 615 0020 00000000 		.4byte	.LFB2
 616 0024 2C000000 		.4byte	.LFE2-.LFB2
 617 0028 00000000 		.4byte	.LFB3
 618 002c 18000000 		.4byte	.LFE3-.LFB3
 619 0030 00000000 		.4byte	0
 620 0034 00000000 		.4byte	0
 621              		.section	.debug_ranges,"",%progbits
 622              	.Ldebug_ranges0:
 623 0000 00000000 		.4byte	.LFB0
 624 0004 1C000000 		.4byte	.LFE0
 625 0008 00000000 		.4byte	.LFB1
 626 000c 1C000000 		.4byte	.LFE1
 627 0010 00000000 		.4byte	.LFB2
 628 0014 2C000000 		.4byte	.LFE2
 629 0018 00000000 		.4byte	.LFB3
 630 001c 18000000 		.4byte	.LFE3
 631 0020 00000000 		.4byte	0
 632 0024 00000000 		.4byte	0
 633              		.section	.debug_line,"",%progbits
 634              	.Ldebug_line0:
 635 0000 B1000000 		.section	.debug_str,"MS",%progbits,1
 635      02005A00 
 635      00000201 
 635      FB0E0D00 
 635      01010101 
 636              	.LASF18:
 637 0000 50574D55 		.ascii	"PWMUdb\000"
 637      646200
 638              	.LASF19:
 639 0007 50574D50 		.ascii	"PWMPeriod\000"
 639      6572696F 
 639      6400
 640              	.LASF21:
 641 0011 74726967 		.ascii	"triggerPWM_backupStruct\000"
 641      67657250 
 641      574D5F62 
 641      61636B75 
 641      70537472 
 642              	.LASF35:
 643 0029 47656E65 		.ascii	"Generated_Source\\PSoC5\\triggerPWM_PM.c\000"
 643      72617465 
 643      645F536F 
 643      75726365 
 643      5C50536F 
 644              	.LASF29:
 645 0050 74726967 		.ascii	"triggerPWM_WritePeriod\000"
 645      67657250 
 645      574D5F57 
 645      72697465 
 645      50657269 
 646              	.LASF24:
 647 0067 74726967 		.ascii	"triggerPWM_Sleep\000"
 647      67657250 
 647      574D5F53 
ARM GAS  C:\Users\LUCASI~1\AppData\Local\Temp\ccVAnibj.s 			page 16


 647      6C656570 
 647      00
 648              	.LASF23:
 649 0078 74726967 		.ascii	"triggerPWM_RestoreConfig\000"
 649      67657250 
 649      574D5F52 
 649      6573746F 
 649      7265436F 
 650              	.LASF11:
 651 0091 666C6F61 		.ascii	"float\000"
 651      7400
 652              	.LASF31:
 653 0097 74726967 		.ascii	"triggerPWM_WriteControlRegister\000"
 653      67657250 
 653      574D5F57 
 653      72697465 
 653      436F6E74 
 654              	.LASF34:
 655 00b7 474E5520 		.ascii	"GNU C11 5.4.1 20160609 (release) [ARM/embedded-5-br"
 655      43313120 
 655      352E342E 
 655      31203230 
 655      31363036 
 656 00ea 616E6368 		.ascii	"anch revision 237715] -mcpu=cortex-m3 -mthumb -g -O"
 656      20726576 
 656      6973696F 
 656      6E203233 
 656      37373135 
 657 011d 67202D66 		.ascii	"g -ffunction-sections -ffat-lto-objects\000"
 657      66756E63 
 657      74696F6E 
 657      2D736563 
 657      74696F6E 
 658              	.LASF17:
 659 0145 50574D45 		.ascii	"PWMEnableState\000"
 659      6E61626C 
 659      65537461 
 659      746500
 660              	.LASF5:
 661 0154 6C6F6E67 		.ascii	"long unsigned int\000"
 661      20756E73 
 661      69676E65 
 661      6420696E 
 661      7400
 662              	.LASF33:
 663 0166 74726967 		.ascii	"triggerPWM_Enable\000"
 663      67657250 
 663      574D5F45 
 663      6E61626C 
 663      6500
 664              	.LASF9:
 665 0178 75696E74 		.ascii	"uint8\000"
 665      3800
 666              	.LASF27:
 667 017e 74726967 		.ascii	"triggerPWM_ReadCounter\000"
 667      67657250 
 667      574D5F52 
ARM GAS  C:\Users\LUCASI~1\AppData\Local\Temp\ccVAnibj.s 			page 17


 667      65616443 
 667      6F756E74 
 668              	.LASF20:
 669 0195 50574D43 		.ascii	"PWMControlRegister\000"
 669      6F6E7472 
 669      6F6C5265 
 669      67697374 
 669      657200
 670              	.LASF1:
 671 01a8 756E7369 		.ascii	"unsigned char\000"
 671      676E6564 
 671      20636861 
 671      7200
 672              	.LASF12:
 673 01b6 646F7562 		.ascii	"double\000"
 673      6C6500
 674              	.LASF10:
 675 01bd 75696E74 		.ascii	"uint16\000"
 675      313600
 676              	.LASF8:
 677 01c4 756E7369 		.ascii	"unsigned int\000"
 677      676E6564 
 677      20696E74 
 677      00
 678              	.LASF30:
 679 01d1 74726967 		.ascii	"triggerPWM_WriteCounter\000"
 679      67657250 
 679      574D5F57 
 679      72697465 
 679      436F756E 
 680              	.LASF7:
 681 01e9 6C6F6E67 		.ascii	"long long unsigned int\000"
 681      206C6F6E 
 681      6720756E 
 681      7369676E 
 681      65642069 
 682              	.LASF28:
 683 0200 74726967 		.ascii	"triggerPWM_ReadControlRegister\000"
 683      67657250 
 683      574D5F52 
 683      65616443 
 683      6F6E7472 
 684              	.LASF32:
 685 021f 74726967 		.ascii	"triggerPWM_Stop\000"
 685      67657250 
 685      574D5F53 
 685      746F7000 
 686              	.LASF14:
 687 022f 72656738 		.ascii	"reg8\000"
 687      00
 688              	.LASF22:
 689 0234 74726967 		.ascii	"triggerPWM_SaveConfig\000"
 689      67657250 
 689      574D5F53 
 689      61766543 
 689      6F6E6669 
 690              	.LASF16:
ARM GAS  C:\Users\LUCASI~1\AppData\Local\Temp\ccVAnibj.s 			page 18


 691 024a 73697A65 		.ascii	"sizetype\000"
 691      74797065 
 691      00
 692              	.LASF37:
 693 0253 74726967 		.ascii	"triggerPWM_backup\000"
 693      67657250 
 693      574D5F62 
 693      61636B75 
 693      7000
 694              	.LASF6:
 695 0265 6C6F6E67 		.ascii	"long long int\000"
 695      206C6F6E 
 695      6720696E 
 695      7400
 696              	.LASF13:
 697 0273 63686172 		.ascii	"char\000"
 697      00
 698              	.LASF2:
 699 0278 73686F72 		.ascii	"short int\000"
 699      7420696E 
 699      7400
 700              	.LASF25:
 701 0282 74726967 		.ascii	"triggerPWM_Wakeup\000"
 701      67657250 
 701      574D5F57 
 701      616B6575 
 701      7000
 702              	.LASF26:
 703 0294 74726967 		.ascii	"triggerPWM_ReadPeriod\000"
 703      67657250 
 703      574D5F52 
 703      65616450 
 703      6572696F 
 704              	.LASF4:
 705 02aa 6C6F6E67 		.ascii	"long int\000"
 705      20696E74 
 705      00
 706              	.LASF15:
 707 02b3 6C6F6E67 		.ascii	"long double\000"
 707      20646F75 
 707      626C6500 
 708              	.LASF36:
 709 02bf 433A5C55 		.ascii	"C:\\Users\\lucasiversen\\Desktop\\PSOC_1_Program\\P"
 709      73657273 
 709      5C6C7563 
 709      61736976 
 709      65727365 
 710 02ed 534F435F 		.ascii	"SOC_1_Program\\NeoPixel.cydsn\000"
 710      315F5072 
 710      6F677261 
 710      6D5C4E65 
 710      6F506978 
 711              	.LASF0:
 712 030a 7369676E 		.ascii	"signed char\000"
 712      65642063 
 712      68617200 
 713              	.LASF3:
ARM GAS  C:\Users\LUCASI~1\AppData\Local\Temp\ccVAnibj.s 			page 19


 714 0316 73686F72 		.ascii	"short unsigned int\000"
 714      7420756E 
 714      7369676E 
 714      65642069 
 714      6E7400
 715              		.ident	"GCC: (GNU Tools for ARM Embedded Processors) 5.4.1 20160609 (release) [ARM/embedded-5-bran
