ARM GAS  C:\Users\LUCASI~1\AppData\Local\Temp\ccKePy2e.s 			page 1


   1              		.syntax unified
   2              		.cpu cortex-m3
   3              		.fpu softvfp
   4              		.eabi_attribute 20, 1
   5              		.eabi_attribute 21, 1
   6              		.eabi_attribute 23, 3
   7              		.eabi_attribute 24, 1
   8              		.eabi_attribute 25, 1
   9              		.eabi_attribute 26, 1
  10              		.eabi_attribute 30, 1
  11              		.eabi_attribute 34, 1
  12              		.eabi_attribute 18, 4
  13              		.thumb
  14              		.syntax unified
  15              		.file	"cymetadata.c"
  16              		.text
  17              	.Ltext0:
  18              		.cfi_sections	.debug_frame
  19              		.global	cy_metadata
  20              		.global	cy_meta_flashprotect
  21              		.global	cy_meta_wonvl
  22              		.global	cy_meta_custnvl
  23              		.global	cy_meta_configecc
  24              		.section	.cyconfigecc,"a",%progbits
  25              		.align	2
  26              		.type	cy_meta_configecc, %object
  27              		.size	cy_meta_configecc, 1636
  28              	cy_meta_configecc:
  29 0000 05       		.byte	5
  30 0001 52       		.byte	82
  31 0002 00       		.byte	0
  32 0003 40       		.byte	64
  33 0004 02       		.byte	2
  34 0005 64       		.byte	100
  35 0006 00       		.byte	0
  36 0007 40       		.byte	64
  37 0008 02       		.byte	2
  38 0009 65       		.byte	101
  39 000a 00       		.byte	0
  40 000b 40       		.byte	64
  41 000c 38       		.byte	56
  42 000d 04       		.byte	4
  43 000e 01       		.byte	1
  44 000f 40       		.byte	64
  45 0010 2F       		.byte	47
  46 0011 05       		.byte	5
  47 0012 01       		.byte	1
  48 0013 40       		.byte	64
  49 0014 5C       		.byte	92
  50 0015 06       		.byte	6
  51 0016 01       		.byte	1
  52 0017 40       		.byte	64
  53 0018 37       		.byte	55
  54 0019 07       		.byte	7
  55 001a 01       		.byte	1
  56 001b 40       		.byte	64
  57 001c 02       		.byte	2
ARM GAS  C:\Users\LUCASI~1\AppData\Local\Temp\ccKePy2e.s 			page 2


  58 001d 09       		.byte	9
  59 001e 01       		.byte	1
  60 001f 40       		.byte	64
  61 0020 06       		.byte	6
  62 0021 0B       		.byte	11
  63 0022 01       		.byte	1
  64 0023 40       		.byte	64
  65 0024 3E       		.byte	62
  66 0025 0C       		.byte	12
  67 0026 01       		.byte	1
  68 0027 40       		.byte	64
  69 0028 17       		.byte	23
  70 0029 0D       		.byte	13
  71 002a 01       		.byte	1
  72 002b 40       		.byte	64
  73 002c 59       		.byte	89
  74 002d 14       		.byte	20
  75 002e 01       		.byte	1
  76 002f 40       		.byte	64
  77 0030 3A       		.byte	58
  78 0031 15       		.byte	21
  79 0032 01       		.byte	1
  80 0033 40       		.byte	64
  81 0034 44       		.byte	68
  82 0035 16       		.byte	22
  83 0036 01       		.byte	1
  84 0037 40       		.byte	64
  85 0038 39       		.byte	57
  86 0039 17       		.byte	23
  87 003a 01       		.byte	1
  88 003b 40       		.byte	64
  89 003c 02       		.byte	2
  90 003d 19       		.byte	25
  91 003e 01       		.byte	1
  92 003f 40       		.byte	64
  93 0040 03       		.byte	3
  94 0041 1B       		.byte	27
  95 0042 01       		.byte	1
  96 0043 40       		.byte	64
  97 0044 07       		.byte	7
  98 0045 40       		.byte	64
  99 0046 01       		.byte	1
 100 0047 40       		.byte	64
 101 0048 0D       		.byte	13
 102 0049 41       		.byte	65
 103 004a 01       		.byte	1
 104 004b 40       		.byte	64
 105 004c 0F       		.byte	15
 106 004d 42       		.byte	66
 107 004e 01       		.byte	1
 108 004f 40       		.byte	64
 109 0050 09       		.byte	9
 110 0051 43       		.byte	67
 111 0052 01       		.byte	1
 112 0053 40       		.byte	64
 113 0054 02       		.byte	2
 114 0055 45       		.byte	69
ARM GAS  C:\Users\LUCASI~1\AppData\Local\Temp\ccKePy2e.s 			page 3


 115 0056 01       		.byte	1
 116 0057 40       		.byte	64
 117 0058 09       		.byte	9
 118 0059 46       		.byte	70
 119 005a 01       		.byte	1
 120 005b 40       		.byte	64
 121 005c 01       		.byte	1
 122 005d 47       		.byte	71
 123 005e 01       		.byte	1
 124 005f 40       		.byte	64
 125 0060 0A       		.byte	10
 126 0061 48       		.byte	72
 127 0062 01       		.byte	1
 128 0063 40       		.byte	64
 129 0064 0D       		.byte	13
 130 0065 49       		.byte	73
 131 0066 01       		.byte	1
 132 0067 40       		.byte	64
 133 0068 07       		.byte	7
 134 0069 4C       		.byte	76
 135 006a 01       		.byte	1
 136 006b 40       		.byte	64
 137 006c 06       		.byte	6
 138 006d 4D       		.byte	77
 139 006e 01       		.byte	1
 140 006f 40       		.byte	64
 141 0070 05       		.byte	5
 142 0071 50       		.byte	80
 143 0072 01       		.byte	1
 144 0073 40       		.byte	64
 145 0074 03       		.byte	3
 146 0075 51       		.byte	81
 147 0076 01       		.byte	1
 148 0077 40       		.byte	64
 149 0078 00       		.byte	0
 150 0079 C0       		.byte	-64
 151 007a 01       		.byte	1
 152 007b 40       		.byte	64
 153 007c 11       		.byte	17
 154 007d 80       		.byte	-128
 155 007e 60       		.byte	96
 156 007f 80       		.byte	-128
 157 0080 61       		.byte	97
 158 0081 80       		.byte	-128
 159 0082 85       		.byte	-123
 160 0083 0D       		.byte	13
 161 0084 86       		.byte	-122
 162 0085 0D       		.byte	13
 163 0086 85       		.byte	-123
 164 0087 77       		.byte	119
 165 0088 86       		.byte	-122
 166 0089 0F       		.byte	15
 167 008a 01       		.byte	1
 168 008b 01       		.byte	1
 169 008c 22       		.byte	34
 170 008d 01       		.byte	1
 171 008e 2C       		.byte	44
ARM GAS  C:\Users\LUCASI~1\AppData\Local\Temp\ccKePy2e.s 			page 4


 172 008f 02       		.byte	2
 173 0090 2F       		.byte	47
 174 0091 01       		.byte	1
 175 0092 31       		.byte	49
 176 0093 01       		.byte	1
 177 0094 34       		.byte	52
 178 0095 02       		.byte	2
 179 0096 36       		.byte	54
 180 0097 01       		.byte	1
 181 0098 3E       		.byte	62
 182 0099 10       		.byte	16
 183 009a 58       		.byte	88
 184 009b 04       		.byte	4
 185 009c 59       		.byte	89
 186 009d 04       		.byte	4
 187 009e 5C       		.byte	92
 188 009f 33       		.byte	51
 189 00a0 5F       		.byte	95
 190 00a1 01       		.byte	1
 191 00a2 82       		.byte	-126
 192 00a3 01       		.byte	1
 193 00a4 83       		.byte	-125
 194 00a5 02       		.byte	2
 195 00a6 8A       		.byte	-118
 196 00a7 04       		.byte	4
 197 00a8 8F       		.byte	-113
 198 00a9 01       		.byte	1
 199 00aa 97       		.byte	-105
 200 00ab 01       		.byte	1
 201 00ac A2       		.byte	-94
 202 00ad 01       		.byte	1
 203 00ae AE       		.byte	-82
 204 00af 02       		.byte	2
 205 00b0 AF       		.byte	-81
 206 00b1 02       		.byte	2
 207 00b2 B0       		.byte	-80
 208 00b3 02       		.byte	2
 209 00b4 B2       		.byte	-78
 210 00b5 04       		.byte	4
 211 00b6 B4       		.byte	-76
 212 00b7 01       		.byte	1
 213 00b8 B5       		.byte	-75
 214 00b9 02       		.byte	2
 215 00ba B7       		.byte	-73
 216 00bb 01       		.byte	1
 217 00bc BF       		.byte	-65
 218 00bd 10       		.byte	16
 219 00be C0       		.byte	-64
 220 00bf 50       		.byte	80
 221 00c0 C1       		.byte	-63
 222 00c1 04       		.byte	4
 223 00c2 C5       		.byte	-59
 224 00c3 D0       		.byte	-48
 225 00c4 C6       		.byte	-58
 226 00c5 01       		.byte	1
 227 00c6 C7       		.byte	-57
 228 00c7 20       		.byte	32
ARM GAS  C:\Users\LUCASI~1\AppData\Local\Temp\ccKePy2e.s 			page 5


 229 00c8 C8       		.byte	-56
 230 00c9 26       		.byte	38
 231 00ca C9       		.byte	-55
 232 00cb FF       		.byte	-1
 233 00cc CA       		.byte	-54
 234 00cd FF       		.byte	-1
 235 00ce CB       		.byte	-53
 236 00cf FF       		.byte	-1
 237 00d0 CD       		.byte	-51
 238 00d1 A0       		.byte	-96
 239 00d2 CF       		.byte	-49
 240 00d3 04       		.byte	4
 241 00d4 D0       		.byte	-48
 242 00d5 18       		.byte	24
 243 00d6 D2       		.byte	-46
 244 00d7 80       		.byte	-128
 245 00d8 D4       		.byte	-44
 246 00d9 05       		.byte	5
 247 00da D8       		.byte	-40
 248 00db 04       		.byte	4
 249 00dc D9       		.byte	-39
 250 00dd 04       		.byte	4
 251 00de DA       		.byte	-38
 252 00df 04       		.byte	4
 253 00e0 DB       		.byte	-37
 254 00e1 04       		.byte	4
 255 00e2 DC       		.byte	-36
 256 00e3 33       		.byte	51
 257 00e4 DD       		.byte	-35
 258 00e5 33       		.byte	51
 259 00e6 DF       		.byte	-33
 260 00e7 01       		.byte	1
 261 00e8 E0       		.byte	-32
 262 00e9 40       		.byte	64
 263 00ea E2       		.byte	-30
 264 00eb C0       		.byte	-64
 265 00ec E4       		.byte	-28
 266 00ed 40       		.byte	64
 267 00ee E5       		.byte	-27
 268 00ef 40       		.byte	64
 269 00f0 E6       		.byte	-26
 270 00f1 C0       		.byte	-64
 271 00f2 E8       		.byte	-24
 272 00f3 C0       		.byte	-64
 273 00f4 EA       		.byte	-22
 274 00f5 C0       		.byte	-64
 275 00f6 EC       		.byte	-20
 276 00f7 C0       		.byte	-64
 277 00f8 EE       		.byte	-18
 278 00f9 C0       		.byte	-64
 279 00fa 05       		.byte	5
 280 00fb 01       		.byte	1
 281 00fc 06       		.byte	6
 282 00fd 04       		.byte	4
 283 00fe 07       		.byte	7
 284 00ff 04       		.byte	4
 285 0100 11       		.byte	17
ARM GAS  C:\Users\LUCASI~1\AppData\Local\Temp\ccKePy2e.s 			page 6


 286 0101 40       		.byte	64
 287 0102 12       		.byte	18
 288 0103 40       		.byte	64
 289 0104 16       		.byte	22
 290 0105 40       		.byte	64
 291 0106 17       		.byte	23
 292 0107 40       		.byte	64
 293 0108 18       		.byte	24
 294 0109 01       		.byte	1
 295 010a 19       		.byte	25
 296 010b 20       		.byte	32
 297 010c 1D       		.byte	29
 298 010d 01       		.byte	1
 299 010e 1E       		.byte	30
 300 010f 10       		.byte	16
 301 0110 1F       		.byte	31
 302 0111 22       		.byte	34
 303 0112 20       		.byte	32
 304 0113 40       		.byte	64
 305 0114 26       		.byte	38
 306 0115 40       		.byte	64
 307 0116 27       		.byte	39
 308 0117 08       		.byte	8
 309 0118 2A       		.byte	42
 310 0119 40       		.byte	64
 311 011a 2C       		.byte	44
 312 011b 02       		.byte	2
 313 011c 2F       		.byte	47
 314 011d 02       		.byte	2
 315 011e 37       		.byte	55
 316 011f 04       		.byte	4
 317 0120 38       		.byte	56
 318 0121 01       		.byte	1
 319 0122 3D       		.byte	61
 320 0123 80       		.byte	-128
 321 0124 3F       		.byte	63
 322 0125 02       		.byte	2
 323 0126 45       		.byte	69
 324 0127 02       		.byte	2
 325 0128 4C       		.byte	76
 326 0129 02       		.byte	2
 327 012a 4D       		.byte	77
 328 012b 01       		.byte	1
 329 012c 55       		.byte	85
 330 012d 02       		.byte	2
 331 012e 56       		.byte	86
 332 012f 40       		.byte	64
 333 0130 57       		.byte	87
 334 0131 01       		.byte	1
 335 0132 5C       		.byte	92
 336 0133 40       		.byte	64
 337 0134 5D       		.byte	93
 338 0135 01       		.byte	1
 339 0136 5F       		.byte	95
 340 0137 08       		.byte	8
 341 0138 77       		.byte	119
 342 0139 40       		.byte	64
ARM GAS  C:\Users\LUCASI~1\AppData\Local\Temp\ccKePy2e.s 			page 7


 343 013a 8A       		.byte	-118
 344 013b 40       		.byte	64
 345 013c 8D       		.byte	-115
 346 013d 40       		.byte	64
 347 013e C0       		.byte	-64
 348 013f 50       		.byte	80
 349 0140 C4       		.byte	-60
 350 0141 99       		.byte	-103
 351 0142 CA       		.byte	-54
 352 0143 18       		.byte	24
 353 0144 CC       		.byte	-52
 354 0145 40       		.byte	64
 355 0146 CE       		.byte	-50
 356 0147 91       		.byte	-111
 357 0148 D0       		.byte	-48
 358 0149 80       		.byte	-128
 359 014a D2       		.byte	-46
 360 014b 10       		.byte	16
 361 014c D6       		.byte	-42
 362 014d D0       		.byte	-48
 363 014e E0       		.byte	-32
 364 014f 40       		.byte	64
 365 0150 E2       		.byte	-30
 366 0151 20       		.byte	32
 367 0152 E6       		.byte	-26
 368 0153 08       		.byte	8
 369 0154 EA       		.byte	-22
 370 0155 02       		.byte	2
 371 0156 EE       		.byte	-18
 372 0157 08       		.byte	8
 373 0158 00       		.byte	0
 374 0159 10       		.byte	16
 375 015a 02       		.byte	2
 376 015b 0C       		.byte	12
 377 015c 03       		.byte	3
 378 015d 01       		.byte	1
 379 015e 04       		.byte	4
 380 015f 09       		.byte	9
 381 0160 06       		.byte	6
 382 0161 10       		.byte	16
 383 0162 07       		.byte	7
 384 0163 02       		.byte	2
 385 0164 08       		.byte	8
 386 0165 14       		.byte	20
 387 0166 09       		.byte	9
 388 0167 02       		.byte	2
 389 0168 12       		.byte	18
 390 0169 03       		.byte	3
 391 016a 14       		.byte	20
 392 016b 10       		.byte	16
 393 016c 1E       		.byte	30
 394 016d 20       		.byte	32
 395 016e 21       		.byte	33
 396 016f 04       		.byte	4
 397 0170 22       		.byte	34
 398 0171 20       		.byte	32
 399 0172 28       		.byte	40
ARM GAS  C:\Users\LUCASI~1\AppData\Local\Temp\ccKePy2e.s 			page 8


 400 0173 1C       		.byte	28
 401 0174 2A       		.byte	42
 402 0175 02       		.byte	2
 403 0176 2C       		.byte	44
 404 0177 0C       		.byte	12
 405 0178 2E       		.byte	46
 406 0179 11       		.byte	17
 407 017a 30       		.byte	48
 408 017b 1F       		.byte	31
 409 017c 31       		.byte	49
 410 017d 02       		.byte	2
 411 017e 33       		.byte	51
 412 017f 04       		.byte	4
 413 0180 34       		.byte	52
 414 0181 20       		.byte	32
 415 0182 36       		.byte	54
 416 0183 1F       		.byte	31
 417 0184 37       		.byte	55
 418 0185 01       		.byte	1
 419 0186 3E       		.byte	62
 420 0187 10       		.byte	16
 421 0188 3F       		.byte	63
 422 0189 04       		.byte	4
 423 018a 40       		.byte	64
 424 018b 10       		.byte	16
 425 018c 41       		.byte	65
 426 018d 04       		.byte	4
 427 018e 45       		.byte	69
 428 018f D0       		.byte	-48
 429 0190 47       		.byte	71
 430 0191 21       		.byte	33
 431 0192 48       		.byte	72
 432 0193 32       		.byte	50
 433 0194 49       		.byte	73
 434 0195 FF       		.byte	-1
 435 0196 4A       		.byte	74
 436 0197 FF       		.byte	-1
 437 0198 4B       		.byte	75
 438 0199 FF       		.byte	-1
 439 019a 4D       		.byte	77
 440 019b A0       		.byte	-96
 441 019c 4F       		.byte	79
 442 019d 04       		.byte	4
 443 019e 50       		.byte	80
 444 019f 18       		.byte	24
 445 01a0 52       		.byte	82
 446 01a1 80       		.byte	-128
 447 01a2 54       		.byte	84
 448 01a3 05       		.byte	5
 449 01a4 58       		.byte	88
 450 01a5 04       		.byte	4
 451 01a6 59       		.byte	89
 452 01a7 04       		.byte	4
 453 01a8 5A       		.byte	90
 454 01a9 04       		.byte	4
 455 01aa 5B       		.byte	91
 456 01ab 04       		.byte	4
ARM GAS  C:\Users\LUCASI~1\AppData\Local\Temp\ccKePy2e.s 			page 9


 457 01ac 5C       		.byte	92
 458 01ad 32       		.byte	50
 459 01ae 5D       		.byte	93
 460 01af 33       		.byte	51
 461 01b0 5F       		.byte	95
 462 01b1 01       		.byte	1
 463 01b2 60       		.byte	96
 464 01b3 40       		.byte	64
 465 01b4 62       		.byte	98
 466 01b5 C0       		.byte	-64
 467 01b6 64       		.byte	100
 468 01b7 40       		.byte	64
 469 01b8 65       		.byte	101
 470 01b9 40       		.byte	64
 471 01ba 66       		.byte	102
 472 01bb C0       		.byte	-64
 473 01bc 68       		.byte	104
 474 01bd C0       		.byte	-64
 475 01be 6A       		.byte	106
 476 01bf C0       		.byte	-64
 477 01c0 6C       		.byte	108
 478 01c1 C0       		.byte	-64
 479 01c2 6E       		.byte	110
 480 01c3 C0       		.byte	-64
 481 01c4 80       		.byte	-128
 482 01c5 03       		.byte	3
 483 01c6 87       		.byte	-121
 484 01c7 0C       		.byte	12
 485 01c8 8C       		.byte	-116
 486 01c9 03       		.byte	3
 487 01ca 97       		.byte	-105
 488 01cb 08       		.byte	8
 489 01cc 98       		.byte	-104
 490 01cd 02       		.byte	2
 491 01ce 99       		.byte	-103
 492 01cf 0C       		.byte	12
 493 01d0 9B       		.byte	-101
 494 01d1 03       		.byte	3
 495 01d2 9D       		.byte	-99
 496 01d3 01       		.byte	1
 497 01d4 9F       		.byte	-97
 498 01d5 06       		.byte	6
 499 01d6 A6       		.byte	-90
 500 01d7 01       		.byte	1
 501 01d8 A7       		.byte	-89
 502 01d9 03       		.byte	3
 503 01da AD       		.byte	-83
 504 01db 01       		.byte	1
 505 01dc AF       		.byte	-81
 506 01dd 0E       		.byte	14
 507 01de B2       		.byte	-78
 508 01df 03       		.byte	3
 509 01e0 B5       		.byte	-75
 510 01e1 0F       		.byte	15
 511 01e2 B8       		.byte	-72
 512 01e3 08       		.byte	8
 513 01e4 BB       		.byte	-69
ARM GAS  C:\Users\LUCASI~1\AppData\Local\Temp\ccKePy2e.s 			page 10


 514 01e5 20       		.byte	32
 515 01e6 BE       		.byte	-66
 516 01e7 04       		.byte	4
 517 01e8 C0       		.byte	-64
 518 01e9 03       		.byte	3
 519 01ea C7       		.byte	-57
 520 01eb 04       		.byte	4
 521 01ec C9       		.byte	-55
 522 01ed FF       		.byte	-1
 523 01ee CA       		.byte	-54
 524 01ef 07       		.byte	7
 525 01f0 CB       		.byte	-53
 526 01f1 FF       		.byte	-1
 527 01f2 CC       		.byte	-52
 528 01f3 40       		.byte	64
 529 01f4 CD       		.byte	-51
 530 01f5 20       		.byte	32
 531 01f6 CE       		.byte	-50
 532 01f7 F0       		.byte	-16
 533 01f8 CF       		.byte	-49
 534 01f9 05       		.byte	5
 535 01fa D0       		.byte	-48
 536 01fb 08       		.byte	8
 537 01fc D8       		.byte	-40
 538 01fd 04       		.byte	4
 539 01fe D9       		.byte	-39
 540 01ff 04       		.byte	4
 541 0200 DA       		.byte	-38
 542 0201 04       		.byte	4
 543 0202 DC       		.byte	-36
 544 0203 20       		.byte	32
 545 0204 DD       		.byte	-35
 546 0205 02       		.byte	2
 547 0206 DF       		.byte	-33
 548 0207 01       		.byte	1
 549 0208 E0       		.byte	-32
 550 0209 40       		.byte	64
 551 020a E1       		.byte	-31
 552 020b A8       		.byte	-88
 553 020c E2       		.byte	-30
 554 020d 40       		.byte	64
 555 020e E3       		.byte	-29
 556 020f 20       		.byte	32
 557 0210 01       		.byte	1
 558 0211 C0       		.byte	-64
 559 0212 03       		.byte	3
 560 0213 40       		.byte	64
 561 0214 04       		.byte	4
 562 0215 04       		.byte	4
 563 0216 06       		.byte	6
 564 0217 08       		.byte	8
 565 0218 07       		.byte	7
 566 0219 40       		.byte	64
 567 021a 09       		.byte	9
 568 021b 20       		.byte	32
 569 021c 0D       		.byte	13
 570 021d 08       		.byte	8
ARM GAS  C:\Users\LUCASI~1\AppData\Local\Temp\ccKePy2e.s 			page 11


 571 021e 0E       		.byte	14
 572 021f 80       		.byte	-128
 573 0220 0F       		.byte	15
 574 0221 02       		.byte	2
 575 0222 10       		.byte	16
 576 0223 20       		.byte	32
 577 0224 15       		.byte	21
 578 0225 60       		.byte	96
 579 0226 17       		.byte	23
 580 0227 01       		.byte	1
 581 0228 18       		.byte	24
 582 0229 10       		.byte	16
 583 022a 1E       		.byte	30
 584 022b 88       		.byte	-120
 585 022c 1F       		.byte	31
 586 022d 80       		.byte	-128
 587 022e 21       		.byte	33
 588 022f 30       		.byte	48
 589 0230 24       		.byte	36
 590 0231 60       		.byte	96
 591 0232 25       		.byte	37
 592 0233 40       		.byte	64
 593 0234 27       		.byte	39
 594 0235 01       		.byte	1
 595 0236 29       		.byte	41
 596 0237 88       		.byte	-120
 597 0238 2F       		.byte	47
 598 0239 80       		.byte	-128
 599 023a 31       		.byte	49
 600 023b 28       		.byte	40
 601 023c 33       		.byte	51
 602 023d 40       		.byte	64
 603 023e 38       		.byte	56
 604 023f 04       		.byte	4
 605 0240 3C       		.byte	60
 606 0241 0A       		.byte	10
 607 0242 3E       		.byte	62
 608 0243 10       		.byte	16
 609 0244 40       		.byte	64
 610 0245 10       		.byte	16
 611 0246 45       		.byte	69
 612 0247 41       		.byte	65
 613 0248 48       		.byte	72
 614 0249 20       		.byte	32
 615 024a 49       		.byte	73
 616 024b 08       		.byte	8
 617 024c 4D       		.byte	77
 618 024d 01       		.byte	1
 619 024e 51       		.byte	81
 620 024f 08       		.byte	8
 621 0250 54       		.byte	84
 622 0251 04       		.byte	4
 623 0252 55       		.byte	85
 624 0253 01       		.byte	1
 625 0254 56       		.byte	86
 626 0255 04       		.byte	4
 627 0256 57       		.byte	87
ARM GAS  C:\Users\LUCASI~1\AppData\Local\Temp\ccKePy2e.s 			page 12


 628 0257 01       		.byte	1
 629 0258 5C       		.byte	92
 630 0259 40       		.byte	64
 631 025a 5D       		.byte	93
 632 025b 01       		.byte	1
 633 025c 5E       		.byte	94
 634 025d 08       		.byte	8
 635 025e 74       		.byte	116
 636 025f 01       		.byte	1
 637 0260 92       		.byte	-110
 638 0261 10       		.byte	16
 639 0262 9E       		.byte	-98
 640 0263 04       		.byte	4
 641 0264 A5       		.byte	-91
 642 0265 40       		.byte	64
 643 0266 AD       		.byte	-83
 644 0267 20       		.byte	32
 645 0268 B3       		.byte	-77
 646 0269 20       		.byte	32
 647 026a C0       		.byte	-64
 648 026b 79       		.byte	121
 649 026c C2       		.byte	-62
 650 026d B2       		.byte	-78
 651 026e C4       		.byte	-60
 652 026f D4       		.byte	-44
 653 0270 CA       		.byte	-54
 654 0271 8A       		.byte	-118
 655 0272 CC       		.byte	-52
 656 0273 0E       		.byte	14
 657 0274 CE       		.byte	-50
 658 0275 E2       		.byte	-30
 659 0276 D0       		.byte	-48
 660 0277 92       		.byte	-110
 661 0278 D6       		.byte	-42
 662 0279 D0       		.byte	-48
 663 027a E6       		.byte	-26
 664 027b 08       		.byte	8
 665 027c EA       		.byte	-22
 666 027d 80       		.byte	-128
 667 027e 91       		.byte	-111
 668 027f 02       		.byte	2
 669 0280 E6       		.byte	-26
 670 0281 08       		.byte	8
 671 0282 91       		.byte	-111
 672 0283 02       		.byte	2
 673 0284 AE       		.byte	-82
 674 0285 04       		.byte	4
 675 0286 AF       		.byte	-81
 676 0287 80       		.byte	-128
 677 0288 B4       		.byte	-76
 678 0289 01       		.byte	1
 679 028a E6       		.byte	-26
 680 028b 08       		.byte	8
 681 028c EE       		.byte	-18
 682 028d 08       		.byte	8
 683 028e 1F       		.byte	31
 684 028f 01       		.byte	1
ARM GAS  C:\Users\LUCASI~1\AppData\Local\Temp\ccKePy2e.s 			page 13


 685 0290 31       		.byte	49
 686 0291 01       		.byte	1
 687 0292 37       		.byte	55
 688 0293 01       		.byte	1
 689 0294 40       		.byte	64
 690 0295 10       		.byte	16
 691 0296 41       		.byte	65
 692 0297 06       		.byte	6
 693 0298 49       		.byte	73
 694 0299 FF       		.byte	-1
 695 029a 4A       		.byte	74
 696 029b FF       		.byte	-1
 697 029c 4B       		.byte	75
 698 029d FF       		.byte	-1
 699 029e 4D       		.byte	77
 700 029f A0       		.byte	-96
 701 02a0 4F       		.byte	79
 702 02a1 04       		.byte	4
 703 02a2 50       		.byte	80
 704 02a3 18       		.byte	24
 705 02a4 52       		.byte	82
 706 02a5 80       		.byte	-128
 707 02a6 59       		.byte	89
 708 02a7 04       		.byte	4
 709 02a8 5A       		.byte	90
 710 02a9 04       		.byte	4
 711 02aa 5B       		.byte	91
 712 02ab 04       		.byte	4
 713 02ac 5C       		.byte	92
 714 02ad 10       		.byte	16
 715 02ae 5D       		.byte	93
 716 02af 11       		.byte	17
 717 02b0 5F       		.byte	95
 718 02b1 01       		.byte	1
 719 02b2 60       		.byte	96
 720 02b3 40       		.byte	64
 721 02b4 62       		.byte	98
 722 02b5 C0       		.byte	-64
 723 02b6 64       		.byte	100
 724 02b7 40       		.byte	64
 725 02b8 65       		.byte	101
 726 02b9 40       		.byte	64
 727 02ba 66       		.byte	102
 728 02bb C0       		.byte	-64
 729 02bc 68       		.byte	104
 730 02bd C0       		.byte	-64
 731 02be 6A       		.byte	106
 732 02bf C0       		.byte	-64
 733 02c0 6C       		.byte	108
 734 02c1 C0       		.byte	-64
 735 02c2 6E       		.byte	110
 736 02c3 C0       		.byte	-64
 737 02c4 80       		.byte	-128
 738 02c5 01       		.byte	1
 739 02c6 9E       		.byte	-98
 740 02c7 02       		.byte	2
 741 02c8 A6       		.byte	-90
ARM GAS  C:\Users\LUCASI~1\AppData\Local\Temp\ccKePy2e.s 			page 14


 742 02c9 02       		.byte	2
 743 02ca B4       		.byte	-76
 744 02cb 01       		.byte	1
 745 02cc B6       		.byte	-74
 746 02cd 02       		.byte	2
 747 02ce B9       		.byte	-71
 748 02cf 02       		.byte	2
 749 02d0 BE       		.byte	-66
 750 02d1 10       		.byte	16
 751 02d2 BF       		.byte	-65
 752 02d3 01       		.byte	1
 753 02d4 C0       		.byte	-64
 754 02d5 40       		.byte	64
 755 02d6 C1       		.byte	-63
 756 02d7 06       		.byte	6
 757 02d8 C5       		.byte	-59
 758 02d9 01       		.byte	1
 759 02da C7       		.byte	-57
 760 02db 02       		.byte	2
 761 02dc C8       		.byte	-56
 762 02dd 11       		.byte	17
 763 02de C9       		.byte	-55
 764 02df FF       		.byte	-1
 765 02e0 CA       		.byte	-54
 766 02e1 FF       		.byte	-1
 767 02e2 CB       		.byte	-53
 768 02e3 FF       		.byte	-1
 769 02e4 CD       		.byte	-51
 770 02e5 AF       		.byte	-81
 771 02e6 CE       		.byte	-50
 772 02e7 0F       		.byte	15
 773 02e8 CF       		.byte	-49
 774 02e9 04       		.byte	4
 775 02ea D0       		.byte	-48
 776 02eb 18       		.byte	24
 777 02ec D8       		.byte	-40
 778 02ed 04       		.byte	4
 779 02ee D9       		.byte	-39
 780 02ef 04       		.byte	4
 781 02f0 DA       		.byte	-38
 782 02f1 04       		.byte	4
 783 02f2 DC       		.byte	-36
 784 02f3 01       		.byte	1
 785 02f4 DD       		.byte	-35
 786 02f5 01       		.byte	1
 787 02f6 DF       		.byte	-33
 788 02f7 01       		.byte	1
 789 02f8 E0       		.byte	-32
 790 02f9 40       		.byte	64
 791 02fa E2       		.byte	-30
 792 02fb C0       		.byte	-64
 793 02fc E4       		.byte	-28
 794 02fd 40       		.byte	64
 795 02fe E5       		.byte	-27
 796 02ff 40       		.byte	64
 797 0300 E6       		.byte	-26
 798 0301 C0       		.byte	-64
ARM GAS  C:\Users\LUCASI~1\AppData\Local\Temp\ccKePy2e.s 			page 15


 799 0302 E8       		.byte	-24
 800 0303 C0       		.byte	-64
 801 0304 EA       		.byte	-22
 802 0305 C0       		.byte	-64
 803 0306 EC       		.byte	-20
 804 0307 C0       		.byte	-64
 805 0308 EE       		.byte	-18
 806 0309 C0       		.byte	-64
 807 030a 03       		.byte	3
 808 030b 80       		.byte	-128
 809 030c 09       		.byte	9
 810 030d 40       		.byte	64
 811 030e 10       		.byte	16
 812 030f 20       		.byte	32
 813 0310 18       		.byte	24
 814 0311 01       		.byte	1
 815 0312 1A       		.byte	26
 816 0313 04       		.byte	4
 817 0314 21       		.byte	33
 818 0315 01       		.byte	1
 819 0316 24       		.byte	36
 820 0317 40       		.byte	64
 821 0318 25       		.byte	37
 822 0319 40       		.byte	64
 823 031a 27       		.byte	39
 824 031b 80       		.byte	-128
 825 031c 37       		.byte	55
 826 031d 40       		.byte	64
 827 031e 40       		.byte	64
 828 031f 40       		.byte	64
 829 0320 47       		.byte	71
 830 0321 80       		.byte	-128
 831 0322 48       		.byte	72
 832 0323 20       		.byte	32
 833 0324 4A       		.byte	74
 834 0325 08       		.byte	8
 835 0326 4E       		.byte	78
 836 0327 08       		.byte	8
 837 0328 52       		.byte	82
 838 0329 08       		.byte	8
 839 032a 77       		.byte	119
 840 032b 40       		.byte	64
 841 032c C0       		.byte	-64
 842 032d 08       		.byte	8
 843 032e C2       		.byte	-62
 844 032f 01       		.byte	1
 845 0330 C4       		.byte	-60
 846 0331 04       		.byte	4
 847 0332 CC       		.byte	-52
 848 0333 10       		.byte	16
 849 0334 D0       		.byte	-48
 850 0335 11       		.byte	17
 851 0336 D2       		.byte	-46
 852 0337 24       		.byte	36
 853 0338 00       		.byte	0
 854 0339 01       		.byte	1
 855 033a 05       		.byte	5
ARM GAS  C:\Users\LUCASI~1\AppData\Local\Temp\ccKePy2e.s 			page 16


 856 033b 05       		.byte	5
 857 033c 09       		.byte	9
 858 033d 05       		.byte	5
 859 033e 0D       		.byte	13
 860 033f 10       		.byte	16
 861 0340 14       		.byte	20
 862 0341 01       		.byte	1
 863 0342 15       		.byte	21
 864 0343 03       		.byte	3
 865 0344 18       		.byte	24
 866 0345 03       		.byte	3
 867 0346 19       		.byte	25
 868 0347 0A       		.byte	10
 869 0348 1D       		.byte	29
 870 0349 05       		.byte	5
 871 034a 20       		.byte	32
 872 034b 01       		.byte	1
 873 034c 23       		.byte	35
 874 034d 30       		.byte	48
 875 034e 25       		.byte	37
 876 034f 05       		.byte	5
 877 0350 2F       		.byte	47
 878 0351 03       		.byte	3
 879 0352 30       		.byte	48
 880 0353 01       		.byte	1
 881 0354 31       		.byte	49
 882 0355 20       		.byte	32
 883 0356 33       		.byte	51
 884 0357 0C       		.byte	12
 885 0358 34       		.byte	52
 886 0359 02       		.byte	2
 887 035a 35       		.byte	53
 888 035b 03       		.byte	3
 889 035c 37       		.byte	55
 890 035d 10       		.byte	16
 891 035e 3E       		.byte	62
 892 035f 10       		.byte	16
 893 0360 3F       		.byte	63
 894 0361 50       		.byte	80
 895 0362 40       		.byte	64
 896 0363 21       		.byte	33
 897 0364 41       		.byte	65
 898 0365 03       		.byte	3
 899 0366 42       		.byte	66
 900 0367 01       		.byte	1
 901 0368 49       		.byte	73
 902 0369 FF       		.byte	-1
 903 036a 4A       		.byte	74
 904 036b FF       		.byte	-1
 905 036c 4B       		.byte	75
 906 036d FF       		.byte	-1
 907 036e 4D       		.byte	77
 908 036f A0       		.byte	-96
 909 0370 4F       		.byte	79
 910 0371 01       		.byte	1
 911 0372 50       		.byte	80
 912 0373 18       		.byte	24
ARM GAS  C:\Users\LUCASI~1\AppData\Local\Temp\ccKePy2e.s 			page 17


 913 0374 52       		.byte	82
 914 0375 80       		.byte	-128
 915 0376 58       		.byte	88
 916 0377 04       		.byte	4
 917 0378 59       		.byte	89
 918 0379 04       		.byte	4
 919 037a 5A       		.byte	90
 920 037b 04       		.byte	4
 921 037c 5B       		.byte	91
 922 037d 04       		.byte	4
 923 037e 5F       		.byte	95
 924 037f 01       		.byte	1
 925 0380 60       		.byte	96
 926 0381 40       		.byte	64
 927 0382 62       		.byte	98
 928 0383 80       		.byte	-128
 929 0384 64       		.byte	100
 930 0385 40       		.byte	64
 931 0386 65       		.byte	101
 932 0387 40       		.byte	64
 933 0388 66       		.byte	102
 934 0389 80       		.byte	-128
 935 038a 68       		.byte	104
 936 038b 40       		.byte	64
 937 038c 6A       		.byte	106
 938 038d 50       		.byte	80
 939 038e 6B       		.byte	107
 940 038f A8       		.byte	-88
 941 0390 6C       		.byte	108
 942 0391 40       		.byte	64
 943 0392 6D       		.byte	109
 944 0393 20       		.byte	32
 945 0394 6E       		.byte	110
 946 0395 50       		.byte	80
 947 0396 6F       		.byte	111
 948 0397 A8       		.byte	-88
 949 0398 83       		.byte	-125
 950 0399 05       		.byte	5
 951 039a 91       		.byte	-111
 952 039b 01       		.byte	1
 953 039c 99       		.byte	-103
 954 039d 02       		.byte	2
 955 039e AF       		.byte	-81
 956 039f 0A       		.byte	10
 957 03a0 B1       		.byte	-79
 958 03a1 04       		.byte	4
 959 03a2 B3       		.byte	-77
 960 03a3 08       		.byte	8
 961 03a4 B5       		.byte	-75
 962 03a5 02       		.byte	2
 963 03a6 B7       		.byte	-73
 964 03a7 01       		.byte	1
 965 03a8 BF       		.byte	-65
 966 03a9 50       		.byte	80
 967 03aa C0       		.byte	-64
 968 03ab 24       		.byte	36
 969 03ac C1       		.byte	-63
ARM GAS  C:\Users\LUCASI~1\AppData\Local\Temp\ccKePy2e.s 			page 18


 970 03ad 05       		.byte	5
 971 03ae C2       		.byte	-62
 972 03af 04       		.byte	4
 973 03b0 C5       		.byte	-59
 974 03b1 5C       		.byte	92
 975 03b2 C6       		.byte	-58
 976 03b3 20       		.byte	32
 977 03b4 C7       		.byte	-57
 978 03b5 0E       		.byte	14
 979 03b6 C8       		.byte	-56
 980 03b7 3B       		.byte	59
 981 03b8 C9       		.byte	-55
 982 03b9 FF       		.byte	-1
 983 03ba CA       		.byte	-54
 984 03bb FF       		.byte	-1
 985 03bc CB       		.byte	-53
 986 03bd FF       		.byte	-1
 987 03be CD       		.byte	-51
 988 03bf AF       		.byte	-81
 989 03c0 CE       		.byte	-50
 990 03c1 07       		.byte	7
 991 03c2 CF       		.byte	-49
 992 03c3 01       		.byte	1
 993 03c4 D0       		.byte	-48
 994 03c5 18       		.byte	24
 995 03c6 D4       		.byte	-44
 996 03c7 17       		.byte	23
 997 03c8 D6       		.byte	-42
 998 03c9 04       		.byte	4
 999 03ca D9       		.byte	-39
 1000 03cb 04       		.byte	4
 1001 03cc DA       		.byte	-38
 1002 03cd 04       		.byte	4
 1003 03ce DB       		.byte	-37
 1004 03cf 04       		.byte	4
 1005 03d0 DF       		.byte	-33
 1006 03d1 01       		.byte	1
 1007 03d2 E0       		.byte	-32
 1008 03d3 40       		.byte	64
 1009 03d4 E2       		.byte	-30
 1010 03d5 80       		.byte	-128
 1011 03d6 E4       		.byte	-28
 1012 03d7 40       		.byte	64
 1013 03d8 E5       		.byte	-27
 1014 03d9 40       		.byte	64
 1015 03da E6       		.byte	-26
 1016 03db 80       		.byte	-128
 1017 03dc E8       		.byte	-24
 1018 03dd 40       		.byte	64
 1019 03de EA       		.byte	-22
 1020 03df 50       		.byte	80
 1021 03e0 EB       		.byte	-21
 1022 03e1 A8       		.byte	-88
 1023 03e2 EC       		.byte	-20
 1024 03e3 40       		.byte	64
 1025 03e4 ED       		.byte	-19
 1026 03e5 20       		.byte	32
ARM GAS  C:\Users\LUCASI~1\AppData\Local\Temp\ccKePy2e.s 			page 19


 1027 03e6 EE       		.byte	-18
 1028 03e7 50       		.byte	80
 1029 03e8 EF       		.byte	-17
 1030 03e9 A8       		.byte	-88
 1031 03ea 03       		.byte	3
 1032 03eb 80       		.byte	-128
 1033 03ec 0B       		.byte	11
 1034 03ed 28       		.byte	40
 1035 03ee 12       		.byte	18
 1036 03ef 80       		.byte	-128
 1037 03f0 19       		.byte	25
 1038 03f1 01       		.byte	1
 1039 03f2 1A       		.byte	26
 1040 03f3 04       		.byte	4
 1041 03f4 20       		.byte	32
 1042 03f5 45       		.byte	69
 1043 03f6 21       		.byte	33
 1044 03f7 28       		.byte	40
 1045 03f8 23       		.byte	35
 1046 03f9 03       		.byte	3
 1047 03fa 26       		.byte	38
 1048 03fb 42       		.byte	66
 1049 03fc 27       		.byte	39
 1050 03fd 28       		.byte	40
 1051 03fe 28       		.byte	40
 1052 03ff 20       		.byte	32
 1053 0400 29       		.byte	41
 1054 0401 01       		.byte	1
 1055 0402 2A       		.byte	42
 1056 0403 80       		.byte	-128
 1057 0404 2F       		.byte	47
 1058 0405 02       		.byte	2
 1059 0406 30       		.byte	48
 1060 0407 20       		.byte	32
 1061 0408 31       		.byte	49
 1062 0409 08       		.byte	8
 1063 040a 32       		.byte	50
 1064 040b 80       		.byte	-128
 1065 040c 36       		.byte	54
 1066 040d 02       		.byte	2
 1067 040e 37       		.byte	55
 1068 040f 20       		.byte	32
 1069 0410 38       		.byte	56
 1070 0411 40       		.byte	64
 1071 0412 3A       		.byte	58
 1072 0413 20       		.byte	32
 1073 0414 3B       		.byte	59
 1074 0415 28       		.byte	40
 1075 0416 3F       		.byte	63
 1076 0417 02       		.byte	2
 1077 0418 40       		.byte	64
 1078 0419 05       		.byte	5
 1079 041a 43       		.byte	67
 1080 041b 08       		.byte	8
 1081 041c 45       		.byte	69
 1082 041d 20       		.byte	32
 1083 041e 47       		.byte	71
ARM GAS  C:\Users\LUCASI~1\AppData\Local\Temp\ccKePy2e.s 			page 20


 1084 041f 02       		.byte	2
 1085 0420 4E       		.byte	78
 1086 0421 01       		.byte	1
 1087 0422 4F       		.byte	79
 1088 0423 06       		.byte	6
 1089 0424 56       		.byte	86
 1090 0425 08       		.byte	8
 1091 0426 57       		.byte	87
 1092 0427 12       		.byte	18
 1093 0428 5E       		.byte	94
 1094 0429 80       		.byte	-128
 1095 042a 5F       		.byte	95
 1096 042b 18       		.byte	24
 1097 042c 63       		.byte	99
 1098 042d 30       		.byte	48
 1099 042e 66       		.byte	102
 1100 042f 08       		.byte	8
 1101 0430 67       		.byte	103
 1102 0431 85       		.byte	-123
 1103 0432 72       		.byte	114
 1104 0433 80       		.byte	-128
 1105 0434 80       		.byte	-128
 1106 0435 20       		.byte	32
 1107 0436 83       		.byte	-125
 1108 0437 80       		.byte	-128
 1109 0438 86       		.byte	-122
 1110 0439 04       		.byte	4
 1111 043a 87       		.byte	-121
 1112 043b 44       		.byte	68
 1113 043c 8A       		.byte	-118
 1114 043d 81       		.byte	-127
 1115 043e 8B       		.byte	-117
 1116 043f 08       		.byte	8
 1117 0440 9A       		.byte	-102
 1118 0441 20       		.byte	32
 1119 0442 A0       		.byte	-96
 1120 0443 20       		.byte	32
 1121 0444 A6       		.byte	-90
 1122 0445 80       		.byte	-128
 1123 0446 AA       		.byte	-86
 1124 0447 20       		.byte	32
 1125 0448 AB       		.byte	-85
 1126 0449 80       		.byte	-128
 1127 044a C0       		.byte	-64
 1128 044b 08       		.byte	8
 1129 044c C2       		.byte	-62
 1130 044d 06       		.byte	6
 1131 044e C4       		.byte	-60
 1132 044f 08       		.byte	8
 1133 0450 CA       		.byte	-54
 1134 0451 1B       		.byte	27
 1135 0452 CC       		.byte	-52
 1136 0453 AE       		.byte	-82
 1137 0454 CE       		.byte	-50
 1138 0455 8E       		.byte	-114
 1139 0456 D0       		.byte	-48
 1140 0457 AE       		.byte	-82
ARM GAS  C:\Users\LUCASI~1\AppData\Local\Temp\ccKePy2e.s 			page 21


 1141 0458 D2       		.byte	-46
 1142 0459 10       		.byte	16
 1143 045a D6       		.byte	-42
 1144 045b 70       		.byte	112
 1145 045c D8       		.byte	-40
 1146 045d F0       		.byte	-16
 1147 045e 00       		.byte	0
 1148 045f 01       		.byte	1
 1149 0460 05       		.byte	5
 1150 0461 03       		.byte	3
 1151 0462 06       		.byte	6
 1152 0463 01       		.byte	1
 1153 0464 07       		.byte	7
 1154 0465 04       		.byte	4
 1155 0466 09       		.byte	9
 1156 0467 0A       		.byte	10
 1157 0468 0B       		.byte	11
 1158 0469 04       		.byte	4
 1159 046a 0C       		.byte	12
 1160 046b 01       		.byte	1
 1161 046c 1A       		.byte	26
 1162 046d 01       		.byte	1
 1163 046e 1B       		.byte	27
 1164 046f 08       		.byte	8
 1165 0470 1D       		.byte	29
 1166 0471 03       		.byte	3
 1167 0472 1F       		.byte	31
 1168 0473 0C       		.byte	12
 1169 0474 21       		.byte	33
 1170 0475 10       		.byte	16
 1171 0476 24       		.byte	36
 1172 0477 02       		.byte	2
 1173 0478 27       		.byte	39
 1174 0479 05       		.byte	5
 1175 047a 2A       		.byte	42
 1176 047b 01       		.byte	1
 1177 047c 2D       		.byte	45
 1178 047d 03       		.byte	3
 1179 047e 2F       		.byte	47
 1180 047f 04       		.byte	4
 1181 0480 30       		.byte	48
 1182 0481 01       		.byte	1
 1183 0482 31       		.byte	49
 1184 0483 0F       		.byte	15
 1185 0484 35       		.byte	53
 1186 0485 10       		.byte	16
 1187 0486 36       		.byte	54
 1188 0487 02       		.byte	2
 1189 0488 3B       		.byte	59
 1190 0489 02       		.byte	2
 1191 048a 3E       		.byte	62
 1192 048b 41       		.byte	65
 1193 048c 3F       		.byte	63
 1194 048d 10       		.byte	16
 1195 048e 40       		.byte	64
 1196 048f 12       		.byte	18
 1197 0490 41       		.byte	65
ARM GAS  C:\Users\LUCASI~1\AppData\Local\Temp\ccKePy2e.s 			page 22


 1198 0491 05       		.byte	5
 1199 0492 45       		.byte	69
 1200 0493 EC       		.byte	-20
 1201 0494 47       		.byte	71
 1202 0495 0B       		.byte	11
 1203 0496 48       		.byte	72
 1204 0497 13       		.byte	19
 1205 0498 49       		.byte	73
 1206 0499 FF       		.byte	-1
 1207 049a 4A       		.byte	74
 1208 049b FF       		.byte	-1
 1209 049c 4B       		.byte	75
 1210 049d FF       		.byte	-1
 1211 049e 4E       		.byte	78
 1212 049f F0       		.byte	-16
 1213 04a0 4F       		.byte	79
 1214 04a1 44       		.byte	68
 1215 04a2 50       		.byte	80
 1216 04a3 0C       		.byte	12
 1217 04a4 54       		.byte	84
 1218 04a5 01       		.byte	1
 1219 04a6 58       		.byte	88
 1220 04a7 04       		.byte	4
 1221 04a8 59       		.byte	89
 1222 04a9 04       		.byte	4
 1223 04aa 5A       		.byte	90
 1224 04ab 04       		.byte	4
 1225 04ac 5B       		.byte	91
 1226 04ad 04       		.byte	4
 1227 04ae 5C       		.byte	92
 1228 04af 20       		.byte	32
 1229 04b0 5D       		.byte	93
 1230 04b1 22       		.byte	34
 1231 04b2 5F       		.byte	95
 1232 04b3 01       		.byte	1
 1233 04b4 66       		.byte	102
 1234 04b5 C0       		.byte	-64
 1235 04b6 6A       		.byte	106
 1236 04b7 40       		.byte	64
 1237 04b8 6B       		.byte	107
 1238 04b9 02       		.byte	2
 1239 04ba 80       		.byte	-128
 1240 04bb 01       		.byte	1
 1241 04bc 86       		.byte	-122
 1242 04bd 02       		.byte	2
 1243 04be 8B       		.byte	-117
 1244 04bf 01       		.byte	1
 1245 04c0 8E       		.byte	-114
 1246 04c1 06       		.byte	6
 1247 04c2 92       		.byte	-110
 1248 04c3 0A       		.byte	10
 1249 04c4 96       		.byte	-106
 1250 04c5 04       		.byte	4
 1251 04c6 9D       		.byte	-99
 1252 04c7 01       		.byte	1
 1253 04c8 A5       		.byte	-91
 1254 04c9 02       		.byte	2
ARM GAS  C:\Users\LUCASI~1\AppData\Local\Temp\ccKePy2e.s 			page 23


 1255 04ca A6       		.byte	-90
 1256 04cb 0C       		.byte	12
 1257 04cc A8       		.byte	-88
 1258 04cd 0C       		.byte	12
 1259 04ce AA       		.byte	-86
 1260 04cf 02       		.byte	2
 1261 04d0 AD       		.byte	-83
 1262 04d1 01       		.byte	1
 1263 04d2 B2       		.byte	-78
 1264 04d3 01       		.byte	1
 1265 04d4 B5       		.byte	-75
 1266 04d5 03       		.byte	3
 1267 04d6 B6       		.byte	-74
 1268 04d7 0E       		.byte	14
 1269 04d8 B9       		.byte	-71
 1270 04d9 20       		.byte	32
 1271 04da BA       		.byte	-70
 1272 04db 80       		.byte	-128
 1273 04dc BE       		.byte	-66
 1274 04dd 04       		.byte	4
 1275 04de D8       		.byte	-40
 1276 04df 04       		.byte	4
 1277 04e0 D9       		.byte	-39
 1278 04e1 04       		.byte	4
 1279 04e2 DC       		.byte	-36
 1280 04e3 22       		.byte	34
 1281 04e4 DF       		.byte	-33
 1282 04e5 01       		.byte	1
 1283 04e6 01       		.byte	1
 1284 04e7 88       		.byte	-120
 1285 04e8 02       		.byte	2
 1286 04e9 80       		.byte	-128
 1287 04ea 05       		.byte	5
 1288 04eb 88       		.byte	-120
 1289 04ec 07       		.byte	7
 1290 04ed 60       		.byte	96
 1291 04ee 09       		.byte	9
 1292 04ef 09       		.byte	9
 1293 04f0 0F       		.byte	15
 1294 04f1 08       		.byte	8
 1295 04f2 11       		.byte	17
 1296 04f3 10       		.byte	16
 1297 04f4 12       		.byte	18
 1298 04f5 20       		.byte	32
 1299 04f6 15       		.byte	21
 1300 04f7 30       		.byte	48
 1301 04f8 16       		.byte	22
 1302 04f9 20       		.byte	32
 1303 04fa 18       		.byte	24
 1304 04fb 20       		.byte	32
 1305 04fc 19       		.byte	25
 1306 04fd 80       		.byte	-128
 1307 04fe 1E       		.byte	30
 1308 04ff 80       		.byte	-128
 1309 0500 1F       		.byte	31
 1310 0501 80       		.byte	-128
 1311 0502 20       		.byte	32
ARM GAS  C:\Users\LUCASI~1\AppData\Local\Temp\ccKePy2e.s 			page 24


 1312 0503 04       		.byte	4
 1313 0504 22       		.byte	34
 1314 0505 20       		.byte	32
 1315 0506 25       		.byte	37
 1316 0507 01       		.byte	1
 1317 0508 27       		.byte	39
 1318 0509 48       		.byte	72
 1319 050a 29       		.byte	41
 1320 050b 88       		.byte	-120
 1321 050c 2C       		.byte	44
 1322 050d 80       		.byte	-128
 1323 050e 2D       		.byte	45
 1324 050f 88       		.byte	-120
 1325 0510 33       		.byte	51
 1326 0511 40       		.byte	64
 1327 0512 36       		.byte	54
 1328 0513 20       		.byte	32
 1329 0514 37       		.byte	55
 1330 0515 40       		.byte	64
 1331 0516 39       		.byte	57
 1332 0517 20       		.byte	32
 1333 0518 3D       		.byte	61
 1334 0519 10       		.byte	16
 1335 051a 3F       		.byte	63
 1336 051b 08       		.byte	8
 1337 051c 47       		.byte	71
 1338 051d 60       		.byte	96
 1339 051e 4C       		.byte	76
 1340 051f 80       		.byte	-128
 1341 0520 4D       		.byte	77
 1342 0521 81       		.byte	-127
 1343 0522 4F       		.byte	79
 1344 0523 08       		.byte	8
 1345 0524 56       		.byte	86
 1346 0525 08       		.byte	8
 1347 0526 5C       		.byte	92
 1348 0527 20       		.byte	32
 1349 0528 5D       		.byte	93
 1350 0529 01       		.byte	1
 1351 052a 5E       		.byte	94
 1352 052b 80       		.byte	-128
 1353 052c 5F       		.byte	95
 1354 052d 08       		.byte	8
 1355 052e 80       		.byte	-128
 1356 052f 20       		.byte	32
 1357 0530 8C       		.byte	-116
 1358 0531 30       		.byte	48
 1359 0532 8F       		.byte	-113
 1360 0533 04       		.byte	4
 1361 0534 91       		.byte	-111
 1362 0535 20       		.byte	32
 1363 0536 94       		.byte	-108
 1364 0537 04       		.byte	4
 1365 0538 99       		.byte	-103
 1366 0539 08       		.byte	8
 1367 053a 9D       		.byte	-99
 1368 053b 80       		.byte	-128
ARM GAS  C:\Users\LUCASI~1\AppData\Local\Temp\ccKePy2e.s 			page 25


 1369 053c 9E       		.byte	-98
 1370 053d 08       		.byte	8
 1371 053e 9F       		.byte	-97
 1372 053f 40       		.byte	64
 1373 0540 A1       		.byte	-95
 1374 0541 08       		.byte	8
 1375 0542 B4       		.byte	-76
 1376 0543 10       		.byte	16
 1377 0544 C0       		.byte	-64
 1378 0545 BD       		.byte	-67
 1379 0546 C2       		.byte	-62
 1380 0547 4C       		.byte	76
 1381 0548 C4       		.byte	-60
 1382 0549 66       		.byte	102
 1383 054a CA       		.byte	-54
 1384 054b DA       		.byte	-38
 1385 054c CC       		.byte	-52
 1386 054d 38       		.byte	56
 1387 054e CE       		.byte	-50
 1388 054f 64       		.byte	100
 1389 0550 D0       		.byte	-48
 1390 0551 30       		.byte	48
 1391 0552 D2       		.byte	-46
 1392 0553 10       		.byte	16
 1393 0554 D6       		.byte	-42
 1394 0555 F0       		.byte	-16
 1395 0556 E6       		.byte	-26
 1396 0557 40       		.byte	64
 1397 0558 91       		.byte	-111
 1398 0559 02       		.byte	2
 1399 055a EC       		.byte	-20
 1400 055b 40       		.byte	64
 1401 055c 89       		.byte	-119
 1402 055d 01       		.byte	1
 1403 055e 91       		.byte	-111
 1404 055f 02       		.byte	2
 1405 0560 E2       		.byte	-30
 1406 0561 A0       		.byte	-96
 1407 0562 32       		.byte	50
 1408 0563 02       		.byte	2
 1409 0564 33       		.byte	51
 1410 0565 80       		.byte	-128
 1411 0566 34       		.byte	52
 1412 0567 40       		.byte	64
 1413 0568 36       		.byte	54
 1414 0569 04       		.byte	4
 1415 056a 3B       		.byte	59
 1416 056b 40       		.byte	64
 1417 056c CC       		.byte	-52
 1418 056d F0       		.byte	-16
 1419 056e CE       		.byte	-50
 1420 056f 10       		.byte	16
 1421 0570 31       		.byte	49
 1422 0571 20       		.byte	32
 1423 0572 33       		.byte	51
 1424 0573 01       		.byte	1
 1425 0574 35       		.byte	53
ARM GAS  C:\Users\LUCASI~1\AppData\Local\Temp\ccKePy2e.s 			page 26


 1426 0575 40       		.byte	64
 1427 0576 36       		.byte	54
 1428 0577 08       		.byte	8
 1429 0578 5C       		.byte	92
 1430 0579 02       		.byte	2
 1431 057a 67       		.byte	103
 1432 057b 08       		.byte	8
 1433 057c 97       		.byte	-105
 1434 057d 40       		.byte	64
 1435 057e 9C       		.byte	-100
 1436 057f 40       		.byte	64
 1437 0580 A6       		.byte	-90
 1438 0581 06       		.byte	6
 1439 0582 A7       		.byte	-89
 1440 0583 80       		.byte	-128
 1441 0584 CC       		.byte	-52
 1442 0585 F0       		.byte	-16
 1443 0586 D6       		.byte	-42
 1444 0587 80       		.byte	-128
 1445 0588 D8       		.byte	-40
 1446 0589 80       		.byte	-128
 1447 058a 01       		.byte	1
 1448 058b 02       		.byte	2
 1449 058c 87       		.byte	-121
 1450 058d 80       		.byte	-128
 1451 058e 88       		.byte	-120
 1452 058f 02       		.byte	2
 1453 0590 8D       		.byte	-115
 1454 0591 02       		.byte	2
 1455 0592 97       		.byte	-105
 1456 0593 48       		.byte	72
 1457 0594 9C       		.byte	-100
 1458 0595 42       		.byte	66
 1459 0596 A5       		.byte	-91
 1460 0597 20       		.byte	32
 1461 0598 A6       		.byte	-90
 1462 0599 0E       		.byte	14
 1463 059a A7       		.byte	-89
 1464 059b 80       		.byte	-128
 1465 059c AD       		.byte	-83
 1466 059d 40       		.byte	64
 1467 059e AF       		.byte	-81
 1468 059f 01       		.byte	1
 1469 05a0 C0       		.byte	-64
 1470 05a1 10       		.byte	16
 1471 05a2 E6       		.byte	-26
 1472 05a3 10       		.byte	16
 1473 05a4 EA       		.byte	-22
 1474 05a5 40       		.byte	64
 1475 05a6 EE       		.byte	-18
 1476 05a7 10       		.byte	16
 1477 05a8 84       		.byte	-124
 1478 05a9 40       		.byte	64
 1479 05aa 99       		.byte	-103
 1480 05ab 02       		.byte	2
 1481 05ac 9C       		.byte	-100
 1482 05ad 40       		.byte	64
ARM GAS  C:\Users\LUCASI~1\AppData\Local\Temp\ccKePy2e.s 			page 27


 1483 05ae A5       		.byte	-91
 1484 05af 20       		.byte	32
 1485 05b0 A6       		.byte	-90
 1486 05b1 0E       		.byte	14
 1487 05b2 AF       		.byte	-81
 1488 05b3 40       		.byte	64
 1489 05b4 B3       		.byte	-77
 1490 05b5 04       		.byte	4
 1491 05b6 E6       		.byte	-26
 1492 05b7 10       		.byte	16
 1493 05b8 EE       		.byte	-18
 1494 05b9 40       		.byte	64
 1495 05ba 61       		.byte	97
 1496 05bb 02       		.byte	2
 1497 05bc D8       		.byte	-40
 1498 05bd 02       		.byte	2
 1499 05be 02       		.byte	2
 1500 05bf 80       		.byte	-128
 1501 05c0 1B       		.byte	27
 1502 05c1 01       		.byte	1
 1503 05c2 87       		.byte	-121
 1504 05c3 01       		.byte	1
 1505 05c4 A6       		.byte	-90
 1506 05c5 80       		.byte	-128
 1507 05c6 AE       		.byte	-82
 1508 05c7 80       		.byte	-128
 1509 05c8 B5       		.byte	-75
 1510 05c9 02       		.byte	2
 1511 05ca C0       		.byte	-64
 1512 05cb 08       		.byte	8
 1513 05cc C6       		.byte	-58
 1514 05cd 08       		.byte	8
 1515 05ce EC       		.byte	-20
 1516 05cf 08       		.byte	8
 1517 05d0 86       		.byte	-122
 1518 05d1 10       		.byte	16
 1519 05d2 03       		.byte	3
 1520 05d3 10       		.byte	16
 1521 05d4 23       		.byte	35
 1522 05d5 20       		.byte	32
 1523 05d6 83       		.byte	-125
 1524 05d7 20       		.byte	32
 1525 05d8 8D       		.byte	-115
 1526 05d9 20       		.byte	32
 1527 05da 99       		.byte	-103
 1528 05db 02       		.byte	2
 1529 05dc A5       		.byte	-91
 1530 05dd 20       		.byte	32
 1531 05de A6       		.byte	-90
 1532 05df 0E       		.byte	14
 1533 05e0 C0       		.byte	-64
 1534 05e1 10       		.byte	16
 1535 05e2 C8       		.byte	-56
 1536 05e3 40       		.byte	64
 1537 05e4 E0       		.byte	-32
 1538 05e5 80       		.byte	-128
 1539 05e6 03       		.byte	3
ARM GAS  C:\Users\LUCASI~1\AppData\Local\Temp\ccKePy2e.s 			page 28


 1540 05e7 20       		.byte	32
 1541 05e8 81       		.byte	-127
 1542 05e9 02       		.byte	2
 1543 05ea 86       		.byte	-122
 1544 05eb 0A       		.byte	10
 1545 05ec 87       		.byte	-121
 1546 05ed 20       		.byte	32
 1547 05ee 99       		.byte	-103
 1548 05ef 02       		.byte	2
 1549 05f0 A6       		.byte	-90
 1550 05f1 0A       		.byte	10
 1551 05f2 AA       		.byte	-86
 1552 05f3 04       		.byte	4
 1553 05f4 AB       		.byte	-85
 1554 05f5 10       		.byte	16
 1555 05f6 C0       		.byte	-64
 1556 05f7 10       		.byte	16
 1557 05f8 E2       		.byte	-30
 1558 05f9 50       		.byte	80
 1559 05fa E4       		.byte	-28
 1560 05fb 30       		.byte	48
 1561 05fc E8       		.byte	-24
 1562 05fd 20       		.byte	32
 1563 05fe EE       		.byte	-18
 1564 05ff 20       		.byte	32
 1565 0600 0C       		.byte	12
 1566 0601 40       		.byte	64
 1567 0602 0E       		.byte	14
 1568 0603 20       		.byte	32
 1569 0604 A0       		.byte	-96
 1570 0605 02       		.byte	2
 1571 0606 A6       		.byte	-90
 1572 0607 10       		.byte	16
 1573 0608 B4       		.byte	-76
 1574 0609 02       		.byte	2
 1575 060a C2       		.byte	-62
 1576 060b 05       		.byte	5
 1577 060c EC       		.byte	-20
 1578 060d 02       		.byte	2
 1579 060e 74       		.byte	116
 1580 060f 02       		.byte	2
 1581 0610 88       		.byte	-120
 1582 0611 40       		.byte	64
 1583 0612 98       		.byte	-104
 1584 0613 40       		.byte	64
 1585 0614 A0       		.byte	-96
 1586 0615 02       		.byte	2
 1587 0616 DE       		.byte	-34
 1588 0617 04       		.byte	4
 1589 0618 E2       		.byte	-30
 1590 0619 01       		.byte	1
 1591 061a 00       		.byte	0
 1592 061b 0E       		.byte	14
 1593 061c 0A       		.byte	10
 1594 061d 0C       		.byte	12
 1595 061e 0E       		.byte	14
 1596 061f 02       		.byte	2
ARM GAS  C:\Users\LUCASI~1\AppData\Local\Temp\ccKePy2e.s 			page 29


 1597 0620 10       		.byte	16
 1598 0621 05       		.byte	5
 1599 0622 1A       		.byte	26
 1600 0623 05       		.byte	5
 1601 0624 00       		.byte	0
 1602 0625 FF       		.byte	-1
 1603 0626 01       		.byte	1
 1604 0627 FF       		.byte	-1
 1605 0628 02       		.byte	2
 1606 0629 03       		.byte	3
 1607 062a 00       		.byte	0
 1608 062b 00       		.byte	0
 1609 062c 00       		.byte	0
 1610 062d E3       		.byte	-29
 1611 062e E3       		.byte	-29
 1612 062f 00       		.byte	0
 1613 0630 C0       		.byte	-64
 1614 0631 00       		.byte	0
 1615 0632 00       		.byte	0
 1616 0633 00       		.byte	0
 1617 0634 80       		.byte	-128
 1618 0635 00       		.byte	0
 1619 0636 04       		.byte	4
 1620 0637 80       		.byte	-128
 1621 0638 80       		.byte	-128
 1622 0639 00       		.byte	0
 1623 063a 80       		.byte	-128
 1624 063b 00       		.byte	0
 1625 063c 00       		.byte	0
 1626 063d 00       		.byte	0
 1627 063e 00       		.byte	0
 1628 063f 00       		.byte	0
 1629 0640 11       		.byte	17
 1630 0641 20       		.byte	32
 1631 0642 20       		.byte	32
 1632 0643 00       		.byte	0
 1633 0644 00       		.byte	0
 1634 0645 00       		.byte	0
 1635 0646 00       		.byte	0
 1636 0647 00       		.byte	0
 1637 0648 A0       		.byte	-96
 1638 0649 4B       		.byte	75
 1639 064a 4B       		.byte	75
 1640 064b 00       		.byte	0
 1641 064c 00       		.byte	0
 1642 064d 00       		.byte	0
 1643 064e 00       		.byte	0
 1644 064f 00       		.byte	0
 1645 0650 00       		.byte	0
 1646 0651 86       		.byte	-122
 1647 0652 86       		.byte	-122
 1648 0653 00       		.byte	0
 1649 0654 80       		.byte	-128
 1650 0655 00       		.byte	0
 1651 0656 01       		.byte	1
 1652 0657 00       		.byte	0
 1653 0658 01       		.byte	1
ARM GAS  C:\Users\LUCASI~1\AppData\Local\Temp\ccKePy2e.s 			page 30


 1654 0659 00       		.byte	0
 1655 065a 00       		.byte	0
 1656 065b 00       		.byte	0
 1657 065c 00       		.byte	0
 1658 065d 00       		.byte	0
 1659 065e 00       		.byte	0
 1660 065f 00       		.byte	0
 1661 0660 0E       		.byte	14
 1662 0661 00       		.byte	0
 1663 0662 18       		.byte	24
 1664 0663 01       		.byte	1
 1665              		.section	.cywolatch,"a",%progbits
 1666              		.align	2
 1667              		.type	cy_meta_wonvl, %object
 1668              		.size	cy_meta_wonvl, 4
 1669              	cy_meta_wonvl:
 1670 0000 BC       		.byte	-68
 1671 0001 90       		.byte	-112
 1672 0002 AC       		.byte	-84
 1673 0003 AF       		.byte	-81
 1674              		.section	.cycustnvl,"a",%progbits
 1675              		.align	2
 1676              		.type	cy_meta_custnvl, %object
 1677              		.size	cy_meta_custnvl, 4
 1678              	cy_meta_custnvl:
 1679 0000 00       		.byte	0
 1680 0001 00       		.byte	0
 1681 0002 40       		.byte	64
 1682 0003 05       		.byte	5
 1683              		.section	.cymeta,"a",%progbits
 1684              		.align	2
 1685              		.type	cy_metadata, %object
 1686              		.size	cy_metadata, 12
 1687              	cy_metadata:
 1688 0000 00       		.byte	0
 1689 0001 01       		.byte	1
 1690 0002 2E       		.byte	46
 1691 0003 16       		.byte	22
 1692 0004 10       		.byte	16
 1693 0005 69       		.byte	105
 1694 0006 00       		.byte	0
 1695 0007 01       		.byte	1
 1696 0008 00       		.byte	0
 1697 0009 00       		.byte	0
 1698 000a 00       		.byte	0
 1699 000b 00       		.byte	0
 1700              		.section	.cyflashprotect,"a",%progbits
 1701              		.align	2
 1702              		.type	cy_meta_flashprotect, %object
 1703              		.size	cy_meta_flashprotect, 256
 1704              	cy_meta_flashprotect:
 1705 0000 00000000 		.space	256
 1705      00000000 
 1705      00000000 
 1705      00000000 
 1705      00000000 
 1706              		.text
ARM GAS  C:\Users\LUCASI~1\AppData\Local\Temp\ccKePy2e.s 			page 31


 1707              	.Letext0:
 1708              		.file 1 "c:\\program files (x86)\\cypress\\psoc creator\\4.2\\psoc creator\\import\\gnu\\arm\\5.4.
 1709              		.file 2 "c:\\program files (x86)\\cypress\\psoc creator\\4.2\\psoc creator\\import\\gnu\\arm\\5.4.
 1710              		.file 3 "Generated_Source\\PSoC5\\cymetadata.c"
 1711              		.section	.debug_info,"",%progbits
 1712              	.Ldebug_info0:
 1713 0000 34010000 		.4byte	0x134
 1714 0004 0400     		.2byte	0x4
 1715 0006 00000000 		.4byte	.Ldebug_abbrev0
 1716 000a 04       		.byte	0x4
 1717 000b 01       		.uleb128 0x1
 1718 000c 24000000 		.4byte	.LASF17
 1719 0010 0C       		.byte	0xc
 1720 0011 BC010000 		.4byte	.LASF18
 1721 0015 25010000 		.4byte	.LASF19
 1722 0019 00000000 		.4byte	.Ldebug_line0
 1723 001d 02       		.uleb128 0x2
 1724 001e 01       		.byte	0x1
 1725 001f 06       		.byte	0x6
 1726 0020 B0010000 		.4byte	.LASF0
 1727 0024 03       		.uleb128 0x3
 1728 0025 00000000 		.4byte	.LASF9
 1729 0029 01       		.byte	0x1
 1730 002a 1D       		.byte	0x1d
 1731 002b 2F000000 		.4byte	0x2f
 1732 002f 02       		.uleb128 0x2
 1733 0030 01       		.byte	0x1
 1734 0031 08       		.byte	0x8
 1735 0032 16000000 		.4byte	.LASF1
 1736 0036 02       		.uleb128 0x2
 1737 0037 02       		.byte	0x2
 1738 0038 05       		.byte	0x5
 1739 0039 9D010000 		.4byte	.LASF2
 1740 003d 02       		.uleb128 0x2
 1741 003e 02       		.byte	0x2
 1742 003f 07       		.byte	0x7
 1743 0040 C4000000 		.4byte	.LASF3
 1744 0044 02       		.uleb128 0x2
 1745 0045 04       		.byte	0x4
 1746 0046 05       		.byte	0x5
 1747 0047 A7010000 		.4byte	.LASF4
 1748 004b 02       		.uleb128 0x2
 1749 004c 04       		.byte	0x4
 1750 004d 07       		.byte	0x7
 1751 004e B2000000 		.4byte	.LASF5
 1752 0052 02       		.uleb128 0x2
 1753 0053 08       		.byte	0x8
 1754 0054 05       		.byte	0x5
 1755 0055 8F010000 		.4byte	.LASF6
 1756 0059 02       		.uleb128 0x2
 1757 005a 08       		.byte	0x8
 1758 005b 07       		.byte	0x7
 1759 005c 06010000 		.4byte	.LASF7
 1760 0060 04       		.uleb128 0x4
 1761 0061 04       		.byte	0x4
 1762 0062 05       		.byte	0x5
 1763 0063 696E7400 		.ascii	"int\000"
ARM GAS  C:\Users\LUCASI~1\AppData\Local\Temp\ccKePy2e.s 			page 32


 1764 0067 02       		.uleb128 0x2
 1765 0068 04       		.byte	0x4
 1766 0069 07       		.byte	0x7
 1767 006a F9000000 		.4byte	.LASF8
 1768 006e 03       		.uleb128 0x3
 1769 006f 1D010000 		.4byte	.LASF10
 1770 0073 02       		.byte	0x2
 1771 0074 18       		.byte	0x18
 1772 0075 24000000 		.4byte	0x24
 1773 0079 05       		.uleb128 0x5
 1774 007a 91000000 		.4byte	0x91
 1775 007e 8A000000 		.4byte	0x8a
 1776 0082 06       		.uleb128 0x6
 1777 0083 8A000000 		.4byte	0x8a
 1778 0087 6306     		.2byte	0x663
 1779 0089 00       		.byte	0
 1780 008a 02       		.uleb128 0x2
 1781 008b 04       		.byte	0x4
 1782 008c 07       		.byte	0x7
 1783 008d 86010000 		.4byte	.LASF11
 1784 0091 07       		.uleb128 0x7
 1785 0092 6E000000 		.4byte	0x6e
 1786 0096 08       		.uleb128 0x8
 1787 0097 E7000000 		.4byte	.LASF12
 1788 009b 03       		.byte	0x3
 1789 009c 1F       		.byte	0x1f
 1790 009d A7000000 		.4byte	0xa7
 1791 00a1 05       		.uleb128 0x5
 1792 00a2 03       		.byte	0x3
 1793 00a3 00000000 		.4byte	cy_meta_configecc
 1794 00a7 07       		.uleb128 0x7
 1795 00a8 79000000 		.4byte	0x79
 1796 00ac 05       		.uleb128 0x5
 1797 00ad 91000000 		.4byte	0x91
 1798 00b1 BC000000 		.4byte	0xbc
 1799 00b5 09       		.uleb128 0x9
 1800 00b6 8A000000 		.4byte	0x8a
 1801 00ba 03       		.byte	0x3
 1802 00bb 00       		.byte	0
 1803 00bc 08       		.uleb128 0x8
 1804 00bd D7000000 		.4byte	.LASF13
 1805 00c1 03       		.byte	0x3
 1806 00c2 F9       		.byte	0xf9
 1807 00c3 CD000000 		.4byte	0xcd
 1808 00c7 05       		.uleb128 0x5
 1809 00c8 03       		.byte	0x3
 1810 00c9 00000000 		.4byte	cy_meta_custnvl
 1811 00cd 07       		.uleb128 0x7
 1812 00ce AC000000 		.4byte	0xac
 1813 00d2 0A       		.uleb128 0xa
 1814 00d3 78010000 		.4byte	.LASF14
 1815 00d7 03       		.byte	0x3
 1816 00d8 0701     		.2byte	0x107
 1817 00da E4000000 		.4byte	0xe4
 1818 00de 05       		.uleb128 0x5
 1819 00df 03       		.byte	0x3
 1820 00e0 00000000 		.4byte	cy_meta_wonvl
ARM GAS  C:\Users\LUCASI~1\AppData\Local\Temp\ccKePy2e.s 			page 33


 1821 00e4 07       		.uleb128 0x7
 1822 00e5 AC000000 		.4byte	0xac
 1823 00e9 05       		.uleb128 0x5
 1824 00ea 91000000 		.4byte	0x91
 1825 00ee F9000000 		.4byte	0xf9
 1826 00f2 09       		.uleb128 0x9
 1827 00f3 8A000000 		.4byte	0x8a
 1828 00f7 FF       		.byte	0xff
 1829 00f8 00       		.byte	0
 1830 00f9 0A       		.uleb128 0xa
 1831 00fa 63010000 		.4byte	.LASF15
 1832 00fe 03       		.byte	0x3
 1833 00ff 1501     		.2byte	0x115
 1834 0101 0B010000 		.4byte	0x10b
 1835 0105 05       		.uleb128 0x5
 1836 0106 03       		.byte	0x3
 1837 0107 00000000 		.4byte	cy_meta_flashprotect
 1838 010b 07       		.uleb128 0x7
 1839 010c E9000000 		.4byte	0xe9
 1840 0110 05       		.uleb128 0x5
 1841 0111 91000000 		.4byte	0x91
 1842 0115 20010000 		.4byte	0x120
 1843 0119 09       		.uleb128 0x9
 1844 011a 8A000000 		.4byte	0x8a
 1845 011e 0B       		.byte	0xb
 1846 011f 00       		.byte	0
 1847 0120 0A       		.uleb128 0xa
 1848 0121 0A000000 		.4byte	.LASF16
 1849 0125 03       		.byte	0x3
 1850 0126 4201     		.2byte	0x142
 1851 0128 32010000 		.4byte	0x132
 1852 012c 05       		.uleb128 0x5
 1853 012d 03       		.byte	0x3
 1854 012e 00000000 		.4byte	cy_metadata
 1855 0132 07       		.uleb128 0x7
 1856 0133 10010000 		.4byte	0x110
 1857 0137 00       		.byte	0
 1858              		.section	.debug_abbrev,"",%progbits
 1859              	.Ldebug_abbrev0:
 1860 0000 01       		.uleb128 0x1
 1861 0001 11       		.uleb128 0x11
 1862 0002 01       		.byte	0x1
 1863 0003 25       		.uleb128 0x25
 1864 0004 0E       		.uleb128 0xe
 1865 0005 13       		.uleb128 0x13
 1866 0006 0B       		.uleb128 0xb
 1867 0007 03       		.uleb128 0x3
 1868 0008 0E       		.uleb128 0xe
 1869 0009 1B       		.uleb128 0x1b
 1870 000a 0E       		.uleb128 0xe
 1871 000b 10       		.uleb128 0x10
 1872 000c 17       		.uleb128 0x17
 1873 000d 00       		.byte	0
 1874 000e 00       		.byte	0
 1875 000f 02       		.uleb128 0x2
 1876 0010 24       		.uleb128 0x24
 1877 0011 00       		.byte	0
ARM GAS  C:\Users\LUCASI~1\AppData\Local\Temp\ccKePy2e.s 			page 34


 1878 0012 0B       		.uleb128 0xb
 1879 0013 0B       		.uleb128 0xb
 1880 0014 3E       		.uleb128 0x3e
 1881 0015 0B       		.uleb128 0xb
 1882 0016 03       		.uleb128 0x3
 1883 0017 0E       		.uleb128 0xe
 1884 0018 00       		.byte	0
 1885 0019 00       		.byte	0
 1886 001a 03       		.uleb128 0x3
 1887 001b 16       		.uleb128 0x16
 1888 001c 00       		.byte	0
 1889 001d 03       		.uleb128 0x3
 1890 001e 0E       		.uleb128 0xe
 1891 001f 3A       		.uleb128 0x3a
 1892 0020 0B       		.uleb128 0xb
 1893 0021 3B       		.uleb128 0x3b
 1894 0022 0B       		.uleb128 0xb
 1895 0023 49       		.uleb128 0x49
 1896 0024 13       		.uleb128 0x13
 1897 0025 00       		.byte	0
 1898 0026 00       		.byte	0
 1899 0027 04       		.uleb128 0x4
 1900 0028 24       		.uleb128 0x24
 1901 0029 00       		.byte	0
 1902 002a 0B       		.uleb128 0xb
 1903 002b 0B       		.uleb128 0xb
 1904 002c 3E       		.uleb128 0x3e
 1905 002d 0B       		.uleb128 0xb
 1906 002e 03       		.uleb128 0x3
 1907 002f 08       		.uleb128 0x8
 1908 0030 00       		.byte	0
 1909 0031 00       		.byte	0
 1910 0032 05       		.uleb128 0x5
 1911 0033 01       		.uleb128 0x1
 1912 0034 01       		.byte	0x1
 1913 0035 49       		.uleb128 0x49
 1914 0036 13       		.uleb128 0x13
 1915 0037 01       		.uleb128 0x1
 1916 0038 13       		.uleb128 0x13
 1917 0039 00       		.byte	0
 1918 003a 00       		.byte	0
 1919 003b 06       		.uleb128 0x6
 1920 003c 21       		.uleb128 0x21
 1921 003d 00       		.byte	0
 1922 003e 49       		.uleb128 0x49
 1923 003f 13       		.uleb128 0x13
 1924 0040 2F       		.uleb128 0x2f
 1925 0041 05       		.uleb128 0x5
 1926 0042 00       		.byte	0
 1927 0043 00       		.byte	0
 1928 0044 07       		.uleb128 0x7
 1929 0045 26       		.uleb128 0x26
 1930 0046 00       		.byte	0
 1931 0047 49       		.uleb128 0x49
 1932 0048 13       		.uleb128 0x13
 1933 0049 00       		.byte	0
 1934 004a 00       		.byte	0
ARM GAS  C:\Users\LUCASI~1\AppData\Local\Temp\ccKePy2e.s 			page 35


 1935 004b 08       		.uleb128 0x8
 1936 004c 34       		.uleb128 0x34
 1937 004d 00       		.byte	0
 1938 004e 03       		.uleb128 0x3
 1939 004f 0E       		.uleb128 0xe
 1940 0050 3A       		.uleb128 0x3a
 1941 0051 0B       		.uleb128 0xb
 1942 0052 3B       		.uleb128 0x3b
 1943 0053 0B       		.uleb128 0xb
 1944 0054 49       		.uleb128 0x49
 1945 0055 13       		.uleb128 0x13
 1946 0056 3F       		.uleb128 0x3f
 1947 0057 19       		.uleb128 0x19
 1948 0058 02       		.uleb128 0x2
 1949 0059 18       		.uleb128 0x18
 1950 005a 00       		.byte	0
 1951 005b 00       		.byte	0
 1952 005c 09       		.uleb128 0x9
 1953 005d 21       		.uleb128 0x21
 1954 005e 00       		.byte	0
 1955 005f 49       		.uleb128 0x49
 1956 0060 13       		.uleb128 0x13
 1957 0061 2F       		.uleb128 0x2f
 1958 0062 0B       		.uleb128 0xb
 1959 0063 00       		.byte	0
 1960 0064 00       		.byte	0
 1961 0065 0A       		.uleb128 0xa
 1962 0066 34       		.uleb128 0x34
 1963 0067 00       		.byte	0
 1964 0068 03       		.uleb128 0x3
 1965 0069 0E       		.uleb128 0xe
 1966 006a 3A       		.uleb128 0x3a
 1967 006b 0B       		.uleb128 0xb
 1968 006c 3B       		.uleb128 0x3b
 1969 006d 05       		.uleb128 0x5
 1970 006e 49       		.uleb128 0x49
 1971 006f 13       		.uleb128 0x13
 1972 0070 3F       		.uleb128 0x3f
 1973 0071 19       		.uleb128 0x19
 1974 0072 02       		.uleb128 0x2
 1975 0073 18       		.uleb128 0x18
 1976 0074 00       		.byte	0
 1977 0075 00       		.byte	0
 1978 0076 00       		.byte	0
 1979              		.section	.debug_aranges,"",%progbits
 1980 0000 14000000 		.4byte	0x14
 1981 0004 0200     		.2byte	0x2
 1982 0006 00000000 		.4byte	.Ldebug_info0
 1983 000a 04       		.byte	0x4
 1984 000b 00       		.byte	0
 1985 000c 0000     		.2byte	0
 1986 000e 0000     		.2byte	0
 1987 0010 00000000 		.4byte	0
 1988 0014 00000000 		.4byte	0
 1989              		.section	.debug_line,"",%progbits
 1990              	.Ldebug_line0:
 1991 0000 3D010000 		.section	.debug_str,"MS",%progbits,1
ARM GAS  C:\Users\LUCASI~1\AppData\Local\Temp\ccKePy2e.s 			page 36


 1991      02003701 
 1991      00000201 
 1991      FB0E0D00 
 1991      01010101 
 1992              	.LASF9:
 1993 0000 5F5F7569 		.ascii	"__uint8_t\000"
 1993      6E74385F 
 1993      7400
 1994              	.LASF16:
 1995 000a 63795F6D 		.ascii	"cy_metadata\000"
 1995      65746164 
 1995      61746100 
 1996              	.LASF1:
 1997 0016 756E7369 		.ascii	"unsigned char\000"
 1997      676E6564 
 1997      20636861 
 1997      7200
 1998              	.LASF17:
 1999 0024 474E5520 		.ascii	"GNU C11 5.4.1 20160609 (release) [ARM/embedded-5-br"
 1999      43313120 
 1999      352E342E 
 1999      31203230 
 1999      31363036 
 2000 0057 616E6368 		.ascii	"anch revision 237715] -mcpu=cortex-m3 -mthumb -g -O"
 2000      20726576 
 2000      6973696F 
 2000      6E203233 
 2000      37373135 
 2001 008a 67202D66 		.ascii	"g -ffunction-sections -ffat-lto-objects\000"
 2001      66756E63 
 2001      74696F6E 
 2001      2D736563 
 2001      74696F6E 
 2002              	.LASF5:
 2003 00b2 6C6F6E67 		.ascii	"long unsigned int\000"
 2003      20756E73 
 2003      69676E65 
 2003      6420696E 
 2003      7400
 2004              	.LASF3:
 2005 00c4 73686F72 		.ascii	"short unsigned int\000"
 2005      7420756E 
 2005      7369676E 
 2005      65642069 
 2005      6E7400
 2006              	.LASF13:
 2007 00d7 63795F6D 		.ascii	"cy_meta_custnvl\000"
 2007      6574615F 
 2007      63757374 
 2007      6E766C00 
 2008              	.LASF12:
 2009 00e7 63795F6D 		.ascii	"cy_meta_configecc\000"
 2009      6574615F 
 2009      636F6E66 
 2009      69676563 
 2009      6300
 2010              	.LASF8:
ARM GAS  C:\Users\LUCASI~1\AppData\Local\Temp\ccKePy2e.s 			page 37


 2011 00f9 756E7369 		.ascii	"unsigned int\000"
 2011      676E6564 
 2011      20696E74 
 2011      00
 2012              	.LASF7:
 2013 0106 6C6F6E67 		.ascii	"long long unsigned int\000"
 2013      206C6F6E 
 2013      6720756E 
 2013      7369676E 
 2013      65642069 
 2014              	.LASF10:
 2015 011d 75696E74 		.ascii	"uint8_t\000"
 2015      385F7400 
 2016              	.LASF19:
 2017 0125 433A5C55 		.ascii	"C:\\Users\\lucasiversen\\Desktop\\Ultrasoundv2\\Ult"
 2017      73657273 
 2017      5C6C7563 
 2017      61736976 
 2017      65727365 
 2018 0153 7261736F 		.ascii	"rasoundv2.cydsn\000"
 2018      756E6476 
 2018      322E6379 
 2018      64736E00 
 2019              	.LASF15:
 2020 0163 63795F6D 		.ascii	"cy_meta_flashprotect\000"
 2020      6574615F 
 2020      666C6173 
 2020      6870726F 
 2020      74656374 
 2021              	.LASF14:
 2022 0178 63795F6D 		.ascii	"cy_meta_wonvl\000"
 2022      6574615F 
 2022      776F6E76 
 2022      6C00
 2023              	.LASF11:
 2024 0186 73697A65 		.ascii	"sizetype\000"
 2024      74797065 
 2024      00
 2025              	.LASF6:
 2026 018f 6C6F6E67 		.ascii	"long long int\000"
 2026      206C6F6E 
 2026      6720696E 
 2026      7400
 2027              	.LASF2:
 2028 019d 73686F72 		.ascii	"short int\000"
 2028      7420696E 
 2028      7400
 2029              	.LASF4:
 2030 01a7 6C6F6E67 		.ascii	"long int\000"
 2030      20696E74 
 2030      00
 2031              	.LASF0:
 2032 01b0 7369676E 		.ascii	"signed char\000"
 2032      65642063 
 2032      68617200 
 2033              	.LASF18:
 2034 01bc 47656E65 		.ascii	"Generated_Source\\PSoC5\\cymetadata.c\000"
ARM GAS  C:\Users\LUCASI~1\AppData\Local\Temp\ccKePy2e.s 			page 38


 2034      72617465 
 2034      645F536F 
 2034      75726365 
 2034      5C50536F 
 2035              		.ident	"GCC: (GNU Tools for ARM Embedded Processors) 5.4.1 20160609 (release) [ARM/embedded-5-bran
