ARM GAS  C:\Users\LUCASI~1\AppData\Local\Temp\ccJ8BCEf.s 			page 1


   1              		.syntax unified
   2              		.cpu cortex-m3
   3              		.fpu softvfp
   4              		.eabi_attribute 20, 1
   5              		.eabi_attribute 21, 1
   6              		.eabi_attribute 23, 3
   7              		.eabi_attribute 24, 1
   8              		.eabi_attribute 25, 1
   9              		.eabi_attribute 26, 1
  10              		.eabi_attribute 30, 1
  11              		.eabi_attribute 34, 1
  12              		.eabi_attribute 18, 4
  13              		.thumb
  14              		.syntax unified
  15              		.file	"main.c"
  16              		.text
  17              	.Ltext0:
  18              		.cfi_sections	.debug_frame
  19              		.section	.text.ball_int_handler,"ax",%progbits
  20              		.align	2
  21              		.global	ball_int_handler
  22              		.thumb
  23              		.thumb_func
  24              		.type	ball_int_handler, %function
  25              	ball_int_handler:
  26              	.LFB65:
  27              		.file 1 "main.c"
   1:main.c        **** #include "edgeSensorApp.h"
   2:main.c        **** #include "project.h"
   3:main.c        **** #include "MotorApp.h"
   4:main.c        **** #include "rpiCommunication.h"
   5:main.c        **** #include "scale.h"
   6:main.c        **** #include "waitingState.h"
   7:main.c        **** #include "soundApp.h"
   8:main.c        **** 
   9:main.c        **** CY_ISR_PROTO(ball_int_handler);
  10:main.c        **** 
  11:main.c        **** int main(void)
  12:main.c        **** {
  13:main.c        ****     running_ = 0;
  14:main.c        ****     rpiRunning = 0;
  15:main.c        ****     CyGlobalIntEnable; //init global int
  16:main.c        ****     ball_int_StartEx(ball_int_handler);
  17:main.c        ****     //init drivers
  18:main.c        ****     edgeSensorInit();
  19:main.c        ****     rpiInit();
  20:main.c        ****     soundInit();
  21:main.c        ****     
  22:main.c        ****     ADC_SAR_1_Start();  //initialisere ADC'en
  23:main.c        ****     
  24:main.c        ****     state = 3;
  25:main.c        ****     
  26:main.c        ****     for(;;)
  27:main.c        ****     {  
  28:main.c        ****         while(running_ == 1)
  29:main.c        ****         {
  30:main.c        ****             Pin_running_Write(1);
ARM GAS  C:\Users\LUCASI~1\AppData\Local\Temp\ccJ8BCEf.s 			page 2


  31:main.c        ****             speedSelect();
  32:main.c        ****             CyDelay(250);  // + timeDificulty[difficulty]
  33:main.c        ****             if(rand() % 20 == 4)
  34:main.c        ****             {
  35:main.c        ****                 score();
  36:main.c        ****             }
  37:main.c        ****         }
  38:main.c        ****         while(running_ == 0)
  39:main.c        ****         {
  40:main.c        ****             waitingStateStart();
  41:main.c        ****             
  42:main.c        ****             if(running_ == 1)
  43:main.c        ****             {
  44:main.c        ****                 
  45:main.c        ****             }
  46:main.c        ****         }
  47:main.c        ****     }
  48:main.c        **** }
  49:main.c        **** 
  50:main.c        **** CY_ISR(ball_int_handler)
  51:main.c        **** {
  28              		.loc 1 51 0
  29              		.cfi_startproc
  30              		@ args = 0, pretend = 0, frame = 0
  31              		@ frame_needed = 0, uses_anonymous_args = 0
  52:main.c        ****     if(running_ == 1)
  32              		.loc 1 52 0
  33 0000 0A4B     		ldr	r3, .L5
  34 0002 1B68     		ldr	r3, [r3]
  35 0004 012B     		cmp	r3, #1
  36 0006 0FD1     		bne	.L4
  51:main.c        ****     if(running_ == 1)
  37              		.loc 1 51 0
  38 0008 10B5     		push	{r4, lr}
  39              		.cfi_def_cfa_offset 8
  40              		.cfi_offset 4, -8
  41              		.cfi_offset 14, -4
  53:main.c        ****     {
  54:main.c        ****         running_ = 0;
  42              		.loc 1 54 0
  43 000a 084C     		ldr	r4, .L5
  44 000c 0023     		movs	r3, #0
  45 000e 2360     		str	r3, [r4]
  55:main.c        ****     
  56:main.c        ****         motorStop();
  46              		.loc 1 56 0
  47 0010 FFF7FEFF 		bl	motorStop
  48              	.LVL0:
  57:main.c        ****         sendToSOMO(3);
  49              		.loc 1 57 0
  50 0014 0320     		movs	r0, #3
  51 0016 FFF7FEFF 		bl	sendToSOMO
  52              	.LVL1:
  58:main.c        ****         CyDelay(2000);
  53              		.loc 1 58 0
  54 001a 4FF4FA60 		mov	r0, #2000
  55 001e FFF7FEFF 		bl	CyDelay
ARM GAS  C:\Users\LUCASI~1\AppData\Local\Temp\ccJ8BCEf.s 			page 3


  56              	.LVL2:
  59:main.c        ****     
  60:main.c        ****         //waitingStateDrink();
  61:main.c        ****     
  62:main.c        ****         running_ = 1;
  57              		.loc 1 62 0
  58 0022 0123     		movs	r3, #1
  59 0024 2360     		str	r3, [r4]
  60 0026 10BD     		pop	{r4, pc}
  61              	.L4:
  62              		.cfi_def_cfa_offset 0
  63              		.cfi_restore 4
  64              		.cfi_restore 14
  65 0028 7047     		bx	lr
  66              	.L6:
  67 002a 00BF     		.align	2
  68              	.L5:
  69 002c 00000000 		.word	running_
  70              		.cfi_endproc
  71              	.LFE65:
  72              		.size	ball_int_handler, .-ball_int_handler
  73              		.section	.text.main,"ax",%progbits
  74              		.align	2
  75              		.global	main
  76              		.thumb
  77              		.thumb_func
  78              		.type	main, %function
  79              	main:
  80              	.LFB64:
  12:main.c        ****     running_ = 0;
  81              		.loc 1 12 0
  82              		.cfi_startproc
  83              		@ Volatile: function does not return.
  84              		@ args = 0, pretend = 0, frame = 0
  85              		@ frame_needed = 0, uses_anonymous_args = 0
  86 0000 08B5     		push	{r3, lr}
  87              		.cfi_def_cfa_offset 8
  88              		.cfi_offset 3, -8
  89              		.cfi_offset 14, -4
  13:main.c        ****     rpiRunning = 0;
  90              		.loc 1 13 0
  91 0002 0023     		movs	r3, #0
  92 0004 1B4A     		ldr	r2, .L14
  93 0006 1360     		str	r3, [r2]
  14:main.c        ****     CyGlobalIntEnable; //init global int
  94              		.loc 1 14 0
  95 0008 1B4A     		ldr	r2, .L14+4
  96 000a 1360     		str	r3, [r2]
  15:main.c        ****     ball_int_StartEx(ball_int_handler);
  97              		.loc 1 15 0
  98              		.syntax unified
  99              	@ 15 "main.c" 1
 100 000c 62B6     		CPSIE   i
 101              	@ 0 "" 2
  16:main.c        ****     //init drivers
 102              		.loc 1 16 0
 103              		.thumb
ARM GAS  C:\Users\LUCASI~1\AppData\Local\Temp\ccJ8BCEf.s 			page 4


 104              		.syntax unified
 105 000e 1B48     		ldr	r0, .L14+8
 106 0010 FFF7FEFF 		bl	ball_int_StartEx
 107              	.LVL3:
  18:main.c        ****     rpiInit();
 108              		.loc 1 18 0
 109 0014 FFF7FEFF 		bl	edgeSensorInit
 110              	.LVL4:
  19:main.c        ****     soundInit();
 111              		.loc 1 19 0
 112 0018 FFF7FEFF 		bl	rpiInit
 113              	.LVL5:
  20:main.c        ****     
 114              		.loc 1 20 0
 115 001c FFF7FEFF 		bl	soundInit
 116              	.LVL6:
  22:main.c        ****     
 117              		.loc 1 22 0
 118 0020 FFF7FEFF 		bl	ADC_SAR_1_Start
 119              	.LVL7:
  24:main.c        ****     
 120              		.loc 1 24 0
 121 0024 0322     		movs	r2, #3
 122 0026 164B     		ldr	r3, .L14+12
 123 0028 1A60     		str	r2, [r3]
 124 002a 17E0     		b	.L8
 125              	.L10:
  30:main.c        ****             speedSelect();
 126              		.loc 1 30 0
 127 002c 0120     		movs	r0, #1
 128 002e FFF7FEFF 		bl	Pin_running_Write
 129              	.LVL8:
  31:main.c        ****             CyDelay(250);  // + timeDificulty[difficulty]
 130              		.loc 1 31 0
 131 0032 FFF7FEFF 		bl	speedSelect
 132              	.LVL9:
  32:main.c        ****             if(rand() % 20 == 4)
 133              		.loc 1 32 0
 134 0036 FA20     		movs	r0, #250
 135 0038 FFF7FEFF 		bl	CyDelay
 136              	.LVL10:
  33:main.c        ****             {
 137              		.loc 1 33 0
 138 003c FFF7FEFF 		bl	rand
 139              	.LVL11:
 140 0040 104B     		ldr	r3, .L14+16
 141 0042 83FB0032 		smull	r3, r2, r3, r0
 142 0046 C317     		asrs	r3, r0, #31
 143 0048 C3EBE203 		rsb	r3, r3, r2, asr #3
 144 004c 03EB8303 		add	r3, r3, r3, lsl #2
 145 0050 9A00     		lsls	r2, r3, #2
 146 0052 831A     		subs	r3, r0, r2
 147 0054 042B     		cmp	r3, #4
 148 0056 01D1     		bne	.L8
  35:main.c        ****             }
 149              		.loc 1 35 0
 150 0058 FFF7FEFF 		bl	score
ARM GAS  C:\Users\LUCASI~1\AppData\Local\Temp\ccJ8BCEf.s 			page 5


 151              	.LVL12:
 152              	.L8:
  28:main.c        ****         {
 153              		.loc 1 28 0
 154 005c 054B     		ldr	r3, .L14
 155 005e 1B68     		ldr	r3, [r3]
 156 0060 012B     		cmp	r3, #1
 157 0062 02D1     		bne	.L11
 158 0064 E2E7     		b	.L10
 159              	.L12:
  40:main.c        ****             
 160              		.loc 1 40 0
 161 0066 FFF7FEFF 		bl	waitingStateStart
 162              	.LVL13:
 163              	.L11:
  38:main.c        ****         {
 164              		.loc 1 38 0
 165 006a 024B     		ldr	r3, .L14
 166 006c 1B68     		ldr	r3, [r3]
 167 006e 002B     		cmp	r3, #0
 168 0070 F9D0     		beq	.L12
 169 0072 F3E7     		b	.L8
 170              	.L15:
 171              		.align	2
 172              	.L14:
 173 0074 00000000 		.word	running_
 174 0078 00000000 		.word	rpiRunning
 175 007c 00000000 		.word	ball_int_handler
 176 0080 00000000 		.word	state
 177 0084 67666666 		.word	1717986919
 178              		.cfi_endproc
 179              	.LFE64:
 180              		.size	main, .-main
 181              		.comm	running_,4,4
 182              		.comm	status_scale,2,2
 183              		.comm	count_not_ok,2,2
 184              		.comm	count_ok,2,2
 185              		.comm	measurement,2,2
 186              		.comm	uartBuffer,256,4
 187              		.comm	result,2,2
 188              		.comm	rpiRunning,4,4
 189              		.comm	randturn,4,4
 190              		.comm	randState,4,4
 191              		.comm	state,4,4
 192              		.comm	difficulty,4,4
 193              		.comm	buffer,250,4
 194              		.text
 195              	.Letext0:
 196              		.file 2 "c:\\program files (x86)\\cypress\\psoc creator\\4.2\\psoc creator\\import\\gnu\\arm\\5.4.
 197              		.file 3 "c:\\program files (x86)\\cypress\\psoc creator\\4.2\\psoc creator\\import\\gnu\\arm\\5.4.
 198              		.file 4 "Generated_Source\\PSoC5/core_cm3.h"
 199              		.file 5 "MotorApp.h"
 200              		.file 6 "rpiCommunication.h"
 201              		.file 7 "scale.h"
 202              		.file 8 "waitingState.h"
 203              		.file 9 "soundApp.h"
 204              		.file 10 "Generated_Source\\PSoC5/CyLib.h"
ARM GAS  C:\Users\LUCASI~1\AppData\Local\Temp\ccJ8BCEf.s 			page 6


 205              		.file 11 "Generated_Source\\PSoC5/ball_int.h"
 206              		.file 12 "edgeSensorApp.h"
 207              		.file 13 "Generated_Source\\PSoC5/ADC_SAR_1.h"
 208              		.file 14 "Generated_Source\\PSoC5/Pin_running.h"
 209              		.file 15 "c:\\program files (x86)\\cypress\\psoc creator\\4.2\\psoc creator\\import\\gnu\\arm\\5.4
 210              		.section	.debug_info,"",%progbits
 211              	.Ldebug_info0:
 212 0000 37030000 		.4byte	0x337
 213 0004 0400     		.2byte	0x4
 214 0006 00000000 		.4byte	.Ldebug_abbrev0
 215 000a 04       		.byte	0x4
 216 000b 01       		.uleb128 0x1
 217 000c 7A000000 		.4byte	.LASF45
 218 0010 0C       		.byte	0xc
 219 0011 54020000 		.4byte	.LASF46
 220 0015 F7010000 		.4byte	.LASF47
 221 0019 00000000 		.4byte	.Ldebug_ranges0+0
 222 001d 00000000 		.4byte	0
 223 0021 00000000 		.4byte	.Ldebug_line0
 224 0025 02       		.uleb128 0x2
 225 0026 01       		.byte	0x1
 226 0027 06       		.byte	0x6
 227 0028 B8020000 		.4byte	.LASF0
 228 002c 02       		.uleb128 0x2
 229 002d 01       		.byte	0x1
 230 002e 08       		.byte	0x8
 231 002f 6C000000 		.4byte	.LASF1
 232 0033 02       		.uleb128 0x2
 233 0034 02       		.byte	0x2
 234 0035 05       		.byte	0x5
 235 0036 7B020000 		.4byte	.LASF2
 236 003a 03       		.uleb128 0x3
 237 003b 61010000 		.4byte	.LASF4
 238 003f 02       		.byte	0x2
 239 0040 2B       		.byte	0x2b
 240 0041 45000000 		.4byte	0x45
 241 0045 02       		.uleb128 0x2
 242 0046 02       		.byte	0x2
 243 0047 07       		.byte	0x7
 244 0048 2E010000 		.4byte	.LASF3
 245 004c 03       		.uleb128 0x3
 246 004d 1A000000 		.4byte	.LASF5
 247 0051 02       		.byte	0x2
 248 0052 3F       		.byte	0x3f
 249 0053 57000000 		.4byte	0x57
 250 0057 02       		.uleb128 0x2
 251 0058 04       		.byte	0x4
 252 0059 05       		.byte	0x5
 253 005a 9E020000 		.4byte	.LASF6
 254 005e 02       		.uleb128 0x2
 255 005f 04       		.byte	0x4
 256 0060 07       		.byte	0x7
 257 0061 6C010000 		.4byte	.LASF7
 258 0065 02       		.uleb128 0x2
 259 0066 08       		.byte	0x8
 260 0067 05       		.byte	0x5
 261 0068 46020000 		.4byte	.LASF8
ARM GAS  C:\Users\LUCASI~1\AppData\Local\Temp\ccJ8BCEf.s 			page 7


 262 006c 02       		.uleb128 0x2
 263 006d 08       		.byte	0x8
 264 006e 07       		.byte	0x7
 265 006f D9010000 		.4byte	.LASF9
 266 0073 04       		.uleb128 0x4
 267 0074 04       		.byte	0x4
 268 0075 05       		.byte	0x5
 269 0076 696E7400 		.ascii	"int\000"
 270 007a 02       		.uleb128 0x2
 271 007b 04       		.byte	0x4
 272 007c 07       		.byte	0x7
 273 007d C0010000 		.4byte	.LASF10
 274 0081 03       		.uleb128 0x3
 275 0082 8C020000 		.4byte	.LASF11
 276 0086 03       		.byte	0x3
 277 0087 24       		.byte	0x24
 278 0088 3A000000 		.4byte	0x3a
 279 008c 03       		.uleb128 0x3
 280 008d 35020000 		.4byte	.LASF12
 281 0091 03       		.byte	0x3
 282 0092 2C       		.byte	0x2c
 283 0093 4C000000 		.4byte	0x4c
 284 0097 02       		.uleb128 0x2
 285 0098 04       		.byte	0x4
 286 0099 04       		.byte	0x4
 287 009a 54000000 		.4byte	.LASF13
 288 009e 02       		.uleb128 0x2
 289 009f 08       		.byte	0x8
 290 00a0 04       		.byte	0x4
 291 00a1 2C000000 		.4byte	.LASF14
 292 00a5 02       		.uleb128 0x2
 293 00a6 01       		.byte	0x1
 294 00a7 08       		.byte	0x8
 295 00a8 A7020000 		.4byte	.LASF15
 296 00ac 02       		.uleb128 0x2
 297 00ad 08       		.byte	0x8
 298 00ae 04       		.byte	0x4
 299 00af AC020000 		.4byte	.LASF16
 300 00b3 02       		.uleb128 0x2
 301 00b4 04       		.byte	0x4
 302 00b5 07       		.byte	0x7
 303 00b6 3D020000 		.4byte	.LASF17
 304 00ba 05       		.uleb128 0x5
 305 00bb 90010000 		.4byte	.LASF48
 306 00bf 01       		.byte	0x1
 307 00c0 32       		.byte	0x32
 308 00c1 00000000 		.4byte	.LFB65
 309 00c5 30000000 		.4byte	.LFE65-.LFB65
 310 00c9 01       		.uleb128 0x1
 311 00ca 9C       		.byte	0x9c
 312 00cb FD000000 		.4byte	0xfd
 313 00cf 06       		.uleb128 0x6
 314 00d0 14000000 		.4byte	.LVL0
 315 00d4 AB020000 		.4byte	0x2ab
 316 00d8 07       		.uleb128 0x7
 317 00d9 1A000000 		.4byte	.LVL1
 318 00dd B6020000 		.4byte	0x2b6
ARM GAS  C:\Users\LUCASI~1\AppData\Local\Temp\ccJ8BCEf.s 			page 8


 319 00e1 EB000000 		.4byte	0xeb
 320 00e5 08       		.uleb128 0x8
 321 00e6 01       		.uleb128 0x1
 322 00e7 50       		.byte	0x50
 323 00e8 01       		.uleb128 0x1
 324 00e9 33       		.byte	0x33
 325 00ea 00       		.byte	0
 326 00eb 09       		.uleb128 0x9
 327 00ec 22000000 		.4byte	.LVL2
 328 00f0 C1020000 		.4byte	0x2c1
 329 00f4 08       		.uleb128 0x8
 330 00f5 01       		.uleb128 0x1
 331 00f6 50       		.byte	0x50
 332 00f7 03       		.uleb128 0x3
 333 00f8 0A       		.byte	0xa
 334 00f9 D007     		.2byte	0x7d0
 335 00fb 00       		.byte	0
 336 00fc 00       		.byte	0
 337 00fd 0A       		.uleb128 0xa
 338 00fe 8B010000 		.4byte	.LASF49
 339 0102 01       		.byte	0x1
 340 0103 0B       		.byte	0xb
 341 0104 73000000 		.4byte	0x73
 342 0108 00000000 		.4byte	.LFB64
 343 010c 88000000 		.4byte	.LFE64-.LFB64
 344 0110 01       		.uleb128 0x1
 345 0111 9C       		.byte	0x9c
 346 0112 9D010000 		.4byte	0x19d
 347 0116 07       		.uleb128 0x7
 348 0117 14000000 		.4byte	.LVL3
 349 011b CC020000 		.4byte	0x2cc
 350 011f 2D010000 		.4byte	0x12d
 351 0123 08       		.uleb128 0x8
 352 0124 01       		.uleb128 0x1
 353 0125 50       		.byte	0x50
 354 0126 05       		.uleb128 0x5
 355 0127 03       		.byte	0x3
 356 0128 00000000 		.4byte	ball_int_handler
 357 012c 00       		.byte	0
 358 012d 06       		.uleb128 0x6
 359 012e 18000000 		.4byte	.LVL4
 360 0132 D7020000 		.4byte	0x2d7
 361 0136 06       		.uleb128 0x6
 362 0137 1C000000 		.4byte	.LVL5
 363 013b E2020000 		.4byte	0x2e2
 364 013f 06       		.uleb128 0x6
 365 0140 20000000 		.4byte	.LVL6
 366 0144 ED020000 		.4byte	0x2ed
 367 0148 06       		.uleb128 0x6
 368 0149 24000000 		.4byte	.LVL7
 369 014d F8020000 		.4byte	0x2f8
 370 0151 07       		.uleb128 0x7
 371 0152 32000000 		.4byte	.LVL8
 372 0156 03030000 		.4byte	0x303
 373 015a 64010000 		.4byte	0x164
 374 015e 08       		.uleb128 0x8
 375 015f 01       		.uleb128 0x1
ARM GAS  C:\Users\LUCASI~1\AppData\Local\Temp\ccJ8BCEf.s 			page 9


 376 0160 50       		.byte	0x50
 377 0161 01       		.uleb128 0x1
 378 0162 31       		.byte	0x31
 379 0163 00       		.byte	0
 380 0164 06       		.uleb128 0x6
 381 0165 36000000 		.4byte	.LVL9
 382 0169 0E030000 		.4byte	0x30e
 383 016d 07       		.uleb128 0x7
 384 016e 3C000000 		.4byte	.LVL10
 385 0172 C1020000 		.4byte	0x2c1
 386 0176 81010000 		.4byte	0x181
 387 017a 08       		.uleb128 0x8
 388 017b 01       		.uleb128 0x1
 389 017c 50       		.byte	0x50
 390 017d 02       		.uleb128 0x2
 391 017e 08       		.byte	0x8
 392 017f FA       		.byte	0xfa
 393 0180 00       		.byte	0
 394 0181 06       		.uleb128 0x6
 395 0182 40000000 		.4byte	.LVL11
 396 0186 19030000 		.4byte	0x319
 397 018a 06       		.uleb128 0x6
 398 018b 5C000000 		.4byte	.LVL12
 399 018f 24030000 		.4byte	0x324
 400 0193 06       		.uleb128 0x6
 401 0194 6A000000 		.4byte	.LVL13
 402 0198 2F030000 		.4byte	0x32f
 403 019c 00       		.byte	0
 404 019d 0B       		.uleb128 0xb
 405 019e A1010000 		.4byte	.LASF18
 406 01a2 04       		.byte	0x4
 407 01a3 1207     		.2byte	0x712
 408 01a5 A9010000 		.4byte	0x1a9
 409 01a9 0C       		.uleb128 0xc
 410 01aa 8C000000 		.4byte	0x8c
 411 01ae 0D       		.uleb128 0xd
 412 01af A5000000 		.4byte	0xa5
 413 01b3 BE010000 		.4byte	0x1be
 414 01b7 0E       		.uleb128 0xe
 415 01b8 B3000000 		.4byte	0xb3
 416 01bc F9       		.byte	0xf9
 417 01bd 00       		.byte	0
 418 01be 0F       		.uleb128 0xf
 419 01bf 85020000 		.4byte	.LASF19
 420 01c3 05       		.byte	0x5
 421 01c4 05       		.byte	0x5
 422 01c5 AE010000 		.4byte	0x1ae
 423 01c9 05       		.uleb128 0x5
 424 01ca 03       		.byte	0x3
 425 01cb 00000000 		.4byte	buffer
 426 01cf 0F       		.uleb128 0xf
 427 01d0 5B020000 		.4byte	.LASF20
 428 01d4 05       		.byte	0x5
 429 01d5 08       		.byte	0x8
 430 01d6 73000000 		.4byte	0x73
 431 01da 05       		.uleb128 0x5
 432 01db 03       		.byte	0x3
ARM GAS  C:\Users\LUCASI~1\AppData\Local\Temp\ccJ8BCEf.s 			page 10


 433 01dc 00000000 		.4byte	difficulty
 434 01e0 0F       		.uleb128 0xf
 435 01e1 09000000 		.4byte	.LASF21
 436 01e5 05       		.byte	0x5
 437 01e6 0A       		.byte	0xa
 438 01e7 73000000 		.4byte	0x73
 439 01eb 05       		.uleb128 0x5
 440 01ec 03       		.byte	0x3
 441 01ed 00000000 		.4byte	state
 442 01f1 0F       		.uleb128 0xf
 443 01f2 4A010000 		.4byte	.LASF22
 444 01f6 05       		.byte	0x5
 445 01f7 0B       		.byte	0xb
 446 01f8 73000000 		.4byte	0x73
 447 01fc 05       		.uleb128 0x5
 448 01fd 03       		.byte	0x3
 449 01fe 00000000 		.4byte	randState
 450 0202 0F       		.uleb128 0xf
 451 0203 95020000 		.4byte	.LASF23
 452 0207 05       		.byte	0x5
 453 0208 0C       		.byte	0xc
 454 0209 73000000 		.4byte	0x73
 455 020d 05       		.uleb128 0x5
 456 020e 03       		.byte	0x3
 457 020f 00000000 		.4byte	randturn
 458 0213 0F       		.uleb128 0xf
 459 0214 70020000 		.4byte	.LASF24
 460 0218 06       		.byte	0x6
 461 0219 04       		.byte	0x4
 462 021a 73000000 		.4byte	0x73
 463 021e 05       		.uleb128 0x5
 464 021f 03       		.byte	0x3
 465 0220 00000000 		.4byte	rpiRunning
 466 0224 0F       		.uleb128 0xf
 467 0225 F0010000 		.4byte	.LASF25
 468 0229 07       		.byte	0x7
 469 022a 03       		.byte	0x3
 470 022b 81000000 		.4byte	0x81
 471 022f 05       		.uleb128 0x5
 472 0230 03       		.byte	0x3
 473 0231 00000000 		.4byte	result
 474 0235 0D       		.uleb128 0xd
 475 0236 A5000000 		.4byte	0xa5
 476 023a 45020000 		.4byte	0x245
 477 023e 0E       		.uleb128 0xe
 478 023f B3000000 		.4byte	0xb3
 479 0243 FF       		.byte	0xff
 480 0244 00       		.byte	0
 481 0245 0F       		.uleb128 0xf
 482 0246 0F000000 		.4byte	.LASF26
 483 024a 07       		.byte	0x7
 484 024b 04       		.byte	0x4
 485 024c 35020000 		.4byte	0x235
 486 0250 05       		.uleb128 0x5
 487 0251 03       		.byte	0x3
 488 0252 00000000 		.4byte	uartBuffer
 489 0256 0F       		.uleb128 0xf
ARM GAS  C:\Users\LUCASI~1\AppData\Local\Temp\ccJ8BCEf.s 			page 11


 490 0257 CD010000 		.4byte	.LASF27
 491 025b 07       		.byte	0x7
 492 025c 05       		.byte	0x5
 493 025d 81000000 		.4byte	0x81
 494 0261 05       		.uleb128 0x5
 495 0262 03       		.byte	0x3
 496 0263 00000000 		.4byte	measurement
 497 0267 0F       		.uleb128 0xf
 498 0268 00000000 		.4byte	.LASF28
 499 026c 07       		.byte	0x7
 500 026d 05       		.byte	0x5
 501 026e 81000000 		.4byte	0x81
 502 0272 05       		.uleb128 0x5
 503 0273 03       		.byte	0x3
 504 0274 00000000 		.4byte	count_ok
 505 0278 0F       		.uleb128 0xf
 506 0279 7E010000 		.4byte	.LASF29
 507 027d 07       		.byte	0x7
 508 027e 05       		.byte	0x5
 509 027f 81000000 		.4byte	0x81
 510 0283 05       		.uleb128 0x5
 511 0284 03       		.byte	0x3
 512 0285 00000000 		.4byte	count_not_ok
 513 0289 0F       		.uleb128 0xf
 514 028a 54010000 		.4byte	.LASF30
 515 028e 07       		.byte	0x7
 516 028f 05       		.byte	0x5
 517 0290 81000000 		.4byte	0x81
 518 0294 05       		.uleb128 0x5
 519 0295 03       		.byte	0x3
 520 0296 00000000 		.4byte	status_scale
 521 029a 0F       		.uleb128 0xf
 522 029b 41010000 		.4byte	.LASF31
 523 029f 08       		.byte	0x8
 524 02a0 01       		.byte	0x1
 525 02a1 73000000 		.4byte	0x73
 526 02a5 05       		.uleb128 0x5
 527 02a6 03       		.byte	0x3
 528 02a7 00000000 		.4byte	running_
 529 02ab 10       		.uleb128 0x10
 530 02ac 13010000 		.4byte	.LASF32
 531 02b0 13010000 		.4byte	.LASF32
 532 02b4 05       		.byte	0x5
 533 02b5 12       		.byte	0x12
 534 02b6 10       		.uleb128 0x10
 535 02b7 08010000 		.4byte	.LASF33
 536 02bb 08010000 		.4byte	.LASF33
 537 02bf 09       		.byte	0x9
 538 02c0 05       		.byte	0x5
 539 02c1 10       		.uleb128 0x10
 540 02c2 D4020000 		.4byte	.LASF34
 541 02c6 D4020000 		.4byte	.LASF34
 542 02ca 0A       		.byte	0xa
 543 02cb 76       		.byte	0x76
 544 02cc 10       		.uleb128 0x10
 545 02cd 1D010000 		.4byte	.LASF35
 546 02d1 1D010000 		.4byte	.LASF35
ARM GAS  C:\Users\LUCASI~1\AppData\Local\Temp\ccJ8BCEf.s 			page 12


 547 02d5 0B       		.byte	0xb
 548 02d6 18       		.byte	0x18
 549 02d7 10       		.uleb128 0x10
 550 02d8 3F000000 		.4byte	.LASF36
 551 02dc 3F000000 		.4byte	.LASF36
 552 02e0 0C       		.byte	0xc
 553 02e1 0B       		.byte	0xb
 554 02e2 10       		.uleb128 0x10
 555 02e3 24000000 		.4byte	.LASF37
 556 02e7 24000000 		.4byte	.LASF37
 557 02eb 06       		.byte	0x6
 558 02ec 0D       		.byte	0xd
 559 02ed 10       		.uleb128 0x10
 560 02ee 66020000 		.4byte	.LASF38
 561 02f2 66020000 		.4byte	.LASF38
 562 02f6 09       		.byte	0x9
 563 02f7 04       		.byte	0x4
 564 02f8 10       		.uleb128 0x10
 565 02f9 C4020000 		.4byte	.LASF39
 566 02fd C4020000 		.4byte	.LASF39
 567 0301 0D       		.byte	0xd
 568 0302 34       		.byte	0x34
 569 0303 10       		.uleb128 0x10
 570 0304 AE010000 		.4byte	.LASF40
 571 0308 AE010000 		.4byte	.LASF40
 572 030c 0E       		.byte	0xe
 573 030d 26       		.byte	0x26
 574 030e 10       		.uleb128 0x10
 575 030f 33000000 		.4byte	.LASF41
 576 0313 33000000 		.4byte	.LASF41
 577 0317 05       		.byte	0x5
 578 0318 0E       		.byte	0xe
 579 0319 10       		.uleb128 0x10
 580 031a DC020000 		.4byte	.LASF42
 581 031e DC020000 		.4byte	.LASF42
 582 0322 0F       		.byte	0xf
 583 0323 88       		.byte	0x88
 584 0324 10       		.uleb128 0x10
 585 0325 4E000000 		.4byte	.LASF43
 586 0329 4E000000 		.4byte	.LASF43
 587 032d 06       		.byte	0x6
 588 032e 09       		.byte	0x9
 589 032f 10       		.uleb128 0x10
 590 0330 5A000000 		.4byte	.LASF44
 591 0334 5A000000 		.4byte	.LASF44
 592 0338 08       		.byte	0x8
 593 0339 03       		.byte	0x3
 594 033a 00       		.byte	0
 595              		.section	.debug_abbrev,"",%progbits
 596              	.Ldebug_abbrev0:
 597 0000 01       		.uleb128 0x1
 598 0001 11       		.uleb128 0x11
 599 0002 01       		.byte	0x1
 600 0003 25       		.uleb128 0x25
 601 0004 0E       		.uleb128 0xe
 602 0005 13       		.uleb128 0x13
 603 0006 0B       		.uleb128 0xb
ARM GAS  C:\Users\LUCASI~1\AppData\Local\Temp\ccJ8BCEf.s 			page 13


 604 0007 03       		.uleb128 0x3
 605 0008 0E       		.uleb128 0xe
 606 0009 1B       		.uleb128 0x1b
 607 000a 0E       		.uleb128 0xe
 608 000b 55       		.uleb128 0x55
 609 000c 17       		.uleb128 0x17
 610 000d 11       		.uleb128 0x11
 611 000e 01       		.uleb128 0x1
 612 000f 10       		.uleb128 0x10
 613 0010 17       		.uleb128 0x17
 614 0011 00       		.byte	0
 615 0012 00       		.byte	0
 616 0013 02       		.uleb128 0x2
 617 0014 24       		.uleb128 0x24
 618 0015 00       		.byte	0
 619 0016 0B       		.uleb128 0xb
 620 0017 0B       		.uleb128 0xb
 621 0018 3E       		.uleb128 0x3e
 622 0019 0B       		.uleb128 0xb
 623 001a 03       		.uleb128 0x3
 624 001b 0E       		.uleb128 0xe
 625 001c 00       		.byte	0
 626 001d 00       		.byte	0
 627 001e 03       		.uleb128 0x3
 628 001f 16       		.uleb128 0x16
 629 0020 00       		.byte	0
 630 0021 03       		.uleb128 0x3
 631 0022 0E       		.uleb128 0xe
 632 0023 3A       		.uleb128 0x3a
 633 0024 0B       		.uleb128 0xb
 634 0025 3B       		.uleb128 0x3b
 635 0026 0B       		.uleb128 0xb
 636 0027 49       		.uleb128 0x49
 637 0028 13       		.uleb128 0x13
 638 0029 00       		.byte	0
 639 002a 00       		.byte	0
 640 002b 04       		.uleb128 0x4
 641 002c 24       		.uleb128 0x24
 642 002d 00       		.byte	0
 643 002e 0B       		.uleb128 0xb
 644 002f 0B       		.uleb128 0xb
 645 0030 3E       		.uleb128 0x3e
 646 0031 0B       		.uleb128 0xb
 647 0032 03       		.uleb128 0x3
 648 0033 08       		.uleb128 0x8
 649 0034 00       		.byte	0
 650 0035 00       		.byte	0
 651 0036 05       		.uleb128 0x5
 652 0037 2E       		.uleb128 0x2e
 653 0038 01       		.byte	0x1
 654 0039 3F       		.uleb128 0x3f
 655 003a 19       		.uleb128 0x19
 656 003b 03       		.uleb128 0x3
 657 003c 0E       		.uleb128 0xe
 658 003d 3A       		.uleb128 0x3a
 659 003e 0B       		.uleb128 0xb
 660 003f 3B       		.uleb128 0x3b
ARM GAS  C:\Users\LUCASI~1\AppData\Local\Temp\ccJ8BCEf.s 			page 14


 661 0040 0B       		.uleb128 0xb
 662 0041 27       		.uleb128 0x27
 663 0042 19       		.uleb128 0x19
 664 0043 11       		.uleb128 0x11
 665 0044 01       		.uleb128 0x1
 666 0045 12       		.uleb128 0x12
 667 0046 06       		.uleb128 0x6
 668 0047 40       		.uleb128 0x40
 669 0048 18       		.uleb128 0x18
 670 0049 9742     		.uleb128 0x2117
 671 004b 19       		.uleb128 0x19
 672 004c 01       		.uleb128 0x1
 673 004d 13       		.uleb128 0x13
 674 004e 00       		.byte	0
 675 004f 00       		.byte	0
 676 0050 06       		.uleb128 0x6
 677 0051 898201   		.uleb128 0x4109
 678 0054 00       		.byte	0
 679 0055 11       		.uleb128 0x11
 680 0056 01       		.uleb128 0x1
 681 0057 31       		.uleb128 0x31
 682 0058 13       		.uleb128 0x13
 683 0059 00       		.byte	0
 684 005a 00       		.byte	0
 685 005b 07       		.uleb128 0x7
 686 005c 898201   		.uleb128 0x4109
 687 005f 01       		.byte	0x1
 688 0060 11       		.uleb128 0x11
 689 0061 01       		.uleb128 0x1
 690 0062 31       		.uleb128 0x31
 691 0063 13       		.uleb128 0x13
 692 0064 01       		.uleb128 0x1
 693 0065 13       		.uleb128 0x13
 694 0066 00       		.byte	0
 695 0067 00       		.byte	0
 696 0068 08       		.uleb128 0x8
 697 0069 8A8201   		.uleb128 0x410a
 698 006c 00       		.byte	0
 699 006d 02       		.uleb128 0x2
 700 006e 18       		.uleb128 0x18
 701 006f 9142     		.uleb128 0x2111
 702 0071 18       		.uleb128 0x18
 703 0072 00       		.byte	0
 704 0073 00       		.byte	0
 705 0074 09       		.uleb128 0x9
 706 0075 898201   		.uleb128 0x4109
 707 0078 01       		.byte	0x1
 708 0079 11       		.uleb128 0x11
 709 007a 01       		.uleb128 0x1
 710 007b 31       		.uleb128 0x31
 711 007c 13       		.uleb128 0x13
 712 007d 00       		.byte	0
 713 007e 00       		.byte	0
 714 007f 0A       		.uleb128 0xa
 715 0080 2E       		.uleb128 0x2e
 716 0081 01       		.byte	0x1
 717 0082 3F       		.uleb128 0x3f
ARM GAS  C:\Users\LUCASI~1\AppData\Local\Temp\ccJ8BCEf.s 			page 15


 718 0083 19       		.uleb128 0x19
 719 0084 03       		.uleb128 0x3
 720 0085 0E       		.uleb128 0xe
 721 0086 3A       		.uleb128 0x3a
 722 0087 0B       		.uleb128 0xb
 723 0088 3B       		.uleb128 0x3b
 724 0089 0B       		.uleb128 0xb
 725 008a 27       		.uleb128 0x27
 726 008b 19       		.uleb128 0x19
 727 008c 49       		.uleb128 0x49
 728 008d 13       		.uleb128 0x13
 729 008e 8701     		.uleb128 0x87
 730 0090 19       		.uleb128 0x19
 731 0091 11       		.uleb128 0x11
 732 0092 01       		.uleb128 0x1
 733 0093 12       		.uleb128 0x12
 734 0094 06       		.uleb128 0x6
 735 0095 40       		.uleb128 0x40
 736 0096 18       		.uleb128 0x18
 737 0097 9742     		.uleb128 0x2117
 738 0099 19       		.uleb128 0x19
 739 009a 01       		.uleb128 0x1
 740 009b 13       		.uleb128 0x13
 741 009c 00       		.byte	0
 742 009d 00       		.byte	0
 743 009e 0B       		.uleb128 0xb
 744 009f 34       		.uleb128 0x34
 745 00a0 00       		.byte	0
 746 00a1 03       		.uleb128 0x3
 747 00a2 0E       		.uleb128 0xe
 748 00a3 3A       		.uleb128 0x3a
 749 00a4 0B       		.uleb128 0xb
 750 00a5 3B       		.uleb128 0x3b
 751 00a6 05       		.uleb128 0x5
 752 00a7 49       		.uleb128 0x49
 753 00a8 13       		.uleb128 0x13
 754 00a9 3F       		.uleb128 0x3f
 755 00aa 19       		.uleb128 0x19
 756 00ab 3C       		.uleb128 0x3c
 757 00ac 19       		.uleb128 0x19
 758 00ad 00       		.byte	0
 759 00ae 00       		.byte	0
 760 00af 0C       		.uleb128 0xc
 761 00b0 35       		.uleb128 0x35
 762 00b1 00       		.byte	0
 763 00b2 49       		.uleb128 0x49
 764 00b3 13       		.uleb128 0x13
 765 00b4 00       		.byte	0
 766 00b5 00       		.byte	0
 767 00b6 0D       		.uleb128 0xd
 768 00b7 01       		.uleb128 0x1
 769 00b8 01       		.byte	0x1
 770 00b9 49       		.uleb128 0x49
 771 00ba 13       		.uleb128 0x13
 772 00bb 01       		.uleb128 0x1
 773 00bc 13       		.uleb128 0x13
 774 00bd 00       		.byte	0
ARM GAS  C:\Users\LUCASI~1\AppData\Local\Temp\ccJ8BCEf.s 			page 16


 775 00be 00       		.byte	0
 776 00bf 0E       		.uleb128 0xe
 777 00c0 21       		.uleb128 0x21
 778 00c1 00       		.byte	0
 779 00c2 49       		.uleb128 0x49
 780 00c3 13       		.uleb128 0x13
 781 00c4 2F       		.uleb128 0x2f
 782 00c5 0B       		.uleb128 0xb
 783 00c6 00       		.byte	0
 784 00c7 00       		.byte	0
 785 00c8 0F       		.uleb128 0xf
 786 00c9 34       		.uleb128 0x34
 787 00ca 00       		.byte	0
 788 00cb 03       		.uleb128 0x3
 789 00cc 0E       		.uleb128 0xe
 790 00cd 3A       		.uleb128 0x3a
 791 00ce 0B       		.uleb128 0xb
 792 00cf 3B       		.uleb128 0x3b
 793 00d0 0B       		.uleb128 0xb
 794 00d1 49       		.uleb128 0x49
 795 00d2 13       		.uleb128 0x13
 796 00d3 3F       		.uleb128 0x3f
 797 00d4 19       		.uleb128 0x19
 798 00d5 02       		.uleb128 0x2
 799 00d6 18       		.uleb128 0x18
 800 00d7 00       		.byte	0
 801 00d8 00       		.byte	0
 802 00d9 10       		.uleb128 0x10
 803 00da 2E       		.uleb128 0x2e
 804 00db 00       		.byte	0
 805 00dc 3F       		.uleb128 0x3f
 806 00dd 19       		.uleb128 0x19
 807 00de 3C       		.uleb128 0x3c
 808 00df 19       		.uleb128 0x19
 809 00e0 6E       		.uleb128 0x6e
 810 00e1 0E       		.uleb128 0xe
 811 00e2 03       		.uleb128 0x3
 812 00e3 0E       		.uleb128 0xe
 813 00e4 3A       		.uleb128 0x3a
 814 00e5 0B       		.uleb128 0xb
 815 00e6 3B       		.uleb128 0x3b
 816 00e7 0B       		.uleb128 0xb
 817 00e8 00       		.byte	0
 818 00e9 00       		.byte	0
 819 00ea 00       		.byte	0
 820              		.section	.debug_aranges,"",%progbits
 821 0000 24000000 		.4byte	0x24
 822 0004 0200     		.2byte	0x2
 823 0006 00000000 		.4byte	.Ldebug_info0
 824 000a 04       		.byte	0x4
 825 000b 00       		.byte	0
 826 000c 0000     		.2byte	0
 827 000e 0000     		.2byte	0
 828 0010 00000000 		.4byte	.LFB65
 829 0014 30000000 		.4byte	.LFE65-.LFB65
 830 0018 00000000 		.4byte	.LFB64
 831 001c 88000000 		.4byte	.LFE64-.LFB64
ARM GAS  C:\Users\LUCASI~1\AppData\Local\Temp\ccJ8BCEf.s 			page 17


 832 0020 00000000 		.4byte	0
 833 0024 00000000 		.4byte	0
 834              		.section	.debug_ranges,"",%progbits
 835              	.Ldebug_ranges0:
 836 0000 00000000 		.4byte	.LFB65
 837 0004 30000000 		.4byte	.LFE65
 838 0008 00000000 		.4byte	.LFB64
 839 000c 88000000 		.4byte	.LFE64
 840 0010 00000000 		.4byte	0
 841 0014 00000000 		.4byte	0
 842              		.section	.debug_line,"",%progbits
 843              	.Ldebug_line0:
 844 0000 8E020000 		.section	.debug_str,"MS",%progbits,1
 844      02004E02 
 844      00000201 
 844      FB0E0D00 
 844      01010101 
 845              	.LASF28:
 846 0000 636F756E 		.ascii	"count_ok\000"
 846      745F6F6B 
 846      00
 847              	.LASF21:
 848 0009 73746174 		.ascii	"state\000"
 848      6500
 849              	.LASF26:
 850 000f 75617274 		.ascii	"uartBuffer\000"
 850      42756666 
 850      657200
 851              	.LASF5:
 852 001a 5F5F696E 		.ascii	"__int32_t\000"
 852      7433325F 
 852      7400
 853              	.LASF37:
 854 0024 72706949 		.ascii	"rpiInit\000"
 854      6E697400 
 855              	.LASF14:
 856 002c 646F7562 		.ascii	"double\000"
 856      6C6500
 857              	.LASF41:
 858 0033 73706565 		.ascii	"speedSelect\000"
 858      6453656C 
 858      65637400 
 859              	.LASF36:
 860 003f 65646765 		.ascii	"edgeSensorInit\000"
 860      53656E73 
 860      6F72496E 
 860      697400
 861              	.LASF43:
 862 004e 73636F72 		.ascii	"score\000"
 862      6500
 863              	.LASF13:
 864 0054 666C6F61 		.ascii	"float\000"
 864      7400
 865              	.LASF44:
 866 005a 77616974 		.ascii	"waitingStateStart\000"
 866      696E6753 
 866      74617465 
ARM GAS  C:\Users\LUCASI~1\AppData\Local\Temp\ccJ8BCEf.s 			page 18


 866      53746172 
 866      7400
 867              	.LASF1:
 868 006c 756E7369 		.ascii	"unsigned char\000"
 868      676E6564 
 868      20636861 
 868      7200
 869              	.LASF45:
 870 007a 474E5520 		.ascii	"GNU C11 5.4.1 20160609 (release) [ARM/embedded-5-br"
 870      43313120 
 870      352E342E 
 870      31203230 
 870      31363036 
 871 00ad 616E6368 		.ascii	"anch revision 237715] -mcpu=cortex-m3 -mthumb -g -O"
 871      20726576 
 871      6973696F 
 871      6E203233 
 871      37373135 
 872 00e0 67202D66 		.ascii	"g -ffunction-sections -ffat-lto-objects\000"
 872      66756E63 
 872      74696F6E 
 872      2D736563 
 872      74696F6E 
 873              	.LASF33:
 874 0108 73656E64 		.ascii	"sendToSOMO\000"
 874      546F534F 
 874      4D4F00
 875              	.LASF32:
 876 0113 6D6F746F 		.ascii	"motorStop\000"
 876      7253746F 
 876      7000
 877              	.LASF35:
 878 011d 62616C6C 		.ascii	"ball_int_StartEx\000"
 878      5F696E74 
 878      5F537461 
 878      72744578 
 878      00
 879              	.LASF3:
 880 012e 73686F72 		.ascii	"short unsigned int\000"
 880      7420756E 
 880      7369676E 
 880      65642069 
 880      6E7400
 881              	.LASF31:
 882 0141 72756E6E 		.ascii	"running_\000"
 882      696E675F 
 882      00
 883              	.LASF22:
 884 014a 72616E64 		.ascii	"randState\000"
 884      53746174 
 884      6500
 885              	.LASF30:
 886 0154 73746174 		.ascii	"status_scale\000"
 886      75735F73 
 886      63616C65 
 886      00
 887              	.LASF4:
ARM GAS  C:\Users\LUCASI~1\AppData\Local\Temp\ccJ8BCEf.s 			page 19


 888 0161 5F5F7569 		.ascii	"__uint16_t\000"
 888      6E743136 
 888      5F7400
 889              	.LASF7:
 890 016c 6C6F6E67 		.ascii	"long unsigned int\000"
 890      20756E73 
 890      69676E65 
 890      6420696E 
 890      7400
 891              	.LASF29:
 892 017e 636F756E 		.ascii	"count_not_ok\000"
 892      745F6E6F 
 892      745F6F6B 
 892      00
 893              	.LASF49:
 894 018b 6D61696E 		.ascii	"main\000"
 894      00
 895              	.LASF48:
 896 0190 62616C6C 		.ascii	"ball_int_handler\000"
 896      5F696E74 
 896      5F68616E 
 896      646C6572 
 896      00
 897              	.LASF18:
 898 01a1 49544D5F 		.ascii	"ITM_RxBuffer\000"
 898      52784275 
 898      66666572 
 898      00
 899              	.LASF40:
 900 01ae 50696E5F 		.ascii	"Pin_running_Write\000"
 900      72756E6E 
 900      696E675F 
 900      57726974 
 900      6500
 901              	.LASF10:
 902 01c0 756E7369 		.ascii	"unsigned int\000"
 902      676E6564 
 902      20696E74 
 902      00
 903              	.LASF27:
 904 01cd 6D656173 		.ascii	"measurement\000"
 904      7572656D 
 904      656E7400 
 905              	.LASF9:
 906 01d9 6C6F6E67 		.ascii	"long long unsigned int\000"
 906      206C6F6E 
 906      6720756E 
 906      7369676E 
 906      65642069 
 907              	.LASF25:
 908 01f0 72657375 		.ascii	"result\000"
 908      6C7400
 909              	.LASF47:
 910 01f7 433A5C55 		.ascii	"C:\\Users\\lucasiversen\\Desktop\\Ultrasoundv2\\Ult"
 910      73657273 
 910      5C6C7563 
 910      61736976 
ARM GAS  C:\Users\LUCASI~1\AppData\Local\Temp\ccJ8BCEf.s 			page 20


 910      65727365 
 911 0225 7261736F 		.ascii	"rasoundv2.cydsn\000"
 911      756E6476 
 911      322E6379 
 911      64736E00 
 912              	.LASF12:
 913 0235 696E7433 		.ascii	"int32_t\000"
 913      325F7400 
 914              	.LASF17:
 915 023d 73697A65 		.ascii	"sizetype\000"
 915      74797065 
 915      00
 916              	.LASF8:
 917 0246 6C6F6E67 		.ascii	"long long int\000"
 917      206C6F6E 
 917      6720696E 
 917      7400
 918              	.LASF46:
 919 0254 6D61696E 		.ascii	"main.c\000"
 919      2E6300
 920              	.LASF20:
 921 025b 64696666 		.ascii	"difficulty\000"
 921      6963756C 
 921      747900
 922              	.LASF38:
 923 0266 736F756E 		.ascii	"soundInit\000"
 923      64496E69 
 923      7400
 924              	.LASF24:
 925 0270 72706952 		.ascii	"rpiRunning\000"
 925      756E6E69 
 925      6E6700
 926              	.LASF2:
 927 027b 73686F72 		.ascii	"short int\000"
 927      7420696E 
 927      7400
 928              	.LASF19:
 929 0285 62756666 		.ascii	"buffer\000"
 929      657200
 930              	.LASF11:
 931 028c 75696E74 		.ascii	"uint16_t\000"
 931      31365F74 
 931      00
 932              	.LASF23:
 933 0295 72616E64 		.ascii	"randturn\000"
 933      7475726E 
 933      00
 934              	.LASF6:
 935 029e 6C6F6E67 		.ascii	"long int\000"
 935      20696E74 
 935      00
 936              	.LASF15:
 937 02a7 63686172 		.ascii	"char\000"
 937      00
 938              	.LASF16:
 939 02ac 6C6F6E67 		.ascii	"long double\000"
 939      20646F75 
ARM GAS  C:\Users\LUCASI~1\AppData\Local\Temp\ccJ8BCEf.s 			page 21


 939      626C6500 
 940              	.LASF0:
 941 02b8 7369676E 		.ascii	"signed char\000"
 941      65642063 
 941      68617200 
 942              	.LASF39:
 943 02c4 4144435F 		.ascii	"ADC_SAR_1_Start\000"
 943      5341525F 
 943      315F5374 
 943      61727400 
 944              	.LASF34:
 945 02d4 43794465 		.ascii	"CyDelay\000"
 945      6C617900 
 946              	.LASF42:
 947 02dc 72616E64 		.ascii	"rand\000"
 947      00
 948              		.ident	"GCC: (GNU Tools for ARM Embedded Processors) 5.4.1 20160609 (release) [ARM/embedded-5-bran
