ARM GAS  C:\Users\LUCASI~1\AppData\Local\Temp\cc2pS4gL.s 			page 1


   1              		.syntax unified
   2              		.cpu cortex-m3
   3              		.fpu softvfp
   4              		.eabi_attribute 20, 1
   5              		.eabi_attribute 21, 1
   6              		.eabi_attribute 23, 3
   7              		.eabi_attribute 24, 1
   8              		.eabi_attribute 25, 1
   9              		.eabi_attribute 26, 1
  10              		.eabi_attribute 30, 1
  11              		.eabi_attribute 34, 1
  12              		.eabi_attribute 18, 4
  13              		.thumb
  14              		.syntax unified
  15              		.file	"scale.c"
  16              		.text
  17              	.Ltext0:
  18              		.cfi_sections	.debug_frame
  19              		.section	.text.clearScaleVariables,"ax",%progbits
  20              		.align	2
  21              		.global	clearScaleVariables
  22              		.thumb
  23              		.thumb_func
  24              		.type	clearScaleVariables, %function
  25              	clearScaleVariables:
  26              	.LFB64:
  27              		.file 1 "scale.c"
   1:scale.c       **** #include "scale.h"
   2:scale.c       **** 
   3:scale.c       **** int readScaleStatus(void){
   4:scale.c       ****     
   5:scale.c       ****     ADC_SAR_1_StartConvert();
   6:scale.c       ****     
   7:scale.c       ****     clearScaleVariables();
   8:scale.c       ****     
   9:scale.c       ****     for(int i = 0; i < 20; i++)
  10:scale.c       ****     {
  11:scale.c       ****         if (ADC_SAR_1_IsEndConversion(ADC_SAR_1_WAIT_FOR_RESULT))   //Venter på et resultat.
  12:scale.c       ****         {
  13:scale.c       ****             result = ADC_SAR_1_GetResult16();  
  14:scale.c       ****             
  15:scale.c       ****             CyDelay(10);
  16:scale.c       ****             
  17:scale.c       ****             measurement++;
  18:scale.c       ****             
  19:scale.c       ****             if(result < 3500)
  20:scale.c       ****             {
  21:scale.c       ****                 count_ok++;
  22:scale.c       ****                 if (count_ok == 8)
  23:scale.c       ****                 {
  24:scale.c       ****                     ADC_SAR_1_StopConvert();
  25:scale.c       ****                     status_scale = 1;
  26:scale.c       ****                     return status_scale;
  27:scale.c       ****                 }
  28:scale.c       ****             }
  29:scale.c       ****             else if(result > 3500)
  30:scale.c       ****             {
ARM GAS  C:\Users\LUCASI~1\AppData\Local\Temp\cc2pS4gL.s 			page 2


  31:scale.c       ****                 count_not_ok++;
  32:scale.c       ****                 if (count_not_ok == 8)
  33:scale.c       ****                 {
  34:scale.c       ****                     ADC_SAR_1_StopConvert();
  35:scale.c       ****                     status_scale = 0;
  36:scale.c       ****                     return status_scale;
  37:scale.c       ****                 }
  38:scale.c       ****             }
  39:scale.c       ****         }
  40:scale.c       ****     }
  41:scale.c       ****     
  42:scale.c       ****     return 0;
  43:scale.c       **** }
  44:scale.c       **** 
  45:scale.c       **** void clearScaleVariables(){
  28              		.loc 1 45 0
  29              		.cfi_startproc
  30              		@ args = 0, pretend = 0, frame = 0
  31              		@ frame_needed = 0, uses_anonymous_args = 0
  32              		@ link register save eliminated.
  46:scale.c       ****     status_scale = 0;
  33              		.loc 1 46 0
  34 0000 0023     		movs	r3, #0
  35 0002 054A     		ldr	r2, .L2
  36 0004 1380     		strh	r3, [r2]	@ movhi
  47:scale.c       ****     result = 0;
  37              		.loc 1 47 0
  38 0006 054A     		ldr	r2, .L2+4
  39 0008 1380     		strh	r3, [r2]	@ movhi
  48:scale.c       ****     count_not_ok = 0;
  40              		.loc 1 48 0
  41 000a 054A     		ldr	r2, .L2+8
  42 000c 1380     		strh	r3, [r2]	@ movhi
  49:scale.c       ****     count_ok = 0;
  43              		.loc 1 49 0
  44 000e 054A     		ldr	r2, .L2+12
  45 0010 1380     		strh	r3, [r2]	@ movhi
  50:scale.c       ****     measurement = 0;
  46              		.loc 1 50 0
  47 0012 054A     		ldr	r2, .L2+16
  48 0014 1380     		strh	r3, [r2]	@ movhi
  49 0016 7047     		bx	lr
  50              	.L3:
  51              		.align	2
  52              	.L2:
  53 0018 00000000 		.word	status_scale
  54 001c 00000000 		.word	result
  55 0020 00000000 		.word	count_not_ok
  56 0024 00000000 		.word	count_ok
  57 0028 00000000 		.word	measurement
  58              		.cfi_endproc
  59              	.LFE64:
  60              		.size	clearScaleVariables, .-clearScaleVariables
  61              		.section	.text.readScaleStatus,"ax",%progbits
  62              		.align	2
  63              		.global	readScaleStatus
  64              		.thumb
ARM GAS  C:\Users\LUCASI~1\AppData\Local\Temp\cc2pS4gL.s 			page 3


  65              		.thumb_func
  66              		.type	readScaleStatus, %function
  67              	readScaleStatus:
  68              	.LFB63:
   3:scale.c       ****     
  69              		.loc 1 3 0
  70              		.cfi_startproc
  71              		@ args = 0, pretend = 0, frame = 0
  72              		@ frame_needed = 0, uses_anonymous_args = 0
  73 0000 38B5     		push	{r3, r4, r5, lr}
  74              		.cfi_def_cfa_offset 16
  75              		.cfi_offset 3, -16
  76              		.cfi_offset 4, -12
  77              		.cfi_offset 5, -8
  78              		.cfi_offset 14, -4
   5:scale.c       ****     
  79              		.loc 1 5 0
  80 0002 FFF7FEFF 		bl	ADC_SAR_1_StartConvert
  81              	.LVL0:
   7:scale.c       ****     
  82              		.loc 1 7 0
  83 0006 FFF7FEFF 		bl	clearScaleVariables
  84              	.LVL1:
  85              	.LBB2:
   9:scale.c       ****     {
  86              		.loc 1 9 0
  87 000a 0024     		movs	r4, #0
  88 000c 33E0     		b	.L5
  89              	.LVL2:
  90              	.L9:
  11:scale.c       ****         {
  91              		.loc 1 11 0
  92 000e 0020     		movs	r0, #0
  93 0010 FFF7FEFF 		bl	ADC_SAR_1_IsEndConversion
  94              	.LVL3:
  95 0014 0028     		cmp	r0, #0
  96 0016 2DD0     		beq	.L6
  13:scale.c       ****             
  97              		.loc 1 13 0
  98 0018 FFF7FEFF 		bl	ADC_SAR_1_GetResult16
  99              	.LVL4:
 100 001c 184D     		ldr	r5, .L11
 101 001e 2880     		strh	r0, [r5]	@ movhi
  15:scale.c       ****             
 102              		.loc 1 15 0
 103 0020 0A20     		movs	r0, #10
 104 0022 FFF7FEFF 		bl	CyDelay
 105              	.LVL5:
  17:scale.c       ****             
 106              		.loc 1 17 0
 107 0026 174A     		ldr	r2, .L11+4
 108 0028 1388     		ldrh	r3, [r2]
 109 002a 0133     		adds	r3, r3, #1
 110 002c 1380     		strh	r3, [r2]	@ movhi
  19:scale.c       ****             {
 111              		.loc 1 19 0
 112 002e 2B88     		ldrh	r3, [r5]
ARM GAS  C:\Users\LUCASI~1\AppData\Local\Temp\cc2pS4gL.s 			page 4


 113 0030 40F6AB52 		movw	r2, #3499
 114 0034 9342     		cmp	r3, r2
 115 0036 0CD8     		bhi	.L7
  21:scale.c       ****                 if (count_ok == 8)
 116              		.loc 1 21 0
 117 0038 134A     		ldr	r2, .L11+8
 118 003a 1388     		ldrh	r3, [r2]
 119 003c 0133     		adds	r3, r3, #1
 120 003e 9BB2     		uxth	r3, r3
 121 0040 1380     		strh	r3, [r2]	@ movhi
  22:scale.c       ****                 {
 122              		.loc 1 22 0
 123 0042 082B     		cmp	r3, #8
 124 0044 16D1     		bne	.L6
  24:scale.c       ****                     status_scale = 1;
 125              		.loc 1 24 0
 126 0046 FFF7FEFF 		bl	ADC_SAR_1_StopConvert
 127              	.LVL6:
  25:scale.c       ****                     return status_scale;
 128              		.loc 1 25 0
 129 004a 0120     		movs	r0, #1
 130 004c 0F4B     		ldr	r3, .L11+12
 131 004e 1880     		strh	r0, [r3]	@ movhi
  26:scale.c       ****                 }
 132              		.loc 1 26 0
 133 0050 38BD     		pop	{r3, r4, r5, pc}
 134              	.LVL7:
 135              	.L7:
  29:scale.c       ****             {
 136              		.loc 1 29 0
 137 0052 40F6AC52 		movw	r2, #3500
 138 0056 9342     		cmp	r3, r2
 139 0058 0CD9     		bls	.L6
  31:scale.c       ****                 if (count_not_ok == 8)
 140              		.loc 1 31 0
 141 005a 0D4A     		ldr	r2, .L11+16
 142 005c 1388     		ldrh	r3, [r2]
 143 005e 0133     		adds	r3, r3, #1
 144 0060 9BB2     		uxth	r3, r3
 145 0062 1380     		strh	r3, [r2]	@ movhi
  32:scale.c       ****                 {
 146              		.loc 1 32 0
 147 0064 082B     		cmp	r3, #8
 148 0066 05D1     		bne	.L6
  34:scale.c       ****                     status_scale = 0;
 149              		.loc 1 34 0
 150 0068 FFF7FEFF 		bl	ADC_SAR_1_StopConvert
 151              	.LVL8:
  35:scale.c       ****                     return status_scale;
 152              		.loc 1 35 0
 153 006c 0020     		movs	r0, #0
 154 006e 074B     		ldr	r3, .L11+12
 155 0070 1880     		strh	r0, [r3]	@ movhi
  36:scale.c       ****                 }
 156              		.loc 1 36 0
 157 0072 38BD     		pop	{r3, r4, r5, pc}
 158              	.LVL9:
ARM GAS  C:\Users\LUCASI~1\AppData\Local\Temp\cc2pS4gL.s 			page 5


 159              	.L6:
   9:scale.c       ****     {
 160              		.loc 1 9 0 discriminator 2
 161 0074 0134     		adds	r4, r4, #1
 162              	.LVL10:
 163              	.L5:
   9:scale.c       ****     {
 164              		.loc 1 9 0 is_stmt 0 discriminator 1
 165 0076 132C     		cmp	r4, #19
 166 0078 C9DD     		ble	.L9
 167              	.LBE2:
  42:scale.c       **** }
 168              		.loc 1 42 0 is_stmt 1
 169 007a 0020     		movs	r0, #0
  43:scale.c       **** 
 170              		.loc 1 43 0
 171 007c 38BD     		pop	{r3, r4, r5, pc}
 172              	.LVL11:
 173              	.L12:
 174 007e 00BF     		.align	2
 175              	.L11:
 176 0080 00000000 		.word	result
 177 0084 00000000 		.word	measurement
 178 0088 00000000 		.word	count_ok
 179 008c 00000000 		.word	status_scale
 180 0090 00000000 		.word	count_not_ok
 181              		.cfi_endproc
 182              	.LFE63:
 183              		.size	readScaleStatus, .-readScaleStatus
 184              		.comm	status_scale,2,2
 185              		.comm	count_not_ok,2,2
 186              		.comm	count_ok,2,2
 187              		.comm	measurement,2,2
 188              		.comm	uartBuffer,256,4
 189              		.comm	result,2,2
 190              		.text
 191              	.Letext0:
 192              		.file 2 "c:\\program files (x86)\\cypress\\psoc creator\\4.2\\psoc creator\\import\\gnu\\arm\\5.4.
 193              		.file 3 "c:\\program files (x86)\\cypress\\psoc creator\\4.2\\psoc creator\\import\\gnu\\arm\\5.4.
 194              		.file 4 "Generated_Source\\PSoC5/core_cm3.h"
 195              		.file 5 "scale.h"
 196              		.file 6 "Generated_Source\\PSoC5/ADC_SAR_1.h"
 197              		.file 7 "Generated_Source\\PSoC5/CyLib.h"
 198              		.section	.debug_info,"",%progbits
 199              	.Ldebug_info0:
 200 0000 0E020000 		.4byte	0x20e
 201 0004 0400     		.2byte	0x4
 202 0006 00000000 		.4byte	.Ldebug_abbrev0
 203 000a 04       		.byte	0x4
 204 000b 01       		.uleb128 0x1
 205 000c 6C000000 		.4byte	.LASF30
 206 0010 0C       		.byte	0xc
 207 0011 2C010000 		.4byte	.LASF31
 208 0015 B4010000 		.4byte	.LASF32
 209 0019 00000000 		.4byte	.Ldebug_ranges0+0
 210 001d 00000000 		.4byte	0
 211 0021 00000000 		.4byte	.Ldebug_line0
ARM GAS  C:\Users\LUCASI~1\AppData\Local\Temp\cc2pS4gL.s 			page 6


 212 0025 02       		.uleb128 0x2
 213 0026 01       		.byte	0x1
 214 0027 06       		.byte	0x6
 215 0028 68020000 		.4byte	.LASF0
 216 002c 02       		.uleb128 0x2
 217 002d 01       		.byte	0x1
 218 002e 08       		.byte	0x8
 219 002f 5E000000 		.4byte	.LASF1
 220 0033 02       		.uleb128 0x2
 221 0034 02       		.byte	0x2
 222 0035 05       		.byte	0x5
 223 0036 2C020000 		.4byte	.LASF2
 224 003a 03       		.uleb128 0x3
 225 003b 41010000 		.4byte	.LASF4
 226 003f 02       		.byte	0x2
 227 0040 2B       		.byte	0x2b
 228 0041 45000000 		.4byte	0x45
 229 0045 02       		.uleb128 0x2
 230 0046 02       		.byte	0x2
 231 0047 07       		.byte	0x7
 232 0048 15000000 		.4byte	.LASF3
 233 004c 03       		.uleb128 0x3
 234 004d 0B000000 		.4byte	.LASF5
 235 0051 02       		.byte	0x2
 236 0052 3F       		.byte	0x3f
 237 0053 57000000 		.4byte	0x57
 238 0057 02       		.uleb128 0x2
 239 0058 04       		.byte	0x4
 240 0059 05       		.byte	0x5
 241 005a 53020000 		.4byte	.LASF6
 242 005e 02       		.uleb128 0x2
 243 005f 04       		.byte	0x4
 244 0060 07       		.byte	0x7
 245 0061 03010000 		.4byte	.LASF7
 246 0065 02       		.uleb128 0x2
 247 0066 08       		.byte	0x8
 248 0067 05       		.byte	0x5
 249 0068 19020000 		.4byte	.LASF8
 250 006c 02       		.uleb128 0x2
 251 006d 08       		.byte	0x8
 252 006e 07       		.byte	0x7
 253 006f 96010000 		.4byte	.LASF9
 254 0073 04       		.uleb128 0x4
 255 0074 04       		.byte	0x4
 256 0075 05       		.byte	0x5
 257 0076 696E7400 		.ascii	"int\000"
 258 007a 02       		.uleb128 0x2
 259 007b 04       		.byte	0x4
 260 007c 07       		.byte	0x7
 261 007d 7D010000 		.4byte	.LASF10
 262 0081 03       		.uleb128 0x3
 263 0082 36020000 		.4byte	.LASF11
 264 0086 03       		.byte	0x3
 265 0087 24       		.byte	0x24
 266 0088 3A000000 		.4byte	0x3a
 267 008c 03       		.uleb128 0x3
 268 008d F2010000 		.4byte	.LASF12
ARM GAS  C:\Users\LUCASI~1\AppData\Local\Temp\cc2pS4gL.s 			page 7


 269 0091 03       		.byte	0x3
 270 0092 2C       		.byte	0x2c
 271 0093 4C000000 		.4byte	0x4c
 272 0097 02       		.uleb128 0x2
 273 0098 04       		.byte	0x4
 274 0099 04       		.byte	0x4
 275 009a 3E000000 		.4byte	.LASF13
 276 009e 02       		.uleb128 0x2
 277 009f 08       		.byte	0x8
 278 00a0 04       		.byte	0x4
 279 00a1 4C010000 		.4byte	.LASF14
 280 00a5 02       		.uleb128 0x2
 281 00a6 01       		.byte	0x1
 282 00a7 08       		.byte	0x8
 283 00a8 27020000 		.4byte	.LASF15
 284 00ac 02       		.uleb128 0x2
 285 00ad 08       		.byte	0x8
 286 00ae 04       		.byte	0x4
 287 00af 5C020000 		.4byte	.LASF16
 288 00b3 02       		.uleb128 0x2
 289 00b4 04       		.byte	0x4
 290 00b5 07       		.byte	0x7
 291 00b6 FA010000 		.4byte	.LASF17
 292 00ba 05       		.uleb128 0x5
 293 00bb 3F020000 		.4byte	.LASF33
 294 00bf 01       		.byte	0x1
 295 00c0 2D       		.byte	0x2d
 296 00c1 00000000 		.4byte	.LFB64
 297 00c5 2C000000 		.4byte	.LFE64-.LFB64
 298 00c9 01       		.uleb128 0x1
 299 00ca 9C       		.byte	0x9c
 300 00cb 06       		.uleb128 0x6
 301 00cc 6D010000 		.4byte	.LASF34
 302 00d0 01       		.byte	0x1
 303 00d1 03       		.byte	0x3
 304 00d2 73000000 		.4byte	0x73
 305 00d6 00000000 		.4byte	.LFB63
 306 00da 94000000 		.4byte	.LFE63-.LFB63
 307 00de 01       		.uleb128 0x1
 308 00df 9C       		.byte	0x9c
 309 00e0 53010000 		.4byte	0x153
 310 00e4 07       		.uleb128 0x7
 311 00e5 0A000000 		.4byte	.LBB2
 312 00e9 70000000 		.4byte	.LBE2-.LBB2
 313 00ed 40010000 		.4byte	0x140
 314 00f1 08       		.uleb128 0x8
 315 00f2 6900     		.ascii	"i\000"
 316 00f4 01       		.byte	0x1
 317 00f5 09       		.byte	0x9
 318 00f6 73000000 		.4byte	0x73
 319 00fa 00000000 		.4byte	.LLST0
 320 00fe 09       		.uleb128 0x9
 321 00ff 14000000 		.4byte	.LVL3
 322 0103 DA010000 		.4byte	0x1da
 323 0107 11010000 		.4byte	0x111
 324 010b 0A       		.uleb128 0xa
 325 010c 01       		.uleb128 0x1
ARM GAS  C:\Users\LUCASI~1\AppData\Local\Temp\cc2pS4gL.s 			page 8


 326 010d 50       		.byte	0x50
 327 010e 01       		.uleb128 0x1
 328 010f 30       		.byte	0x30
 329 0110 00       		.byte	0
 330 0111 0B       		.uleb128 0xb
 331 0112 1C000000 		.4byte	.LVL4
 332 0116 E5010000 		.4byte	0x1e5
 333 011a 09       		.uleb128 0x9
 334 011b 26000000 		.4byte	.LVL5
 335 011f F0010000 		.4byte	0x1f0
 336 0123 2D010000 		.4byte	0x12d
 337 0127 0A       		.uleb128 0xa
 338 0128 01       		.uleb128 0x1
 339 0129 50       		.byte	0x50
 340 012a 01       		.uleb128 0x1
 341 012b 3A       		.byte	0x3a
 342 012c 00       		.byte	0
 343 012d 0B       		.uleb128 0xb
 344 012e 4A000000 		.4byte	.LVL6
 345 0132 FB010000 		.4byte	0x1fb
 346 0136 0B       		.uleb128 0xb
 347 0137 6C000000 		.4byte	.LVL8
 348 013b FB010000 		.4byte	0x1fb
 349 013f 00       		.byte	0
 350 0140 0B       		.uleb128 0xb
 351 0141 06000000 		.4byte	.LVL0
 352 0145 06020000 		.4byte	0x206
 353 0149 0B       		.uleb128 0xb
 354 014a 0A000000 		.4byte	.LVL1
 355 014e BA000000 		.4byte	0xba
 356 0152 00       		.byte	0
 357 0153 0C       		.uleb128 0xc
 358 0154 60010000 		.4byte	.LASF18
 359 0158 04       		.byte	0x4
 360 0159 1207     		.2byte	0x712
 361 015b 5F010000 		.4byte	0x15f
 362 015f 0D       		.uleb128 0xd
 363 0160 8C000000 		.4byte	0x8c
 364 0164 0E       		.uleb128 0xe
 365 0165 AD010000 		.4byte	.LASF19
 366 0169 05       		.byte	0x5
 367 016a 03       		.byte	0x3
 368 016b 81000000 		.4byte	0x81
 369 016f 05       		.uleb128 0x5
 370 0170 03       		.byte	0x3
 371 0171 00000000 		.4byte	result
 372 0175 0F       		.uleb128 0xf
 373 0176 A5000000 		.4byte	0xa5
 374 017a 85010000 		.4byte	0x185
 375 017e 10       		.uleb128 0x10
 376 017f B3000000 		.4byte	0xb3
 377 0183 FF       		.byte	0xff
 378 0184 00       		.byte	0
 379 0185 0E       		.uleb128 0xe
 380 0186 00000000 		.4byte	.LASF20
 381 018a 05       		.byte	0x5
 382 018b 04       		.byte	0x4
ARM GAS  C:\Users\LUCASI~1\AppData\Local\Temp\cc2pS4gL.s 			page 9


 383 018c 75010000 		.4byte	0x175
 384 0190 05       		.uleb128 0x5
 385 0191 03       		.byte	0x3
 386 0192 00000000 		.4byte	uartBuffer
 387 0196 0E       		.uleb128 0xe
 388 0197 8A010000 		.4byte	.LASF21
 389 019b 05       		.byte	0x5
 390 019c 05       		.byte	0x5
 391 019d 81000000 		.4byte	0x81
 392 01a1 05       		.uleb128 0x5
 393 01a2 03       		.byte	0x3
 394 01a3 00000000 		.4byte	measurement
 395 01a7 0E       		.uleb128 0xe
 396 01a8 FA000000 		.4byte	.LASF22
 397 01ac 05       		.byte	0x5
 398 01ad 05       		.byte	0x5
 399 01ae 81000000 		.4byte	0x81
 400 01b2 05       		.uleb128 0x5
 401 01b3 03       		.byte	0x3
 402 01b4 00000000 		.4byte	count_ok
 403 01b8 0E       		.uleb128 0xe
 404 01b9 53010000 		.4byte	.LASF23
 405 01bd 05       		.byte	0x5
 406 01be 05       		.byte	0x5
 407 01bf 81000000 		.4byte	0x81
 408 01c3 05       		.uleb128 0x5
 409 01c4 03       		.byte	0x3
 410 01c5 00000000 		.4byte	count_not_ok
 411 01c9 0E       		.uleb128 0xe
 412 01ca 34010000 		.4byte	.LASF24
 413 01ce 05       		.byte	0x5
 414 01cf 05       		.byte	0x5
 415 01d0 81000000 		.4byte	0x81
 416 01d4 05       		.uleb128 0x5
 417 01d5 03       		.byte	0x3
 418 01d6 00000000 		.4byte	status_scale
 419 01da 11       		.uleb128 0x11
 420 01db 44000000 		.4byte	.LASF25
 421 01df 44000000 		.4byte	.LASF25
 422 01e3 06       		.byte	0x6
 423 01e4 39       		.byte	0x39
 424 01e5 11       		.uleb128 0x11
 425 01e6 03020000 		.4byte	.LASF26
 426 01ea 03020000 		.4byte	.LASF26
 427 01ee 06       		.byte	0x6
 428 01ef 3B       		.byte	0x3b
 429 01f0 11       		.uleb128 0x11
 430 01f1 74020000 		.4byte	.LASF27
 431 01f5 74020000 		.4byte	.LASF27
 432 01f9 07       		.byte	0x7
 433 01fa 76       		.byte	0x76
 434 01fb 11       		.uleb128 0x11
 435 01fc 28000000 		.4byte	.LASF28
 436 0200 28000000 		.4byte	.LASF28
 437 0204 06       		.byte	0x6
 438 0205 D2       		.byte	0xd2
 439 0206 11       		.uleb128 0x11
ARM GAS  C:\Users\LUCASI~1\AppData\Local\Temp\cc2pS4gL.s 			page 10


 440 0207 15010000 		.4byte	.LASF29
 441 020b 15010000 		.4byte	.LASF29
 442 020f 06       		.byte	0x6
 443 0210 D1       		.byte	0xd1
 444 0211 00       		.byte	0
 445              		.section	.debug_abbrev,"",%progbits
 446              	.Ldebug_abbrev0:
 447 0000 01       		.uleb128 0x1
 448 0001 11       		.uleb128 0x11
 449 0002 01       		.byte	0x1
 450 0003 25       		.uleb128 0x25
 451 0004 0E       		.uleb128 0xe
 452 0005 13       		.uleb128 0x13
 453 0006 0B       		.uleb128 0xb
 454 0007 03       		.uleb128 0x3
 455 0008 0E       		.uleb128 0xe
 456 0009 1B       		.uleb128 0x1b
 457 000a 0E       		.uleb128 0xe
 458 000b 55       		.uleb128 0x55
 459 000c 17       		.uleb128 0x17
 460 000d 11       		.uleb128 0x11
 461 000e 01       		.uleb128 0x1
 462 000f 10       		.uleb128 0x10
 463 0010 17       		.uleb128 0x17
 464 0011 00       		.byte	0
 465 0012 00       		.byte	0
 466 0013 02       		.uleb128 0x2
 467 0014 24       		.uleb128 0x24
 468 0015 00       		.byte	0
 469 0016 0B       		.uleb128 0xb
 470 0017 0B       		.uleb128 0xb
 471 0018 3E       		.uleb128 0x3e
 472 0019 0B       		.uleb128 0xb
 473 001a 03       		.uleb128 0x3
 474 001b 0E       		.uleb128 0xe
 475 001c 00       		.byte	0
 476 001d 00       		.byte	0
 477 001e 03       		.uleb128 0x3
 478 001f 16       		.uleb128 0x16
 479 0020 00       		.byte	0
 480 0021 03       		.uleb128 0x3
 481 0022 0E       		.uleb128 0xe
 482 0023 3A       		.uleb128 0x3a
 483 0024 0B       		.uleb128 0xb
 484 0025 3B       		.uleb128 0x3b
 485 0026 0B       		.uleb128 0xb
 486 0027 49       		.uleb128 0x49
 487 0028 13       		.uleb128 0x13
 488 0029 00       		.byte	0
 489 002a 00       		.byte	0
 490 002b 04       		.uleb128 0x4
 491 002c 24       		.uleb128 0x24
 492 002d 00       		.byte	0
 493 002e 0B       		.uleb128 0xb
 494 002f 0B       		.uleb128 0xb
 495 0030 3E       		.uleb128 0x3e
 496 0031 0B       		.uleb128 0xb
ARM GAS  C:\Users\LUCASI~1\AppData\Local\Temp\cc2pS4gL.s 			page 11


 497 0032 03       		.uleb128 0x3
 498 0033 08       		.uleb128 0x8
 499 0034 00       		.byte	0
 500 0035 00       		.byte	0
 501 0036 05       		.uleb128 0x5
 502 0037 2E       		.uleb128 0x2e
 503 0038 00       		.byte	0
 504 0039 3F       		.uleb128 0x3f
 505 003a 19       		.uleb128 0x19
 506 003b 03       		.uleb128 0x3
 507 003c 0E       		.uleb128 0xe
 508 003d 3A       		.uleb128 0x3a
 509 003e 0B       		.uleb128 0xb
 510 003f 3B       		.uleb128 0x3b
 511 0040 0B       		.uleb128 0xb
 512 0041 11       		.uleb128 0x11
 513 0042 01       		.uleb128 0x1
 514 0043 12       		.uleb128 0x12
 515 0044 06       		.uleb128 0x6
 516 0045 40       		.uleb128 0x40
 517 0046 18       		.uleb128 0x18
 518 0047 9742     		.uleb128 0x2117
 519 0049 19       		.uleb128 0x19
 520 004a 00       		.byte	0
 521 004b 00       		.byte	0
 522 004c 06       		.uleb128 0x6
 523 004d 2E       		.uleb128 0x2e
 524 004e 01       		.byte	0x1
 525 004f 3F       		.uleb128 0x3f
 526 0050 19       		.uleb128 0x19
 527 0051 03       		.uleb128 0x3
 528 0052 0E       		.uleb128 0xe
 529 0053 3A       		.uleb128 0x3a
 530 0054 0B       		.uleb128 0xb
 531 0055 3B       		.uleb128 0x3b
 532 0056 0B       		.uleb128 0xb
 533 0057 27       		.uleb128 0x27
 534 0058 19       		.uleb128 0x19
 535 0059 49       		.uleb128 0x49
 536 005a 13       		.uleb128 0x13
 537 005b 11       		.uleb128 0x11
 538 005c 01       		.uleb128 0x1
 539 005d 12       		.uleb128 0x12
 540 005e 06       		.uleb128 0x6
 541 005f 40       		.uleb128 0x40
 542 0060 18       		.uleb128 0x18
 543 0061 9742     		.uleb128 0x2117
 544 0063 19       		.uleb128 0x19
 545 0064 01       		.uleb128 0x1
 546 0065 13       		.uleb128 0x13
 547 0066 00       		.byte	0
 548 0067 00       		.byte	0
 549 0068 07       		.uleb128 0x7
 550 0069 0B       		.uleb128 0xb
 551 006a 01       		.byte	0x1
 552 006b 11       		.uleb128 0x11
 553 006c 01       		.uleb128 0x1
ARM GAS  C:\Users\LUCASI~1\AppData\Local\Temp\cc2pS4gL.s 			page 12


 554 006d 12       		.uleb128 0x12
 555 006e 06       		.uleb128 0x6
 556 006f 01       		.uleb128 0x1
 557 0070 13       		.uleb128 0x13
 558 0071 00       		.byte	0
 559 0072 00       		.byte	0
 560 0073 08       		.uleb128 0x8
 561 0074 34       		.uleb128 0x34
 562 0075 00       		.byte	0
 563 0076 03       		.uleb128 0x3
 564 0077 08       		.uleb128 0x8
 565 0078 3A       		.uleb128 0x3a
 566 0079 0B       		.uleb128 0xb
 567 007a 3B       		.uleb128 0x3b
 568 007b 0B       		.uleb128 0xb
 569 007c 49       		.uleb128 0x49
 570 007d 13       		.uleb128 0x13
 571 007e 02       		.uleb128 0x2
 572 007f 17       		.uleb128 0x17
 573 0080 00       		.byte	0
 574 0081 00       		.byte	0
 575 0082 09       		.uleb128 0x9
 576 0083 898201   		.uleb128 0x4109
 577 0086 01       		.byte	0x1
 578 0087 11       		.uleb128 0x11
 579 0088 01       		.uleb128 0x1
 580 0089 31       		.uleb128 0x31
 581 008a 13       		.uleb128 0x13
 582 008b 01       		.uleb128 0x1
 583 008c 13       		.uleb128 0x13
 584 008d 00       		.byte	0
 585 008e 00       		.byte	0
 586 008f 0A       		.uleb128 0xa
 587 0090 8A8201   		.uleb128 0x410a
 588 0093 00       		.byte	0
 589 0094 02       		.uleb128 0x2
 590 0095 18       		.uleb128 0x18
 591 0096 9142     		.uleb128 0x2111
 592 0098 18       		.uleb128 0x18
 593 0099 00       		.byte	0
 594 009a 00       		.byte	0
 595 009b 0B       		.uleb128 0xb
 596 009c 898201   		.uleb128 0x4109
 597 009f 00       		.byte	0
 598 00a0 11       		.uleb128 0x11
 599 00a1 01       		.uleb128 0x1
 600 00a2 31       		.uleb128 0x31
 601 00a3 13       		.uleb128 0x13
 602 00a4 00       		.byte	0
 603 00a5 00       		.byte	0
 604 00a6 0C       		.uleb128 0xc
 605 00a7 34       		.uleb128 0x34
 606 00a8 00       		.byte	0
 607 00a9 03       		.uleb128 0x3
 608 00aa 0E       		.uleb128 0xe
 609 00ab 3A       		.uleb128 0x3a
 610 00ac 0B       		.uleb128 0xb
ARM GAS  C:\Users\LUCASI~1\AppData\Local\Temp\cc2pS4gL.s 			page 13


 611 00ad 3B       		.uleb128 0x3b
 612 00ae 05       		.uleb128 0x5
 613 00af 49       		.uleb128 0x49
 614 00b0 13       		.uleb128 0x13
 615 00b1 3F       		.uleb128 0x3f
 616 00b2 19       		.uleb128 0x19
 617 00b3 3C       		.uleb128 0x3c
 618 00b4 19       		.uleb128 0x19
 619 00b5 00       		.byte	0
 620 00b6 00       		.byte	0
 621 00b7 0D       		.uleb128 0xd
 622 00b8 35       		.uleb128 0x35
 623 00b9 00       		.byte	0
 624 00ba 49       		.uleb128 0x49
 625 00bb 13       		.uleb128 0x13
 626 00bc 00       		.byte	0
 627 00bd 00       		.byte	0
 628 00be 0E       		.uleb128 0xe
 629 00bf 34       		.uleb128 0x34
 630 00c0 00       		.byte	0
 631 00c1 03       		.uleb128 0x3
 632 00c2 0E       		.uleb128 0xe
 633 00c3 3A       		.uleb128 0x3a
 634 00c4 0B       		.uleb128 0xb
 635 00c5 3B       		.uleb128 0x3b
 636 00c6 0B       		.uleb128 0xb
 637 00c7 49       		.uleb128 0x49
 638 00c8 13       		.uleb128 0x13
 639 00c9 3F       		.uleb128 0x3f
 640 00ca 19       		.uleb128 0x19
 641 00cb 02       		.uleb128 0x2
 642 00cc 18       		.uleb128 0x18
 643 00cd 00       		.byte	0
 644 00ce 00       		.byte	0
 645 00cf 0F       		.uleb128 0xf
 646 00d0 01       		.uleb128 0x1
 647 00d1 01       		.byte	0x1
 648 00d2 49       		.uleb128 0x49
 649 00d3 13       		.uleb128 0x13
 650 00d4 01       		.uleb128 0x1
 651 00d5 13       		.uleb128 0x13
 652 00d6 00       		.byte	0
 653 00d7 00       		.byte	0
 654 00d8 10       		.uleb128 0x10
 655 00d9 21       		.uleb128 0x21
 656 00da 00       		.byte	0
 657 00db 49       		.uleb128 0x49
 658 00dc 13       		.uleb128 0x13
 659 00dd 2F       		.uleb128 0x2f
 660 00de 0B       		.uleb128 0xb
 661 00df 00       		.byte	0
 662 00e0 00       		.byte	0
 663 00e1 11       		.uleb128 0x11
 664 00e2 2E       		.uleb128 0x2e
 665 00e3 00       		.byte	0
 666 00e4 3F       		.uleb128 0x3f
 667 00e5 19       		.uleb128 0x19
ARM GAS  C:\Users\LUCASI~1\AppData\Local\Temp\cc2pS4gL.s 			page 14


 668 00e6 3C       		.uleb128 0x3c
 669 00e7 19       		.uleb128 0x19
 670 00e8 6E       		.uleb128 0x6e
 671 00e9 0E       		.uleb128 0xe
 672 00ea 03       		.uleb128 0x3
 673 00eb 0E       		.uleb128 0xe
 674 00ec 3A       		.uleb128 0x3a
 675 00ed 0B       		.uleb128 0xb
 676 00ee 3B       		.uleb128 0x3b
 677 00ef 0B       		.uleb128 0xb
 678 00f0 00       		.byte	0
 679 00f1 00       		.byte	0
 680 00f2 00       		.byte	0
 681              		.section	.debug_loc,"",%progbits
 682              	.Ldebug_loc0:
 683              	.LLST0:
 684 0000 0A000000 		.4byte	.LVL1
 685 0004 0E000000 		.4byte	.LVL2
 686 0008 0200     		.2byte	0x2
 687 000a 30       		.byte	0x30
 688 000b 9F       		.byte	0x9f
 689 000c 0E000000 		.4byte	.LVL2
 690 0010 7E000000 		.4byte	.LVL11
 691 0014 0100     		.2byte	0x1
 692 0016 54       		.byte	0x54
 693 0017 00000000 		.4byte	0
 694 001b 00000000 		.4byte	0
 695              		.section	.debug_aranges,"",%progbits
 696 0000 24000000 		.4byte	0x24
 697 0004 0200     		.2byte	0x2
 698 0006 00000000 		.4byte	.Ldebug_info0
 699 000a 04       		.byte	0x4
 700 000b 00       		.byte	0
 701 000c 0000     		.2byte	0
 702 000e 0000     		.2byte	0
 703 0010 00000000 		.4byte	.LFB64
 704 0014 2C000000 		.4byte	.LFE64-.LFB64
 705 0018 00000000 		.4byte	.LFB63
 706 001c 94000000 		.4byte	.LFE63-.LFB63
 707 0020 00000000 		.4byte	0
 708 0024 00000000 		.4byte	0
 709              		.section	.debug_ranges,"",%progbits
 710              	.Ldebug_ranges0:
 711 0000 00000000 		.4byte	.LFB64
 712 0004 2C000000 		.4byte	.LFE64
 713 0008 00000000 		.4byte	.LFB63
 714 000c 94000000 		.4byte	.LFE63
 715 0010 00000000 		.4byte	0
 716 0014 00000000 		.4byte	0
 717              		.section	.debug_line,"",%progbits
 718              	.Ldebug_line0:
 719 0000 B1010000 		.section	.debug_str,"MS",%progbits,1
 719      02006501 
 719      00000201 
 719      FB0E0D00 
 719      01010101 
 720              	.LASF20:
ARM GAS  C:\Users\LUCASI~1\AppData\Local\Temp\cc2pS4gL.s 			page 15


 721 0000 75617274 		.ascii	"uartBuffer\000"
 721      42756666 
 721      657200
 722              	.LASF5:
 723 000b 5F5F696E 		.ascii	"__int32_t\000"
 723      7433325F 
 723      7400
 724              	.LASF3:
 725 0015 73686F72 		.ascii	"short unsigned int\000"
 725      7420756E 
 725      7369676E 
 725      65642069 
 725      6E7400
 726              	.LASF28:
 727 0028 4144435F 		.ascii	"ADC_SAR_1_StopConvert\000"
 727      5341525F 
 727      315F5374 
 727      6F70436F 
 727      6E766572 
 728              	.LASF13:
 729 003e 666C6F61 		.ascii	"float\000"
 729      7400
 730              	.LASF25:
 731 0044 4144435F 		.ascii	"ADC_SAR_1_IsEndConversion\000"
 731      5341525F 
 731      315F4973 
 731      456E6443 
 731      6F6E7665 
 732              	.LASF1:
 733 005e 756E7369 		.ascii	"unsigned char\000"
 733      676E6564 
 733      20636861 
 733      7200
 734              	.LASF30:
 735 006c 474E5520 		.ascii	"GNU C11 5.4.1 20160609 (release) [ARM/embedded-5-br"
 735      43313120 
 735      352E342E 
 735      31203230 
 735      31363036 
 736 009f 616E6368 		.ascii	"anch revision 237715] -mcpu=cortex-m3 -mthumb -g -O"
 736      20726576 
 736      6973696F 
 736      6E203233 
 736      37373135 
 737 00d2 67202D66 		.ascii	"g -ffunction-sections -ffat-lto-objects\000"
 737      66756E63 
 737      74696F6E 
 737      2D736563 
 737      74696F6E 
 738              	.LASF22:
 739 00fa 636F756E 		.ascii	"count_ok\000"
 739      745F6F6B 
 739      00
 740              	.LASF7:
 741 0103 6C6F6E67 		.ascii	"long unsigned int\000"
 741      20756E73 
 741      69676E65 
ARM GAS  C:\Users\LUCASI~1\AppData\Local\Temp\cc2pS4gL.s 			page 16


 741      6420696E 
 741      7400
 742              	.LASF29:
 743 0115 4144435F 		.ascii	"ADC_SAR_1_StartConvert\000"
 743      5341525F 
 743      315F5374 
 743      61727443 
 743      6F6E7665 
 744              	.LASF31:
 745 012c 7363616C 		.ascii	"scale.c\000"
 745      652E6300 
 746              	.LASF24:
 747 0134 73746174 		.ascii	"status_scale\000"
 747      75735F73 
 747      63616C65 
 747      00
 748              	.LASF4:
 749 0141 5F5F7569 		.ascii	"__uint16_t\000"
 749      6E743136 
 749      5F7400
 750              	.LASF14:
 751 014c 646F7562 		.ascii	"double\000"
 751      6C6500
 752              	.LASF23:
 753 0153 636F756E 		.ascii	"count_not_ok\000"
 753      745F6E6F 
 753      745F6F6B 
 753      00
 754              	.LASF18:
 755 0160 49544D5F 		.ascii	"ITM_RxBuffer\000"
 755      52784275 
 755      66666572 
 755      00
 756              	.LASF34:
 757 016d 72656164 		.ascii	"readScaleStatus\000"
 757      5363616C 
 757      65537461 
 757      74757300 
 758              	.LASF10:
 759 017d 756E7369 		.ascii	"unsigned int\000"
 759      676E6564 
 759      20696E74 
 759      00
 760              	.LASF21:
 761 018a 6D656173 		.ascii	"measurement\000"
 761      7572656D 
 761      656E7400 
 762              	.LASF9:
 763 0196 6C6F6E67 		.ascii	"long long unsigned int\000"
 763      206C6F6E 
 763      6720756E 
 763      7369676E 
 763      65642069 
 764              	.LASF19:
 765 01ad 72657375 		.ascii	"result\000"
 765      6C7400
 766              	.LASF32:
ARM GAS  C:\Users\LUCASI~1\AppData\Local\Temp\cc2pS4gL.s 			page 17


 767 01b4 433A5C55 		.ascii	"C:\\Users\\lucasiversen\\Desktop\\Ultrasoundv2\\Ult"
 767      73657273 
 767      5C6C7563 
 767      61736976 
 767      65727365 
 768 01e2 7261736F 		.ascii	"rasoundv2.cydsn\000"
 768      756E6476 
 768      322E6379 
 768      64736E00 
 769              	.LASF12:
 770 01f2 696E7433 		.ascii	"int32_t\000"
 770      325F7400 
 771              	.LASF17:
 772 01fa 73697A65 		.ascii	"sizetype\000"
 772      74797065 
 772      00
 773              	.LASF26:
 774 0203 4144435F 		.ascii	"ADC_SAR_1_GetResult16\000"
 774      5341525F 
 774      315F4765 
 774      74526573 
 774      756C7431 
 775              	.LASF8:
 776 0219 6C6F6E67 		.ascii	"long long int\000"
 776      206C6F6E 
 776      6720696E 
 776      7400
 777              	.LASF15:
 778 0227 63686172 		.ascii	"char\000"
 778      00
 779              	.LASF2:
 780 022c 73686F72 		.ascii	"short int\000"
 780      7420696E 
 780      7400
 781              	.LASF11:
 782 0236 75696E74 		.ascii	"uint16_t\000"
 782      31365F74 
 782      00
 783              	.LASF33:
 784 023f 636C6561 		.ascii	"clearScaleVariables\000"
 784      72536361 
 784      6C655661 
 784      72696162 
 784      6C657300 
 785              	.LASF6:
 786 0253 6C6F6E67 		.ascii	"long int\000"
 786      20696E74 
 786      00
 787              	.LASF16:
 788 025c 6C6F6E67 		.ascii	"long double\000"
 788      20646F75 
 788      626C6500 
 789              	.LASF0:
 790 0268 7369676E 		.ascii	"signed char\000"
 790      65642063 
 790      68617200 
 791              	.LASF27:
ARM GAS  C:\Users\LUCASI~1\AppData\Local\Temp\cc2pS4gL.s 			page 18


 792 0274 43794465 		.ascii	"CyDelay\000"
 792      6C617900 
 793              		.ident	"GCC: (GNU Tools for ARM Embedded Processors) 5.4.1 20160609 (release) [ARM/embedded-5-bran
