ARM GAS  C:\Users\LUCASI~1\AppData\Local\Temp\ccQ53f17.s 			page 1


   1              		.syntax unified
   2              		.cpu cortex-m3
   3              		.fpu softvfp
   4              		.eabi_attribute 20, 1
   5              		.eabi_attribute 21, 1
   6              		.eabi_attribute 23, 3
   7              		.eabi_attribute 24, 1
   8              		.eabi_attribute 25, 1
   9              		.eabi_attribute 26, 1
  10              		.eabi_attribute 30, 1
  11              		.eabi_attribute 34, 1
  12              		.eabi_attribute 18, 4
  13              		.thumb
  14              		.syntax unified
  15              		.file	"soundApp.c"
  16              		.text
  17              	.Ltext0:
  18              		.cfi_sections	.debug_frame
  19              		.section	.text.soundInit,"ax",%progbits
  20              		.align	2
  21              		.global	soundInit
  22              		.thumb
  23              		.thumb_func
  24              		.type	soundInit, %function
  25              	soundInit:
  26              	.LFB63:
  27              		.file 1 "soundApp.c"
   1:soundApp.c    **** 
   2:soundApp.c    **** #include "soundApp.h"
   3:soundApp.c    **** 
   4:soundApp.c    **** //Commmands
   5:soundApp.c    **** const uint8 volume[ARRAY_SIZE] = {0x7E,0x06,0x00,0x00,0x1D,0xFF,0xDC,0xEF}; //Volume set to 29 (30=
   6:soundApp.c    **** const uint8 setSource[ARRAY_SIZE] = {0x7E,0x09,0x00,0x00,0x02,0xFF,0xF5,0xEF};  //Setting source to
   7:soundApp.c    **** 
   8:soundApp.c    **** const uint8 playStart[ARRAY_SIZE] = {0x7E,0x0F,0x00,0x01,0x01,0xFF,0xEF,0xEF}; //First song on SD c
   9:soundApp.c    **** const uint8 playStop[ARRAY_SIZE] = {0x7E,0x0F,0x00,0x01,0x02,0xFF,0xEE,0xEF};  //Second song on SD 
  10:soundApp.c    **** const uint8 playPoint[ARRAY_SIZE] = {0x7E,0x0F,0x00,0x01,0x03,0xFF,0xED,0xEF}; //Third song on SD c
  11:soundApp.c    **** 
  12:soundApp.c    **** //Init driver and turn volume to max
  13:soundApp.c    **** void soundInit()
  14:soundApp.c    **** {
  28              		.loc 1 14 0
  29              		.cfi_startproc
  30              		@ args = 0, pretend = 0, frame = 0
  31              		@ frame_needed = 0, uses_anonymous_args = 0
  32 0000 10B5     		push	{r4, lr}
  33              		.cfi_def_cfa_offset 8
  34              		.cfi_offset 4, -8
  35              		.cfi_offset 14, -4
  15:soundApp.c    ****     soundUART_Start();
  36              		.loc 1 15 0
  37 0002 FFF7FEFF 		bl	soundUART_Start
  38              	.LVL0:
  16:soundApp.c    ****     soundUART_PutArray(setSource, ARRAY_SIZE);
  39              		.loc 1 16 0
  40 0006 084C     		ldr	r4, .L3
  41 0008 0821     		movs	r1, #8
ARM GAS  C:\Users\LUCASI~1\AppData\Local\Temp\ccQ53f17.s 			page 2


  42 000a 2046     		mov	r0, r4
  43 000c FFF7FEFF 		bl	soundUART_PutArray
  44              	.LVL1:
  17:soundApp.c    ****     CyDelay(20);
  45              		.loc 1 17 0
  46 0010 1420     		movs	r0, #20
  47 0012 FFF7FEFF 		bl	CyDelay
  48              	.LVL2:
  18:soundApp.c    ****     soundUART_PutArray(volume, ARRAY_SIZE);
  49              		.loc 1 18 0
  50 0016 0821     		movs	r1, #8
  51 0018 6018     		adds	r0, r4, r1
  52 001a FFF7FEFF 		bl	soundUART_PutArray
  53              	.LVL3:
  19:soundApp.c    ****     CyDelay(20);
  54              		.loc 1 19 0
  55 001e 1420     		movs	r0, #20
  56 0020 FFF7FEFF 		bl	CyDelay
  57              	.LVL4:
  58 0024 10BD     		pop	{r4, pc}
  59              	.L4:
  60 0026 00BF     		.align	2
  61              	.L3:
  62 0028 00000000 		.word	.LANCHOR0
  63              		.cfi_endproc
  64              	.LFE63:
  65              		.size	soundInit, .-soundInit
  66              		.section	.text.sendToSOMO,"ax",%progbits
  67              		.align	2
  68              		.global	sendToSOMO
  69              		.thumb
  70              		.thumb_func
  71              		.type	sendToSOMO, %function
  72              	sendToSOMO:
  73              	.LFB64:
  20:soundApp.c    **** }
  21:soundApp.c    **** 
  22:soundApp.c    **** //Send commands to SOMO
  23:soundApp.c    **** void sendToSOMO(int sound)
  24:soundApp.c    **** {
  74              		.loc 1 24 0
  75              		.cfi_startproc
  76              		@ args = 0, pretend = 0, frame = 0
  77              		@ frame_needed = 0, uses_anonymous_args = 0
  78              	.LVL5:
  79 0000 08B5     		push	{r3, lr}
  80              		.cfi_def_cfa_offset 8
  81              		.cfi_offset 3, -8
  82              		.cfi_offset 14, -4
  25:soundApp.c    ****     switch(sound)
  83              		.loc 1 25 0
  84 0002 0228     		cmp	r0, #2
  85 0004 08D0     		beq	.L7
  86 0006 0328     		cmp	r0, #3
  87 0008 0BD0     		beq	.L8
  88 000a 0128     		cmp	r0, #1
  89 000c 0DD1     		bne	.L5
ARM GAS  C:\Users\LUCASI~1\AppData\Local\Temp\ccQ53f17.s 			page 3


  26:soundApp.c    ****     {
  27:soundApp.c    ****         case 1: soundUART_PutArray(playStart, ARRAY_SIZE);
  90              		.loc 1 27 0
  91 000e 0821     		movs	r1, #8
  92 0010 0648     		ldr	r0, .L11
  93              	.LVL6:
  94 0012 FFF7FEFF 		bl	soundUART_PutArray
  95              	.LVL7:
  28:soundApp.c    ****             break;
  96              		.loc 1 28 0
  97 0016 08BD     		pop	{r3, pc}
  98              	.LVL8:
  99              	.L7:
  29:soundApp.c    ****         case 2: soundUART_PutArray(playStop, ARRAY_SIZE);
 100              		.loc 1 29 0
 101 0018 0821     		movs	r1, #8
 102 001a 0548     		ldr	r0, .L11+4
 103              	.LVL9:
 104 001c FFF7FEFF 		bl	soundUART_PutArray
 105              	.LVL10:
  30:soundApp.c    ****             break;
 106              		.loc 1 30 0
 107 0020 08BD     		pop	{r3, pc}
 108              	.LVL11:
 109              	.L8:
  31:soundApp.c    ****         case 3: soundUART_PutArray(playPoint, ARRAY_SIZE);
 110              		.loc 1 31 0
 111 0022 0821     		movs	r1, #8
 112 0024 0348     		ldr	r0, .L11+8
 113              	.LVL12:
 114 0026 FFF7FEFF 		bl	soundUART_PutArray
 115              	.LVL13:
 116              	.L5:
 117 002a 08BD     		pop	{r3, pc}
 118              	.L12:
 119              		.align	2
 120              	.L11:
 121 002c 10000000 		.word	.LANCHOR0+16
 122 0030 18000000 		.word	.LANCHOR0+24
 123 0034 20000000 		.word	.LANCHOR0+32
 124              		.cfi_endproc
 125              	.LFE64:
 126              		.size	sendToSOMO, .-sendToSOMO
 127              		.global	playPoint
 128              		.global	playStop
 129              		.global	playStart
 130              		.global	setSource
 131              		.global	volume
 132              		.section	.rodata
 133              		.align	2
 134              		.set	.LANCHOR0,. + 0
 135              		.type	setSource, %object
 136              		.size	setSource, 8
 137              	setSource:
 138 0000 7E       		.byte	126
 139 0001 09       		.byte	9
 140 0002 00       		.byte	0
ARM GAS  C:\Users\LUCASI~1\AppData\Local\Temp\ccQ53f17.s 			page 4


 141 0003 00       		.byte	0
 142 0004 02       		.byte	2
 143 0005 FF       		.byte	-1
 144 0006 F5       		.byte	-11
 145 0007 EF       		.byte	-17
 146              		.type	volume, %object
 147              		.size	volume, 8
 148              	volume:
 149 0008 7E       		.byte	126
 150 0009 06       		.byte	6
 151 000a 00       		.byte	0
 152 000b 00       		.byte	0
 153 000c 1D       		.byte	29
 154 000d FF       		.byte	-1
 155 000e DC       		.byte	-36
 156 000f EF       		.byte	-17
 157              		.type	playStart, %object
 158              		.size	playStart, 8
 159              	playStart:
 160 0010 7E       		.byte	126
 161 0011 0F       		.byte	15
 162 0012 00       		.byte	0
 163 0013 01       		.byte	1
 164 0014 01       		.byte	1
 165 0015 FF       		.byte	-1
 166 0016 EF       		.byte	-17
 167 0017 EF       		.byte	-17
 168              		.type	playStop, %object
 169              		.size	playStop, 8
 170              	playStop:
 171 0018 7E       		.byte	126
 172 0019 0F       		.byte	15
 173 001a 00       		.byte	0
 174 001b 01       		.byte	1
 175 001c 02       		.byte	2
 176 001d FF       		.byte	-1
 177 001e EE       		.byte	-18
 178 001f EF       		.byte	-17
 179              		.type	playPoint, %object
 180              		.size	playPoint, 8
 181              	playPoint:
 182 0020 7E       		.byte	126
 183 0021 0F       		.byte	15
 184 0022 00       		.byte	0
 185 0023 01       		.byte	1
 186 0024 03       		.byte	3
 187 0025 FF       		.byte	-1
 188 0026 ED       		.byte	-19
 189 0027 EF       		.byte	-17
 190              		.text
 191              	.Letext0:
 192              		.file 2 "c:\\program files (x86)\\cypress\\psoc creator\\4.2\\psoc creator\\import\\gnu\\arm\\5.4.
 193              		.file 3 "c:\\program files (x86)\\cypress\\psoc creator\\4.2\\psoc creator\\import\\gnu\\arm\\5.4.
 194              		.file 4 "Generated_Source\\PSoC5/cytypes.h"
 195              		.file 5 "Generated_Source\\PSoC5/core_cm3.h"
 196              		.file 6 "Generated_Source\\PSoC5/soundUART.h"
 197              		.file 7 "Generated_Source\\PSoC5/CyLib.h"
ARM GAS  C:\Users\LUCASI~1\AppData\Local\Temp\ccQ53f17.s 			page 5


 198              		.section	.debug_info,"",%progbits
 199              	.Ldebug_info0:
 200 0000 4A020000 		.4byte	0x24a
 201 0004 0400     		.2byte	0x4
 202 0006 00000000 		.4byte	.Ldebug_abbrev0
 203 000a 04       		.byte	0x4
 204 000b 01       		.uleb128 0x1
 205 000c 52000000 		.4byte	.LASF26
 206 0010 0C       		.byte	0xc
 207 0011 2C000000 		.4byte	.LASF27
 208 0015 51010000 		.4byte	.LASF28
 209 0019 00000000 		.4byte	.Ldebug_ranges0+0
 210 001d 00000000 		.4byte	0
 211 0021 00000000 		.4byte	.Ldebug_line0
 212 0025 02       		.uleb128 0x2
 213 0026 01       		.byte	0x1
 214 0027 06       		.byte	0x6
 215 0028 FD010000 		.4byte	.LASF0
 216 002c 02       		.uleb128 0x2
 217 002d 01       		.byte	0x1
 218 002e 08       		.byte	0x8
 219 002f 44000000 		.4byte	.LASF1
 220 0033 02       		.uleb128 0x2
 221 0034 02       		.byte	0x2
 222 0035 05       		.byte	0x5
 223 0036 D8010000 		.4byte	.LASF2
 224 003a 02       		.uleb128 0x2
 225 003b 02       		.byte	0x2
 226 003c 07       		.byte	0x7
 227 003d 06010000 		.4byte	.LASF3
 228 0041 03       		.uleb128 0x3
 229 0042 0E000000 		.4byte	.LASF9
 230 0046 02       		.byte	0x2
 231 0047 3F       		.byte	0x3f
 232 0048 4C000000 		.4byte	0x4c
 233 004c 02       		.uleb128 0x2
 234 004d 04       		.byte	0x4
 235 004e 05       		.byte	0x5
 236 004f E8010000 		.4byte	.LASF4
 237 0053 02       		.uleb128 0x2
 238 0054 04       		.byte	0x4
 239 0055 07       		.byte	0x7
 240 0056 F4000000 		.4byte	.LASF5
 241 005a 02       		.uleb128 0x2
 242 005b 08       		.byte	0x8
 243 005c 05       		.byte	0x5
 244 005d 00000000 		.4byte	.LASF6
 245 0061 02       		.uleb128 0x2
 246 0062 08       		.byte	0x8
 247 0063 07       		.byte	0x7
 248 0064 3A010000 		.4byte	.LASF7
 249 0068 04       		.uleb128 0x4
 250 0069 04       		.byte	0x4
 251 006a 05       		.byte	0x5
 252 006b 696E7400 		.ascii	"int\000"
 253 006f 02       		.uleb128 0x2
 254 0070 04       		.byte	0x4
ARM GAS  C:\Users\LUCASI~1\AppData\Local\Temp\ccQ53f17.s 			page 6


 255 0071 07       		.byte	0x7
 256 0072 2D010000 		.4byte	.LASF8
 257 0076 03       		.uleb128 0x3
 258 0077 8F010000 		.4byte	.LASF10
 259 007b 03       		.byte	0x3
 260 007c 2C       		.byte	0x2c
 261 007d 41000000 		.4byte	0x41
 262 0081 05       		.uleb128 0x5
 263 0082 E2010000 		.4byte	.LASF11
 264 0086 04       		.byte	0x4
 265 0087 E401     		.2byte	0x1e4
 266 0089 2C000000 		.4byte	0x2c
 267 008d 02       		.uleb128 0x2
 268 008e 04       		.byte	0x4
 269 008f 04       		.byte	0x4
 270 0090 37000000 		.4byte	.LASF12
 271 0094 02       		.uleb128 0x2
 272 0095 08       		.byte	0x8
 273 0096 04       		.byte	0x4
 274 0097 26010000 		.4byte	.LASF13
 275 009b 02       		.uleb128 0x2
 276 009c 01       		.byte	0x1
 277 009d 08       		.byte	0x8
 278 009e C3010000 		.4byte	.LASF14
 279 00a2 02       		.uleb128 0x2
 280 00a3 08       		.byte	0x8
 281 00a4 04       		.byte	0x4
 282 00a5 F1010000 		.4byte	.LASF15
 283 00a9 02       		.uleb128 0x2
 284 00aa 04       		.byte	0x4
 285 00ab 07       		.byte	0x7
 286 00ac 97010000 		.4byte	.LASF16
 287 00b0 06       		.uleb128 0x6
 288 00b1 CE010000 		.4byte	.LASF29
 289 00b5 01       		.byte	0x1
 290 00b6 0D       		.byte	0xd
 291 00b7 00000000 		.4byte	.LFB63
 292 00bb 2C000000 		.4byte	.LFE63-.LFB63
 293 00bf 01       		.uleb128 0x1
 294 00c0 9C       		.byte	0x9c
 295 00c1 23010000 		.4byte	0x123
 296 00c5 07       		.uleb128 0x7
 297 00c6 06000000 		.4byte	.LVL0
 298 00ca 2C020000 		.4byte	0x22c
 299 00ce 08       		.uleb128 0x8
 300 00cf 10000000 		.4byte	.LVL1
 301 00d3 37020000 		.4byte	0x237
 302 00d7 E7000000 		.4byte	0xe7
 303 00db 09       		.uleb128 0x9
 304 00dc 01       		.uleb128 0x1
 305 00dd 50       		.byte	0x50
 306 00de 02       		.uleb128 0x2
 307 00df 74       		.byte	0x74
 308 00e0 00       		.sleb128 0
 309 00e1 09       		.uleb128 0x9
 310 00e2 01       		.uleb128 0x1
 311 00e3 51       		.byte	0x51
ARM GAS  C:\Users\LUCASI~1\AppData\Local\Temp\ccQ53f17.s 			page 7


 312 00e4 01       		.uleb128 0x1
 313 00e5 38       		.byte	0x38
 314 00e6 00       		.byte	0
 315 00e7 08       		.uleb128 0x8
 316 00e8 16000000 		.4byte	.LVL2
 317 00ec 42020000 		.4byte	0x242
 318 00f0 FA000000 		.4byte	0xfa
 319 00f4 09       		.uleb128 0x9
 320 00f5 01       		.uleb128 0x1
 321 00f6 50       		.byte	0x50
 322 00f7 01       		.uleb128 0x1
 323 00f8 44       		.byte	0x44
 324 00f9 00       		.byte	0
 325 00fa 08       		.uleb128 0x8
 326 00fb 1E000000 		.4byte	.LVL3
 327 00ff 37020000 		.4byte	0x237
 328 0103 13010000 		.4byte	0x113
 329 0107 09       		.uleb128 0x9
 330 0108 01       		.uleb128 0x1
 331 0109 50       		.byte	0x50
 332 010a 02       		.uleb128 0x2
 333 010b 74       		.byte	0x74
 334 010c 08       		.sleb128 8
 335 010d 09       		.uleb128 0x9
 336 010e 01       		.uleb128 0x1
 337 010f 51       		.byte	0x51
 338 0110 01       		.uleb128 0x1
 339 0111 38       		.byte	0x38
 340 0112 00       		.byte	0
 341 0113 0A       		.uleb128 0xa
 342 0114 24000000 		.4byte	.LVL4
 343 0118 42020000 		.4byte	0x242
 344 011c 09       		.uleb128 0x9
 345 011d 01       		.uleb128 0x1
 346 011e 50       		.byte	0x50
 347 011f 01       		.uleb128 0x1
 348 0120 44       		.byte	0x44
 349 0121 00       		.byte	0
 350 0122 00       		.byte	0
 351 0123 0B       		.uleb128 0xb
 352 0124 E0000000 		.4byte	.LASF30
 353 0128 01       		.byte	0x1
 354 0129 17       		.byte	0x17
 355 012a 00000000 		.4byte	.LFB64
 356 012e 38000000 		.4byte	.LFE64-.LFB64
 357 0132 01       		.uleb128 0x1
 358 0133 9C       		.byte	0x9c
 359 0134 98010000 		.4byte	0x198
 360 0138 0C       		.uleb128 0xc
 361 0139 C8010000 		.4byte	.LASF31
 362 013d 01       		.byte	0x1
 363 013e 17       		.byte	0x17
 364 013f 68000000 		.4byte	0x68
 365 0143 00000000 		.4byte	.LLST0
 366 0147 08       		.uleb128 0x8
 367 0148 16000000 		.4byte	.LVL7
 368 014c 37020000 		.4byte	0x237
ARM GAS  C:\Users\LUCASI~1\AppData\Local\Temp\ccQ53f17.s 			page 8


 369 0150 63010000 		.4byte	0x163
 370 0154 09       		.uleb128 0x9
 371 0155 01       		.uleb128 0x1
 372 0156 50       		.byte	0x50
 373 0157 05       		.uleb128 0x5
 374 0158 03       		.byte	0x3
 375 0159 10000000 		.4byte	.LANCHOR0+16
 376 015d 09       		.uleb128 0x9
 377 015e 01       		.uleb128 0x1
 378 015f 51       		.byte	0x51
 379 0160 01       		.uleb128 0x1
 380 0161 38       		.byte	0x38
 381 0162 00       		.byte	0
 382 0163 08       		.uleb128 0x8
 383 0164 20000000 		.4byte	.LVL10
 384 0168 37020000 		.4byte	0x237
 385 016c 7F010000 		.4byte	0x17f
 386 0170 09       		.uleb128 0x9
 387 0171 01       		.uleb128 0x1
 388 0172 50       		.byte	0x50
 389 0173 05       		.uleb128 0x5
 390 0174 03       		.byte	0x3
 391 0175 18000000 		.4byte	.LANCHOR0+24
 392 0179 09       		.uleb128 0x9
 393 017a 01       		.uleb128 0x1
 394 017b 51       		.byte	0x51
 395 017c 01       		.uleb128 0x1
 396 017d 38       		.byte	0x38
 397 017e 00       		.byte	0
 398 017f 0A       		.uleb128 0xa
 399 0180 2A000000 		.4byte	.LVL13
 400 0184 37020000 		.4byte	0x237
 401 0188 09       		.uleb128 0x9
 402 0189 01       		.uleb128 0x1
 403 018a 50       		.byte	0x50
 404 018b 05       		.uleb128 0x5
 405 018c 03       		.byte	0x3
 406 018d 20000000 		.4byte	.LANCHOR0+32
 407 0191 09       		.uleb128 0x9
 408 0192 01       		.uleb128 0x1
 409 0193 51       		.byte	0x51
 410 0194 01       		.uleb128 0x1
 411 0195 38       		.byte	0x38
 412 0196 00       		.byte	0
 413 0197 00       		.byte	0
 414 0198 0D       		.uleb128 0xd
 415 0199 19010000 		.4byte	.LASF17
 416 019d 05       		.byte	0x5
 417 019e 1207     		.2byte	0x712
 418 01a0 A4010000 		.4byte	0x1a4
 419 01a4 0E       		.uleb128 0xe
 420 01a5 76000000 		.4byte	0x76
 421 01a9 0F       		.uleb128 0xf
 422 01aa B9010000 		.4byte	0x1b9
 423 01ae B9010000 		.4byte	0x1b9
 424 01b2 10       		.uleb128 0x10
 425 01b3 A9000000 		.4byte	0xa9
ARM GAS  C:\Users\LUCASI~1\AppData\Local\Temp\ccQ53f17.s 			page 9


 426 01b7 07       		.byte	0x7
 427 01b8 00       		.byte	0
 428 01b9 11       		.uleb128 0x11
 429 01ba 81000000 		.4byte	0x81
 430 01be 12       		.uleb128 0x12
 431 01bf 3D000000 		.4byte	.LASF18
 432 01c3 01       		.byte	0x1
 433 01c4 05       		.byte	0x5
 434 01c5 CF010000 		.4byte	0x1cf
 435 01c9 05       		.uleb128 0x5
 436 01ca 03       		.byte	0x3
 437 01cb 00000000 		.4byte	volume
 438 01cf 11       		.uleb128 0x11
 439 01d0 A9010000 		.4byte	0x1a9
 440 01d4 12       		.uleb128 0x12
 441 01d5 18000000 		.4byte	.LASF19
 442 01d9 01       		.byte	0x1
 443 01da 06       		.byte	0x6
 444 01db E5010000 		.4byte	0x1e5
 445 01df 05       		.uleb128 0x5
 446 01e0 03       		.byte	0x3
 447 01e1 00000000 		.4byte	setSource
 448 01e5 11       		.uleb128 0x11
 449 01e6 A9010000 		.4byte	0x1a9
 450 01ea 12       		.uleb128 0x12
 451 01eb 22000000 		.4byte	.LASF20
 452 01ef 01       		.byte	0x1
 453 01f0 08       		.byte	0x8
 454 01f1 FB010000 		.4byte	0x1fb
 455 01f5 05       		.uleb128 0x5
 456 01f6 03       		.byte	0x3
 457 01f7 00000000 		.4byte	playStart
 458 01fb 11       		.uleb128 0x11
 459 01fc A9010000 		.4byte	0x1a9
 460 0200 12       		.uleb128 0x12
 461 0201 EB000000 		.4byte	.LASF21
 462 0205 01       		.byte	0x1
 463 0206 09       		.byte	0x9
 464 0207 11020000 		.4byte	0x211
 465 020b 05       		.uleb128 0x5
 466 020c 03       		.byte	0x3
 467 020d 00000000 		.4byte	playStop
 468 0211 11       		.uleb128 0x11
 469 0212 A9010000 		.4byte	0x1a9
 470 0216 12       		.uleb128 0x12
 471 0217 11020000 		.4byte	.LASF22
 472 021b 01       		.byte	0x1
 473 021c 0A       		.byte	0xa
 474 021d 27020000 		.4byte	0x227
 475 0221 05       		.uleb128 0x5
 476 0222 03       		.byte	0x3
 477 0223 00000000 		.4byte	playPoint
 478 0227 11       		.uleb128 0x11
 479 0228 A9010000 		.4byte	0x1a9
 480 022c 13       		.uleb128 0x13
 481 022d A0010000 		.4byte	.LASF23
 482 0231 A0010000 		.4byte	.LASF23
ARM GAS  C:\Users\LUCASI~1\AppData\Local\Temp\ccQ53f17.s 			page 10


 483 0235 06       		.byte	0x6
 484 0236 54       		.byte	0x54
 485 0237 13       		.uleb128 0x13
 486 0238 B0010000 		.4byte	.LASF24
 487 023c B0010000 		.4byte	.LASF24
 488 0240 06       		.byte	0x6
 489 0241 8C       		.byte	0x8c
 490 0242 13       		.uleb128 0x13
 491 0243 09020000 		.4byte	.LASF25
 492 0247 09020000 		.4byte	.LASF25
 493 024b 07       		.byte	0x7
 494 024c 76       		.byte	0x76
 495 024d 00       		.byte	0
 496              		.section	.debug_abbrev,"",%progbits
 497              	.Ldebug_abbrev0:
 498 0000 01       		.uleb128 0x1
 499 0001 11       		.uleb128 0x11
 500 0002 01       		.byte	0x1
 501 0003 25       		.uleb128 0x25
 502 0004 0E       		.uleb128 0xe
 503 0005 13       		.uleb128 0x13
 504 0006 0B       		.uleb128 0xb
 505 0007 03       		.uleb128 0x3
 506 0008 0E       		.uleb128 0xe
 507 0009 1B       		.uleb128 0x1b
 508 000a 0E       		.uleb128 0xe
 509 000b 55       		.uleb128 0x55
 510 000c 17       		.uleb128 0x17
 511 000d 11       		.uleb128 0x11
 512 000e 01       		.uleb128 0x1
 513 000f 10       		.uleb128 0x10
 514 0010 17       		.uleb128 0x17
 515 0011 00       		.byte	0
 516 0012 00       		.byte	0
 517 0013 02       		.uleb128 0x2
 518 0014 24       		.uleb128 0x24
 519 0015 00       		.byte	0
 520 0016 0B       		.uleb128 0xb
 521 0017 0B       		.uleb128 0xb
 522 0018 3E       		.uleb128 0x3e
 523 0019 0B       		.uleb128 0xb
 524 001a 03       		.uleb128 0x3
 525 001b 0E       		.uleb128 0xe
 526 001c 00       		.byte	0
 527 001d 00       		.byte	0
 528 001e 03       		.uleb128 0x3
 529 001f 16       		.uleb128 0x16
 530 0020 00       		.byte	0
 531 0021 03       		.uleb128 0x3
 532 0022 0E       		.uleb128 0xe
 533 0023 3A       		.uleb128 0x3a
 534 0024 0B       		.uleb128 0xb
 535 0025 3B       		.uleb128 0x3b
 536 0026 0B       		.uleb128 0xb
 537 0027 49       		.uleb128 0x49
 538 0028 13       		.uleb128 0x13
 539 0029 00       		.byte	0
ARM GAS  C:\Users\LUCASI~1\AppData\Local\Temp\ccQ53f17.s 			page 11


 540 002a 00       		.byte	0
 541 002b 04       		.uleb128 0x4
 542 002c 24       		.uleb128 0x24
 543 002d 00       		.byte	0
 544 002e 0B       		.uleb128 0xb
 545 002f 0B       		.uleb128 0xb
 546 0030 3E       		.uleb128 0x3e
 547 0031 0B       		.uleb128 0xb
 548 0032 03       		.uleb128 0x3
 549 0033 08       		.uleb128 0x8
 550 0034 00       		.byte	0
 551 0035 00       		.byte	0
 552 0036 05       		.uleb128 0x5
 553 0037 16       		.uleb128 0x16
 554 0038 00       		.byte	0
 555 0039 03       		.uleb128 0x3
 556 003a 0E       		.uleb128 0xe
 557 003b 3A       		.uleb128 0x3a
 558 003c 0B       		.uleb128 0xb
 559 003d 3B       		.uleb128 0x3b
 560 003e 05       		.uleb128 0x5
 561 003f 49       		.uleb128 0x49
 562 0040 13       		.uleb128 0x13
 563 0041 00       		.byte	0
 564 0042 00       		.byte	0
 565 0043 06       		.uleb128 0x6
 566 0044 2E       		.uleb128 0x2e
 567 0045 01       		.byte	0x1
 568 0046 3F       		.uleb128 0x3f
 569 0047 19       		.uleb128 0x19
 570 0048 03       		.uleb128 0x3
 571 0049 0E       		.uleb128 0xe
 572 004a 3A       		.uleb128 0x3a
 573 004b 0B       		.uleb128 0xb
 574 004c 3B       		.uleb128 0x3b
 575 004d 0B       		.uleb128 0xb
 576 004e 11       		.uleb128 0x11
 577 004f 01       		.uleb128 0x1
 578 0050 12       		.uleb128 0x12
 579 0051 06       		.uleb128 0x6
 580 0052 40       		.uleb128 0x40
 581 0053 18       		.uleb128 0x18
 582 0054 9742     		.uleb128 0x2117
 583 0056 19       		.uleb128 0x19
 584 0057 01       		.uleb128 0x1
 585 0058 13       		.uleb128 0x13
 586 0059 00       		.byte	0
 587 005a 00       		.byte	0
 588 005b 07       		.uleb128 0x7
 589 005c 898201   		.uleb128 0x4109
 590 005f 00       		.byte	0
 591 0060 11       		.uleb128 0x11
 592 0061 01       		.uleb128 0x1
 593 0062 31       		.uleb128 0x31
 594 0063 13       		.uleb128 0x13
 595 0064 00       		.byte	0
 596 0065 00       		.byte	0
ARM GAS  C:\Users\LUCASI~1\AppData\Local\Temp\ccQ53f17.s 			page 12


 597 0066 08       		.uleb128 0x8
 598 0067 898201   		.uleb128 0x4109
 599 006a 01       		.byte	0x1
 600 006b 11       		.uleb128 0x11
 601 006c 01       		.uleb128 0x1
 602 006d 31       		.uleb128 0x31
 603 006e 13       		.uleb128 0x13
 604 006f 01       		.uleb128 0x1
 605 0070 13       		.uleb128 0x13
 606 0071 00       		.byte	0
 607 0072 00       		.byte	0
 608 0073 09       		.uleb128 0x9
 609 0074 8A8201   		.uleb128 0x410a
 610 0077 00       		.byte	0
 611 0078 02       		.uleb128 0x2
 612 0079 18       		.uleb128 0x18
 613 007a 9142     		.uleb128 0x2111
 614 007c 18       		.uleb128 0x18
 615 007d 00       		.byte	0
 616 007e 00       		.byte	0
 617 007f 0A       		.uleb128 0xa
 618 0080 898201   		.uleb128 0x4109
 619 0083 01       		.byte	0x1
 620 0084 11       		.uleb128 0x11
 621 0085 01       		.uleb128 0x1
 622 0086 31       		.uleb128 0x31
 623 0087 13       		.uleb128 0x13
 624 0088 00       		.byte	0
 625 0089 00       		.byte	0
 626 008a 0B       		.uleb128 0xb
 627 008b 2E       		.uleb128 0x2e
 628 008c 01       		.byte	0x1
 629 008d 3F       		.uleb128 0x3f
 630 008e 19       		.uleb128 0x19
 631 008f 03       		.uleb128 0x3
 632 0090 0E       		.uleb128 0xe
 633 0091 3A       		.uleb128 0x3a
 634 0092 0B       		.uleb128 0xb
 635 0093 3B       		.uleb128 0x3b
 636 0094 0B       		.uleb128 0xb
 637 0095 27       		.uleb128 0x27
 638 0096 19       		.uleb128 0x19
 639 0097 11       		.uleb128 0x11
 640 0098 01       		.uleb128 0x1
 641 0099 12       		.uleb128 0x12
 642 009a 06       		.uleb128 0x6
 643 009b 40       		.uleb128 0x40
 644 009c 18       		.uleb128 0x18
 645 009d 9742     		.uleb128 0x2117
 646 009f 19       		.uleb128 0x19
 647 00a0 01       		.uleb128 0x1
 648 00a1 13       		.uleb128 0x13
 649 00a2 00       		.byte	0
 650 00a3 00       		.byte	0
 651 00a4 0C       		.uleb128 0xc
 652 00a5 05       		.uleb128 0x5
 653 00a6 00       		.byte	0
ARM GAS  C:\Users\LUCASI~1\AppData\Local\Temp\ccQ53f17.s 			page 13


 654 00a7 03       		.uleb128 0x3
 655 00a8 0E       		.uleb128 0xe
 656 00a9 3A       		.uleb128 0x3a
 657 00aa 0B       		.uleb128 0xb
 658 00ab 3B       		.uleb128 0x3b
 659 00ac 0B       		.uleb128 0xb
 660 00ad 49       		.uleb128 0x49
 661 00ae 13       		.uleb128 0x13
 662 00af 02       		.uleb128 0x2
 663 00b0 17       		.uleb128 0x17
 664 00b1 00       		.byte	0
 665 00b2 00       		.byte	0
 666 00b3 0D       		.uleb128 0xd
 667 00b4 34       		.uleb128 0x34
 668 00b5 00       		.byte	0
 669 00b6 03       		.uleb128 0x3
 670 00b7 0E       		.uleb128 0xe
 671 00b8 3A       		.uleb128 0x3a
 672 00b9 0B       		.uleb128 0xb
 673 00ba 3B       		.uleb128 0x3b
 674 00bb 05       		.uleb128 0x5
 675 00bc 49       		.uleb128 0x49
 676 00bd 13       		.uleb128 0x13
 677 00be 3F       		.uleb128 0x3f
 678 00bf 19       		.uleb128 0x19
 679 00c0 3C       		.uleb128 0x3c
 680 00c1 19       		.uleb128 0x19
 681 00c2 00       		.byte	0
 682 00c3 00       		.byte	0
 683 00c4 0E       		.uleb128 0xe
 684 00c5 35       		.uleb128 0x35
 685 00c6 00       		.byte	0
 686 00c7 49       		.uleb128 0x49
 687 00c8 13       		.uleb128 0x13
 688 00c9 00       		.byte	0
 689 00ca 00       		.byte	0
 690 00cb 0F       		.uleb128 0xf
 691 00cc 01       		.uleb128 0x1
 692 00cd 01       		.byte	0x1
 693 00ce 49       		.uleb128 0x49
 694 00cf 13       		.uleb128 0x13
 695 00d0 01       		.uleb128 0x1
 696 00d1 13       		.uleb128 0x13
 697 00d2 00       		.byte	0
 698 00d3 00       		.byte	0
 699 00d4 10       		.uleb128 0x10
 700 00d5 21       		.uleb128 0x21
 701 00d6 00       		.byte	0
 702 00d7 49       		.uleb128 0x49
 703 00d8 13       		.uleb128 0x13
 704 00d9 2F       		.uleb128 0x2f
 705 00da 0B       		.uleb128 0xb
 706 00db 00       		.byte	0
 707 00dc 00       		.byte	0
 708 00dd 11       		.uleb128 0x11
 709 00de 26       		.uleb128 0x26
 710 00df 00       		.byte	0
ARM GAS  C:\Users\LUCASI~1\AppData\Local\Temp\ccQ53f17.s 			page 14


 711 00e0 49       		.uleb128 0x49
 712 00e1 13       		.uleb128 0x13
 713 00e2 00       		.byte	0
 714 00e3 00       		.byte	0
 715 00e4 12       		.uleb128 0x12
 716 00e5 34       		.uleb128 0x34
 717 00e6 00       		.byte	0
 718 00e7 03       		.uleb128 0x3
 719 00e8 0E       		.uleb128 0xe
 720 00e9 3A       		.uleb128 0x3a
 721 00ea 0B       		.uleb128 0xb
 722 00eb 3B       		.uleb128 0x3b
 723 00ec 0B       		.uleb128 0xb
 724 00ed 49       		.uleb128 0x49
 725 00ee 13       		.uleb128 0x13
 726 00ef 3F       		.uleb128 0x3f
 727 00f0 19       		.uleb128 0x19
 728 00f1 02       		.uleb128 0x2
 729 00f2 18       		.uleb128 0x18
 730 00f3 00       		.byte	0
 731 00f4 00       		.byte	0
 732 00f5 13       		.uleb128 0x13
 733 00f6 2E       		.uleb128 0x2e
 734 00f7 00       		.byte	0
 735 00f8 3F       		.uleb128 0x3f
 736 00f9 19       		.uleb128 0x19
 737 00fa 3C       		.uleb128 0x3c
 738 00fb 19       		.uleb128 0x19
 739 00fc 6E       		.uleb128 0x6e
 740 00fd 0E       		.uleb128 0xe
 741 00fe 03       		.uleb128 0x3
 742 00ff 0E       		.uleb128 0xe
 743 0100 3A       		.uleb128 0x3a
 744 0101 0B       		.uleb128 0xb
 745 0102 3B       		.uleb128 0x3b
 746 0103 0B       		.uleb128 0xb
 747 0104 00       		.byte	0
 748 0105 00       		.byte	0
 749 0106 00       		.byte	0
 750              		.section	.debug_loc,"",%progbits
 751              	.Ldebug_loc0:
 752              	.LLST0:
 753 0000 00000000 		.4byte	.LVL5
 754 0004 12000000 		.4byte	.LVL6
 755 0008 0100     		.2byte	0x1
 756 000a 50       		.byte	0x50
 757 000b 12000000 		.4byte	.LVL6
 758 000f 18000000 		.4byte	.LVL8
 759 0013 0400     		.2byte	0x4
 760 0015 F3       		.byte	0xf3
 761 0016 01       		.uleb128 0x1
 762 0017 50       		.byte	0x50
 763 0018 9F       		.byte	0x9f
 764 0019 18000000 		.4byte	.LVL8
 765 001d 1C000000 		.4byte	.LVL9
 766 0021 0100     		.2byte	0x1
 767 0023 50       		.byte	0x50
ARM GAS  C:\Users\LUCASI~1\AppData\Local\Temp\ccQ53f17.s 			page 15


 768 0024 1C000000 		.4byte	.LVL9
 769 0028 22000000 		.4byte	.LVL11
 770 002c 0400     		.2byte	0x4
 771 002e F3       		.byte	0xf3
 772 002f 01       		.uleb128 0x1
 773 0030 50       		.byte	0x50
 774 0031 9F       		.byte	0x9f
 775 0032 22000000 		.4byte	.LVL11
 776 0036 26000000 		.4byte	.LVL12
 777 003a 0100     		.2byte	0x1
 778 003c 50       		.byte	0x50
 779 003d 26000000 		.4byte	.LVL12
 780 0041 38000000 		.4byte	.LFE64
 781 0045 0400     		.2byte	0x4
 782 0047 F3       		.byte	0xf3
 783 0048 01       		.uleb128 0x1
 784 0049 50       		.byte	0x50
 785 004a 9F       		.byte	0x9f
 786 004b 00000000 		.4byte	0
 787 004f 00000000 		.4byte	0
 788              		.section	.debug_aranges,"",%progbits
 789 0000 24000000 		.4byte	0x24
 790 0004 0200     		.2byte	0x2
 791 0006 00000000 		.4byte	.Ldebug_info0
 792 000a 04       		.byte	0x4
 793 000b 00       		.byte	0
 794 000c 0000     		.2byte	0
 795 000e 0000     		.2byte	0
 796 0010 00000000 		.4byte	.LFB63
 797 0014 2C000000 		.4byte	.LFE63-.LFB63
 798 0018 00000000 		.4byte	.LFB64
 799 001c 38000000 		.4byte	.LFE64-.LFB64
 800 0020 00000000 		.4byte	0
 801 0024 00000000 		.4byte	0
 802              		.section	.debug_ranges,"",%progbits
 803              	.Ldebug_ranges0:
 804 0000 00000000 		.4byte	.LFB63
 805 0004 2C000000 		.4byte	.LFE63
 806 0008 00000000 		.4byte	.LFB64
 807 000c 38000000 		.4byte	.LFE64
 808 0010 00000000 		.4byte	0
 809 0014 00000000 		.4byte	0
 810              		.section	.debug_line,"",%progbits
 811              	.Ldebug_line0:
 812 0000 99010000 		.section	.debug_str,"MS",%progbits,1
 812      02006A01 
 812      00000201 
 812      FB0E0D00 
 812      01010101 
 813              	.LASF6:
 814 0000 6C6F6E67 		.ascii	"long long int\000"
 814      206C6F6E 
 814      6720696E 
 814      7400
 815              	.LASF9:
 816 000e 5F5F696E 		.ascii	"__int32_t\000"
 816      7433325F 
ARM GAS  C:\Users\LUCASI~1\AppData\Local\Temp\ccQ53f17.s 			page 16


 816      7400
 817              	.LASF19:
 818 0018 73657453 		.ascii	"setSource\000"
 818      6F757263 
 818      6500
 819              	.LASF20:
 820 0022 706C6179 		.ascii	"playStart\000"
 820      53746172 
 820      7400
 821              	.LASF27:
 822 002c 736F756E 		.ascii	"soundApp.c\000"
 822      64417070 
 822      2E6300
 823              	.LASF12:
 824 0037 666C6F61 		.ascii	"float\000"
 824      7400
 825              	.LASF18:
 826 003d 766F6C75 		.ascii	"volume\000"
 826      6D6500
 827              	.LASF1:
 828 0044 756E7369 		.ascii	"unsigned char\000"
 828      676E6564 
 828      20636861 
 828      7200
 829              	.LASF26:
 830 0052 474E5520 		.ascii	"GNU C11 5.4.1 20160609 (release) [ARM/embedded-5-br"
 830      43313120 
 830      352E342E 
 830      31203230 
 830      31363036 
 831 0085 616E6368 		.ascii	"anch revision 237715] -mcpu=cortex-m3 -mthumb -g -O"
 831      20726576 
 831      6973696F 
 831      6E203233 
 831      37373135 
 832 00b8 67202D66 		.ascii	"g -ffunction-sections -ffat-lto-objects\000"
 832      66756E63 
 832      74696F6E 
 832      2D736563 
 832      74696F6E 
 833              	.LASF30:
 834 00e0 73656E64 		.ascii	"sendToSOMO\000"
 834      546F534F 
 834      4D4F00
 835              	.LASF21:
 836 00eb 706C6179 		.ascii	"playStop\000"
 836      53746F70 
 836      00
 837              	.LASF5:
 838 00f4 6C6F6E67 		.ascii	"long unsigned int\000"
 838      20756E73 
 838      69676E65 
 838      6420696E 
 838      7400
 839              	.LASF3:
 840 0106 73686F72 		.ascii	"short unsigned int\000"
 840      7420756E 
ARM GAS  C:\Users\LUCASI~1\AppData\Local\Temp\ccQ53f17.s 			page 17


 840      7369676E 
 840      65642069 
 840      6E7400
 841              	.LASF17:
 842 0119 49544D5F 		.ascii	"ITM_RxBuffer\000"
 842      52784275 
 842      66666572 
 842      00
 843              	.LASF13:
 844 0126 646F7562 		.ascii	"double\000"
 844      6C6500
 845              	.LASF8:
 846 012d 756E7369 		.ascii	"unsigned int\000"
 846      676E6564 
 846      20696E74 
 846      00
 847              	.LASF7:
 848 013a 6C6F6E67 		.ascii	"long long unsigned int\000"
 848      206C6F6E 
 848      6720756E 
 848      7369676E 
 848      65642069 
 849              	.LASF28:
 850 0151 433A5C55 		.ascii	"C:\\Users\\lucasiversen\\Desktop\\Ultrasoundv2\\Ult"
 850      73657273 
 850      5C6C7563 
 850      61736976 
 850      65727365 
 851 017f 7261736F 		.ascii	"rasoundv2.cydsn\000"
 851      756E6476 
 851      322E6379 
 851      64736E00 
 852              	.LASF10:
 853 018f 696E7433 		.ascii	"int32_t\000"
 853      325F7400 
 854              	.LASF16:
 855 0197 73697A65 		.ascii	"sizetype\000"
 855      74797065 
 855      00
 856              	.LASF23:
 857 01a0 736F756E 		.ascii	"soundUART_Start\000"
 857      64554152 
 857      545F5374 
 857      61727400 
 858              	.LASF24:
 859 01b0 736F756E 		.ascii	"soundUART_PutArray\000"
 859      64554152 
 859      545F5075 
 859      74417272 
 859      617900
 860              	.LASF14:
 861 01c3 63686172 		.ascii	"char\000"
 861      00
 862              	.LASF31:
 863 01c8 736F756E 		.ascii	"sound\000"
 863      6400
 864              	.LASF29:
ARM GAS  C:\Users\LUCASI~1\AppData\Local\Temp\ccQ53f17.s 			page 18


 865 01ce 736F756E 		.ascii	"soundInit\000"
 865      64496E69 
 865      7400
 866              	.LASF2:
 867 01d8 73686F72 		.ascii	"short int\000"
 867      7420696E 
 867      7400
 868              	.LASF11:
 869 01e2 75696E74 		.ascii	"uint8\000"
 869      3800
 870              	.LASF4:
 871 01e8 6C6F6E67 		.ascii	"long int\000"
 871      20696E74 
 871      00
 872              	.LASF15:
 873 01f1 6C6F6E67 		.ascii	"long double\000"
 873      20646F75 
 873      626C6500 
 874              	.LASF0:
 875 01fd 7369676E 		.ascii	"signed char\000"
 875      65642063 
 875      68617200 
 876              	.LASF25:
 877 0209 43794465 		.ascii	"CyDelay\000"
 877      6C617900 
 878              	.LASF22:
 879 0211 706C6179 		.ascii	"playPoint\000"
 879      506F696E 
 879      7400
 880              		.ident	"GCC: (GNU Tools for ARM Embedded Processors) 5.4.1 20160609 (release) [ARM/embedded-5-bran
