ARM GAS  C:\Users\LUCASI~1\AppData\Local\Temp\ccQdc6nV.s 			page 1


   1              		.syntax unified
   2              		.cpu cortex-m3
   3              		.fpu softvfp
   4              		.eabi_attribute 20, 1
   5              		.eabi_attribute 21, 1
   6              		.eabi_attribute 23, 3
   7              		.eabi_attribute 24, 1
   8              		.eabi_attribute 25, 1
   9              		.eabi_attribute 26, 1
  10              		.eabi_attribute 30, 1
  11              		.eabi_attribute 34, 1
  12              		.eabi_attribute 18, 4
  13              		.thumb
  14              		.syntax unified
  15              		.file	"waitingState.c"
  16              		.text
  17              	.Ltext0:
  18              		.cfi_sections	.debug_frame
  19              		.section	.text.waitingStateStart,"ax",%progbits
  20              		.align	2
  21              		.global	waitingStateStart
  22              		.thumb
  23              		.thumb_func
  24              		.type	waitingStateStart, %function
  25              	waitingStateStart:
  26              	.LFB63:
  27              		.file 1 "waitingState.c"
   1:waitingState.c **** #include "waitingState.h"
   2:waitingState.c **** #include "rpiCommunication.h"
   3:waitingState.c **** #include "scale.h"
   4:waitingState.c **** #include "soundApp.h"
   5:waitingState.c **** 
   6:waitingState.c **** void waitingStateStart()
   7:waitingState.c **** {
  28              		.loc 1 7 0
  29              		.cfi_startproc
  30              		@ args = 0, pretend = 0, frame = 0
  31              		@ frame_needed = 0, uses_anonymous_args = 0
  32              		@ link register save eliminated.
   8:waitingState.c ****     if(rpiRunning == 1)
  33              		.loc 1 8 0
  34 0000 034B     		ldr	r3, .L3
  35 0002 1B68     		ldr	r3, [r3]
  36 0004 012B     		cmp	r3, #1
  37 0006 02D1     		bne	.L1
   9:waitingState.c ****     {
  10:waitingState.c ****         running_ = 1;
  38              		.loc 1 10 0
  39 0008 0122     		movs	r2, #1
  40 000a 024B     		ldr	r3, .L3+4
  41 000c 1A60     		str	r2, [r3]
  42              	.L1:
  43 000e 7047     		bx	lr
  44              	.L4:
  45              		.align	2
  46              	.L3:
  47 0010 00000000 		.word	rpiRunning
ARM GAS  C:\Users\LUCASI~1\AppData\Local\Temp\ccQdc6nV.s 			page 2


  48 0014 00000000 		.word	running_
  49              		.cfi_endproc
  50              	.LFE63:
  51              		.size	waitingStateStart, .-waitingStateStart
  52              		.section	.text.waitingStateDrink,"ax",%progbits
  53              		.align	2
  54              		.global	waitingStateDrink
  55              		.thumb
  56              		.thumb_func
  57              		.type	waitingStateDrink, %function
  58              	waitingStateDrink:
  59              	.LFB64:
  11:waitingState.c ****         
  12:waitingState.c ****         /*if(readScaleStatus() != 0)
  13:waitingState.c ****         {
  14:waitingState.c ****             sendToSOMO(1);
  15:waitingState.c ****             CyDelay(3000);
  16:waitingState.c ****             running_ = 1;
  17:waitingState.c ****         }*/
  18:waitingState.c ****     }
  19:waitingState.c **** }
  20:waitingState.c **** 
  21:waitingState.c **** void waitingStateDrink()
  22:waitingState.c **** {
  60              		.loc 1 22 0
  61              		.cfi_startproc
  62              		@ args = 0, pretend = 0, frame = 0
  63              		@ frame_needed = 0, uses_anonymous_args = 0
  64 0000 08B5     		push	{r3, lr}
  65              		.cfi_def_cfa_offset 8
  66              		.cfi_offset 3, -8
  67              		.cfi_offset 14, -4
  23:waitingState.c ****     running_ = 0;
  68              		.loc 1 23 0
  69 0002 0022     		movs	r2, #0
  70 0004 064B     		ldr	r3, .L9
  71 0006 1A60     		str	r2, [r3]
  72              	.L6:
  24:waitingState.c ****     
  25:waitingState.c ****     while(readScaleStatus()!= 1)
  73              		.loc 1 25 0 discriminator 1
  74 0008 FFF7FEFF 		bl	readScaleStatus
  75              	.LVL0:
  76 000c 0128     		cmp	r0, #1
  77 000e FBD1     		bne	.L6
  78              	.L7:
  26:waitingState.c ****     {
  27:waitingState.c ****         
  28:waitingState.c ****     }
  29:waitingState.c ****     while(readScaleStatus()== 1)
  79              		.loc 1 29 0 discriminator 1
  80 0010 FFF7FEFF 		bl	readScaleStatus
  81              	.LVL1:
  82 0014 0128     		cmp	r0, #1
  83 0016 FBD0     		beq	.L7
  30:waitingState.c ****     {
  31:waitingState.c ****         
ARM GAS  C:\Users\LUCASI~1\AppData\Local\Temp\ccQdc6nV.s 			page 3


  32:waitingState.c ****     }
  33:waitingState.c ****     
  34:waitingState.c ****     running_ = 1;
  84              		.loc 1 34 0
  85 0018 0122     		movs	r2, #1
  86 001a 014B     		ldr	r3, .L9
  87 001c 1A60     		str	r2, [r3]
  88 001e 08BD     		pop	{r3, pc}
  89              	.L10:
  90              		.align	2
  91              	.L9:
  92 0020 00000000 		.word	running_
  93              		.cfi_endproc
  94              	.LFE64:
  95              		.size	waitingStateDrink, .-waitingStateDrink
  96              		.comm	status_scale,2,2
  97              		.comm	count_not_ok,2,2
  98              		.comm	count_ok,2,2
  99              		.comm	measurement,2,2
 100              		.comm	uartBuffer,256,4
 101              		.comm	result,2,2
 102              		.comm	rpiRunning,4,4
 103              		.comm	running_,4,4
 104              		.text
 105              	.Letext0:
 106              		.file 2 "c:\\program files (x86)\\cypress\\psoc creator\\4.2\\psoc creator\\import\\gnu\\arm\\5.4.
 107              		.file 3 "c:\\program files (x86)\\cypress\\psoc creator\\4.2\\psoc creator\\import\\gnu\\arm\\5.4.
 108              		.file 4 "waitingState.h"
 109              		.file 5 "Generated_Source\\PSoC5/core_cm3.h"
 110              		.file 6 "rpiCommunication.h"
 111              		.file 7 "scale.h"
 112              		.section	.debug_info,"",%progbits
 113              	.Ldebug_info0:
 114 0000 A4010000 		.4byte	0x1a4
 115 0004 0400     		.2byte	0x4
 116 0006 00000000 		.4byte	.Ldebug_abbrev0
 117 000a 04       		.byte	0x4
 118 000b 01       		.uleb128 0x1
 119 000c 4A000000 		.4byte	.LASF27
 120 0010 0C       		.byte	0xc
 121 0011 15000000 		.4byte	.LASF28
 122 0015 7F010000 		.4byte	.LASF29
 123 0019 00000000 		.4byte	.Ldebug_ranges0+0
 124 001d 00000000 		.4byte	0
 125 0021 00000000 		.4byte	.Ldebug_line0
 126 0025 02       		.uleb128 0x2
 127 0026 01       		.byte	0x1
 128 0027 06       		.byte	0x6
 129 0028 26020000 		.4byte	.LASF0
 130 002c 02       		.uleb128 0x2
 131 002d 01       		.byte	0x1
 132 002e 08       		.byte	0x8
 133 002f 3C000000 		.4byte	.LASF1
 134 0033 02       		.uleb128 0x2
 135 0034 02       		.byte	0x2
 136 0035 05       		.byte	0x5
 137 0036 FE010000 		.4byte	.LASF2
ARM GAS  C:\Users\LUCASI~1\AppData\Local\Temp\ccQdc6nV.s 			page 4


 138 003a 03       		.uleb128 0x3
 139 003b 29010000 		.4byte	.LASF4
 140 003f 02       		.byte	0x2
 141 0040 2B       		.byte	0x2b
 142 0041 45000000 		.4byte	0x45
 143 0045 02       		.uleb128 0x2
 144 0046 02       		.byte	0x2
 145 0047 07       		.byte	0x7
 146 0048 F3000000 		.4byte	.LASF3
 147 004c 03       		.uleb128 0x3
 148 004d 0B000000 		.4byte	.LASF5
 149 0051 02       		.byte	0x2
 150 0052 3F       		.byte	0x3f
 151 0053 57000000 		.4byte	0x57
 152 0057 02       		.uleb128 0x2
 153 0058 04       		.byte	0x4
 154 0059 05       		.byte	0x5
 155 005a 11020000 		.4byte	.LASF6
 156 005e 02       		.uleb128 0x2
 157 005f 04       		.byte	0x4
 158 0060 07       		.byte	0x7
 159 0061 E1000000 		.4byte	.LASF7
 160 0065 02       		.uleb128 0x2
 161 0066 08       		.byte	0x8
 162 0067 05       		.byte	0x5
 163 0068 CE010000 		.4byte	.LASF8
 164 006c 02       		.uleb128 0x2
 165 006d 08       		.byte	0x8
 166 006e 07       		.byte	0x7
 167 006f 61010000 		.4byte	.LASF9
 168 0073 04       		.uleb128 0x4
 169 0074 04       		.byte	0x4
 170 0075 05       		.byte	0x5
 171 0076 696E7400 		.ascii	"int\000"
 172 007a 02       		.uleb128 0x2
 173 007b 04       		.byte	0x4
 174 007c 07       		.byte	0x7
 175 007d 48010000 		.4byte	.LASF10
 176 0081 03       		.uleb128 0x3
 177 0082 08020000 		.4byte	.LASF11
 178 0086 03       		.byte	0x3
 179 0087 24       		.byte	0x24
 180 0088 3A000000 		.4byte	0x3a
 181 008c 03       		.uleb128 0x3
 182 008d BD010000 		.4byte	.LASF12
 183 0091 03       		.byte	0x3
 184 0092 2C       		.byte	0x2c
 185 0093 4C000000 		.4byte	0x4c
 186 0097 02       		.uleb128 0x2
 187 0098 04       		.byte	0x4
 188 0099 04       		.byte	0x4
 189 009a 24000000 		.4byte	.LASF13
 190 009e 02       		.uleb128 0x2
 191 009f 08       		.byte	0x8
 192 00a0 04       		.byte	0x4
 193 00a1 34010000 		.4byte	.LASF14
 194 00a5 02       		.uleb128 0x2
ARM GAS  C:\Users\LUCASI~1\AppData\Local\Temp\ccQdc6nV.s 			page 5


 195 00a6 01       		.byte	0x1
 196 00a7 08       		.byte	0x8
 197 00a8 DC010000 		.4byte	.LASF15
 198 00ac 02       		.uleb128 0x2
 199 00ad 08       		.byte	0x8
 200 00ae 04       		.byte	0x4
 201 00af 1A020000 		.4byte	.LASF16
 202 00b3 02       		.uleb128 0x2
 203 00b4 04       		.byte	0x4
 204 00b5 07       		.byte	0x7
 205 00b6 C5010000 		.4byte	.LASF17
 206 00ba 05       		.uleb128 0x5
 207 00bb 2A000000 		.4byte	.LASF30
 208 00bf 01       		.byte	0x1
 209 00c0 06       		.byte	0x6
 210 00c1 00000000 		.4byte	.LFB63
 211 00c5 18000000 		.4byte	.LFE63-.LFB63
 212 00c9 01       		.uleb128 0x1
 213 00ca 9C       		.byte	0x9c
 214 00cb 06       		.uleb128 0x6
 215 00cc EC010000 		.4byte	.LASF31
 216 00d0 01       		.byte	0x1
 217 00d1 15       		.byte	0x15
 218 00d2 00000000 		.4byte	.LFB64
 219 00d6 24000000 		.4byte	.LFE64-.LFB64
 220 00da 01       		.uleb128 0x1
 221 00db 9C       		.byte	0x9c
 222 00dc F3000000 		.4byte	0xf3
 223 00e0 07       		.uleb128 0x7
 224 00e1 0C000000 		.4byte	.LVL0
 225 00e5 9C010000 		.4byte	0x19c
 226 00e9 07       		.uleb128 0x7
 227 00ea 14000000 		.4byte	.LVL1
 228 00ee 9C010000 		.4byte	0x19c
 229 00f2 00       		.byte	0
 230 00f3 08       		.uleb128 0x8
 231 00f4 06010000 		.4byte	.LASF18
 232 00f8 04       		.byte	0x4
 233 00f9 01       		.byte	0x1
 234 00fa 73000000 		.4byte	0x73
 235 00fe 05       		.uleb128 0x5
 236 00ff 03       		.byte	0x3
 237 0100 00000000 		.4byte	running_
 238 0104 09       		.uleb128 0x9
 239 0105 0F010000 		.4byte	.LASF19
 240 0109 05       		.byte	0x5
 241 010a 1207     		.2byte	0x712
 242 010c 10010000 		.4byte	0x110
 243 0110 0A       		.uleb128 0xa
 244 0111 8C000000 		.4byte	0x8c
 245 0115 08       		.uleb128 0x8
 246 0116 E1010000 		.4byte	.LASF20
 247 011a 06       		.byte	0x6
 248 011b 04       		.byte	0x4
 249 011c 73000000 		.4byte	0x73
 250 0120 05       		.uleb128 0x5
 251 0121 03       		.byte	0x3
ARM GAS  C:\Users\LUCASI~1\AppData\Local\Temp\ccQdc6nV.s 			page 6


 252 0122 00000000 		.4byte	rpiRunning
 253 0126 08       		.uleb128 0x8
 254 0127 78010000 		.4byte	.LASF21
 255 012b 07       		.byte	0x7
 256 012c 03       		.byte	0x3
 257 012d 81000000 		.4byte	0x81
 258 0131 05       		.uleb128 0x5
 259 0132 03       		.byte	0x3
 260 0133 00000000 		.4byte	result
 261 0137 0B       		.uleb128 0xb
 262 0138 A5000000 		.4byte	0xa5
 263 013c 47010000 		.4byte	0x147
 264 0140 0C       		.uleb128 0xc
 265 0141 B3000000 		.4byte	0xb3
 266 0145 FF       		.byte	0xff
 267 0146 00       		.byte	0
 268 0147 08       		.uleb128 0x8
 269 0148 00000000 		.4byte	.LASF22
 270 014c 07       		.byte	0x7
 271 014d 04       		.byte	0x4
 272 014e 37010000 		.4byte	0x137
 273 0152 05       		.uleb128 0x5
 274 0153 03       		.byte	0x3
 275 0154 00000000 		.4byte	uartBuffer
 276 0158 08       		.uleb128 0x8
 277 0159 55010000 		.4byte	.LASF23
 278 015d 07       		.byte	0x7
 279 015e 05       		.byte	0x5
 280 015f 81000000 		.4byte	0x81
 281 0163 05       		.uleb128 0x5
 282 0164 03       		.byte	0x3
 283 0165 00000000 		.4byte	measurement
 284 0169 08       		.uleb128 0x8
 285 016a D8000000 		.4byte	.LASF24
 286 016e 07       		.byte	0x7
 287 016f 05       		.byte	0x5
 288 0170 81000000 		.4byte	0x81
 289 0174 05       		.uleb128 0x5
 290 0175 03       		.byte	0x3
 291 0176 00000000 		.4byte	count_ok
 292 017a 08       		.uleb128 0x8
 293 017b 3B010000 		.4byte	.LASF25
 294 017f 07       		.byte	0x7
 295 0180 05       		.byte	0x5
 296 0181 81000000 		.4byte	0x81
 297 0185 05       		.uleb128 0x5
 298 0186 03       		.byte	0x3
 299 0187 00000000 		.4byte	count_not_ok
 300 018b 08       		.uleb128 0x8
 301 018c 1C010000 		.4byte	.LASF26
 302 0190 07       		.byte	0x7
 303 0191 05       		.byte	0x5
 304 0192 81000000 		.4byte	0x81
 305 0196 05       		.uleb128 0x5
 306 0197 03       		.byte	0x3
 307 0198 00000000 		.4byte	status_scale
 308 019c 0D       		.uleb128 0xd
ARM GAS  C:\Users\LUCASI~1\AppData\Local\Temp\ccQdc6nV.s 			page 7


 309 019d 32020000 		.4byte	.LASF32
 310 01a1 32020000 		.4byte	.LASF32
 311 01a5 07       		.byte	0x7
 312 01a6 07       		.byte	0x7
 313 01a7 00       		.byte	0
 314              		.section	.debug_abbrev,"",%progbits
 315              	.Ldebug_abbrev0:
 316 0000 01       		.uleb128 0x1
 317 0001 11       		.uleb128 0x11
 318 0002 01       		.byte	0x1
 319 0003 25       		.uleb128 0x25
 320 0004 0E       		.uleb128 0xe
 321 0005 13       		.uleb128 0x13
 322 0006 0B       		.uleb128 0xb
 323 0007 03       		.uleb128 0x3
 324 0008 0E       		.uleb128 0xe
 325 0009 1B       		.uleb128 0x1b
 326 000a 0E       		.uleb128 0xe
 327 000b 55       		.uleb128 0x55
 328 000c 17       		.uleb128 0x17
 329 000d 11       		.uleb128 0x11
 330 000e 01       		.uleb128 0x1
 331 000f 10       		.uleb128 0x10
 332 0010 17       		.uleb128 0x17
 333 0011 00       		.byte	0
 334 0012 00       		.byte	0
 335 0013 02       		.uleb128 0x2
 336 0014 24       		.uleb128 0x24
 337 0015 00       		.byte	0
 338 0016 0B       		.uleb128 0xb
 339 0017 0B       		.uleb128 0xb
 340 0018 3E       		.uleb128 0x3e
 341 0019 0B       		.uleb128 0xb
 342 001a 03       		.uleb128 0x3
 343 001b 0E       		.uleb128 0xe
 344 001c 00       		.byte	0
 345 001d 00       		.byte	0
 346 001e 03       		.uleb128 0x3
 347 001f 16       		.uleb128 0x16
 348 0020 00       		.byte	0
 349 0021 03       		.uleb128 0x3
 350 0022 0E       		.uleb128 0xe
 351 0023 3A       		.uleb128 0x3a
 352 0024 0B       		.uleb128 0xb
 353 0025 3B       		.uleb128 0x3b
 354 0026 0B       		.uleb128 0xb
 355 0027 49       		.uleb128 0x49
 356 0028 13       		.uleb128 0x13
 357 0029 00       		.byte	0
 358 002a 00       		.byte	0
 359 002b 04       		.uleb128 0x4
 360 002c 24       		.uleb128 0x24
 361 002d 00       		.byte	0
 362 002e 0B       		.uleb128 0xb
 363 002f 0B       		.uleb128 0xb
 364 0030 3E       		.uleb128 0x3e
 365 0031 0B       		.uleb128 0xb
ARM GAS  C:\Users\LUCASI~1\AppData\Local\Temp\ccQdc6nV.s 			page 8


 366 0032 03       		.uleb128 0x3
 367 0033 08       		.uleb128 0x8
 368 0034 00       		.byte	0
 369 0035 00       		.byte	0
 370 0036 05       		.uleb128 0x5
 371 0037 2E       		.uleb128 0x2e
 372 0038 00       		.byte	0
 373 0039 3F       		.uleb128 0x3f
 374 003a 19       		.uleb128 0x19
 375 003b 03       		.uleb128 0x3
 376 003c 0E       		.uleb128 0xe
 377 003d 3A       		.uleb128 0x3a
 378 003e 0B       		.uleb128 0xb
 379 003f 3B       		.uleb128 0x3b
 380 0040 0B       		.uleb128 0xb
 381 0041 11       		.uleb128 0x11
 382 0042 01       		.uleb128 0x1
 383 0043 12       		.uleb128 0x12
 384 0044 06       		.uleb128 0x6
 385 0045 40       		.uleb128 0x40
 386 0046 18       		.uleb128 0x18
 387 0047 9742     		.uleb128 0x2117
 388 0049 19       		.uleb128 0x19
 389 004a 00       		.byte	0
 390 004b 00       		.byte	0
 391 004c 06       		.uleb128 0x6
 392 004d 2E       		.uleb128 0x2e
 393 004e 01       		.byte	0x1
 394 004f 3F       		.uleb128 0x3f
 395 0050 19       		.uleb128 0x19
 396 0051 03       		.uleb128 0x3
 397 0052 0E       		.uleb128 0xe
 398 0053 3A       		.uleb128 0x3a
 399 0054 0B       		.uleb128 0xb
 400 0055 3B       		.uleb128 0x3b
 401 0056 0B       		.uleb128 0xb
 402 0057 11       		.uleb128 0x11
 403 0058 01       		.uleb128 0x1
 404 0059 12       		.uleb128 0x12
 405 005a 06       		.uleb128 0x6
 406 005b 40       		.uleb128 0x40
 407 005c 18       		.uleb128 0x18
 408 005d 9742     		.uleb128 0x2117
 409 005f 19       		.uleb128 0x19
 410 0060 01       		.uleb128 0x1
 411 0061 13       		.uleb128 0x13
 412 0062 00       		.byte	0
 413 0063 00       		.byte	0
 414 0064 07       		.uleb128 0x7
 415 0065 898201   		.uleb128 0x4109
 416 0068 00       		.byte	0
 417 0069 11       		.uleb128 0x11
 418 006a 01       		.uleb128 0x1
 419 006b 31       		.uleb128 0x31
 420 006c 13       		.uleb128 0x13
 421 006d 00       		.byte	0
 422 006e 00       		.byte	0
ARM GAS  C:\Users\LUCASI~1\AppData\Local\Temp\ccQdc6nV.s 			page 9


 423 006f 08       		.uleb128 0x8
 424 0070 34       		.uleb128 0x34
 425 0071 00       		.byte	0
 426 0072 03       		.uleb128 0x3
 427 0073 0E       		.uleb128 0xe
 428 0074 3A       		.uleb128 0x3a
 429 0075 0B       		.uleb128 0xb
 430 0076 3B       		.uleb128 0x3b
 431 0077 0B       		.uleb128 0xb
 432 0078 49       		.uleb128 0x49
 433 0079 13       		.uleb128 0x13
 434 007a 3F       		.uleb128 0x3f
 435 007b 19       		.uleb128 0x19
 436 007c 02       		.uleb128 0x2
 437 007d 18       		.uleb128 0x18
 438 007e 00       		.byte	0
 439 007f 00       		.byte	0
 440 0080 09       		.uleb128 0x9
 441 0081 34       		.uleb128 0x34
 442 0082 00       		.byte	0
 443 0083 03       		.uleb128 0x3
 444 0084 0E       		.uleb128 0xe
 445 0085 3A       		.uleb128 0x3a
 446 0086 0B       		.uleb128 0xb
 447 0087 3B       		.uleb128 0x3b
 448 0088 05       		.uleb128 0x5
 449 0089 49       		.uleb128 0x49
 450 008a 13       		.uleb128 0x13
 451 008b 3F       		.uleb128 0x3f
 452 008c 19       		.uleb128 0x19
 453 008d 3C       		.uleb128 0x3c
 454 008e 19       		.uleb128 0x19
 455 008f 00       		.byte	0
 456 0090 00       		.byte	0
 457 0091 0A       		.uleb128 0xa
 458 0092 35       		.uleb128 0x35
 459 0093 00       		.byte	0
 460 0094 49       		.uleb128 0x49
 461 0095 13       		.uleb128 0x13
 462 0096 00       		.byte	0
 463 0097 00       		.byte	0
 464 0098 0B       		.uleb128 0xb
 465 0099 01       		.uleb128 0x1
 466 009a 01       		.byte	0x1
 467 009b 49       		.uleb128 0x49
 468 009c 13       		.uleb128 0x13
 469 009d 01       		.uleb128 0x1
 470 009e 13       		.uleb128 0x13
 471 009f 00       		.byte	0
 472 00a0 00       		.byte	0
 473 00a1 0C       		.uleb128 0xc
 474 00a2 21       		.uleb128 0x21
 475 00a3 00       		.byte	0
 476 00a4 49       		.uleb128 0x49
 477 00a5 13       		.uleb128 0x13
 478 00a6 2F       		.uleb128 0x2f
 479 00a7 0B       		.uleb128 0xb
ARM GAS  C:\Users\LUCASI~1\AppData\Local\Temp\ccQdc6nV.s 			page 10


 480 00a8 00       		.byte	0
 481 00a9 00       		.byte	0
 482 00aa 0D       		.uleb128 0xd
 483 00ab 2E       		.uleb128 0x2e
 484 00ac 00       		.byte	0
 485 00ad 3F       		.uleb128 0x3f
 486 00ae 19       		.uleb128 0x19
 487 00af 3C       		.uleb128 0x3c
 488 00b0 19       		.uleb128 0x19
 489 00b1 6E       		.uleb128 0x6e
 490 00b2 0E       		.uleb128 0xe
 491 00b3 03       		.uleb128 0x3
 492 00b4 0E       		.uleb128 0xe
 493 00b5 3A       		.uleb128 0x3a
 494 00b6 0B       		.uleb128 0xb
 495 00b7 3B       		.uleb128 0x3b
 496 00b8 0B       		.uleb128 0xb
 497 00b9 00       		.byte	0
 498 00ba 00       		.byte	0
 499 00bb 00       		.byte	0
 500              		.section	.debug_aranges,"",%progbits
 501 0000 24000000 		.4byte	0x24
 502 0004 0200     		.2byte	0x2
 503 0006 00000000 		.4byte	.Ldebug_info0
 504 000a 04       		.byte	0x4
 505 000b 00       		.byte	0
 506 000c 0000     		.2byte	0
 507 000e 0000     		.2byte	0
 508 0010 00000000 		.4byte	.LFB63
 509 0014 18000000 		.4byte	.LFE63-.LFB63
 510 0018 00000000 		.4byte	.LFB64
 511 001c 24000000 		.4byte	.LFE64-.LFB64
 512 0020 00000000 		.4byte	0
 513 0024 00000000 		.4byte	0
 514              		.section	.debug_ranges,"",%progbits
 515              	.Ldebug_ranges0:
 516 0000 00000000 		.4byte	.LFB63
 517 0004 18000000 		.4byte	.LFE63
 518 0008 00000000 		.4byte	.LFB64
 519 000c 24000000 		.4byte	.LFE64
 520 0010 00000000 		.4byte	0
 521 0014 00000000 		.4byte	0
 522              		.section	.debug_line,"",%progbits
 523              	.Ldebug_line0:
 524 0000 AA010000 		.section	.debug_str,"MS",%progbits,1
 524      02007A01 
 524      00000201 
 524      FB0E0D00 
 524      01010101 
 525              	.LASF22:
 526 0000 75617274 		.ascii	"uartBuffer\000"
 526      42756666 
 526      657200
 527              	.LASF5:
 528 000b 5F5F696E 		.ascii	"__int32_t\000"
 528      7433325F 
 528      7400
ARM GAS  C:\Users\LUCASI~1\AppData\Local\Temp\ccQdc6nV.s 			page 11


 529              	.LASF28:
 530 0015 77616974 		.ascii	"waitingState.c\000"
 530      696E6753 
 530      74617465 
 530      2E6300
 531              	.LASF13:
 532 0024 666C6F61 		.ascii	"float\000"
 532      7400
 533              	.LASF30:
 534 002a 77616974 		.ascii	"waitingStateStart\000"
 534      696E6753 
 534      74617465 
 534      53746172 
 534      7400
 535              	.LASF1:
 536 003c 756E7369 		.ascii	"unsigned char\000"
 536      676E6564 
 536      20636861 
 536      7200
 537              	.LASF27:
 538 004a 474E5520 		.ascii	"GNU C11 5.4.1 20160609 (release) [ARM/embedded-5-br"
 538      43313120 
 538      352E342E 
 538      31203230 
 538      31363036 
 539 007d 616E6368 		.ascii	"anch revision 237715] -mcpu=cortex-m3 -mthumb -g -O"
 539      20726576 
 539      6973696F 
 539      6E203233 
 539      37373135 
 540 00b0 67202D66 		.ascii	"g -ffunction-sections -ffat-lto-objects\000"
 540      66756E63 
 540      74696F6E 
 540      2D736563 
 540      74696F6E 
 541              	.LASF24:
 542 00d8 636F756E 		.ascii	"count_ok\000"
 542      745F6F6B 
 542      00
 543              	.LASF7:
 544 00e1 6C6F6E67 		.ascii	"long unsigned int\000"
 544      20756E73 
 544      69676E65 
 544      6420696E 
 544      7400
 545              	.LASF3:
 546 00f3 73686F72 		.ascii	"short unsigned int\000"
 546      7420756E 
 546      7369676E 
 546      65642069 
 546      6E7400
 547              	.LASF18:
 548 0106 72756E6E 		.ascii	"running_\000"
 548      696E675F 
 548      00
 549              	.LASF19:
 550 010f 49544D5F 		.ascii	"ITM_RxBuffer\000"
ARM GAS  C:\Users\LUCASI~1\AppData\Local\Temp\ccQdc6nV.s 			page 12


 550      52784275 
 550      66666572 
 550      00
 551              	.LASF26:
 552 011c 73746174 		.ascii	"status_scale\000"
 552      75735F73 
 552      63616C65 
 552      00
 553              	.LASF4:
 554 0129 5F5F7569 		.ascii	"__uint16_t\000"
 554      6E743136 
 554      5F7400
 555              	.LASF14:
 556 0134 646F7562 		.ascii	"double\000"
 556      6C6500
 557              	.LASF25:
 558 013b 636F756E 		.ascii	"count_not_ok\000"
 558      745F6E6F 
 558      745F6F6B 
 558      00
 559              	.LASF10:
 560 0148 756E7369 		.ascii	"unsigned int\000"
 560      676E6564 
 560      20696E74 
 560      00
 561              	.LASF23:
 562 0155 6D656173 		.ascii	"measurement\000"
 562      7572656D 
 562      656E7400 
 563              	.LASF9:
 564 0161 6C6F6E67 		.ascii	"long long unsigned int\000"
 564      206C6F6E 
 564      6720756E 
 564      7369676E 
 564      65642069 
 565              	.LASF21:
 566 0178 72657375 		.ascii	"result\000"
 566      6C7400
 567              	.LASF29:
 568 017f 433A5C55 		.ascii	"C:\\Users\\lucasiversen\\Desktop\\Ultrasoundv2\\Ult"
 568      73657273 
 568      5C6C7563 
 568      61736976 
 568      65727365 
 569 01ad 7261736F 		.ascii	"rasoundv2.cydsn\000"
 569      756E6476 
 569      322E6379 
 569      64736E00 
 570              	.LASF12:
 571 01bd 696E7433 		.ascii	"int32_t\000"
 571      325F7400 
 572              	.LASF17:
 573 01c5 73697A65 		.ascii	"sizetype\000"
 573      74797065 
 573      00
 574              	.LASF8:
 575 01ce 6C6F6E67 		.ascii	"long long int\000"
ARM GAS  C:\Users\LUCASI~1\AppData\Local\Temp\ccQdc6nV.s 			page 13


 575      206C6F6E 
 575      6720696E 
 575      7400
 576              	.LASF15:
 577 01dc 63686172 		.ascii	"char\000"
 577      00
 578              	.LASF20:
 579 01e1 72706952 		.ascii	"rpiRunning\000"
 579      756E6E69 
 579      6E6700
 580              	.LASF31:
 581 01ec 77616974 		.ascii	"waitingStateDrink\000"
 581      696E6753 
 581      74617465 
 581      4472696E 
 581      6B00
 582              	.LASF2:
 583 01fe 73686F72 		.ascii	"short int\000"
 583      7420696E 
 583      7400
 584              	.LASF11:
 585 0208 75696E74 		.ascii	"uint16_t\000"
 585      31365F74 
 585      00
 586              	.LASF6:
 587 0211 6C6F6E67 		.ascii	"long int\000"
 587      20696E74 
 587      00
 588              	.LASF16:
 589 021a 6C6F6E67 		.ascii	"long double\000"
 589      20646F75 
 589      626C6500 
 590              	.LASF0:
 591 0226 7369676E 		.ascii	"signed char\000"
 591      65642063 
 591      68617200 
 592              	.LASF32:
 593 0232 72656164 		.ascii	"readScaleStatus\000"
 593      5363616C 
 593      65537461 
 593      74757300 
 594              		.ident	"GCC: (GNU Tools for ARM Embedded Processors) 5.4.1 20160609 (release) [ARM/embedded-5-bran
