ARM GAS  C:\Users\LUCASI~1\AppData\Local\Temp\cct0eG7u.s 			page 1


   1              		.syntax unified
   2              		.cpu cortex-m3
   3              		.fpu softvfp
   4              		.eabi_attribute 20, 1
   5              		.eabi_attribute 21, 1
   6              		.eabi_attribute 23, 3
   7              		.eabi_attribute 24, 1
   8              		.eabi_attribute 25, 1
   9              		.eabi_attribute 26, 1
  10              		.eabi_attribute 30, 1
  11              		.eabi_attribute 34, 1
  12              		.eabi_attribute 18, 4
  13              		.thumb
  14              		.syntax unified
  15              		.file	"cymetadata.c"
  16              		.text
  17              	.Ltext0:
  18              		.cfi_sections	.debug_frame
  19              		.global	cy_metadata
  20              		.global	cy_meta_flashprotect
  21              		.global	cy_meta_wonvl
  22              		.global	cy_meta_custnvl
  23              		.global	cy_meta_configecc
  24              		.section	.cyconfigecc,"a",%progbits
  25              		.align	2
  26              		.type	cy_meta_configecc, %object
  27              		.size	cy_meta_configecc, 1628
  28              	cy_meta_configecc:
  29 0000 04       		.byte	4
  30 0001 52       		.byte	82
  31 0002 00       		.byte	0
  32 0003 40       		.byte	64
  33 0004 02       		.byte	2
  34 0005 64       		.byte	100
  35 0006 00       		.byte	0
  36 0007 40       		.byte	64
  37 0008 02       		.byte	2
  38 0009 65       		.byte	101
  39 000a 00       		.byte	0
  40 000b 40       		.byte	64
  41 000c 53       		.byte	83
  42 000d 04       		.byte	4
  43 000e 01       		.byte	1
  44 000f 40       		.byte	64
  45 0010 2F       		.byte	47
  46 0011 05       		.byte	5
  47 0012 01       		.byte	1
  48 0013 40       		.byte	64
  49 0014 47       		.byte	71
  50 0015 06       		.byte	6
  51 0016 01       		.byte	1
  52 0017 40       		.byte	64
  53 0018 39       		.byte	57
  54 0019 07       		.byte	7
  55 001a 01       		.byte	1
  56 001b 40       		.byte	64
  57 001c 01       		.byte	1
ARM GAS  C:\Users\LUCASI~1\AppData\Local\Temp\cct0eG7u.s 			page 2


  58 001d 09       		.byte	9
  59 001e 01       		.byte	1
  60 001f 40       		.byte	64
  61 0020 01       		.byte	1
  62 0021 0B       		.byte	11
  63 0022 01       		.byte	1
  64 0023 40       		.byte	64
  65 0024 35       		.byte	53
  66 0025 0C       		.byte	12
  67 0026 01       		.byte	1
  68 0027 40       		.byte	64
  69 0028 13       		.byte	19
  70 0029 0D       		.byte	13
  71 002a 01       		.byte	1
  72 002b 40       		.byte	64
  73 002c 5D       		.byte	93
  74 002d 14       		.byte	20
  75 002e 01       		.byte	1
  76 002f 40       		.byte	64
  77 0030 44       		.byte	68
  78 0031 15       		.byte	21
  79 0032 01       		.byte	1
  80 0033 40       		.byte	64
  81 0034 3D       		.byte	61
  82 0035 16       		.byte	22
  83 0036 01       		.byte	1
  84 0037 40       		.byte	64
  85 0038 37       		.byte	55
  86 0039 17       		.byte	23
  87 003a 01       		.byte	1
  88 003b 40       		.byte	64
  89 003c 02       		.byte	2
  90 003d 1B       		.byte	27
  91 003e 01       		.byte	1
  92 003f 40       		.byte	64
  93 0040 07       		.byte	7
  94 0041 40       		.byte	64
  95 0042 01       		.byte	1
  96 0043 40       		.byte	64
  97 0044 0D       		.byte	13
  98 0045 41       		.byte	65
  99 0046 01       		.byte	1
 100 0047 40       		.byte	64
 101 0048 0F       		.byte	15
 102 0049 42       		.byte	66
 103 004a 01       		.byte	1
 104 004b 40       		.byte	64
 105 004c 0F       		.byte	15
 106 004d 43       		.byte	67
 107 004e 01       		.byte	1
 108 004f 40       		.byte	64
 109 0050 03       		.byte	3
 110 0051 45       		.byte	69
 111 0052 01       		.byte	1
 112 0053 40       		.byte	64
 113 0054 03       		.byte	3
 114 0055 46       		.byte	70
ARM GAS  C:\Users\LUCASI~1\AppData\Local\Temp\cct0eG7u.s 			page 3


 115 0056 01       		.byte	1
 116 0057 40       		.byte	64
 117 0058 01       		.byte	1
 118 0059 47       		.byte	71
 119 005a 01       		.byte	1
 120 005b 40       		.byte	64
 121 005c 12       		.byte	18
 122 005d 48       		.byte	72
 123 005e 01       		.byte	1
 124 005f 40       		.byte	64
 125 0060 0D       		.byte	13
 126 0061 49       		.byte	73
 127 0062 01       		.byte	1
 128 0063 40       		.byte	64
 129 0064 04       		.byte	4
 130 0065 4C       		.byte	76
 131 0066 01       		.byte	1
 132 0067 40       		.byte	64
 133 0068 08       		.byte	8
 134 0069 4D       		.byte	77
 135 006a 01       		.byte	1
 136 006b 40       		.byte	64
 137 006c 05       		.byte	5
 138 006d 50       		.byte	80
 139 006e 01       		.byte	1
 140 006f 40       		.byte	64
 141 0070 03       		.byte	3
 142 0071 51       		.byte	81
 143 0072 01       		.byte	1
 144 0073 40       		.byte	64
 145 0074 00       		.byte	0
 146 0075 C0       		.byte	-64
 147 0076 01       		.byte	1
 148 0077 40       		.byte	64
 149 0078 10       		.byte	16
 150 0079 80       		.byte	-128
 151 007a 61       		.byte	97
 152 007b 80       		.byte	-128
 153 007c 85       		.byte	-123
 154 007d 0D       		.byte	13
 155 007e 86       		.byte	-122
 156 007f 0F       		.byte	15
 157 0080 85       		.byte	-123
 158 0081 77       		.byte	119
 159 0082 87       		.byte	-121
 160 0083 0D       		.byte	13
 161 0084 04       		.byte	4
 162 0085 02       		.byte	2
 163 0086 08       		.byte	8
 164 0087 03       		.byte	3
 165 0088 0B       		.byte	11
 166 0089 03       		.byte	3
 167 008a 0F       		.byte	15
 168 008b 05       		.byte	5
 169 008c 10       		.byte	16
 170 008d 03       		.byte	3
 171 008e 17       		.byte	23
ARM GAS  C:\Users\LUCASI~1\AppData\Local\Temp\cct0eG7u.s 			page 4


 172 008f 01       		.byte	1
 173 0090 1F       		.byte	31
 174 0091 02       		.byte	2
 175 0092 23       		.byte	35
 176 0093 06       		.byte	6
 177 0094 25       		.byte	37
 178 0095 06       		.byte	6
 179 0096 27       		.byte	39
 180 0097 01       		.byte	1
 181 0098 2A       		.byte	42
 182 0099 01       		.byte	1
 183 009a 33       		.byte	51
 184 009b 07       		.byte	7
 185 009c 34       		.byte	52
 186 009d 03       		.byte	3
 187 009e 38       		.byte	56
 188 009f 20       		.byte	32
 189 00a0 3B       		.byte	59
 190 00a1 08       		.byte	8
 191 00a2 3E       		.byte	62
 192 00a3 10       		.byte	16
 193 00a4 40       		.byte	64
 194 00a5 02       		.byte	2
 195 00a6 46       		.byte	70
 196 00a7 04       		.byte	4
 197 00a8 49       		.byte	73
 198 00a9 FF       		.byte	-1
 199 00aa 4A       		.byte	74
 200 00ab 07       		.byte	7
 201 00ac 4B       		.byte	75
 202 00ad FF       		.byte	-1
 203 00ae 4C       		.byte	76
 204 00af 40       		.byte	64
 205 00b0 4D       		.byte	77
 206 00b1 20       		.byte	32
 207 00b2 4E       		.byte	78
 208 00b3 F0       		.byte	-16
 209 00b4 4F       		.byte	79
 210 00b5 05       		.byte	5
 211 00b6 50       		.byte	80
 212 00b7 08       		.byte	8
 213 00b8 58       		.byte	88
 214 00b9 04       		.byte	4
 215 00ba 59       		.byte	89
 216 00bb 04       		.byte	4
 217 00bc 5A       		.byte	90
 218 00bd 04       		.byte	4
 219 00be 5C       		.byte	92
 220 00bf 20       		.byte	32
 221 00c0 5D       		.byte	93
 222 00c1 02       		.byte	2
 223 00c2 5F       		.byte	95
 224 00c3 01       		.byte	1
 225 00c4 60       		.byte	96
 226 00c5 40       		.byte	64
 227 00c6 61       		.byte	97
 228 00c7 A8       		.byte	-88
ARM GAS  C:\Users\LUCASI~1\AppData\Local\Temp\cct0eG7u.s 			page 5


 229 00c8 62       		.byte	98
 230 00c9 40       		.byte	64
 231 00ca 63       		.byte	99
 232 00cb 20       		.byte	32
 233 00cc 83       		.byte	-125
 234 00cd 01       		.byte	1
 235 00ce 86       		.byte	-122
 236 00cf 01       		.byte	1
 237 00d0 87       		.byte	-121
 238 00d1 0E       		.byte	14
 239 00d2 88       		.byte	-120
 240 00d3 01       		.byte	1
 241 00d4 90       		.byte	-112
 242 00d5 01       		.byte	1
 243 00d6 93       		.byte	-109
 244 00d7 02       		.byte	2
 245 00d8 94       		.byte	-108
 246 00d9 02       		.byte	2
 247 00da 95       		.byte	-107
 248 00db 08       		.byte	8
 249 00dc 9E       		.byte	-98
 250 00dd 04       		.byte	4
 251 00de A2       		.byte	-94
 252 00df 04       		.byte	4
 253 00e0 B1       		.byte	-79
 254 00e1 08       		.byte	8
 255 00e2 B3       		.byte	-77
 256 00e3 02       		.byte	2
 257 00e4 B4       		.byte	-76
 258 00e5 04       		.byte	4
 259 00e6 B5       		.byte	-75
 260 00e7 04       		.byte	4
 261 00e8 B6       		.byte	-74
 262 00e9 03       		.byte	3
 263 00ea B7       		.byte	-73
 264 00eb 01       		.byte	1
 265 00ec B8       		.byte	-72
 266 00ed 80       		.byte	-128
 267 00ee BE       		.byte	-66
 268 00ef 10       		.byte	16
 269 00f0 C0       		.byte	-64
 270 00f1 10       		.byte	16
 271 00f2 C1       		.byte	-63
 272 00f3 04       		.byte	4
 273 00f4 C5       		.byte	-59
 274 00f5 D0       		.byte	-48
 275 00f6 C7       		.byte	-57
 276 00f7 21       		.byte	33
 277 00f8 C8       		.byte	-56
 278 00f9 32       		.byte	50
 279 00fa C9       		.byte	-55
 280 00fb FF       		.byte	-1
 281 00fc CA       		.byte	-54
 282 00fd FF       		.byte	-1
 283 00fe CB       		.byte	-53
 284 00ff FF       		.byte	-1
 285 0100 CD       		.byte	-51
ARM GAS  C:\Users\LUCASI~1\AppData\Local\Temp\cct0eG7u.s 			page 6


 286 0101 A0       		.byte	-96
 287 0102 CF       		.byte	-49
 288 0103 04       		.byte	4
 289 0104 D0       		.byte	-48
 290 0105 18       		.byte	24
 291 0106 D2       		.byte	-46
 292 0107 80       		.byte	-128
 293 0108 D4       		.byte	-44
 294 0109 05       		.byte	5
 295 010a D8       		.byte	-40
 296 010b 04       		.byte	4
 297 010c D9       		.byte	-39
 298 010d 04       		.byte	4
 299 010e DA       		.byte	-38
 300 010f 04       		.byte	4
 301 0110 DB       		.byte	-37
 302 0111 04       		.byte	4
 303 0112 DC       		.byte	-36
 304 0113 32       		.byte	50
 305 0114 DD       		.byte	-35
 306 0115 33       		.byte	51
 307 0116 DF       		.byte	-33
 308 0117 01       		.byte	1
 309 0118 E0       		.byte	-32
 310 0119 40       		.byte	64
 311 011a E2       		.byte	-30
 312 011b C0       		.byte	-64
 313 011c E4       		.byte	-28
 314 011d 40       		.byte	64
 315 011e E5       		.byte	-27
 316 011f 40       		.byte	64
 317 0120 E6       		.byte	-26
 318 0121 C0       		.byte	-64
 319 0122 E8       		.byte	-24
 320 0123 C0       		.byte	-64
 321 0124 EA       		.byte	-22
 322 0125 C0       		.byte	-64
 323 0126 EC       		.byte	-20
 324 0127 C0       		.byte	-64
 325 0128 EE       		.byte	-18
 326 0129 C0       		.byte	-64
 327 012a 00       		.byte	0
 328 012b 18       		.byte	24
 329 012c 01       		.byte	1
 330 012d 08       		.byte	8
 331 012e 04       		.byte	4
 332 012f 10       		.byte	16
 333 0130 05       		.byte	5
 334 0131 08       		.byte	8
 335 0132 0A       		.byte	10
 336 0133 40       		.byte	64
 337 0134 0B       		.byte	11
 338 0135 80       		.byte	-128
 339 0136 0C       		.byte	12
 340 0137 08       		.byte	8
 341 0138 0E       		.byte	14
 342 0139 40       		.byte	64
ARM GAS  C:\Users\LUCASI~1\AppData\Local\Temp\cct0eG7u.s 			page 7


 343 013a 0F       		.byte	15
 344 013b 02       		.byte	2
 345 013c 10       		.byte	16
 346 013d 08       		.byte	8
 347 013e 17       		.byte	23
 348 013f 02       		.byte	2
 349 0140 18       		.byte	24
 350 0141 04       		.byte	4
 351 0142 1E       		.byte	30
 352 0143 08       		.byte	8
 353 0144 1F       		.byte	31
 354 0145 80       		.byte	-128
 355 0146 20       		.byte	32
 356 0147 10       		.byte	16
 357 0148 24       		.byte	36
 358 0149 40       		.byte	64
 359 014a 25       		.byte	37
 360 014b 40       		.byte	64
 361 014c 26       		.byte	38
 362 014d 08       		.byte	8
 363 014e 27       		.byte	39
 364 014f 06       		.byte	6
 365 0150 29       		.byte	41
 366 0151 08       		.byte	8
 367 0152 2B       		.byte	43
 368 0153 80       		.byte	-128
 369 0154 30       		.byte	48
 370 0155 88       		.byte	-120
 371 0156 37       		.byte	55
 372 0157 06       		.byte	6
 373 0158 38       		.byte	56
 374 0159 10       		.byte	16
 375 015a 3B       		.byte	59
 376 015b 80       		.byte	-128
 377 015c 3C       		.byte	60
 378 015d 02       		.byte	2
 379 015e 3F       		.byte	63
 380 015f 08       		.byte	8
 381 0160 40       		.byte	64
 382 0161 04       		.byte	4
 383 0162 45       		.byte	69
 384 0163 41       		.byte	65
 385 0164 4D       		.byte	77
 386 0165 01       		.byte	1
 387 0166 50       		.byte	80
 388 0167 C8       		.byte	-56
 389 0168 55       		.byte	85
 390 0169 01       		.byte	1
 391 016a 57       		.byte	87
 392 016b 05       		.byte	5
 393 016c 5C       		.byte	92
 394 016d 40       		.byte	64
 395 016e 5D       		.byte	93
 396 016f 01       		.byte	1
 397 0170 5E       		.byte	94
 398 0171 08       		.byte	8
 399 0172 74       		.byte	116
ARM GAS  C:\Users\LUCASI~1\AppData\Local\Temp\cct0eG7u.s 			page 8


 400 0173 01       		.byte	1
 401 0174 86       		.byte	-122
 402 0175 08       		.byte	8
 403 0176 C0       		.byte	-64
 404 0177 66       		.byte	102
 405 0178 C2       		.byte	-62
 406 0179 B8       		.byte	-72
 407 017a C4       		.byte	-60
 408 017b 12       		.byte	18
 409 017c CA       		.byte	-54
 410 017d 03       		.byte	3
 411 017e CC       		.byte	-52
 412 017f CA       		.byte	-54
 413 0180 CE       		.byte	-50
 414 0181 CC       		.byte	-52
 415 0182 D0       		.byte	-48
 416 0183 94       		.byte	-108
 417 0184 D6       		.byte	-42
 418 0185 D0       		.byte	-48
 419 0186 E6       		.byte	-26
 420 0187 08       		.byte	8
 421 0188 02       		.byte	2
 422 0189 08       		.byte	8
 423 018a 07       		.byte	7
 424 018b 02       		.byte	2
 425 018c 08       		.byte	8
 426 018d 03       		.byte	3
 427 018e 09       		.byte	9
 428 018f 02       		.byte	2
 429 0190 0A       		.byte	10
 430 0191 04       		.byte	4
 431 0192 0C       		.byte	12
 432 0193 03       		.byte	3
 433 0194 0E       		.byte	14
 434 0195 0C       		.byte	12
 435 0196 16       		.byte	22
 436 0197 05       		.byte	5
 437 0198 18       		.byte	24
 438 0199 03       		.byte	3
 439 019a 1A       		.byte	26
 440 019b 04       		.byte	4
 441 019c 21       		.byte	33
 442 019d 02       		.byte	2
 443 019e 27       		.byte	39
 444 019f 02       		.byte	2
 445 01a0 28       		.byte	40
 446 01a1 0A       		.byte	10
 447 01a2 2A       		.byte	42
 448 01a3 04       		.byte	4
 449 01a4 2B       		.byte	43
 450 01a5 02       		.byte	2
 451 01a6 2D       		.byte	45
 452 01a7 01       		.byte	1
 453 01a8 31       		.byte	49
 454 01a9 02       		.byte	2
 455 01aa 35       		.byte	53
 456 01ab 01       		.byte	1
ARM GAS  C:\Users\LUCASI~1\AppData\Local\Temp\cct0eG7u.s 			page 9


 457 01ac 36       		.byte	54
 458 01ad 0F       		.byte	15
 459 01ae 3A       		.byte	58
 460 01af 80       		.byte	-128
 461 01b0 3F       		.byte	63
 462 01b1 11       		.byte	17
 463 01b2 40       		.byte	64
 464 01b3 56       		.byte	86
 465 01b4 41       		.byte	65
 466 01b5 03       		.byte	3
 467 01b6 45       		.byte	69
 468 01b7 0B       		.byte	11
 469 01b8 46       		.byte	70
 470 01b9 C0       		.byte	-64
 471 01ba 47       		.byte	71
 472 01bb E0       		.byte	-32
 473 01bc 48       		.byte	72
 474 01bd 29       		.byte	41
 475 01be 49       		.byte	73
 476 01bf FF       		.byte	-1
 477 01c0 4A       		.byte	74
 478 01c1 FF       		.byte	-1
 479 01c2 4B       		.byte	75
 480 01c3 FF       		.byte	-1
 481 01c4 4E       		.byte	78
 482 01c5 F0       		.byte	-16
 483 01c6 4F       		.byte	79
 484 01c7 44       		.byte	68
 485 01c8 50       		.byte	80
 486 01c9 0C       		.byte	12
 487 01ca 54       		.byte	84
 488 01cb 01       		.byte	1
 489 01cc 58       		.byte	88
 490 01cd 04       		.byte	4
 491 01ce 59       		.byte	89
 492 01cf 04       		.byte	4
 493 01d0 5A       		.byte	90
 494 01d1 04       		.byte	4
 495 01d2 5B       		.byte	91
 496 01d3 04       		.byte	4
 497 01d4 5C       		.byte	92
 498 01d5 02       		.byte	2
 499 01d6 5D       		.byte	93
 500 01d7 22       		.byte	34
 501 01d8 5F       		.byte	95
 502 01d9 01       		.byte	1
 503 01da 66       		.byte	102
 504 01db C0       		.byte	-64
 505 01dc 6A       		.byte	106
 506 01dd 40       		.byte	64
 507 01de 6B       		.byte	107
 508 01df 02       		.byte	2
 509 01e0 80       		.byte	-128
 510 01e1 09       		.byte	9
 511 01e2 82       		.byte	-126
 512 01e3 10       		.byte	16
 513 01e4 84       		.byte	-124
ARM GAS  C:\Users\LUCASI~1\AppData\Local\Temp\cct0eG7u.s 			page 10


 514 01e5 1C       		.byte	28
 515 01e6 86       		.byte	-122
 516 01e7 02       		.byte	2
 517 01e8 89       		.byte	-119
 518 01e9 01       		.byte	1
 519 01ea 8A       		.byte	-118
 520 01eb 03       		.byte	3
 521 01ec 8B       		.byte	-117
 522 01ed 0E       		.byte	14
 523 01ee 8C       		.byte	-116
 524 01ef 10       		.byte	16
 525 01f0 8F       		.byte	-113
 526 01f1 08       		.byte	8
 527 01f2 90       		.byte	-112
 528 01f3 10       		.byte	16
 529 01f4 92       		.byte	-110
 530 01f5 0C       		.byte	12
 531 01f6 97       		.byte	-105
 532 01f7 03       		.byte	3
 533 01f8 99       		.byte	-103
 534 01f9 0C       		.byte	12
 535 01fa 9B       		.byte	-101
 536 01fb 03       		.byte	3
 537 01fc A3       		.byte	-93
 538 01fd 0C       		.byte	12
 539 01fe A4       		.byte	-92
 540 01ff 14       		.byte	20
 541 0200 A8       		.byte	-88
 542 0201 0C       		.byte	12
 543 0202 AA       		.byte	-86
 544 0203 11       		.byte	17
 545 0204 AD       		.byte	-83
 546 0205 01       		.byte	1
 547 0206 AF       		.byte	-81
 548 0207 06       		.byte	6
 549 0208 B4       		.byte	-76
 550 0209 1F       		.byte	31
 551 020a B5       		.byte	-75
 552 020b 0F       		.byte	15
 553 020c BB       		.byte	-69
 554 020d 20       		.byte	32
 555 020e D8       		.byte	-40
 556 020f 04       		.byte	4
 557 0210 D9       		.byte	-39
 558 0211 04       		.byte	4
 559 0212 DC       		.byte	-36
 560 0213 22       		.byte	34
 561 0214 DF       		.byte	-33
 562 0215 01       		.byte	1
 563 0216 00       		.byte	0
 564 0217 48       		.byte	72
 565 0218 01       		.byte	1
 566 0219 20       		.byte	32
 567 021a 02       		.byte	2
 568 021b 40       		.byte	64
 569 021c 03       		.byte	3
 570 021d 80       		.byte	-128
ARM GAS  C:\Users\LUCASI~1\AppData\Local\Temp\cct0eG7u.s 			page 11


 571 021e 04       		.byte	4
 572 021f 10       		.byte	16
 573 0220 05       		.byte	5
 574 0221 40       		.byte	64
 575 0222 06       		.byte	6
 576 0223 44       		.byte	68
 577 0224 0B       		.byte	11
 578 0225 80       		.byte	-128
 579 0226 0C       		.byte	12
 580 0227 28       		.byte	40
 581 0228 11       		.byte	17
 582 0229 04       		.byte	4
 583 022a 12       		.byte	18
 584 022b 04       		.byte	4
 585 022c 15       		.byte	21
 586 022d 20       		.byte	32
 587 022e 18       		.byte	24
 588 022f 04       		.byte	4
 589 0230 19       		.byte	25
 590 0231 20       		.byte	32
 591 0232 1D       		.byte	29
 592 0233 40       		.byte	64
 593 0234 1F       		.byte	31
 594 0235 40       		.byte	64
 595 0236 20       		.byte	32
 596 0237 08       		.byte	8
 597 0238 21       		.byte	33
 598 0239 10       		.byte	16
 599 023a 22       		.byte	34
 600 023b 10       		.byte	16
 601 023c 27       		.byte	39
 602 023d 88       		.byte	-120
 603 023e 29       		.byte	41
 604 023f 40       		.byte	64
 605 0240 2B       		.byte	43
 606 0241 80       		.byte	-128
 607 0242 2C       		.byte	44
 608 0243 0A       		.byte	10
 609 0244 2F       		.byte	47
 610 0245 60       		.byte	96
 611 0246 30       		.byte	48
 612 0247 08       		.byte	8
 613 0248 32       		.byte	50
 614 0249 10       		.byte	16
 615 024a 38       		.byte	56
 616 024b D0       		.byte	-48
 617 024c 3C       		.byte	60
 618 024d 18       		.byte	24
 619 024e 3E       		.byte	62
 620 024f 20       		.byte	32
 621 0250 46       		.byte	70
 622 0251 20       		.byte	32
 623 0252 4A       		.byte	74
 624 0253 02       		.byte	2
 625 0254 4B       		.byte	75
 626 0255 80       		.byte	-128
 627 0256 4C       		.byte	76
ARM GAS  C:\Users\LUCASI~1\AppData\Local\Temp\cct0eG7u.s 			page 12


 628 0257 08       		.byte	8
 629 0258 4D       		.byte	77
 630 0259 04       		.byte	4
 631 025a 4E       		.byte	78
 632 025b 02       		.byte	2
 633 025c 54       		.byte	84
 634 025d 22       		.byte	34
 635 025e 57       		.byte	87
 636 025f 20       		.byte	32
 637 0260 5E       		.byte	94
 638 0261 11       		.byte	17
 639 0262 5F       		.byte	95
 640 0263 88       		.byte	-120
 641 0264 82       		.byte	-126
 642 0265 01       		.byte	1
 643 0266 90       		.byte	-112
 644 0267 90       		.byte	-112
 645 0268 94       		.byte	-108
 646 0269 08       		.byte	8
 647 026a 97       		.byte	-105
 648 026b 80       		.byte	-128
 649 026c A0       		.byte	-96
 650 026d 08       		.byte	8
 651 026e A3       		.byte	-93
 652 026f 80       		.byte	-128
 653 0270 A4       		.byte	-92
 654 0271 04       		.byte	4
 655 0272 A8       		.byte	-88
 656 0273 04       		.byte	4
 657 0274 C0       		.byte	-64
 658 0275 DF       		.byte	-33
 659 0276 C2       		.byte	-62
 660 0277 68       		.byte	104
 661 0278 C4       		.byte	-60
 662 0279 46       		.byte	70
 663 027a CA       		.byte	-54
 664 027b F9       		.byte	-7
 665 027c CC       		.byte	-52
 666 027d 06       		.byte	6
 667 027e CE       		.byte	-50
 668 027f 6C       		.byte	108
 669 0280 D0       		.byte	-48
 670 0281 40       		.byte	64
 671 0282 D2       		.byte	-46
 672 0283 30       		.byte	48
 673 0284 D6       		.byte	-42
 674 0285 F0       		.byte	-16
 675 0286 E6       		.byte	-26
 676 0287 08       		.byte	8
 677 0288 E6       		.byte	-26
 678 0289 08       		.byte	8
 679 028a E6       		.byte	-26
 680 028b 08       		.byte	8
 681 028c 40       		.byte	64
 682 028d 60       		.byte	96
 683 028e 41       		.byte	65
 684 028f 02       		.byte	2
ARM GAS  C:\Users\LUCASI~1\AppData\Local\Temp\cct0eG7u.s 			page 13


 685 0290 49       		.byte	73
 686 0291 FF       		.byte	-1
 687 0292 4A       		.byte	74
 688 0293 FF       		.byte	-1
 689 0294 4B       		.byte	75
 690 0295 FF       		.byte	-1
 691 0296 4D       		.byte	77
 692 0297 A0       		.byte	-96
 693 0298 4F       		.byte	79
 694 0299 04       		.byte	4
 695 029a 50       		.byte	80
 696 029b 18       		.byte	24
 697 029c 5A       		.byte	90
 698 029d 04       		.byte	4
 699 029e 5D       		.byte	93
 700 029f 01       		.byte	1
 701 02a0 5F       		.byte	95
 702 02a1 01       		.byte	1
 703 02a2 60       		.byte	96
 704 02a3 40       		.byte	64
 705 02a4 62       		.byte	98
 706 02a5 C0       		.byte	-64
 707 02a6 64       		.byte	100
 708 02a7 40       		.byte	64
 709 02a8 65       		.byte	101
 710 02a9 40       		.byte	64
 711 02aa 66       		.byte	102
 712 02ab C0       		.byte	-64
 713 02ac 68       		.byte	104
 714 02ad C0       		.byte	-64
 715 02ae 6A       		.byte	106
 716 02af C0       		.byte	-64
 717 02b0 6C       		.byte	108
 718 02b1 C0       		.byte	-64
 719 02b2 6E       		.byte	110
 720 02b3 C0       		.byte	-64
 721 02b4 86       		.byte	-122
 722 02b5 02       		.byte	2
 723 02b6 92       		.byte	-110
 724 02b7 01       		.byte	1
 725 02b8 A6       		.byte	-90
 726 02b9 02       		.byte	2
 727 02ba B2       		.byte	-78
 728 02bb 02       		.byte	2
 729 02bc B4       		.byte	-76
 730 02bd 01       		.byte	1
 731 02be C0       		.byte	-64
 732 02bf 20       		.byte	32
 733 02c0 C1       		.byte	-63
 734 02c1 06       		.byte	6
 735 02c2 C5       		.byte	-59
 736 02c3 01       		.byte	1
 737 02c4 C7       		.byte	-57
 738 02c5 02       		.byte	2
 739 02c6 C8       		.byte	-56
 740 02c7 11       		.byte	17
 741 02c8 C9       		.byte	-55
ARM GAS  C:\Users\LUCASI~1\AppData\Local\Temp\cct0eG7u.s 			page 14


 742 02c9 FF       		.byte	-1
 743 02ca CA       		.byte	-54
 744 02cb FF       		.byte	-1
 745 02cc CB       		.byte	-53
 746 02cd FF       		.byte	-1
 747 02ce CD       		.byte	-51
 748 02cf AF       		.byte	-81
 749 02d0 CE       		.byte	-50
 750 02d1 0F       		.byte	15
 751 02d2 CF       		.byte	-49
 752 02d3 04       		.byte	4
 753 02d4 D0       		.byte	-48
 754 02d5 18       		.byte	24
 755 02d6 D2       		.byte	-46
 756 02d7 80       		.byte	-128
 757 02d8 D8       		.byte	-40
 758 02d9 04       		.byte	4
 759 02da DA       		.byte	-38
 760 02db 04       		.byte	4
 761 02dc DB       		.byte	-37
 762 02dd 04       		.byte	4
 763 02de DC       		.byte	-36
 764 02df 01       		.byte	1
 765 02e0 DD       		.byte	-35
 766 02e1 11       		.byte	17
 767 02e2 DF       		.byte	-33
 768 02e3 01       		.byte	1
 769 02e4 E0       		.byte	-32
 770 02e5 40       		.byte	64
 771 02e6 E2       		.byte	-30
 772 02e7 C0       		.byte	-64
 773 02e8 E4       		.byte	-28
 774 02e9 40       		.byte	64
 775 02ea E5       		.byte	-27
 776 02eb 40       		.byte	64
 777 02ec E6       		.byte	-26
 778 02ed C0       		.byte	-64
 779 02ee E8       		.byte	-24
 780 02ef C0       		.byte	-64
 781 02f0 EA       		.byte	-22
 782 02f1 C0       		.byte	-64
 783 02f2 EC       		.byte	-20
 784 02f3 C0       		.byte	-64
 785 02f4 EE       		.byte	-18
 786 02f5 C0       		.byte	-64
 787 02f6 00       		.byte	0
 788 02f7 04       		.byte	4
 789 02f8 09       		.byte	9
 790 02f9 02       		.byte	2
 791 02fa 10       		.byte	16
 792 02fb 20       		.byte	32
 793 02fc 18       		.byte	24
 794 02fd 04       		.byte	4
 795 02fe 1B       		.byte	27
 796 02ff 18       		.byte	24
 797 0300 40       		.byte	64
 798 0301 04       		.byte	4
ARM GAS  C:\Users\LUCASI~1\AppData\Local\Temp\cct0eG7u.s 			page 15


 799 0302 46       		.byte	70
 800 0303 04       		.byte	4
 801 0304 48       		.byte	72
 802 0305 28       		.byte	40
 803 0306 4F       		.byte	79
 804 0307 20       		.byte	32
 805 0308 50       		.byte	80
 806 0309 08       		.byte	8
 807 030a 52       		.byte	82
 808 030b 04       		.byte	4
 809 030c 71       		.byte	113
 810 030d 02       		.byte	2
 811 030e 87       		.byte	-121
 812 030f 08       		.byte	8
 813 0310 C0       		.byte	-64
 814 0311 04       		.byte	4
 815 0312 C2       		.byte	-62
 816 0313 08       		.byte	8
 817 0314 C4       		.byte	-60
 818 0315 04       		.byte	4
 819 0316 D0       		.byte	-48
 820 0317 24       		.byte	36
 821 0318 D2       		.byte	-46
 822 0319 24       		.byte	36
 823 031a E4       		.byte	-28
 824 031b 02       		.byte	2
 825 031c 08       		.byte	8
 826 031d 01       		.byte	1
 827 031e 11       		.byte	17
 828 031f 04       		.byte	4
 829 0320 15       		.byte	21
 830 0321 01       		.byte	1
 831 0322 1A       		.byte	26
 832 0323 03       		.byte	3
 833 0324 1D       		.byte	29
 834 0325 01       		.byte	1
 835 0326 21       		.byte	33
 836 0327 01       		.byte	1
 837 0328 25       		.byte	37
 838 0329 01       		.byte	1
 839 032a 2F       		.byte	47
 840 032b 06       		.byte	6
 841 032c 31       		.byte	49
 842 032d 02       		.byte	2
 843 032e 32       		.byte	50
 844 032f 02       		.byte	2
 845 0330 33       		.byte	51
 846 0331 04       		.byte	4
 847 0332 35       		.byte	53
 848 0333 01       		.byte	1
 849 0334 36       		.byte	54
 850 0335 01       		.byte	1
 851 0336 3E       		.byte	62
 852 0337 40       		.byte	64
 853 0338 3F       		.byte	63
 854 0339 04       		.byte	4
 855 033a 40       		.byte	64
ARM GAS  C:\Users\LUCASI~1\AppData\Local\Temp\cct0eG7u.s 			page 16


 856 033b 31       		.byte	49
 857 033c 41       		.byte	65
 858 033d 06       		.byte	6
 859 033e 42       		.byte	66
 860 033f 01       		.byte	1
 861 0340 49       		.byte	73
 862 0341 FF       		.byte	-1
 863 0342 4A       		.byte	74
 864 0343 FF       		.byte	-1
 865 0344 4B       		.byte	75
 866 0345 FF       		.byte	-1
 867 0346 4D       		.byte	77
 868 0347 A0       		.byte	-96
 869 0348 4F       		.byte	79
 870 0349 01       		.byte	1
 871 034a 50       		.byte	80
 872 034b 18       		.byte	24
 873 034c 58       		.byte	88
 874 034d 04       		.byte	4
 875 034e 59       		.byte	89
 876 034f 04       		.byte	4
 877 0350 5A       		.byte	90
 878 0351 04       		.byte	4
 879 0352 5F       		.byte	95
 880 0353 01       		.byte	1
 881 0354 60       		.byte	96
 882 0355 40       		.byte	64
 883 0356 62       		.byte	98
 884 0357 80       		.byte	-128
 885 0358 64       		.byte	100
 886 0359 40       		.byte	64
 887 035a 65       		.byte	101
 888 035b 40       		.byte	64
 889 035c 66       		.byte	102
 890 035d 80       		.byte	-128
 891 035e 68       		.byte	104
 892 035f 40       		.byte	64
 893 0360 6A       		.byte	106
 894 0361 50       		.byte	80
 895 0362 6B       		.byte	107
 896 0363 A8       		.byte	-88
 897 0364 6C       		.byte	108
 898 0365 40       		.byte	64
 899 0366 6D       		.byte	109
 900 0367 20       		.byte	32
 901 0368 6E       		.byte	110
 902 0369 50       		.byte	80
 903 036a 6F       		.byte	111
 904 036b A8       		.byte	-88
 905 036c 82       		.byte	-126
 906 036d 06       		.byte	6
 907 036e 84       		.byte	-124
 908 036f 02       		.byte	2
 909 0370 88       		.byte	-120
 910 0371 02       		.byte	2
 911 0372 8C       		.byte	-116
 912 0373 02       		.byte	2
ARM GAS  C:\Users\LUCASI~1\AppData\Local\Temp\cct0eG7u.s 			page 17


 913 0374 91       		.byte	-111
 914 0375 01       		.byte	1
 915 0376 94       		.byte	-108
 916 0377 04       		.byte	4
 917 0378 95       		.byte	-107
 918 0379 02       		.byte	2
 919 037a 98       		.byte	-104
 920 037b 01       		.byte	1
 921 037c 9C       		.byte	-100
 922 037d 02       		.byte	2
 923 037e A1       		.byte	-95
 924 037f 01       		.byte	1
 925 0380 A2       		.byte	-94
 926 0381 09       		.byte	9
 927 0382 A4       		.byte	-92
 928 0383 06       		.byte	6
 929 0384 A5       		.byte	-91
 930 0385 01       		.byte	1
 931 0386 A9       		.byte	-87
 932 0387 01       		.byte	1
 933 0388 B0       		.byte	-80
 934 0389 01       		.byte	1
 935 038a B2       		.byte	-78
 936 038b 06       		.byte	6
 937 038c B4       		.byte	-76
 938 038d 08       		.byte	8
 939 038e B5       		.byte	-75
 940 038f 03       		.byte	3
 941 0390 BE       		.byte	-66
 942 0391 05       		.byte	5
 943 0392 C0       		.byte	-64
 944 0393 35       		.byte	53
 945 0394 C1       		.byte	-63
 946 0395 06       		.byte	6
 947 0396 C2       		.byte	-62
 948 0397 05       		.byte	5
 949 0398 C5       		.byte	-59
 950 0399 0C       		.byte	12
 951 039a C6       		.byte	-58
 952 039b 25       		.byte	37
 953 039c C7       		.byte	-57
 954 039d 0E       		.byte	14
 955 039e C8       		.byte	-56
 956 039f 3D       		.byte	61
 957 03a0 C9       		.byte	-55
 958 03a1 FF       		.byte	-1
 959 03a2 CA       		.byte	-54
 960 03a3 FF       		.byte	-1
 961 03a4 CB       		.byte	-53
 962 03a5 FF       		.byte	-1
 963 03a6 CD       		.byte	-51
 964 03a7 AF       		.byte	-81
 965 03a8 CE       		.byte	-50
 966 03a9 07       		.byte	7
 967 03aa CF       		.byte	-49
 968 03ab 01       		.byte	1
 969 03ac D0       		.byte	-48
ARM GAS  C:\Users\LUCASI~1\AppData\Local\Temp\cct0eG7u.s 			page 18


 970 03ad 18       		.byte	24
 971 03ae D2       		.byte	-46
 972 03af 80       		.byte	-128
 973 03b0 D4       		.byte	-44
 974 03b1 17       		.byte	23
 975 03b2 D6       		.byte	-42
 976 03b3 04       		.byte	4
 977 03b4 D8       		.byte	-40
 978 03b5 04       		.byte	4
 979 03b6 D9       		.byte	-39
 980 03b7 04       		.byte	4
 981 03b8 DA       		.byte	-38
 982 03b9 04       		.byte	4
 983 03ba DB       		.byte	-37
 984 03bb 04       		.byte	4
 985 03bc DF       		.byte	-33
 986 03bd 01       		.byte	1
 987 03be E0       		.byte	-32
 988 03bf 40       		.byte	64
 989 03c0 E2       		.byte	-30
 990 03c1 80       		.byte	-128
 991 03c2 E4       		.byte	-28
 992 03c3 40       		.byte	64
 993 03c4 E5       		.byte	-27
 994 03c5 40       		.byte	64
 995 03c6 E6       		.byte	-26
 996 03c7 80       		.byte	-128
 997 03c8 E8       		.byte	-24
 998 03c9 40       		.byte	64
 999 03ca EA       		.byte	-22
 1000 03cb 50       		.byte	80
 1001 03cc EB       		.byte	-21
 1002 03cd A8       		.byte	-88
 1003 03ce EC       		.byte	-20
 1004 03cf 40       		.byte	64
 1005 03d0 ED       		.byte	-19
 1006 03d1 20       		.byte	32
 1007 03d2 EE       		.byte	-18
 1008 03d3 50       		.byte	80
 1009 03d4 EF       		.byte	-17
 1010 03d5 A8       		.byte	-88
 1011 03d6 00       		.byte	0
 1012 03d7 10       		.byte	16
 1013 03d8 05       		.byte	5
 1014 03d9 08       		.byte	8
 1015 03da 06       		.byte	6
 1016 03db 05       		.byte	5
 1017 03dc 07       		.byte	7
 1018 03dd 42       		.byte	66
 1019 03de 09       		.byte	9
 1020 03df 20       		.byte	32
 1021 03e0 0C       		.byte	12
 1022 03e1 44       		.byte	68
 1023 03e2 0E       		.byte	14
 1024 03e3 04       		.byte	4
 1025 03e4 16       		.byte	22
 1026 03e5 80       		.byte	-128
ARM GAS  C:\Users\LUCASI~1\AppData\Local\Temp\cct0eG7u.s 			page 19


 1027 03e6 17       		.byte	23
 1028 03e7 04       		.byte	4
 1029 03e8 18       		.byte	24
 1030 03e9 11       		.byte	17
 1031 03ea 19       		.byte	25
 1032 03eb 80       		.byte	-128
 1033 03ec 1A       		.byte	26
 1034 03ed 02       		.byte	2
 1035 03ee 1D       		.byte	29
 1036 03ef 08       		.byte	8
 1037 03f0 1E       		.byte	30
 1038 03f1 44       		.byte	68
 1039 03f2 21       		.byte	33
 1040 03f3 26       		.byte	38
 1041 03f4 27       		.byte	39
 1042 03f5 04       		.byte	4
 1043 03f6 29       		.byte	41
 1044 03f7 08       		.byte	8
 1045 03f8 2A       		.byte	42
 1046 03f9 01       		.byte	1
 1047 03fa 2B       		.byte	43
 1048 03fb 01       		.byte	1
 1049 03fc 2C       		.byte	44
 1050 03fd 48       		.byte	72
 1051 03fe 2D       		.byte	45
 1052 03ff 08       		.byte	8
 1053 0400 30       		.byte	48
 1054 0401 48       		.byte	72
 1055 0402 31       		.byte	49
 1056 0403 02       		.byte	2
 1057 0404 34       		.byte	52
 1058 0405 04       		.byte	4
 1059 0406 37       		.byte	55
 1060 0407 02       		.byte	2
 1061 0408 39       		.byte	57
 1062 0409 0C       		.byte	12
 1063 040a 3A       		.byte	58
 1064 040b 20       		.byte	32
 1065 040c 3B       		.byte	59
 1066 040d 10       		.byte	16
 1067 040e 40       		.byte	64
 1068 040f 01       		.byte	1
 1069 0410 41       		.byte	65
 1070 0411 08       		.byte	8
 1071 0412 45       		.byte	69
 1072 0413 08       		.byte	8
 1073 0414 49       		.byte	73
 1074 0415 20       		.byte	32
 1075 0416 4A       		.byte	74
 1076 0417 04       		.byte	4
 1077 0418 4D       		.byte	77
 1078 0419 20       		.byte	32
 1079 041a 4E       		.byte	78
 1080 041b 01       		.byte	1
 1081 041c 4F       		.byte	79
 1082 041d 04       		.byte	4
 1083 041e 56       		.byte	86
ARM GAS  C:\Users\LUCASI~1\AppData\Local\Temp\cct0eG7u.s 			page 20


 1084 041f A8       		.byte	-88
 1085 0420 57       		.byte	87
 1086 0421 01       		.byte	1
 1087 0422 5D       		.byte	93
 1088 0423 04       		.byte	4
 1089 0424 5E       		.byte	94
 1090 0425 40       		.byte	64
 1091 0426 5F       		.byte	95
 1092 0427 10       		.byte	16
 1093 0428 65       		.byte	101
 1094 0429 80       		.byte	-128
 1095 042a 66       		.byte	102
 1096 042b 08       		.byte	8
 1097 042c 67       		.byte	103
 1098 042d 84       		.byte	-124
 1099 042e 77       		.byte	119
 1100 042f 40       		.byte	64
 1101 0430 80       		.byte	-128
 1102 0431 08       		.byte	8
 1103 0432 82       		.byte	-126
 1104 0433 04       		.byte	4
 1105 0434 85       		.byte	-123
 1106 0435 08       		.byte	8
 1107 0436 87       		.byte	-121
 1108 0437 40       		.byte	64
 1109 0438 88       		.byte	-120
 1110 0439 44       		.byte	68
 1111 043a 9A       		.byte	-102
 1112 043b 01       		.byte	1
 1113 043c 9C       		.byte	-100
 1114 043d 40       		.byte	64
 1115 043e 9D       		.byte	-99
 1116 043f 08       		.byte	8
 1117 0440 9E       		.byte	-98
 1118 0441 04       		.byte	4
 1119 0442 A2       		.byte	-94
 1120 0443 04       		.byte	4
 1121 0444 B1       		.byte	-79
 1122 0445 20       		.byte	32
 1123 0446 B7       		.byte	-73
 1124 0447 20       		.byte	32
 1125 0448 C0       		.byte	-64
 1126 0449 F2       		.byte	-14
 1127 044a C2       		.byte	-62
 1128 044b E2       		.byte	-30
 1129 044c C4       		.byte	-60
 1130 044d 30       		.byte	48
 1131 044e CA       		.byte	-54
 1132 044f EB       		.byte	-21
 1133 0450 CC       		.byte	-52
 1134 0451 CB       		.byte	-53
 1135 0452 D0       		.byte	-48
 1136 0453 4A       		.byte	74
 1137 0454 D2       		.byte	-46
 1138 0455 34       		.byte	52
 1139 0456 D6       		.byte	-42
 1140 0457 70       		.byte	112
ARM GAS  C:\Users\LUCASI~1\AppData\Local\Temp\cct0eG7u.s 			page 21


 1141 0458 D8       		.byte	-40
 1142 0459 F0       		.byte	-16
 1143 045a E4       		.byte	-28
 1144 045b 80       		.byte	-128
 1145 045c EA       		.byte	-22
 1146 045d 40       		.byte	64
 1147 045e 04       		.byte	4
 1148 045f 04       		.byte	4
 1149 0460 21       		.byte	33
 1150 0461 01       		.byte	1
 1151 0462 24       		.byte	36
 1152 0463 01       		.byte	1
 1153 0464 28       		.byte	40
 1154 0465 02       		.byte	2
 1155 0466 30       		.byte	48
 1156 0467 01       		.byte	1
 1157 0468 32       		.byte	50
 1158 0469 04       		.byte	4
 1159 046a 34       		.byte	52
 1160 046b 02       		.byte	2
 1161 046c 35       		.byte	53
 1162 046d 01       		.byte	1
 1163 046e 39       		.byte	57
 1164 046f 08       		.byte	8
 1165 0470 3E       		.byte	62
 1166 0471 15       		.byte	21
 1167 0472 3F       		.byte	63
 1168 0473 14       		.byte	20
 1169 0474 58       		.byte	88
 1170 0475 04       		.byte	4
 1171 0476 59       		.byte	89
 1172 0477 04       		.byte	4
 1173 0478 5F       		.byte	95
 1174 0479 01       		.byte	1
 1175 047a 85       		.byte	-123
 1176 047b 02       		.byte	2
 1177 047c 8E       		.byte	-114
 1178 047d 08       		.byte	8
 1179 047e 92       		.byte	-110
 1180 047f 02       		.byte	2
 1181 0480 95       		.byte	-107
 1182 0481 04       		.byte	4
 1183 0482 9F       		.byte	-97
 1184 0483 05       		.byte	5
 1185 0484 A2       		.byte	-94
 1186 0485 04       		.byte	4
 1187 0486 A6       		.byte	-90
 1188 0487 08       		.byte	8
 1189 0488 AC       		.byte	-84
 1190 0489 01       		.byte	1
 1191 048a AF       		.byte	-81
 1192 048b 01       		.byte	1
 1193 048c B0       		.byte	-80
 1194 048d 08       		.byte	8
 1195 048e B1       		.byte	-79
 1196 048f 04       		.byte	4
 1197 0490 B2       		.byte	-78
ARM GAS  C:\Users\LUCASI~1\AppData\Local\Temp\cct0eG7u.s 			page 22


 1198 0491 04       		.byte	4
 1199 0492 B3       		.byte	-77
 1200 0493 01       		.byte	1
 1201 0494 B4       		.byte	-76
 1202 0495 01       		.byte	1
 1203 0496 B5       		.byte	-75
 1204 0497 02       		.byte	2
 1205 0498 B6       		.byte	-74
 1206 0499 02       		.byte	2
 1207 049a BE       		.byte	-66
 1208 049b 11       		.byte	17
 1209 049c BF       		.byte	-65
 1210 049d 10       		.byte	16
 1211 049e C0       		.byte	-64
 1212 049f 50       		.byte	80
 1213 04a0 C1       		.byte	-63
 1214 04a1 02       		.byte	2
 1215 04a2 C5       		.byte	-59
 1216 04a3 D2       		.byte	-46
 1217 04a4 C6       		.byte	-58
 1218 04a5 01       		.byte	1
 1219 04a6 C8       		.byte	-56
 1220 04a7 07       		.byte	7
 1221 04a8 C9       		.byte	-55
 1222 04a9 FF       		.byte	-1
 1223 04aa CA       		.byte	-54
 1224 04ab FF       		.byte	-1
 1225 04ac CB       		.byte	-53
 1226 04ad FF       		.byte	-1
 1227 04ae CD       		.byte	-51
 1228 04af A0       		.byte	-96
 1229 04b0 CF       		.byte	-49
 1230 04b1 04       		.byte	4
 1231 04b2 D0       		.byte	-48
 1232 04b3 18       		.byte	24
 1233 04b4 D2       		.byte	-46
 1234 04b5 80       		.byte	-128
 1235 04b6 D4       		.byte	-44
 1236 04b7 05       		.byte	5
 1237 04b8 D8       		.byte	-40
 1238 04b9 04       		.byte	4
 1239 04ba D9       		.byte	-39
 1240 04bb 04       		.byte	4
 1241 04bc DA       		.byte	-38
 1242 04bd 04       		.byte	4
 1243 04be DB       		.byte	-37
 1244 04bf 04       		.byte	4
 1245 04c0 DC       		.byte	-36
 1246 04c1 33       		.byte	51
 1247 04c2 DD       		.byte	-35
 1248 04c3 33       		.byte	51
 1249 04c4 DF       		.byte	-33
 1250 04c5 01       		.byte	1
 1251 04c6 E0       		.byte	-32
 1252 04c7 40       		.byte	64
 1253 04c8 E2       		.byte	-30
 1254 04c9 C0       		.byte	-64
ARM GAS  C:\Users\LUCASI~1\AppData\Local\Temp\cct0eG7u.s 			page 23


 1255 04ca E4       		.byte	-28
 1256 04cb 40       		.byte	64
 1257 04cc E5       		.byte	-27
 1258 04cd 40       		.byte	64
 1259 04ce E6       		.byte	-26
 1260 04cf C0       		.byte	-64
 1261 04d0 E8       		.byte	-24
 1262 04d1 C0       		.byte	-64
 1263 04d2 EA       		.byte	-22
 1264 04d3 C0       		.byte	-64
 1265 04d4 EC       		.byte	-20
 1266 04d5 C0       		.byte	-64
 1267 04d6 EE       		.byte	-18
 1268 04d7 C0       		.byte	-64
 1269 04d8 01       		.byte	1
 1270 04d9 80       		.byte	-128
 1271 04da 05       		.byte	5
 1272 04db 08       		.byte	8
 1273 04dc 0B       		.byte	11
 1274 04dd 40       		.byte	64
 1275 04de 10       		.byte	16
 1276 04df A0       		.byte	-96
 1277 04e0 12       		.byte	18
 1278 04e1 01       		.byte	1
 1279 04e2 14       		.byte	20
 1280 04e3 20       		.byte	32
 1281 04e4 16       		.byte	22
 1282 04e5 04       		.byte	4
 1283 04e6 18       		.byte	24
 1284 04e7 40       		.byte	64
 1285 04e8 19       		.byte	25
 1286 04e9 80       		.byte	-128
 1287 04ea 1B       		.byte	27
 1288 04eb 28       		.byte	40
 1289 04ec 1C       		.byte	28
 1290 04ed 08       		.byte	8
 1291 04ee 1D       		.byte	29
 1292 04ef 0A       		.byte	10
 1293 04f0 21       		.byte	33
 1294 04f1 20       		.byte	32
 1295 04f2 23       		.byte	35
 1296 04f3 90       		.byte	-112
 1297 04f4 24       		.byte	36
 1298 04f5 08       		.byte	8
 1299 04f6 26       		.byte	38
 1300 04f7 04       		.byte	4
 1301 04f8 29       		.byte	41
 1302 04f9 80       		.byte	-128
 1303 04fa 2C       		.byte	44
 1304 04fb 60       		.byte	96
 1305 04fc 2E       		.byte	46
 1306 04fd 04       		.byte	4
 1307 04fe 30       		.byte	48
 1308 04ff 80       		.byte	-128
 1309 0500 33       		.byte	51
 1310 0501 08       		.byte	8
 1311 0502 38       		.byte	56
ARM GAS  C:\Users\LUCASI~1\AppData\Local\Temp\cct0eG7u.s 			page 24


 1312 0503 04       		.byte	4
 1313 0504 42       		.byte	66
 1314 0505 04       		.byte	4
 1315 0506 48       		.byte	72
 1316 0507 20       		.byte	32
 1317 0508 49       		.byte	73
 1318 0509 81       		.byte	-127
 1319 050a 50       		.byte	80
 1320 050b 80       		.byte	-128
 1321 050c 58       		.byte	88
 1322 050d 08       		.byte	8
 1323 050e 59       		.byte	89
 1324 050f 01       		.byte	1
 1325 0510 5B       		.byte	91
 1326 0511 80       		.byte	-128
 1327 0512 73       		.byte	115
 1328 0513 40       		.byte	64
 1329 0514 80       		.byte	-128
 1330 0515 48       		.byte	72
 1331 0516 85       		.byte	-123
 1332 0517 08       		.byte	8
 1333 0518 88       		.byte	-120
 1334 0519 24       		.byte	36
 1335 051a 8D       		.byte	-115
 1336 051b 02       		.byte	2
 1337 051c 90       		.byte	-112
 1338 051d 04       		.byte	4
 1339 051e 94       		.byte	-108
 1340 051f 08       		.byte	8
 1341 0520 97       		.byte	-105
 1342 0521 10       		.byte	16
 1343 0522 9A       		.byte	-102
 1344 0523 01       		.byte	1
 1345 0524 A8       		.byte	-88
 1346 0525 20       		.byte	32
 1347 0526 AA       		.byte	-86
 1348 0527 10       		.byte	16
 1349 0528 AF       		.byte	-81
 1350 0529 10       		.byte	16
 1351 052a B0       		.byte	-80
 1352 052b 02       		.byte	2
 1353 052c B2       		.byte	-78
 1354 052d 01       		.byte	1
 1355 052e C0       		.byte	-64
 1356 052f 21       		.byte	33
 1357 0530 C2       		.byte	-62
 1358 0531 08       		.byte	8
 1359 0532 C4       		.byte	-60
 1360 0533 6D       		.byte	109
 1361 0534 CA       		.byte	-54
 1362 0535 88       		.byte	-120
 1363 0536 CC       		.byte	-52
 1364 0537 0A       		.byte	10
 1365 0538 CE       		.byte	-50
 1366 0539 02       		.byte	2
 1367 053a D0       		.byte	-48
 1368 053b 04       		.byte	4
ARM GAS  C:\Users\LUCASI~1\AppData\Local\Temp\cct0eG7u.s 			page 25


 1369 053c D2       		.byte	-46
 1370 053d 08       		.byte	8
 1371 053e D6       		.byte	-42
 1372 053f 0B       		.byte	11
 1373 0540 E0       		.byte	-32
 1374 0541 80       		.byte	-128
 1375 0542 E2       		.byte	-30
 1376 0543 20       		.byte	32
 1377 0544 E6       		.byte	-26
 1378 0545 10       		.byte	16
 1379 0546 E2       		.byte	-30
 1380 0547 80       		.byte	-128
 1381 0548 EC       		.byte	-20
 1382 0549 80       		.byte	-128
 1383 054a 32       		.byte	50
 1384 054b 01       		.byte	1
 1385 054c 33       		.byte	51
 1386 054d 80       		.byte	-128
 1387 054e 34       		.byte	52
 1388 054f 40       		.byte	64
 1389 0550 37       		.byte	55
 1390 0551 01       		.byte	1
 1391 0552 39       		.byte	57
 1392 0553 40       		.byte	64
 1393 0554 CC       		.byte	-52
 1394 0555 F0       		.byte	-16
 1395 0556 CE       		.byte	-50
 1396 0557 10       		.byte	16
 1397 0558 31       		.byte	49
 1398 0559 88       		.byte	-120
 1399 055a 35       		.byte	53
 1400 055b 80       		.byte	-128
 1401 055c 36       		.byte	54
 1402 055d 08       		.byte	8
 1403 055e 5E       		.byte	94
 1404 055f 01       		.byte	1
 1405 0560 66       		.byte	102
 1406 0561 20       		.byte	32
 1407 0562 95       		.byte	-107
 1408 0563 40       		.byte	64
 1409 0564 96       		.byte	-106
 1410 0565 02       		.byte	2
 1411 0566 9C       		.byte	-100
 1412 0567 40       		.byte	64
 1413 0568 9F       		.byte	-97
 1414 0569 01       		.byte	1
 1415 056a A7       		.byte	-89
 1416 056b 80       		.byte	-128
 1417 056c CC       		.byte	-52
 1418 056d F0       		.byte	-16
 1419 056e D6       		.byte	-42
 1420 056f 80       		.byte	-128
 1421 0570 D8       		.byte	-40
 1422 0571 80       		.byte	-128
 1423 0572 03       		.byte	3
 1424 0573 10       		.byte	16
 1425 0574 86       		.byte	-122
ARM GAS  C:\Users\LUCASI~1\AppData\Local\Temp\cct0eG7u.s 			page 26


 1426 0575 01       		.byte	1
 1427 0576 87       		.byte	-121
 1428 0577 80       		.byte	-128
 1429 0578 95       		.byte	-107
 1430 0579 40       		.byte	64
 1431 057a 96       		.byte	-106
 1432 057b 03       		.byte	3
 1433 057c 9C       		.byte	-100
 1434 057d 40       		.byte	64
 1435 057e 9D       		.byte	-99
 1436 057f 80       		.byte	-128
 1437 0580 9E       		.byte	-98
 1438 0581 20       		.byte	32
 1439 0582 9F       		.byte	-97
 1440 0583 01       		.byte	1
 1441 0584 A5       		.byte	-91
 1442 0585 88       		.byte	-120
 1443 0586 A6       		.byte	-90
 1444 0587 08       		.byte	8
 1445 0588 A7       		.byte	-89
 1446 0589 80       		.byte	-128
 1447 058a C0       		.byte	-64
 1448 058b 10       		.byte	16
 1449 058c E2       		.byte	-30
 1450 058d 10       		.byte	16
 1451 058e E6       		.byte	-26
 1452 058f 10       		.byte	16
 1453 0590 83       		.byte	-125
 1454 0591 10       		.byte	16
 1455 0592 84       		.byte	-124
 1456 0593 40       		.byte	64
 1457 0594 95       		.byte	-107
 1458 0595 40       		.byte	64
 1459 0596 96       		.byte	-106
 1460 0597 02       		.byte	2
 1461 0598 9B       		.byte	-101
 1462 0599 10       		.byte	16
 1463 059a 9C       		.byte	-100
 1464 059b 40       		.byte	64
 1465 059c 9D       		.byte	-99
 1466 059d 80       		.byte	-128
 1467 059e 9E       		.byte	-98
 1468 059f 20       		.byte	32
 1469 05a0 9F       		.byte	-97
 1470 05a1 01       		.byte	1
 1471 05a2 A5       		.byte	-91
 1472 05a3 08       		.byte	8
 1473 05a4 A6       		.byte	-90
 1474 05a5 08       		.byte	8
 1475 05a6 A9       		.byte	-87
 1476 05a7 80       		.byte	-128
 1477 05a8 E0       		.byte	-32
 1478 05a9 20       		.byte	32
 1479 05aa E6       		.byte	-26
 1480 05ab 10       		.byte	16
 1481 05ac EE       		.byte	-18
 1482 05ad 80       		.byte	-128
ARM GAS  C:\Users\LUCASI~1\AppData\Local\Temp\cct0eG7u.s 			page 27


 1483 05ae 5F       		.byte	95
 1484 05af 02       		.byte	2
 1485 05b0 87       		.byte	-121
 1486 05b1 02       		.byte	2
 1487 05b2 D6       		.byte	-42
 1488 05b3 01       		.byte	1
 1489 05b4 1B       		.byte	27
 1490 05b5 01       		.byte	1
 1491 05b6 87       		.byte	-121
 1492 05b7 01       		.byte	1
 1493 05b8 C6       		.byte	-58
 1494 05b9 08       		.byte	8
 1495 05ba 86       		.byte	-122
 1496 05bb 10       		.byte	16
 1497 05bc 01       		.byte	1
 1498 05bd 90       		.byte	-112
 1499 05be 03       		.byte	3
 1500 05bf 20       		.byte	32
 1501 05c0 20       		.byte	32
 1502 05c1 20       		.byte	32
 1503 05c2 87       		.byte	-121
 1504 05c3 01       		.byte	1
 1505 05c4 89       		.byte	-119
 1506 05c5 10       		.byte	16
 1507 05c6 8A       		.byte	-118
 1508 05c7 01       		.byte	1
 1509 05c8 8D       		.byte	-115
 1510 05c9 08       		.byte	8
 1511 05ca 95       		.byte	-107
 1512 05cb 40       		.byte	64
 1513 05cc 96       		.byte	-106
 1514 05cd 02       		.byte	2
 1515 05ce 9D       		.byte	-99
 1516 05cf 80       		.byte	-128
 1517 05d0 9F       		.byte	-97
 1518 05d1 01       		.byte	1
 1519 05d2 A5       		.byte	-91
 1520 05d3 08       		.byte	8
 1521 05d4 A6       		.byte	-90
 1522 05d5 08       		.byte	8
 1523 05d6 AE       		.byte	-82
 1524 05d7 20       		.byte	32
 1525 05d8 C0       		.byte	-64
 1526 05d9 50       		.byte	80
 1527 05da C8       		.byte	-56
 1528 05db 40       		.byte	64
 1529 05dc E2       		.byte	-30
 1530 05dd 40       		.byte	64
 1531 05de EA       		.byte	-22
 1532 05df 10       		.byte	16
 1533 05e0 00       		.byte	0
 1534 05e1 01       		.byte	1
 1535 05e2 80       		.byte	-128
 1536 05e3 01       		.byte	1
 1537 05e4 86       		.byte	-122
 1538 05e5 08       		.byte	8
 1539 05e6 87       		.byte	-121
ARM GAS  C:\Users\LUCASI~1\AppData\Local\Temp\cct0eG7u.s 			page 28


 1540 05e7 20       		.byte	32
 1541 05e8 88       		.byte	-120
 1542 05e9 10       		.byte	16
 1543 05ea A0       		.byte	-96
 1544 05eb 10       		.byte	16
 1545 05ec A3       		.byte	-93
 1546 05ed 20       		.byte	32
 1547 05ee A6       		.byte	-90
 1548 05ef 08       		.byte	8
 1549 05f0 B5       		.byte	-75
 1550 05f1 40       		.byte	64
 1551 05f2 C0       		.byte	-64
 1552 05f3 10       		.byte	16
 1553 05f4 E0       		.byte	-32
 1554 05f5 80       		.byte	-128
 1555 05f6 E2       		.byte	-30
 1556 05f7 10       		.byte	16
 1557 05f8 E4       		.byte	-28
 1558 05f9 10       		.byte	16
 1559 05fa 0E       		.byte	14
 1560 05fb 20       		.byte	32
 1561 05fc 0F       		.byte	15
 1562 05fd 02       		.byte	2
 1563 05fe A6       		.byte	-90
 1564 05ff 10       		.byte	16
 1565 0600 C2       		.byte	-62
 1566 0601 05       		.byte	5
 1567 0602 73       		.byte	115
 1568 0603 10       		.byte	16
 1569 0604 8B       		.byte	-117
 1570 0605 01       		.byte	1
 1571 0606 93       		.byte	-109
 1572 0607 10       		.byte	16
 1573 0608 A3       		.byte	-93
 1574 0609 01       		.byte	1
 1575 060a B3       		.byte	-77
 1576 060b 10       		.byte	16
 1577 060c DC       		.byte	-36
 1578 060d 01       		.byte	1
 1579 060e E2       		.byte	-30
 1580 060f 01       		.byte	1
 1581 0610 EC       		.byte	-20
 1582 0611 01       		.byte	1
 1583 0612 00       		.byte	0
 1584 0613 0E       		.byte	14
 1585 0614 0A       		.byte	10
 1586 0615 0C       		.byte	12
 1587 0616 0E       		.byte	14
 1588 0617 02       		.byte	2
 1589 0618 10       		.byte	16
 1590 0619 09       		.byte	9
 1591 061a 1A       		.byte	26
 1592 061b 09       		.byte	9
 1593 061c 00       		.byte	0
 1594 061d FF       		.byte	-1
 1595 061e 01       		.byte	1
 1596 061f FF       		.byte	-1
ARM GAS  C:\Users\LUCASI~1\AppData\Local\Temp\cct0eG7u.s 			page 29


 1597 0620 02       		.byte	2
 1598 0621 03       		.byte	3
 1599 0622 00       		.byte	0
 1600 0623 00       		.byte	0
 1601 0624 00       		.byte	0
 1602 0625 EB       		.byte	-21
 1603 0626 EB       		.byte	-21
 1604 0627 00       		.byte	0
 1605 0628 C0       		.byte	-64
 1606 0629 00       		.byte	0
 1607 062a 00       		.byte	0
 1608 062b 00       		.byte	0
 1609 062c 80       		.byte	-128
 1610 062d 00       		.byte	0
 1611 062e 04       		.byte	4
 1612 062f 80       		.byte	-128
 1613 0630 80       		.byte	-128
 1614 0631 00       		.byte	0
 1615 0632 80       		.byte	-128
 1616 0633 00       		.byte	0
 1617 0634 00       		.byte	0
 1618 0635 00       		.byte	0
 1619 0636 00       		.byte	0
 1620 0637 00       		.byte	0
 1621 0638 05       		.byte	5
 1622 0639 20       		.byte	32
 1623 063a 20       		.byte	32
 1624 063b 00       		.byte	0
 1625 063c 00       		.byte	0
 1626 063d 00       		.byte	0
 1627 063e 00       		.byte	0
 1628 063f 00       		.byte	0
 1629 0640 A0       		.byte	-96
 1630 0641 0B       		.byte	11
 1631 0642 0B       		.byte	11
 1632 0643 00       		.byte	0
 1633 0644 00       		.byte	0
 1634 0645 00       		.byte	0
 1635 0646 00       		.byte	0
 1636 0647 00       		.byte	0
 1637 0648 00       		.byte	0
 1638 0649 82       		.byte	-126
 1639 064a 82       		.byte	-126
 1640 064b 00       		.byte	0
 1641 064c 80       		.byte	-128
 1642 064d 00       		.byte	0
 1643 064e 01       		.byte	1
 1644 064f 00       		.byte	0
 1645 0650 01       		.byte	1
 1646 0651 00       		.byte	0
 1647 0652 00       		.byte	0
 1648 0653 00       		.byte	0
 1649 0654 00       		.byte	0
 1650 0655 00       		.byte	0
 1651 0656 00       		.byte	0
 1652 0657 00       		.byte	0
 1653 0658 0E       		.byte	14
ARM GAS  C:\Users\LUCASI~1\AppData\Local\Temp\cct0eG7u.s 			page 30


 1654 0659 00       		.byte	0
 1655 065a 18       		.byte	24
 1656 065b 01       		.byte	1
 1657              		.section	.cywolatch,"a",%progbits
 1658              		.align	2
 1659              		.type	cy_meta_wonvl, %object
 1660              		.size	cy_meta_wonvl, 4
 1661              	cy_meta_wonvl:
 1662 0000 BC       		.byte	-68
 1663 0001 90       		.byte	-112
 1664 0002 AC       		.byte	-84
 1665 0003 AF       		.byte	-81
 1666              		.section	.cycustnvl,"a",%progbits
 1667              		.align	2
 1668              		.type	cy_meta_custnvl, %object
 1669              		.size	cy_meta_custnvl, 4
 1670              	cy_meta_custnvl:
 1671 0000 00       		.byte	0
 1672 0001 00       		.byte	0
 1673 0002 40       		.byte	64
 1674 0003 05       		.byte	5
 1675              		.section	.cymeta,"a",%progbits
 1676              		.align	2
 1677              		.type	cy_metadata, %object
 1678              		.size	cy_metadata, 12
 1679              	cy_metadata:
 1680 0000 00       		.byte	0
 1681 0001 01       		.byte	1
 1682 0002 2E       		.byte	46
 1683 0003 16       		.byte	22
 1684 0004 10       		.byte	16
 1685 0005 69       		.byte	105
 1686 0006 00       		.byte	0
 1687 0007 01       		.byte	1
 1688 0008 00       		.byte	0
 1689 0009 00       		.byte	0
 1690 000a 00       		.byte	0
 1691 000b 00       		.byte	0
 1692              		.section	.cyflashprotect,"a",%progbits
 1693              		.align	2
 1694              		.type	cy_meta_flashprotect, %object
 1695              		.size	cy_meta_flashprotect, 256
 1696              	cy_meta_flashprotect:
 1697 0000 00000000 		.space	256
 1697      00000000 
 1697      00000000 
 1697      00000000 
 1697      00000000 
 1698              		.text
 1699              	.Letext0:
 1700              		.file 1 "c:\\program files (x86)\\cypress\\psoc creator\\4.2\\psoc creator\\import\\gnu\\arm\\5.4.
 1701              		.file 2 "c:\\program files (x86)\\cypress\\psoc creator\\4.2\\psoc creator\\import\\gnu\\arm\\5.4.
 1702              		.file 3 "Generated_Source\\PSoC5\\cymetadata.c"
 1703              		.section	.debug_info,"",%progbits
 1704              	.Ldebug_info0:
 1705 0000 34010000 		.4byte	0x134
 1706 0004 0400     		.2byte	0x4
ARM GAS  C:\Users\LUCASI~1\AppData\Local\Temp\cct0eG7u.s 			page 31


 1707 0006 00000000 		.4byte	.Ldebug_abbrev0
 1708 000a 04       		.byte	0x4
 1709 000b 01       		.uleb128 0x1
 1710 000c 24000000 		.4byte	.LASF17
 1711 0010 0C       		.byte	0xc
 1712 0011 BC010000 		.4byte	.LASF18
 1713 0015 25010000 		.4byte	.LASF19
 1714 0019 00000000 		.4byte	.Ldebug_line0
 1715 001d 02       		.uleb128 0x2
 1716 001e 01       		.byte	0x1
 1717 001f 06       		.byte	0x6
 1718 0020 B0010000 		.4byte	.LASF0
 1719 0024 03       		.uleb128 0x3
 1720 0025 00000000 		.4byte	.LASF9
 1721 0029 01       		.byte	0x1
 1722 002a 1D       		.byte	0x1d
 1723 002b 2F000000 		.4byte	0x2f
 1724 002f 02       		.uleb128 0x2
 1725 0030 01       		.byte	0x1
 1726 0031 08       		.byte	0x8
 1727 0032 16000000 		.4byte	.LASF1
 1728 0036 02       		.uleb128 0x2
 1729 0037 02       		.byte	0x2
 1730 0038 05       		.byte	0x5
 1731 0039 9D010000 		.4byte	.LASF2
 1732 003d 02       		.uleb128 0x2
 1733 003e 02       		.byte	0x2
 1734 003f 07       		.byte	0x7
 1735 0040 C4000000 		.4byte	.LASF3
 1736 0044 02       		.uleb128 0x2
 1737 0045 04       		.byte	0x4
 1738 0046 05       		.byte	0x5
 1739 0047 A7010000 		.4byte	.LASF4
 1740 004b 02       		.uleb128 0x2
 1741 004c 04       		.byte	0x4
 1742 004d 07       		.byte	0x7
 1743 004e B2000000 		.4byte	.LASF5
 1744 0052 02       		.uleb128 0x2
 1745 0053 08       		.byte	0x8
 1746 0054 05       		.byte	0x5
 1747 0055 8F010000 		.4byte	.LASF6
 1748 0059 02       		.uleb128 0x2
 1749 005a 08       		.byte	0x8
 1750 005b 07       		.byte	0x7
 1751 005c 06010000 		.4byte	.LASF7
 1752 0060 04       		.uleb128 0x4
 1753 0061 04       		.byte	0x4
 1754 0062 05       		.byte	0x5
 1755 0063 696E7400 		.ascii	"int\000"
 1756 0067 02       		.uleb128 0x2
 1757 0068 04       		.byte	0x4
 1758 0069 07       		.byte	0x7
 1759 006a F9000000 		.4byte	.LASF8
 1760 006e 03       		.uleb128 0x3
 1761 006f 1D010000 		.4byte	.LASF10
 1762 0073 02       		.byte	0x2
 1763 0074 18       		.byte	0x18
ARM GAS  C:\Users\LUCASI~1\AppData\Local\Temp\cct0eG7u.s 			page 32


 1764 0075 24000000 		.4byte	0x24
 1765 0079 05       		.uleb128 0x5
 1766 007a 91000000 		.4byte	0x91
 1767 007e 8A000000 		.4byte	0x8a
 1768 0082 06       		.uleb128 0x6
 1769 0083 8A000000 		.4byte	0x8a
 1770 0087 5B06     		.2byte	0x65b
 1771 0089 00       		.byte	0
 1772 008a 02       		.uleb128 0x2
 1773 008b 04       		.byte	0x4
 1774 008c 07       		.byte	0x7
 1775 008d 86010000 		.4byte	.LASF11
 1776 0091 07       		.uleb128 0x7
 1777 0092 6E000000 		.4byte	0x6e
 1778 0096 08       		.uleb128 0x8
 1779 0097 E7000000 		.4byte	.LASF12
 1780 009b 03       		.byte	0x3
 1781 009c 1F       		.byte	0x1f
 1782 009d A7000000 		.4byte	0xa7
 1783 00a1 05       		.uleb128 0x5
 1784 00a2 03       		.byte	0x3
 1785 00a3 00000000 		.4byte	cy_meta_configecc
 1786 00a7 07       		.uleb128 0x7
 1787 00a8 79000000 		.4byte	0x79
 1788 00ac 05       		.uleb128 0x5
 1789 00ad 91000000 		.4byte	0x91
 1790 00b1 BC000000 		.4byte	0xbc
 1791 00b5 09       		.uleb128 0x9
 1792 00b6 8A000000 		.4byte	0x8a
 1793 00ba 03       		.byte	0x3
 1794 00bb 00       		.byte	0
 1795 00bc 08       		.uleb128 0x8
 1796 00bd D7000000 		.4byte	.LASF13
 1797 00c1 03       		.byte	0x3
 1798 00c2 F8       		.byte	0xf8
 1799 00c3 CD000000 		.4byte	0xcd
 1800 00c7 05       		.uleb128 0x5
 1801 00c8 03       		.byte	0x3
 1802 00c9 00000000 		.4byte	cy_meta_custnvl
 1803 00cd 07       		.uleb128 0x7
 1804 00ce AC000000 		.4byte	0xac
 1805 00d2 0A       		.uleb128 0xa
 1806 00d3 78010000 		.4byte	.LASF14
 1807 00d7 03       		.byte	0x3
 1808 00d8 0601     		.2byte	0x106
 1809 00da E4000000 		.4byte	0xe4
 1810 00de 05       		.uleb128 0x5
 1811 00df 03       		.byte	0x3
 1812 00e0 00000000 		.4byte	cy_meta_wonvl
 1813 00e4 07       		.uleb128 0x7
 1814 00e5 AC000000 		.4byte	0xac
 1815 00e9 05       		.uleb128 0x5
 1816 00ea 91000000 		.4byte	0x91
 1817 00ee F9000000 		.4byte	0xf9
 1818 00f2 09       		.uleb128 0x9
 1819 00f3 8A000000 		.4byte	0x8a
 1820 00f7 FF       		.byte	0xff
ARM GAS  C:\Users\LUCASI~1\AppData\Local\Temp\cct0eG7u.s 			page 33


 1821 00f8 00       		.byte	0
 1822 00f9 0A       		.uleb128 0xa
 1823 00fa 63010000 		.4byte	.LASF15
 1824 00fe 03       		.byte	0x3
 1825 00ff 1401     		.2byte	0x114
 1826 0101 0B010000 		.4byte	0x10b
 1827 0105 05       		.uleb128 0x5
 1828 0106 03       		.byte	0x3
 1829 0107 00000000 		.4byte	cy_meta_flashprotect
 1830 010b 07       		.uleb128 0x7
 1831 010c E9000000 		.4byte	0xe9
 1832 0110 05       		.uleb128 0x5
 1833 0111 91000000 		.4byte	0x91
 1834 0115 20010000 		.4byte	0x120
 1835 0119 09       		.uleb128 0x9
 1836 011a 8A000000 		.4byte	0x8a
 1837 011e 0B       		.byte	0xb
 1838 011f 00       		.byte	0
 1839 0120 0A       		.uleb128 0xa
 1840 0121 0A000000 		.4byte	.LASF16
 1841 0125 03       		.byte	0x3
 1842 0126 4101     		.2byte	0x141
 1843 0128 32010000 		.4byte	0x132
 1844 012c 05       		.uleb128 0x5
 1845 012d 03       		.byte	0x3
 1846 012e 00000000 		.4byte	cy_metadata
 1847 0132 07       		.uleb128 0x7
 1848 0133 10010000 		.4byte	0x110
 1849 0137 00       		.byte	0
 1850              		.section	.debug_abbrev,"",%progbits
 1851              	.Ldebug_abbrev0:
 1852 0000 01       		.uleb128 0x1
 1853 0001 11       		.uleb128 0x11
 1854 0002 01       		.byte	0x1
 1855 0003 25       		.uleb128 0x25
 1856 0004 0E       		.uleb128 0xe
 1857 0005 13       		.uleb128 0x13
 1858 0006 0B       		.uleb128 0xb
 1859 0007 03       		.uleb128 0x3
 1860 0008 0E       		.uleb128 0xe
 1861 0009 1B       		.uleb128 0x1b
 1862 000a 0E       		.uleb128 0xe
 1863 000b 10       		.uleb128 0x10
 1864 000c 17       		.uleb128 0x17
 1865 000d 00       		.byte	0
 1866 000e 00       		.byte	0
 1867 000f 02       		.uleb128 0x2
 1868 0010 24       		.uleb128 0x24
 1869 0011 00       		.byte	0
 1870 0012 0B       		.uleb128 0xb
 1871 0013 0B       		.uleb128 0xb
 1872 0014 3E       		.uleb128 0x3e
 1873 0015 0B       		.uleb128 0xb
 1874 0016 03       		.uleb128 0x3
 1875 0017 0E       		.uleb128 0xe
 1876 0018 00       		.byte	0
 1877 0019 00       		.byte	0
ARM GAS  C:\Users\LUCASI~1\AppData\Local\Temp\cct0eG7u.s 			page 34


 1878 001a 03       		.uleb128 0x3
 1879 001b 16       		.uleb128 0x16
 1880 001c 00       		.byte	0
 1881 001d 03       		.uleb128 0x3
 1882 001e 0E       		.uleb128 0xe
 1883 001f 3A       		.uleb128 0x3a
 1884 0020 0B       		.uleb128 0xb
 1885 0021 3B       		.uleb128 0x3b
 1886 0022 0B       		.uleb128 0xb
 1887 0023 49       		.uleb128 0x49
 1888 0024 13       		.uleb128 0x13
 1889 0025 00       		.byte	0
 1890 0026 00       		.byte	0
 1891 0027 04       		.uleb128 0x4
 1892 0028 24       		.uleb128 0x24
 1893 0029 00       		.byte	0
 1894 002a 0B       		.uleb128 0xb
 1895 002b 0B       		.uleb128 0xb
 1896 002c 3E       		.uleb128 0x3e
 1897 002d 0B       		.uleb128 0xb
 1898 002e 03       		.uleb128 0x3
 1899 002f 08       		.uleb128 0x8
 1900 0030 00       		.byte	0
 1901 0031 00       		.byte	0
 1902 0032 05       		.uleb128 0x5
 1903 0033 01       		.uleb128 0x1
 1904 0034 01       		.byte	0x1
 1905 0035 49       		.uleb128 0x49
 1906 0036 13       		.uleb128 0x13
 1907 0037 01       		.uleb128 0x1
 1908 0038 13       		.uleb128 0x13
 1909 0039 00       		.byte	0
 1910 003a 00       		.byte	0
 1911 003b 06       		.uleb128 0x6
 1912 003c 21       		.uleb128 0x21
 1913 003d 00       		.byte	0
 1914 003e 49       		.uleb128 0x49
 1915 003f 13       		.uleb128 0x13
 1916 0040 2F       		.uleb128 0x2f
 1917 0041 05       		.uleb128 0x5
 1918 0042 00       		.byte	0
 1919 0043 00       		.byte	0
 1920 0044 07       		.uleb128 0x7
 1921 0045 26       		.uleb128 0x26
 1922 0046 00       		.byte	0
 1923 0047 49       		.uleb128 0x49
 1924 0048 13       		.uleb128 0x13
 1925 0049 00       		.byte	0
 1926 004a 00       		.byte	0
 1927 004b 08       		.uleb128 0x8
 1928 004c 34       		.uleb128 0x34
 1929 004d 00       		.byte	0
 1930 004e 03       		.uleb128 0x3
 1931 004f 0E       		.uleb128 0xe
 1932 0050 3A       		.uleb128 0x3a
 1933 0051 0B       		.uleb128 0xb
 1934 0052 3B       		.uleb128 0x3b
ARM GAS  C:\Users\LUCASI~1\AppData\Local\Temp\cct0eG7u.s 			page 35


 1935 0053 0B       		.uleb128 0xb
 1936 0054 49       		.uleb128 0x49
 1937 0055 13       		.uleb128 0x13
 1938 0056 3F       		.uleb128 0x3f
 1939 0057 19       		.uleb128 0x19
 1940 0058 02       		.uleb128 0x2
 1941 0059 18       		.uleb128 0x18
 1942 005a 00       		.byte	0
 1943 005b 00       		.byte	0
 1944 005c 09       		.uleb128 0x9
 1945 005d 21       		.uleb128 0x21
 1946 005e 00       		.byte	0
 1947 005f 49       		.uleb128 0x49
 1948 0060 13       		.uleb128 0x13
 1949 0061 2F       		.uleb128 0x2f
 1950 0062 0B       		.uleb128 0xb
 1951 0063 00       		.byte	0
 1952 0064 00       		.byte	0
 1953 0065 0A       		.uleb128 0xa
 1954 0066 34       		.uleb128 0x34
 1955 0067 00       		.byte	0
 1956 0068 03       		.uleb128 0x3
 1957 0069 0E       		.uleb128 0xe
 1958 006a 3A       		.uleb128 0x3a
 1959 006b 0B       		.uleb128 0xb
 1960 006c 3B       		.uleb128 0x3b
 1961 006d 05       		.uleb128 0x5
 1962 006e 49       		.uleb128 0x49
 1963 006f 13       		.uleb128 0x13
 1964 0070 3F       		.uleb128 0x3f
 1965 0071 19       		.uleb128 0x19
 1966 0072 02       		.uleb128 0x2
 1967 0073 18       		.uleb128 0x18
 1968 0074 00       		.byte	0
 1969 0075 00       		.byte	0
 1970 0076 00       		.byte	0
 1971              		.section	.debug_aranges,"",%progbits
 1972 0000 14000000 		.4byte	0x14
 1973 0004 0200     		.2byte	0x2
 1974 0006 00000000 		.4byte	.Ldebug_info0
 1975 000a 04       		.byte	0x4
 1976 000b 00       		.byte	0
 1977 000c 0000     		.2byte	0
 1978 000e 0000     		.2byte	0
 1979 0010 00000000 		.4byte	0
 1980 0014 00000000 		.4byte	0
 1981              		.section	.debug_line,"",%progbits
 1982              	.Ldebug_line0:
 1983 0000 3D010000 		.section	.debug_str,"MS",%progbits,1
 1983      02003701 
 1983      00000201 
 1983      FB0E0D00 
 1983      01010101 
 1984              	.LASF9:
 1985 0000 5F5F7569 		.ascii	"__uint8_t\000"
 1985      6E74385F 
 1985      7400
ARM GAS  C:\Users\LUCASI~1\AppData\Local\Temp\cct0eG7u.s 			page 36


 1986              	.LASF16:
 1987 000a 63795F6D 		.ascii	"cy_metadata\000"
 1987      65746164 
 1987      61746100 
 1988              	.LASF1:
 1989 0016 756E7369 		.ascii	"unsigned char\000"
 1989      676E6564 
 1989      20636861 
 1989      7200
 1990              	.LASF17:
 1991 0024 474E5520 		.ascii	"GNU C11 5.4.1 20160609 (release) [ARM/embedded-5-br"
 1991      43313120 
 1991      352E342E 
 1991      31203230 
 1991      31363036 
 1992 0057 616E6368 		.ascii	"anch revision 237715] -mcpu=cortex-m3 -mthumb -g -O"
 1992      20726576 
 1992      6973696F 
 1992      6E203233 
 1992      37373135 
 1993 008a 67202D66 		.ascii	"g -ffunction-sections -ffat-lto-objects\000"
 1993      66756E63 
 1993      74696F6E 
 1993      2D736563 
 1993      74696F6E 
 1994              	.LASF5:
 1995 00b2 6C6F6E67 		.ascii	"long unsigned int\000"
 1995      20756E73 
 1995      69676E65 
 1995      6420696E 
 1995      7400
 1996              	.LASF3:
 1997 00c4 73686F72 		.ascii	"short unsigned int\000"
 1997      7420756E 
 1997      7369676E 
 1997      65642069 
 1997      6E7400
 1998              	.LASF13:
 1999 00d7 63795F6D 		.ascii	"cy_meta_custnvl\000"
 1999      6574615F 
 1999      63757374 
 1999      6E766C00 
 2000              	.LASF12:
 2001 00e7 63795F6D 		.ascii	"cy_meta_configecc\000"
 2001      6574615F 
 2001      636F6E66 
 2001      69676563 
 2001      6300
 2002              	.LASF8:
 2003 00f9 756E7369 		.ascii	"unsigned int\000"
 2003      676E6564 
 2003      20696E74 
 2003      00
 2004              	.LASF7:
 2005 0106 6C6F6E67 		.ascii	"long long unsigned int\000"
 2005      206C6F6E 
 2005      6720756E 
ARM GAS  C:\Users\LUCASI~1\AppData\Local\Temp\cct0eG7u.s 			page 37


 2005      7369676E 
 2005      65642069 
 2006              	.LASF10:
 2007 011d 75696E74 		.ascii	"uint8_t\000"
 2007      385F7400 
 2008              	.LASF19:
 2009 0125 433A5C55 		.ascii	"C:\\Users\\lucasiversen\\Desktop\\Ultrasoundv2\\Ult"
 2009      73657273 
 2009      5C6C7563 
 2009      61736976 
 2009      65727365 
 2010 0153 7261736F 		.ascii	"rasoundv2.cydsn\000"
 2010      756E6476 
 2010      322E6379 
 2010      64736E00 
 2011              	.LASF15:
 2012 0163 63795F6D 		.ascii	"cy_meta_flashprotect\000"
 2012      6574615F 
 2012      666C6173 
 2012      6870726F 
 2012      74656374 
 2013              	.LASF14:
 2014 0178 63795F6D 		.ascii	"cy_meta_wonvl\000"
 2014      6574615F 
 2014      776F6E76 
 2014      6C00
 2015              	.LASF11:
 2016 0186 73697A65 		.ascii	"sizetype\000"
 2016      74797065 
 2016      00
 2017              	.LASF6:
 2018 018f 6C6F6E67 		.ascii	"long long int\000"
 2018      206C6F6E 
 2018      6720696E 
 2018      7400
 2019              	.LASF2:
 2020 019d 73686F72 		.ascii	"short int\000"
 2020      7420696E 
 2020      7400
 2021              	.LASF4:
 2022 01a7 6C6F6E67 		.ascii	"long int\000"
 2022      20696E74 
 2022      00
 2023              	.LASF0:
 2024 01b0 7369676E 		.ascii	"signed char\000"
 2024      65642063 
 2024      68617200 
 2025              	.LASF18:
 2026 01bc 47656E65 		.ascii	"Generated_Source\\PSoC5\\cymetadata.c\000"
 2026      72617465 
 2026      645F536F 
 2026      75726365 
 2026      5C50536F 
 2027              		.ident	"GCC: (GNU Tools for ARM Embedded Processors) 5.4.1 20160609 (release) [ARM/embedded-5-bran
