ARM GAS  C:\Users\CHRIST~1\AppData\Local\Temp\ccBoA8SA.s 			page 1


   1              		.syntax unified
   2              		.cpu cortex-m3
   3              		.fpu softvfp
   4              		.eabi_attribute 20, 1
   5              		.eabi_attribute 21, 1
   6              		.eabi_attribute 23, 3
   7              		.eabi_attribute 24, 1
   8              		.eabi_attribute 25, 1
   9              		.eabi_attribute 26, 1
  10              		.eabi_attribute 30, 1
  11              		.eabi_attribute 34, 1
  12              		.eabi_attribute 18, 4
  13              		.thumb
  14              		.syntax unified
  15              		.file	"ultrasoundDriver.c"
  16              		.text
  17              	.Ltext0:
  18              		.cfi_sections	.debug_frame
  19              		.section	.text.echoInt1_handler,"ax",%progbits
  20              		.align	2
  21              		.global	echoInt1_handler
  22              		.thumb
  23              		.thumb_func
  24              		.type	echoInt1_handler, %function
  25              	echoInt1_handler:
  26              	.LFB65:
  27              		.file 1 "ultrasoundDriver.c"
   1:ultrasoundDriver.c **** #include "ultrasoundDriver.h"
   2:ultrasoundDriver.c **** 
   3:ultrasoundDriver.c **** volatile uint32_t pulseWidth;
   4:ultrasoundDriver.c **** volatile int time_us;
   5:ultrasoundDriver.c **** volatile int e1 = 0, e2 = 0, e3 = 0, e4 = 0;
   6:ultrasoundDriver.c **** volatile int status = 0;
   7:ultrasoundDriver.c **** 
   8:ultrasoundDriver.c **** CY_ISR(pulseInt_handler)
   9:ultrasoundDriver.c **** {       
  10:ultrasoundDriver.c ****     //Reads number of counts in pulse
  11:ultrasoundDriver.c ****     pulseWidth = pulseCounter_ReadCapture();
  12:ultrasoundDriver.c ****     //Converts data to an integer of us
  13:ultrasoundDriver.c ****     time_us = (uint32_t)pulseWidth * 2;
  14:ultrasoundDriver.c ****     //About 30 cm    
  15:ultrasoundDriver.c ****     if(time_us > 1800)
  16:ultrasoundDriver.c ****     {
  17:ultrasoundDriver.c ****         status = status + 1;
  18:ultrasoundDriver.c ****     }
  19:ultrasoundDriver.c ****     
  20:ultrasoundDriver.c ****     switch (status)
  21:ultrasoundDriver.c ****     {
  22:ultrasoundDriver.c ****         case 11:    LED_Write(1);
  23:ultrasoundDriver.c ****                     stop();
  24:ultrasoundDriver.c ****                 break;
  25:ultrasoundDriver.c ****         case 21:    LED_Write(1);
  26:ultrasoundDriver.c ****                     stop();
  27:ultrasoundDriver.c ****                 break;
  28:ultrasoundDriver.c ****         case 31:    LED_Write(1);
  29:ultrasoundDriver.c ****                     stop();
  30:ultrasoundDriver.c ****                 break;
ARM GAS  C:\Users\CHRIST~1\AppData\Local\Temp\ccBoA8SA.s 			page 2


  31:ultrasoundDriver.c ****         case 41:    LED_Write(1);
  32:ultrasoundDriver.c ****                     stop();
  33:ultrasoundDriver.c ****                 break;
  34:ultrasoundDriver.c ****         default:    LED_Write(0);
  35:ultrasoundDriver.c ****                     driveForwards();
  36:ultrasoundDriver.c ****                 break;
  37:ultrasoundDriver.c ****     }
  38:ultrasoundDriver.c ****     
  39:ultrasoundDriver.c ****     //Clear capture flag
  40:ultrasoundDriver.c ****     pulseCounter_ReadStatusRegister();
  41:ultrasoundDriver.c **** }
  42:ultrasoundDriver.c **** 
  43:ultrasoundDriver.c **** CY_ISR(echoInt1_handler)
  44:ultrasoundDriver.c **** {
  28              		.loc 1 44 0
  29              		.cfi_startproc
  30              		@ args = 0, pretend = 0, frame = 0
  31              		@ frame_needed = 0, uses_anonymous_args = 0
  32              		@ link register save eliminated.
  45:ultrasoundDriver.c ****     e1 = 1;
  33              		.loc 1 45 0
  34 0000 074B     		ldr	r3, .L3
  35 0002 0122     		movs	r2, #1
  36 0004 1A60     		str	r2, [r3]
  46:ultrasoundDriver.c ****     if((e1+e2+e3+e4) == 4 )
  37              		.loc 1 46 0
  38 0006 1968     		ldr	r1, [r3]
  39 0008 5A68     		ldr	r2, [r3, #4]
  40 000a 1144     		add	r1, r1, r2
  41 000c 9A68     		ldr	r2, [r3, #8]
  42 000e 0A44     		add	r2, r2, r1
  43 0010 DB68     		ldr	r3, [r3, #12]
  44 0012 1344     		add	r3, r3, r2
  45 0014 042B     		cmp	r3, #4
  46 0016 02D1     		bne	.L1
  47:ultrasoundDriver.c ****     {
  48:ultrasoundDriver.c ****         status = 10;
  47              		.loc 1 48 0
  48 0018 0A22     		movs	r2, #10
  49 001a 014B     		ldr	r3, .L3
  50 001c 1A61     		str	r2, [r3, #16]
  51              	.L1:
  52 001e 7047     		bx	lr
  53              	.L4:
  54              		.align	2
  55              	.L3:
  56 0020 00000000 		.word	.LANCHOR0
  57              		.cfi_endproc
  58              	.LFE65:
  59              		.size	echoInt1_handler, .-echoInt1_handler
  60              		.section	.text.echoInt2_handler,"ax",%progbits
  61              		.align	2
  62              		.global	echoInt2_handler
  63              		.thumb
  64              		.thumb_func
  65              		.type	echoInt2_handler, %function
  66              	echoInt2_handler:
ARM GAS  C:\Users\CHRIST~1\AppData\Local\Temp\ccBoA8SA.s 			page 3


  67              	.LFB66:
  49:ultrasoundDriver.c ****     }
  50:ultrasoundDriver.c **** }
  51:ultrasoundDriver.c **** 
  52:ultrasoundDriver.c **** CY_ISR(echoInt2_handler)
  53:ultrasoundDriver.c **** {
  68              		.loc 1 53 0
  69              		.cfi_startproc
  70              		@ args = 0, pretend = 0, frame = 0
  71              		@ frame_needed = 0, uses_anonymous_args = 0
  72              		@ link register save eliminated.
  54:ultrasoundDriver.c ****     e2 = 1;
  73              		.loc 1 54 0
  74 0000 074B     		ldr	r3, .L7
  75 0002 0122     		movs	r2, #1
  76 0004 5A60     		str	r2, [r3, #4]
  55:ultrasoundDriver.c ****     if((e1+e2+e3+e4) == 4 )
  77              		.loc 1 55 0
  78 0006 1968     		ldr	r1, [r3]
  79 0008 5A68     		ldr	r2, [r3, #4]
  80 000a 1144     		add	r1, r1, r2
  81 000c 9A68     		ldr	r2, [r3, #8]
  82 000e 0A44     		add	r2, r2, r1
  83 0010 DB68     		ldr	r3, [r3, #12]
  84 0012 1344     		add	r3, r3, r2
  85 0014 042B     		cmp	r3, #4
  86 0016 02D1     		bne	.L5
  56:ultrasoundDriver.c ****     {
  57:ultrasoundDriver.c ****         status = 20;
  87              		.loc 1 57 0
  88 0018 1422     		movs	r2, #20
  89 001a 014B     		ldr	r3, .L7
  90 001c 1A61     		str	r2, [r3, #16]
  91              	.L5:
  92 001e 7047     		bx	lr
  93              	.L8:
  94              		.align	2
  95              	.L7:
  96 0020 00000000 		.word	.LANCHOR0
  97              		.cfi_endproc
  98              	.LFE66:
  99              		.size	echoInt2_handler, .-echoInt2_handler
 100              		.section	.text.echoInt3_handler,"ax",%progbits
 101              		.align	2
 102              		.global	echoInt3_handler
 103              		.thumb
 104              		.thumb_func
 105              		.type	echoInt3_handler, %function
 106              	echoInt3_handler:
 107              	.LFB67:
  58:ultrasoundDriver.c ****     }
  59:ultrasoundDriver.c **** }
  60:ultrasoundDriver.c **** 
  61:ultrasoundDriver.c **** CY_ISR(echoInt3_handler)
  62:ultrasoundDriver.c **** {   
 108              		.loc 1 62 0
 109              		.cfi_startproc
ARM GAS  C:\Users\CHRIST~1\AppData\Local\Temp\ccBoA8SA.s 			page 4


 110              		@ args = 0, pretend = 0, frame = 0
 111              		@ frame_needed = 0, uses_anonymous_args = 0
 112              		@ link register save eliminated.
  63:ultrasoundDriver.c ****     e3 = 1;
 113              		.loc 1 63 0
 114 0000 074B     		ldr	r3, .L11
 115 0002 0122     		movs	r2, #1
 116 0004 9A60     		str	r2, [r3, #8]
  64:ultrasoundDriver.c ****     if((e1+e2+e3+e4) == 4 )
 117              		.loc 1 64 0
 118 0006 1968     		ldr	r1, [r3]
 119 0008 5A68     		ldr	r2, [r3, #4]
 120 000a 1144     		add	r1, r1, r2
 121 000c 9A68     		ldr	r2, [r3, #8]
 122 000e 0A44     		add	r2, r2, r1
 123 0010 DB68     		ldr	r3, [r3, #12]
 124 0012 1344     		add	r3, r3, r2
 125 0014 042B     		cmp	r3, #4
 126 0016 02D1     		bne	.L9
  65:ultrasoundDriver.c ****     {
  66:ultrasoundDriver.c ****         status = 30;
 127              		.loc 1 66 0
 128 0018 1E22     		movs	r2, #30
 129 001a 014B     		ldr	r3, .L11
 130 001c 1A61     		str	r2, [r3, #16]
 131              	.L9:
 132 001e 7047     		bx	lr
 133              	.L12:
 134              		.align	2
 135              	.L11:
 136 0020 00000000 		.word	.LANCHOR0
 137              		.cfi_endproc
 138              	.LFE67:
 139              		.size	echoInt3_handler, .-echoInt3_handler
 140              		.section	.text.echoInt4_handler,"ax",%progbits
 141              		.align	2
 142              		.global	echoInt4_handler
 143              		.thumb
 144              		.thumb_func
 145              		.type	echoInt4_handler, %function
 146              	echoInt4_handler:
 147              	.LFB68:
  67:ultrasoundDriver.c ****     }
  68:ultrasoundDriver.c **** }
  69:ultrasoundDriver.c **** 
  70:ultrasoundDriver.c **** CY_ISR(echoInt4_handler)
  71:ultrasoundDriver.c **** {
 148              		.loc 1 71 0
 149              		.cfi_startproc
 150              		@ args = 0, pretend = 0, frame = 0
 151              		@ frame_needed = 0, uses_anonymous_args = 0
 152              		@ link register save eliminated.
  72:ultrasoundDriver.c ****     e4 = 1;
 153              		.loc 1 72 0
 154 0000 074B     		ldr	r3, .L15
 155 0002 0122     		movs	r2, #1
 156 0004 DA60     		str	r2, [r3, #12]
ARM GAS  C:\Users\CHRIST~1\AppData\Local\Temp\ccBoA8SA.s 			page 5


  73:ultrasoundDriver.c ****     if((e1+e2+e3+e4) == 4 )
 157              		.loc 1 73 0
 158 0006 1968     		ldr	r1, [r3]
 159 0008 5A68     		ldr	r2, [r3, #4]
 160 000a 1144     		add	r1, r1, r2
 161 000c 9A68     		ldr	r2, [r3, #8]
 162 000e 0A44     		add	r2, r2, r1
 163 0010 DB68     		ldr	r3, [r3, #12]
 164 0012 1344     		add	r3, r3, r2
 165 0014 042B     		cmp	r3, #4
 166 0016 02D1     		bne	.L13
  74:ultrasoundDriver.c ****     {
  75:ultrasoundDriver.c ****         status = 40;
 167              		.loc 1 75 0
 168 0018 2822     		movs	r2, #40
 169 001a 014B     		ldr	r3, .L15
 170 001c 1A61     		str	r2, [r3, #16]
 171              	.L13:
 172 001e 7047     		bx	lr
 173              	.L16:
 174              		.align	2
 175              	.L15:
 176 0020 00000000 		.word	.LANCHOR0
 177              		.cfi_endproc
 178              	.LFE68:
 179              		.size	echoInt4_handler, .-echoInt4_handler
 180              		.section	.text.pulseInt_handler,"ax",%progbits
 181              		.align	2
 182              		.global	pulseInt_handler
 183              		.thumb
 184              		.thumb_func
 185              		.type	pulseInt_handler, %function
 186              	pulseInt_handler:
 187              	.LFB64:
   9:ultrasoundDriver.c ****     //Reads number of counts in pulse
 188              		.loc 1 9 0
 189              		.cfi_startproc
 190              		@ args = 0, pretend = 0, frame = 0
 191              		@ frame_needed = 0, uses_anonymous_args = 0
 192 0000 08B5     		push	{r3, lr}
 193              		.cfi_def_cfa_offset 8
 194              		.cfi_offset 3, -8
 195              		.cfi_offset 14, -4
  11:ultrasoundDriver.c ****     //Converts data to an integer of us
 196              		.loc 1 11 0
 197 0002 FFF7FEFF 		bl	pulseCounter_ReadCapture
 198              	.LVL0:
 199 0006 224B     		ldr	r3, .L27
 200 0008 1860     		str	r0, [r3]
  13:ultrasoundDriver.c ****     //About 30 cm    
 201              		.loc 1 13 0
 202 000a 1B68     		ldr	r3, [r3]
 203 000c 5B00     		lsls	r3, r3, #1
 204 000e 214A     		ldr	r2, .L27+4
 205 0010 1360     		str	r3, [r2]
  15:ultrasoundDriver.c ****     {
 206              		.loc 1 15 0
ARM GAS  C:\Users\CHRIST~1\AppData\Local\Temp\ccBoA8SA.s 			page 6


 207 0012 1368     		ldr	r3, [r2]
 208 0014 B3F5E16F 		cmp	r3, #1800
 209 0018 03DD     		ble	.L18
  17:ultrasoundDriver.c ****     }
 210              		.loc 1 17 0
 211 001a 1F4A     		ldr	r2, .L27+8
 212 001c 1369     		ldr	r3, [r2, #16]
 213 001e 0133     		adds	r3, r3, #1
 214 0020 1361     		str	r3, [r2, #16]
 215              	.L18:
  20:ultrasoundDriver.c ****     {
 216              		.loc 1 20 0
 217 0022 1D4B     		ldr	r3, .L27+8
 218 0024 1B69     		ldr	r3, [r3, #16]
 219 0026 0B3B     		subs	r3, r3, #11
 220 0028 1E2B     		cmp	r3, #30
 221 002a 29D8     		bhi	.L19
 222 002c DFE803F0 		tbb	[pc, r3]
 223              	.L21:
 224 0030 10       		.byte	(.L20-.L21)/2
 225 0031 28       		.byte	(.L19-.L21)/2
 226 0032 28       		.byte	(.L19-.L21)/2
 227 0033 28       		.byte	(.L19-.L21)/2
 228 0034 28       		.byte	(.L19-.L21)/2
 229 0035 28       		.byte	(.L19-.L21)/2
 230 0036 28       		.byte	(.L19-.L21)/2
 231 0037 28       		.byte	(.L19-.L21)/2
 232 0038 28       		.byte	(.L19-.L21)/2
 233 0039 28       		.byte	(.L19-.L21)/2
 234 003a 16       		.byte	(.L22-.L21)/2
 235 003b 28       		.byte	(.L19-.L21)/2
 236 003c 28       		.byte	(.L19-.L21)/2
 237 003d 28       		.byte	(.L19-.L21)/2
 238 003e 28       		.byte	(.L19-.L21)/2
 239 003f 28       		.byte	(.L19-.L21)/2
 240 0040 28       		.byte	(.L19-.L21)/2
 241 0041 28       		.byte	(.L19-.L21)/2
 242 0042 28       		.byte	(.L19-.L21)/2
 243 0043 28       		.byte	(.L19-.L21)/2
 244 0044 1C       		.byte	(.L23-.L21)/2
 245 0045 28       		.byte	(.L19-.L21)/2
 246 0046 28       		.byte	(.L19-.L21)/2
 247 0047 28       		.byte	(.L19-.L21)/2
 248 0048 28       		.byte	(.L19-.L21)/2
 249 0049 28       		.byte	(.L19-.L21)/2
 250 004a 28       		.byte	(.L19-.L21)/2
 251 004b 28       		.byte	(.L19-.L21)/2
 252 004c 28       		.byte	(.L19-.L21)/2
 253 004d 28       		.byte	(.L19-.L21)/2
 254 004e 22       		.byte	(.L24-.L21)/2
 255 004f 00       		.p2align 1
 256              	.L20:
  22:ultrasoundDriver.c ****                     stop();
 257              		.loc 1 22 0
 258 0050 0120     		movs	r0, #1
 259 0052 FFF7FEFF 		bl	LED_Write
 260              	.LVL1:
ARM GAS  C:\Users\CHRIST~1\AppData\Local\Temp\ccBoA8SA.s 			page 7


  23:ultrasoundDriver.c ****                 break;
 261              		.loc 1 23 0
 262 0056 FFF7FEFF 		bl	stop
 263              	.LVL2:
  24:ultrasoundDriver.c ****         case 21:    LED_Write(1);
 264              		.loc 1 24 0
 265 005a 16E0     		b	.L25
 266              	.L22:
  25:ultrasoundDriver.c ****                     stop();
 267              		.loc 1 25 0
 268 005c 0120     		movs	r0, #1
 269 005e FFF7FEFF 		bl	LED_Write
 270              	.LVL3:
  26:ultrasoundDriver.c ****                 break;
 271              		.loc 1 26 0
 272 0062 FFF7FEFF 		bl	stop
 273              	.LVL4:
  27:ultrasoundDriver.c ****         case 31:    LED_Write(1);
 274              		.loc 1 27 0
 275 0066 10E0     		b	.L25
 276              	.L23:
  28:ultrasoundDriver.c ****                     stop();
 277              		.loc 1 28 0
 278 0068 0120     		movs	r0, #1
 279 006a FFF7FEFF 		bl	LED_Write
 280              	.LVL5:
  29:ultrasoundDriver.c ****                 break;
 281              		.loc 1 29 0
 282 006e FFF7FEFF 		bl	stop
 283              	.LVL6:
  30:ultrasoundDriver.c ****         case 41:    LED_Write(1);
 284              		.loc 1 30 0
 285 0072 0AE0     		b	.L25
 286              	.L24:
  31:ultrasoundDriver.c ****                     stop();
 287              		.loc 1 31 0
 288 0074 0120     		movs	r0, #1
 289 0076 FFF7FEFF 		bl	LED_Write
 290              	.LVL7:
  32:ultrasoundDriver.c ****                 break;
 291              		.loc 1 32 0
 292 007a FFF7FEFF 		bl	stop
 293              	.LVL8:
  33:ultrasoundDriver.c ****         default:    LED_Write(0);
 294              		.loc 1 33 0
 295 007e 04E0     		b	.L25
 296              	.L19:
  34:ultrasoundDriver.c ****                     driveForwards();
 297              		.loc 1 34 0
 298 0080 0020     		movs	r0, #0
 299 0082 FFF7FEFF 		bl	LED_Write
 300              	.LVL9:
  35:ultrasoundDriver.c ****                 break;
 301              		.loc 1 35 0
 302 0086 FFF7FEFF 		bl	driveForwards
 303              	.LVL10:
 304              	.L25:
ARM GAS  C:\Users\CHRIST~1\AppData\Local\Temp\ccBoA8SA.s 			page 8


  40:ultrasoundDriver.c **** }
 305              		.loc 1 40 0
 306 008a FFF7FEFF 		bl	pulseCounter_ReadStatusRegister
 307              	.LVL11:
 308 008e 08BD     		pop	{r3, pc}
 309              	.L28:
 310              		.align	2
 311              	.L27:
 312 0090 00000000 		.word	pulseWidth
 313 0094 00000000 		.word	time_us
 314 0098 00000000 		.word	.LANCHOR0
 315              		.cfi_endproc
 316              	.LFE64:
 317              		.size	pulseInt_handler, .-pulseInt_handler
 318              		.section	.text.ultraSoundInit,"ax",%progbits
 319              		.align	2
 320              		.global	ultraSoundInit
 321              		.thumb
 322              		.thumb_func
 323              		.type	ultraSoundInit, %function
 324              	ultraSoundInit:
 325              	.LFB69:
  76:ultrasoundDriver.c ****     }
  77:ultrasoundDriver.c **** }
  78:ultrasoundDriver.c **** 
  79:ultrasoundDriver.c **** void ultraSoundInit()
  80:ultrasoundDriver.c **** {
 326              		.loc 1 80 0
 327              		.cfi_startproc
 328              		@ args = 0, pretend = 0, frame = 0
 329              		@ frame_needed = 0, uses_anonymous_args = 0
 330 0000 08B5     		push	{r3, lr}
 331              		.cfi_def_cfa_offset 8
 332              		.cfi_offset 3, -8
 333              		.cfi_offset 14, -4
  81:ultrasoundDriver.c ****     //Start 500kHz clock
  82:ultrasoundDriver.c ****     CLK_500kHz_Start();
 334              		.loc 1 82 0
 335 0002 FFF7FEFF 		bl	CLK_500kHz_Start
 336              	.LVL12:
  83:ultrasoundDriver.c ****     //Start 24MHz clock
  84:ultrasoundDriver.c ****     CLK_24MHz_Start();
 337              		.loc 1 84 0
 338 0006 FFF7FEFF 		bl	CLK_24MHz_Start
 339              	.LVL13:
  85:ultrasoundDriver.c ****     //Start trigger
  86:ultrasoundDriver.c ****     triggerPWM_Start();
 340              		.loc 1 86 0
 341 000a FFF7FEFF 		bl	triggerPWM_Start
 342              	.LVL14:
  87:ultrasoundDriver.c ****     //Start counters
  88:ultrasoundDriver.c ****     pulseCounter_Start();
 343              		.loc 1 88 0
 344 000e FFF7FEFF 		bl	pulseCounter_Start
 345              	.LVL15:
  89:ultrasoundDriver.c ****     //Start interrupts
  90:ultrasoundDriver.c ****     pulseInt_StartEx(pulseInt_handler);
ARM GAS  C:\Users\CHRIST~1\AppData\Local\Temp\ccBoA8SA.s 			page 9


 346              		.loc 1 90 0
 347 0012 0848     		ldr	r0, .L31
 348 0014 FFF7FEFF 		bl	pulseInt_StartEx
 349              	.LVL16:
  91:ultrasoundDriver.c ****     echoInt_1_StartEx(echoInt1_handler);
 350              		.loc 1 91 0
 351 0018 0748     		ldr	r0, .L31+4
 352 001a FFF7FEFF 		bl	echoInt_1_StartEx
 353              	.LVL17:
  92:ultrasoundDriver.c ****     echoInt_2_StartEx(echoInt2_handler);
 354              		.loc 1 92 0
 355 001e 0748     		ldr	r0, .L31+8
 356 0020 FFF7FEFF 		bl	echoInt_2_StartEx
 357              	.LVL18:
  93:ultrasoundDriver.c ****     echoInt_3_StartEx(echoInt3_handler);
 358              		.loc 1 93 0
 359 0024 0648     		ldr	r0, .L31+12
 360 0026 FFF7FEFF 		bl	echoInt_3_StartEx
 361              	.LVL19:
  94:ultrasoundDriver.c ****     echoInt_4_StartEx(echoInt4_handler);
 362              		.loc 1 94 0
 363 002a 0648     		ldr	r0, .L31+16
 364 002c FFF7FEFF 		bl	echoInt_4_StartEx
 365              	.LVL20:
 366 0030 08BD     		pop	{r3, pc}
 367              	.L32:
 368 0032 00BF     		.align	2
 369              	.L31:
 370 0034 00000000 		.word	pulseInt_handler
 371 0038 00000000 		.word	echoInt1_handler
 372 003c 00000000 		.word	echoInt2_handler
 373 0040 00000000 		.word	echoInt3_handler
 374 0044 00000000 		.word	echoInt4_handler
 375              		.cfi_endproc
 376              	.LFE69:
 377              		.size	ultraSoundInit, .-ultraSoundInit
 378              		.section	.text.getStatus,"ax",%progbits
 379              		.align	2
 380              		.global	getStatus
 381              		.thumb
 382              		.thumb_func
 383              		.type	getStatus, %function
 384              	getStatus:
 385              	.LFB70:
  95:ultrasoundDriver.c **** }
  96:ultrasoundDriver.c **** 
  97:ultrasoundDriver.c **** int getStatus()
  98:ultrasoundDriver.c **** {
 386              		.loc 1 98 0
 387              		.cfi_startproc
 388              		@ args = 0, pretend = 0, frame = 0
 389              		@ frame_needed = 0, uses_anonymous_args = 0
 390              		@ link register save eliminated.
  99:ultrasoundDriver.c ****     int tempStatus = status;
 391              		.loc 1 99 0
 392 0000 044B     		ldr	r3, .L34
 393 0002 1869     		ldr	r0, [r3, #16]
ARM GAS  C:\Users\CHRIST~1\AppData\Local\Temp\ccBoA8SA.s 			page 10


 394              	.LVL21:
 100:ultrasoundDriver.c ****     
 101:ultrasoundDriver.c ****     //Resetting variables
 102:ultrasoundDriver.c ****     status = 0;
 395              		.loc 1 102 0
 396 0004 0022     		movs	r2, #0
 397 0006 1A61     		str	r2, [r3, #16]
 103:ultrasoundDriver.c ****     e1 = 0;
 398              		.loc 1 103 0
 399 0008 1A60     		str	r2, [r3]
 104:ultrasoundDriver.c ****     e2 = 0;
 400              		.loc 1 104 0
 401 000a 5A60     		str	r2, [r3, #4]
 105:ultrasoundDriver.c ****     e3 = 0;
 402              		.loc 1 105 0
 403 000c 9A60     		str	r2, [r3, #8]
 106:ultrasoundDriver.c ****     e4 = 0;
 404              		.loc 1 106 0
 405 000e DA60     		str	r2, [r3, #12]
 107:ultrasoundDriver.c ****     
 108:ultrasoundDriver.c ****     return tempStatus;
 109:ultrasoundDriver.c **** }...
 406              		.loc 1 109 0
 407 0010 7047     		bx	lr
 408              	.L35:
 409 0012 00BF     		.align	2
 410              	.L34:
 411 0014 00000000 		.word	.LANCHOR0
 412              		.cfi_endproc
 413              	.LFE70:
 414              		.size	getStatus, .-getStatus
 415              		.global	status
 416              		.global	e4
 417              		.global	e3
 418              		.global	e2
 419              		.global	e1
 420              		.comm	time_us,4,4
 421              		.comm	pulseWidth,4,4
 422              		.bss
 423              		.align	2
 424              		.set	.LANCHOR0,. + 0
 425              		.type	e1, %object
 426              		.size	e1, 4
 427              	e1:
 428 0000 00000000 		.space	4
 429              		.type	e2, %object
 430              		.size	e2, 4
 431              	e2:
 432 0004 00000000 		.space	4
 433              		.type	e3, %object
 434              		.size	e3, 4
 435              	e3:
 436 0008 00000000 		.space	4
 437              		.type	e4, %object
 438              		.size	e4, 4
 439              	e4:
 440 000c 00000000 		.space	4
ARM GAS  C:\Users\CHRIST~1\AppData\Local\Temp\ccBoA8SA.s 			page 11


 441              		.type	status, %object
 442              		.size	status, 4
 443              	status:
 444 0010 00000000 		.space	4
 445              		.text
 446              	.Letext0:
 447              		.file 2 "c:\\program files (x86)\\cypress\\psoc creator\\4.2\\psoc creator\\import\\gnu\\arm\\5.4.
 448              		.file 3 "c:\\program files (x86)\\cypress\\psoc creator\\4.2\\psoc creator\\import\\gnu\\arm\\5.4.
 449              		.file 4 "Generated_Source\\PSoC5/core_cm3.h"
 450              		.file 5 "Generated_Source\\PSoC5/pulseCounter.h"
 451              		.file 6 "Generated_Source\\PSoC5/LED.h"
 452              		.file 7 "MotorApp.h"
 453              		.file 8 "Generated_Source\\PSoC5/CLK_500kHz.h"
 454              		.file 9 "Generated_Source\\PSoC5/CLK_24MHz.h"
 455              		.file 10 "Generated_Source\\PSoC5/triggerPWM.h"
 456              		.file 11 "Generated_Source\\PSoC5/pulseInt.h"
 457              		.file 12 "Generated_Source\\PSoC5/echoInt_1.h"
 458              		.file 13 "Generated_Source\\PSoC5/echoInt_2.h"
 459              		.file 14 "Generated_Source\\PSoC5/echoInt_3.h"
 460              		.file 15 "Generated_Source\\PSoC5/echoInt_4.h"
 461              		.section	.debug_info,"",%progbits
 462              	.Ldebug_info0:
 463 0000 A7030000 		.4byte	0x3a7
 464 0004 0400     		.2byte	0x4
 465 0006 00000000 		.4byte	.Ldebug_abbrev0
 466 000a 04       		.byte	0x4
 467 000b 01       		.uleb128 0x1
 468 000c FF010000 		.4byte	.LASF42
 469 0010 0C       		.byte	0xc
 470 0011 00000000 		.4byte	.LASF43
 471 0015 D5000000 		.4byte	.LASF44
 472 0019 00000000 		.4byte	.Ldebug_ranges0+0
 473 001d 00000000 		.4byte	0
 474 0021 00000000 		.4byte	.Ldebug_line0
 475 0025 02       		.uleb128 0x2
 476 0026 01       		.byte	0x1
 477 0027 06       		.byte	0x6
 478 0028 22030000 		.4byte	.LASF0
 479 002c 02       		.uleb128 0x2
 480 002d 01       		.byte	0x1
 481 002e 08       		.byte	0x8
 482 002f 98010000 		.4byte	.LASF1
 483 0033 02       		.uleb128 0x2
 484 0034 02       		.byte	0x2
 485 0035 05       		.byte	0x5
 486 0036 D7020000 		.4byte	.LASF2
 487 003a 02       		.uleb128 0x2
 488 003b 02       		.byte	0x2
 489 003c 07       		.byte	0x7
 490 003d BD000000 		.4byte	.LASF3
 491 0041 03       		.uleb128 0x3
 492 0042 51000000 		.4byte	.LASF5
 493 0046 02       		.byte	0x2
 494 0047 3F       		.byte	0x3f
 495 0048 4C000000 		.4byte	0x4c
 496 004c 02       		.uleb128 0x2
 497 004d 04       		.byte	0x4
ARM GAS  C:\Users\CHRIST~1\AppData\Local\Temp\ccBoA8SA.s 			page 12


 498 004e 05       		.byte	0x5
 499 004f 0D030000 		.4byte	.LASF4
 500 0053 03       		.uleb128 0x3
 501 0054 80010000 		.4byte	.LASF6
 502 0058 02       		.byte	0x2
 503 0059 41       		.byte	0x41
 504 005a 5E000000 		.4byte	0x5e
 505 005e 02       		.uleb128 0x2
 506 005f 04       		.byte	0x4
 507 0060 07       		.byte	0x7
 508 0061 5D010000 		.4byte	.LASF7
 509 0065 02       		.uleb128 0x2
 510 0066 08       		.byte	0x8
 511 0067 05       		.byte	0x5
 512 0068 9E020000 		.4byte	.LASF8
 513 006c 02       		.uleb128 0x2
 514 006d 08       		.byte	0x8
 515 006e 07       		.byte	0x7
 516 006f C1010000 		.4byte	.LASF9
 517 0073 04       		.uleb128 0x4
 518 0074 04       		.byte	0x4
 519 0075 05       		.byte	0x5
 520 0076 696E7400 		.ascii	"int\000"
 521 007a 02       		.uleb128 0x2
 522 007b 04       		.byte	0x4
 523 007c 07       		.byte	0x7
 524 007d A6010000 		.4byte	.LASF10
 525 0081 03       		.uleb128 0x3
 526 0082 8D020000 		.4byte	.LASF11
 527 0086 03       		.byte	0x3
 528 0087 2C       		.byte	0x2c
 529 0088 41000000 		.4byte	0x41
 530 008c 03       		.uleb128 0x3
 531 008d 04030000 		.4byte	.LASF12
 532 0091 03       		.byte	0x3
 533 0092 30       		.byte	0x30
 534 0093 53000000 		.4byte	0x53
 535 0097 02       		.uleb128 0x2
 536 0098 04       		.byte	0x4
 537 0099 04       		.byte	0x4
 538 009a 98000000 		.4byte	.LASF13
 539 009e 02       		.uleb128 0x2
 540 009f 08       		.byte	0x8
 541 00a0 04       		.byte	0x4
 542 00a1 F8010000 		.4byte	.LASF14
 543 00a5 02       		.uleb128 0x2
 544 00a6 01       		.byte	0x1
 545 00a7 08       		.byte	0x8
 546 00a8 AC020000 		.4byte	.LASF15
 547 00ac 02       		.uleb128 0x2
 548 00ad 08       		.byte	0x8
 549 00ae 04       		.byte	0x4
 550 00af 16030000 		.4byte	.LASF16
 551 00b3 02       		.uleb128 0x2
 552 00b4 04       		.byte	0x4
 553 00b5 07       		.byte	0x7
 554 00b6 95020000 		.4byte	.LASF17
ARM GAS  C:\Users\CHRIST~1\AppData\Local\Temp\ccBoA8SA.s 			page 13


 555 00ba 05       		.uleb128 0x5
 556 00bb 8C000000 		.4byte	0x8c
 557 00bf 06       		.uleb128 0x6
 558 00c0 36000000 		.4byte	.LASF18
 559 00c4 01       		.byte	0x1
 560 00c5 2B       		.byte	0x2b
 561 00c6 00000000 		.4byte	.LFB65
 562 00ca 24000000 		.4byte	.LFE65-.LFB65
 563 00ce 01       		.uleb128 0x1
 564 00cf 9C       		.byte	0x9c
 565 00d0 06       		.uleb128 0x6
 566 00d1 6F010000 		.4byte	.LASF19
 567 00d5 01       		.byte	0x1
 568 00d6 34       		.byte	0x34
 569 00d7 00000000 		.4byte	.LFB66
 570 00db 24000000 		.4byte	.LFE66-.LFB66
 571 00df 01       		.uleb128 0x1
 572 00e0 9C       		.byte	0x9c
 573 00e1 06       		.uleb128 0x6
 574 00e2 F3020000 		.4byte	.LASF20
 575 00e6 01       		.byte	0x1
 576 00e7 3D       		.byte	0x3d
 577 00e8 00000000 		.4byte	.LFB67
 578 00ec 24000000 		.4byte	.LFE67-.LFB67
 579 00f0 01       		.uleb128 0x1
 580 00f1 9C       		.byte	0x9c
 581 00f2 06       		.uleb128 0x6
 582 00f3 87000000 		.4byte	.LASF21
 583 00f7 01       		.byte	0x1
 584 00f8 46       		.byte	0x46
 585 00f9 00000000 		.4byte	.LFB68
 586 00fd 24000000 		.4byte	.LFE68-.LFB68
 587 0101 01       		.uleb128 0x1
 588 0102 9C       		.byte	0x9c
 589 0103 07       		.uleb128 0x7
 590 0104 25000000 		.4byte	.LASF22
 591 0108 01       		.byte	0x1
 592 0109 08       		.byte	0x8
 593 010a 00000000 		.4byte	.LFB64
 594 010e 9C000000 		.4byte	.LFE64-.LFB64
 595 0112 01       		.uleb128 0x1
 596 0113 9C       		.byte	0x9c
 597 0114 B7010000 		.4byte	0x1b7
 598 0118 08       		.uleb128 0x8
 599 0119 06000000 		.4byte	.LVL0
 600 011d 10030000 		.4byte	0x310
 601 0121 09       		.uleb128 0x9
 602 0122 56000000 		.4byte	.LVL1
 603 0126 1B030000 		.4byte	0x31b
 604 012a 34010000 		.4byte	0x134
 605 012e 0A       		.uleb128 0xa
 606 012f 01       		.uleb128 0x1
 607 0130 50       		.byte	0x50
 608 0131 01       		.uleb128 0x1
 609 0132 31       		.byte	0x31
 610 0133 00       		.byte	0
 611 0134 08       		.uleb128 0x8
ARM GAS  C:\Users\CHRIST~1\AppData\Local\Temp\ccBoA8SA.s 			page 14


 612 0135 5A000000 		.4byte	.LVL2
 613 0139 26030000 		.4byte	0x326
 614 013d 09       		.uleb128 0x9
 615 013e 62000000 		.4byte	.LVL3
 616 0142 1B030000 		.4byte	0x31b
 617 0146 50010000 		.4byte	0x150
 618 014a 0A       		.uleb128 0xa
 619 014b 01       		.uleb128 0x1
 620 014c 50       		.byte	0x50
 621 014d 01       		.uleb128 0x1
 622 014e 31       		.byte	0x31
 623 014f 00       		.byte	0
 624 0150 08       		.uleb128 0x8
 625 0151 66000000 		.4byte	.LVL4
 626 0155 26030000 		.4byte	0x326
 627 0159 09       		.uleb128 0x9
 628 015a 6E000000 		.4byte	.LVL5
 629 015e 1B030000 		.4byte	0x31b
 630 0162 6C010000 		.4byte	0x16c
 631 0166 0A       		.uleb128 0xa
 632 0167 01       		.uleb128 0x1
 633 0168 50       		.byte	0x50
 634 0169 01       		.uleb128 0x1
 635 016a 31       		.byte	0x31
 636 016b 00       		.byte	0
 637 016c 08       		.uleb128 0x8
 638 016d 72000000 		.4byte	.LVL6
 639 0171 26030000 		.4byte	0x326
 640 0175 09       		.uleb128 0x9
 641 0176 7A000000 		.4byte	.LVL7
 642 017a 1B030000 		.4byte	0x31b
 643 017e 88010000 		.4byte	0x188
 644 0182 0A       		.uleb128 0xa
 645 0183 01       		.uleb128 0x1
 646 0184 50       		.byte	0x50
 647 0185 01       		.uleb128 0x1
 648 0186 31       		.byte	0x31
 649 0187 00       		.byte	0
 650 0188 08       		.uleb128 0x8
 651 0189 7E000000 		.4byte	.LVL8
 652 018d 26030000 		.4byte	0x326
 653 0191 09       		.uleb128 0x9
 654 0192 86000000 		.4byte	.LVL9
 655 0196 1B030000 		.4byte	0x31b
 656 019a A4010000 		.4byte	0x1a4
 657 019e 0A       		.uleb128 0xa
 658 019f 01       		.uleb128 0x1
 659 01a0 50       		.byte	0x50
 660 01a1 01       		.uleb128 0x1
 661 01a2 30       		.byte	0x30
 662 01a3 00       		.byte	0
 663 01a4 08       		.uleb128 0x8
 664 01a5 8A000000 		.4byte	.LVL10
 665 01a9 31030000 		.4byte	0x331
 666 01ad 08       		.uleb128 0x8
 667 01ae 8E000000 		.4byte	.LVL11
 668 01b2 3C030000 		.4byte	0x33c
ARM GAS  C:\Users\CHRIST~1\AppData\Local\Temp\ccBoA8SA.s 			page 15


 669 01b6 00       		.byte	0
 670 01b7 0B       		.uleb128 0xb
 671 01b8 AE000000 		.4byte	.LASF45
 672 01bc 01       		.byte	0x1
 673 01bd 4F       		.byte	0x4f
 674 01be 00000000 		.4byte	.LFB69
 675 01c2 48000000 		.4byte	.LFE69-.LFB69
 676 01c6 01       		.uleb128 0x1
 677 01c7 9C       		.byte	0x9c
 678 01c8 60020000 		.4byte	0x260
 679 01cc 08       		.uleb128 0x8
 680 01cd 06000000 		.4byte	.LVL12
 681 01d1 47030000 		.4byte	0x347
 682 01d5 08       		.uleb128 0x8
 683 01d6 0A000000 		.4byte	.LVL13
 684 01da 52030000 		.4byte	0x352
 685 01de 08       		.uleb128 0x8
 686 01df 0E000000 		.4byte	.LVL14
 687 01e3 5D030000 		.4byte	0x35d
 688 01e7 08       		.uleb128 0x8
 689 01e8 12000000 		.4byte	.LVL15
 690 01ec 68030000 		.4byte	0x368
 691 01f0 09       		.uleb128 0x9
 692 01f1 18000000 		.4byte	.LVL16
 693 01f5 73030000 		.4byte	0x373
 694 01f9 07020000 		.4byte	0x207
 695 01fd 0A       		.uleb128 0xa
 696 01fe 01       		.uleb128 0x1
 697 01ff 50       		.byte	0x50
 698 0200 05       		.uleb128 0x5
 699 0201 03       		.byte	0x3
 700 0202 00000000 		.4byte	pulseInt_handler
 701 0206 00       		.byte	0
 702 0207 09       		.uleb128 0x9
 703 0208 1E000000 		.4byte	.LVL17
 704 020c 7E030000 		.4byte	0x37e
 705 0210 1E020000 		.4byte	0x21e
 706 0214 0A       		.uleb128 0xa
 707 0215 01       		.uleb128 0x1
 708 0216 50       		.byte	0x50
 709 0217 05       		.uleb128 0x5
 710 0218 03       		.byte	0x3
 711 0219 00000000 		.4byte	echoInt1_handler
 712 021d 00       		.byte	0
 713 021e 09       		.uleb128 0x9
 714 021f 24000000 		.4byte	.LVL18
 715 0223 89030000 		.4byte	0x389
 716 0227 35020000 		.4byte	0x235
 717 022b 0A       		.uleb128 0xa
 718 022c 01       		.uleb128 0x1
 719 022d 50       		.byte	0x50
 720 022e 05       		.uleb128 0x5
 721 022f 03       		.byte	0x3
 722 0230 00000000 		.4byte	echoInt2_handler
 723 0234 00       		.byte	0
 724 0235 09       		.uleb128 0x9
 725 0236 2A000000 		.4byte	.LVL19
ARM GAS  C:\Users\CHRIST~1\AppData\Local\Temp\ccBoA8SA.s 			page 16


 726 023a 94030000 		.4byte	0x394
 727 023e 4C020000 		.4byte	0x24c
 728 0242 0A       		.uleb128 0xa
 729 0243 01       		.uleb128 0x1
 730 0244 50       		.byte	0x50
 731 0245 05       		.uleb128 0x5
 732 0246 03       		.byte	0x3
 733 0247 00000000 		.4byte	echoInt3_handler
 734 024b 00       		.byte	0
 735 024c 0C       		.uleb128 0xc
 736 024d 30000000 		.4byte	.LVL20
 737 0251 9F030000 		.4byte	0x39f
 738 0255 0A       		.uleb128 0xa
 739 0256 01       		.uleb128 0x1
 740 0257 50       		.byte	0x50
 741 0258 05       		.uleb128 0x5
 742 0259 03       		.byte	0x3
 743 025a 00000000 		.4byte	echoInt4_handler
 744 025e 00       		.byte	0
 745 025f 00       		.byte	0
 746 0260 0D       		.uleb128 0xd
 747 0261 B1020000 		.4byte	.LASF23
 748 0265 01       		.byte	0x1
 749 0266 61       		.byte	0x61
 750 0267 73000000 		.4byte	0x73
 751 026b 00000000 		.4byte	.LFB70
 752 026f 18000000 		.4byte	.LFE70-.LFB70
 753 0273 01       		.uleb128 0x1
 754 0274 9C       		.byte	0x9c
 755 0275 87020000 		.4byte	0x287
 756 0279 0E       		.uleb128 0xe
 757 027a BB020000 		.4byte	.LASF46
 758 027e 01       		.byte	0x1
 759 027f 63       		.byte	0x63
 760 0280 73000000 		.4byte	0x73
 761 0284 01       		.uleb128 0x1
 762 0285 50       		.byte	0x50
 763 0286 00       		.byte	0
 764 0287 0F       		.uleb128 0xf
 765 0288 8B010000 		.4byte	.LASF24
 766 028c 04       		.byte	0x4
 767 028d 1207     		.2byte	0x712
 768 028f 93020000 		.4byte	0x293
 769 0293 05       		.uleb128 0x5
 770 0294 81000000 		.4byte	0x81
 771 0298 10       		.uleb128 0x10
 772 0299 5B000000 		.4byte	.LASF25
 773 029d 01       		.byte	0x1
 774 029e 03       		.byte	0x3
 775 029f BA000000 		.4byte	0xba
 776 02a3 05       		.uleb128 0x5
 777 02a4 03       		.byte	0x3
 778 02a5 00000000 		.4byte	pulseWidth
 779 02a9 10       		.uleb128 0x10
 780 02aa 66000000 		.4byte	.LASF26
 781 02ae 01       		.byte	0x1
 782 02af 04       		.byte	0x4
ARM GAS  C:\Users\CHRIST~1\AppData\Local\Temp\ccBoA8SA.s 			page 17


 783 02b0 BA020000 		.4byte	0x2ba
 784 02b4 05       		.uleb128 0x5
 785 02b5 03       		.byte	0x3
 786 02b6 00000000 		.4byte	time_us
 787 02ba 05       		.uleb128 0x5
 788 02bb 73000000 		.4byte	0x73
 789 02bf 11       		.uleb128 0x11
 790 02c0 653100   		.ascii	"e1\000"
 791 02c3 01       		.byte	0x1
 792 02c4 05       		.byte	0x5
 793 02c5 BA020000 		.4byte	0x2ba
 794 02c9 05       		.uleb128 0x5
 795 02ca 03       		.byte	0x3
 796 02cb 00000000 		.4byte	e1
 797 02cf 11       		.uleb128 0x11
 798 02d0 653200   		.ascii	"e2\000"
 799 02d3 01       		.byte	0x1
 800 02d4 05       		.byte	0x5
 801 02d5 BA020000 		.4byte	0x2ba
 802 02d9 05       		.uleb128 0x5
 803 02da 03       		.byte	0x3
 804 02db 00000000 		.4byte	e2
 805 02df 11       		.uleb128 0x11
 806 02e0 653300   		.ascii	"e3\000"
 807 02e3 01       		.byte	0x1
 808 02e4 05       		.byte	0x5
 809 02e5 BA020000 		.4byte	0x2ba
 810 02e9 05       		.uleb128 0x5
 811 02ea 03       		.byte	0x3
 812 02eb 00000000 		.4byte	e3
 813 02ef 11       		.uleb128 0x11
 814 02f0 653400   		.ascii	"e4\000"
 815 02f3 01       		.byte	0x1
 816 02f4 05       		.byte	0x5
 817 02f5 BA020000 		.4byte	0x2ba
 818 02f9 05       		.uleb128 0x5
 819 02fa 03       		.byte	0x3
 820 02fb 00000000 		.4byte	e4
 821 02ff 10       		.uleb128 0x10
 822 0300 6E000000 		.4byte	.LASF27
 823 0304 01       		.byte	0x1
 824 0305 06       		.byte	0x6
 825 0306 BA020000 		.4byte	0x2ba
 826 030a 05       		.uleb128 0x5
 827 030b 03       		.byte	0x3
 828 030c 00000000 		.4byte	status
 829 0310 12       		.uleb128 0x12
 830 0311 44010000 		.4byte	.LASF28
 831 0315 44010000 		.4byte	.LASF28
 832 0319 05       		.byte	0x5
 833 031a 5E       		.byte	0x5e
 834 031b 12       		.uleb128 0x12
 835 031c 47000000 		.4byte	.LASF29
 836 0320 47000000 		.4byte	.LASF29
 837 0324 06       		.byte	0x6
 838 0325 26       		.byte	0x26
 839 0326 12       		.uleb128 0x12
ARM GAS  C:\Users\CHRIST~1\AppData\Local\Temp\ccBoA8SA.s 			page 18


 840 0327 D0000000 		.4byte	.LASF30
 841 032b D0000000 		.4byte	.LASF30
 842 032f 07       		.byte	0x7
 843 0330 05       		.byte	0x5
 844 0331 12       		.uleb128 0x12
 845 0332 B3010000 		.4byte	.LASF31
 846 0336 B3010000 		.4byte	.LASF31
 847 033a 07       		.byte	0x7
 848 033b 06       		.byte	0x6
 849 033c 12       		.uleb128 0x12
 850 033d D8010000 		.4byte	.LASF32
 851 0341 D8010000 		.4byte	.LASF32
 852 0345 05       		.byte	0x5
 853 0346 52       		.byte	0x52
 854 0347 12       		.uleb128 0x12
 855 0348 C6020000 		.4byte	.LASF33
 856 034c C6020000 		.4byte	.LASF33
 857 0350 08       		.byte	0x8
 858 0351 27       		.byte	0x27
 859 0352 12       		.uleb128 0x12
 860 0353 9E000000 		.4byte	.LASF34
 861 0357 9E000000 		.4byte	.LASF34
 862 035b 09       		.byte	0x9
 863 035c 27       		.byte	0x27
 864 035d 12       		.uleb128 0x12
 865 035e 21010000 		.4byte	.LASF35
 866 0362 21010000 		.4byte	.LASF35
 867 0366 0A       		.byte	0xa
 868 0367 92       		.byte	0x92
 869 0368 12       		.uleb128 0x12
 870 0369 3F030000 		.4byte	.LASF36
 871 036d 3F030000 		.4byte	.LASF36
 872 0371 05       		.byte	0x5
 873 0372 4F       		.byte	0x4f
 874 0373 12       		.uleb128 0x12
 875 0374 2E030000 		.4byte	.LASF37
 876 0378 2E030000 		.4byte	.LASF37
 877 037c 0B       		.byte	0xb
 878 037d 18       		.byte	0x18
 879 037e 12       		.uleb128 0x12
 880 037f 13000000 		.4byte	.LASF38
 881 0383 13000000 		.4byte	.LASF38
 882 0387 0C       		.byte	0xc
 883 0388 18       		.byte	0x18
 884 0389 12       		.uleb128 0x12
 885 038a 32010000 		.4byte	.LASF39
 886 038e 32010000 		.4byte	.LASF39
 887 0392 0D       		.byte	0xd
 888 0393 18       		.byte	0x18
 889 0394 12       		.uleb128 0x12
 890 0395 E1020000 		.4byte	.LASF40
 891 0399 E1020000 		.4byte	.LASF40
 892 039d 0E       		.byte	0xe
 893 039e 18       		.byte	0x18
 894 039f 12       		.uleb128 0x12
 895 03a0 75000000 		.4byte	.LASF41
 896 03a4 75000000 		.4byte	.LASF41
ARM GAS  C:\Users\CHRIST~1\AppData\Local\Temp\ccBoA8SA.s 			page 19


 897 03a8 0F       		.byte	0xf
 898 03a9 18       		.byte	0x18
 899 03aa 00       		.byte	0
 900              		.section	.debug_abbrev,"",%progbits
 901              	.Ldebug_abbrev0:
 902 0000 01       		.uleb128 0x1
 903 0001 11       		.uleb128 0x11
 904 0002 01       		.byte	0x1
 905 0003 25       		.uleb128 0x25
 906 0004 0E       		.uleb128 0xe
 907 0005 13       		.uleb128 0x13
 908 0006 0B       		.uleb128 0xb
 909 0007 03       		.uleb128 0x3
 910 0008 0E       		.uleb128 0xe
 911 0009 1B       		.uleb128 0x1b
 912 000a 0E       		.uleb128 0xe
 913 000b 55       		.uleb128 0x55
 914 000c 17       		.uleb128 0x17
 915 000d 11       		.uleb128 0x11
 916 000e 01       		.uleb128 0x1
 917 000f 10       		.uleb128 0x10
 918 0010 17       		.uleb128 0x17
 919 0011 00       		.byte	0
 920 0012 00       		.byte	0
 921 0013 02       		.uleb128 0x2
 922 0014 24       		.uleb128 0x24
 923 0015 00       		.byte	0
 924 0016 0B       		.uleb128 0xb
 925 0017 0B       		.uleb128 0xb
 926 0018 3E       		.uleb128 0x3e
 927 0019 0B       		.uleb128 0xb
 928 001a 03       		.uleb128 0x3
 929 001b 0E       		.uleb128 0xe
 930 001c 00       		.byte	0
 931 001d 00       		.byte	0
 932 001e 03       		.uleb128 0x3
 933 001f 16       		.uleb128 0x16
 934 0020 00       		.byte	0
 935 0021 03       		.uleb128 0x3
 936 0022 0E       		.uleb128 0xe
 937 0023 3A       		.uleb128 0x3a
 938 0024 0B       		.uleb128 0xb
 939 0025 3B       		.uleb128 0x3b
 940 0026 0B       		.uleb128 0xb
 941 0027 49       		.uleb128 0x49
 942 0028 13       		.uleb128 0x13
 943 0029 00       		.byte	0
 944 002a 00       		.byte	0
 945 002b 04       		.uleb128 0x4
 946 002c 24       		.uleb128 0x24
 947 002d 00       		.byte	0
 948 002e 0B       		.uleb128 0xb
 949 002f 0B       		.uleb128 0xb
 950 0030 3E       		.uleb128 0x3e
 951 0031 0B       		.uleb128 0xb
 952 0032 03       		.uleb128 0x3
 953 0033 08       		.uleb128 0x8
ARM GAS  C:\Users\CHRIST~1\AppData\Local\Temp\ccBoA8SA.s 			page 20


 954 0034 00       		.byte	0
 955 0035 00       		.byte	0
 956 0036 05       		.uleb128 0x5
 957 0037 35       		.uleb128 0x35
 958 0038 00       		.byte	0
 959 0039 49       		.uleb128 0x49
 960 003a 13       		.uleb128 0x13
 961 003b 00       		.byte	0
 962 003c 00       		.byte	0
 963 003d 06       		.uleb128 0x6
 964 003e 2E       		.uleb128 0x2e
 965 003f 00       		.byte	0
 966 0040 3F       		.uleb128 0x3f
 967 0041 19       		.uleb128 0x19
 968 0042 03       		.uleb128 0x3
 969 0043 0E       		.uleb128 0xe
 970 0044 3A       		.uleb128 0x3a
 971 0045 0B       		.uleb128 0xb
 972 0046 3B       		.uleb128 0x3b
 973 0047 0B       		.uleb128 0xb
 974 0048 27       		.uleb128 0x27
 975 0049 19       		.uleb128 0x19
 976 004a 11       		.uleb128 0x11
 977 004b 01       		.uleb128 0x1
 978 004c 12       		.uleb128 0x12
 979 004d 06       		.uleb128 0x6
 980 004e 40       		.uleb128 0x40
 981 004f 18       		.uleb128 0x18
 982 0050 9742     		.uleb128 0x2117
 983 0052 19       		.uleb128 0x19
 984 0053 00       		.byte	0
 985 0054 00       		.byte	0
 986 0055 07       		.uleb128 0x7
 987 0056 2E       		.uleb128 0x2e
 988 0057 01       		.byte	0x1
 989 0058 3F       		.uleb128 0x3f
 990 0059 19       		.uleb128 0x19
 991 005a 03       		.uleb128 0x3
 992 005b 0E       		.uleb128 0xe
 993 005c 3A       		.uleb128 0x3a
 994 005d 0B       		.uleb128 0xb
 995 005e 3B       		.uleb128 0x3b
 996 005f 0B       		.uleb128 0xb
 997 0060 27       		.uleb128 0x27
 998 0061 19       		.uleb128 0x19
 999 0062 11       		.uleb128 0x11
 1000 0063 01       		.uleb128 0x1
 1001 0064 12       		.uleb128 0x12
 1002 0065 06       		.uleb128 0x6
 1003 0066 40       		.uleb128 0x40
 1004 0067 18       		.uleb128 0x18
 1005 0068 9742     		.uleb128 0x2117
 1006 006a 19       		.uleb128 0x19
 1007 006b 01       		.uleb128 0x1
 1008 006c 13       		.uleb128 0x13
 1009 006d 00       		.byte	0
 1010 006e 00       		.byte	0
ARM GAS  C:\Users\CHRIST~1\AppData\Local\Temp\ccBoA8SA.s 			page 21


 1011 006f 08       		.uleb128 0x8
 1012 0070 898201   		.uleb128 0x4109
 1013 0073 00       		.byte	0
 1014 0074 11       		.uleb128 0x11
 1015 0075 01       		.uleb128 0x1
 1016 0076 31       		.uleb128 0x31
 1017 0077 13       		.uleb128 0x13
 1018 0078 00       		.byte	0
 1019 0079 00       		.byte	0
 1020 007a 09       		.uleb128 0x9
 1021 007b 898201   		.uleb128 0x4109
 1022 007e 01       		.byte	0x1
 1023 007f 11       		.uleb128 0x11
 1024 0080 01       		.uleb128 0x1
 1025 0081 31       		.uleb128 0x31
 1026 0082 13       		.uleb128 0x13
 1027 0083 01       		.uleb128 0x1
 1028 0084 13       		.uleb128 0x13
 1029 0085 00       		.byte	0
 1030 0086 00       		.byte	0
 1031 0087 0A       		.uleb128 0xa
 1032 0088 8A8201   		.uleb128 0x410a
 1033 008b 00       		.byte	0
 1034 008c 02       		.uleb128 0x2
 1035 008d 18       		.uleb128 0x18
 1036 008e 9142     		.uleb128 0x2111
 1037 0090 18       		.uleb128 0x18
 1038 0091 00       		.byte	0
 1039 0092 00       		.byte	0
 1040 0093 0B       		.uleb128 0xb
 1041 0094 2E       		.uleb128 0x2e
 1042 0095 01       		.byte	0x1
 1043 0096 3F       		.uleb128 0x3f
 1044 0097 19       		.uleb128 0x19
 1045 0098 03       		.uleb128 0x3
 1046 0099 0E       		.uleb128 0xe
 1047 009a 3A       		.uleb128 0x3a
 1048 009b 0B       		.uleb128 0xb
 1049 009c 3B       		.uleb128 0x3b
 1050 009d 0B       		.uleb128 0xb
 1051 009e 11       		.uleb128 0x11
 1052 009f 01       		.uleb128 0x1
 1053 00a0 12       		.uleb128 0x12
 1054 00a1 06       		.uleb128 0x6
 1055 00a2 40       		.uleb128 0x40
 1056 00a3 18       		.uleb128 0x18
 1057 00a4 9742     		.uleb128 0x2117
 1058 00a6 19       		.uleb128 0x19
 1059 00a7 01       		.uleb128 0x1
 1060 00a8 13       		.uleb128 0x13
 1061 00a9 00       		.byte	0
 1062 00aa 00       		.byte	0
 1063 00ab 0C       		.uleb128 0xc
 1064 00ac 898201   		.uleb128 0x4109
 1065 00af 01       		.byte	0x1
 1066 00b0 11       		.uleb128 0x11
 1067 00b1 01       		.uleb128 0x1
ARM GAS  C:\Users\CHRIST~1\AppData\Local\Temp\ccBoA8SA.s 			page 22


 1068 00b2 31       		.uleb128 0x31
 1069 00b3 13       		.uleb128 0x13
 1070 00b4 00       		.byte	0
 1071 00b5 00       		.byte	0
 1072 00b6 0D       		.uleb128 0xd
 1073 00b7 2E       		.uleb128 0x2e
 1074 00b8 01       		.byte	0x1
 1075 00b9 3F       		.uleb128 0x3f
 1076 00ba 19       		.uleb128 0x19
 1077 00bb 03       		.uleb128 0x3
 1078 00bc 0E       		.uleb128 0xe
 1079 00bd 3A       		.uleb128 0x3a
 1080 00be 0B       		.uleb128 0xb
 1081 00bf 3B       		.uleb128 0x3b
 1082 00c0 0B       		.uleb128 0xb
 1083 00c1 49       		.uleb128 0x49
 1084 00c2 13       		.uleb128 0x13
 1085 00c3 11       		.uleb128 0x11
 1086 00c4 01       		.uleb128 0x1
 1087 00c5 12       		.uleb128 0x12
 1088 00c6 06       		.uleb128 0x6
 1089 00c7 40       		.uleb128 0x40
 1090 00c8 18       		.uleb128 0x18
 1091 00c9 9742     		.uleb128 0x2117
 1092 00cb 19       		.uleb128 0x19
 1093 00cc 01       		.uleb128 0x1
 1094 00cd 13       		.uleb128 0x13
 1095 00ce 00       		.byte	0
 1096 00cf 00       		.byte	0
 1097 00d0 0E       		.uleb128 0xe
 1098 00d1 34       		.uleb128 0x34
 1099 00d2 00       		.byte	0
 1100 00d3 03       		.uleb128 0x3
 1101 00d4 0E       		.uleb128 0xe
 1102 00d5 3A       		.uleb128 0x3a
 1103 00d6 0B       		.uleb128 0xb
 1104 00d7 3B       		.uleb128 0x3b
 1105 00d8 0B       		.uleb128 0xb
 1106 00d9 49       		.uleb128 0x49
 1107 00da 13       		.uleb128 0x13
 1108 00db 02       		.uleb128 0x2
 1109 00dc 18       		.uleb128 0x18
 1110 00dd 00       		.byte	0
 1111 00de 00       		.byte	0
 1112 00df 0F       		.uleb128 0xf
 1113 00e0 34       		.uleb128 0x34
 1114 00e1 00       		.byte	0
 1115 00e2 03       		.uleb128 0x3
 1116 00e3 0E       		.uleb128 0xe
 1117 00e4 3A       		.uleb128 0x3a
 1118 00e5 0B       		.uleb128 0xb
 1119 00e6 3B       		.uleb128 0x3b
 1120 00e7 05       		.uleb128 0x5
 1121 00e8 49       		.uleb128 0x49
 1122 00e9 13       		.uleb128 0x13
 1123 00ea 3F       		.uleb128 0x3f
 1124 00eb 19       		.uleb128 0x19
ARM GAS  C:\Users\CHRIST~1\AppData\Local\Temp\ccBoA8SA.s 			page 23


 1125 00ec 3C       		.uleb128 0x3c
 1126 00ed 19       		.uleb128 0x19
 1127 00ee 00       		.byte	0
 1128 00ef 00       		.byte	0
 1129 00f0 10       		.uleb128 0x10
 1130 00f1 34       		.uleb128 0x34
 1131 00f2 00       		.byte	0
 1132 00f3 03       		.uleb128 0x3
 1133 00f4 0E       		.uleb128 0xe
 1134 00f5 3A       		.uleb128 0x3a
 1135 00f6 0B       		.uleb128 0xb
 1136 00f7 3B       		.uleb128 0x3b
 1137 00f8 0B       		.uleb128 0xb
 1138 00f9 49       		.uleb128 0x49
 1139 00fa 13       		.uleb128 0x13
 1140 00fb 3F       		.uleb128 0x3f
 1141 00fc 19       		.uleb128 0x19
 1142 00fd 02       		.uleb128 0x2
 1143 00fe 18       		.uleb128 0x18
 1144 00ff 00       		.byte	0
 1145 0100 00       		.byte	0
 1146 0101 11       		.uleb128 0x11
 1147 0102 34       		.uleb128 0x34
 1148 0103 00       		.byte	0
 1149 0104 03       		.uleb128 0x3
 1150 0105 08       		.uleb128 0x8
 1151 0106 3A       		.uleb128 0x3a
 1152 0107 0B       		.uleb128 0xb
 1153 0108 3B       		.uleb128 0x3b
 1154 0109 0B       		.uleb128 0xb
 1155 010a 49       		.uleb128 0x49
 1156 010b 13       		.uleb128 0x13
 1157 010c 3F       		.uleb128 0x3f
 1158 010d 19       		.uleb128 0x19
 1159 010e 02       		.uleb128 0x2
 1160 010f 18       		.uleb128 0x18
 1161 0110 00       		.byte	0
 1162 0111 00       		.byte	0
 1163 0112 12       		.uleb128 0x12
 1164 0113 2E       		.uleb128 0x2e
 1165 0114 00       		.byte	0
 1166 0115 3F       		.uleb128 0x3f
 1167 0116 19       		.uleb128 0x19
 1168 0117 3C       		.uleb128 0x3c
 1169 0118 19       		.uleb128 0x19
 1170 0119 6E       		.uleb128 0x6e
 1171 011a 0E       		.uleb128 0xe
 1172 011b 03       		.uleb128 0x3
 1173 011c 0E       		.uleb128 0xe
 1174 011d 3A       		.uleb128 0x3a
 1175 011e 0B       		.uleb128 0xb
 1176 011f 3B       		.uleb128 0x3b
 1177 0120 0B       		.uleb128 0xb
 1178 0121 00       		.byte	0
 1179 0122 00       		.byte	0
 1180 0123 00       		.byte	0
 1181              		.section	.debug_aranges,"",%progbits
ARM GAS  C:\Users\CHRIST~1\AppData\Local\Temp\ccBoA8SA.s 			page 24


 1182 0000 4C000000 		.4byte	0x4c
 1183 0004 0200     		.2byte	0x2
 1184 0006 00000000 		.4byte	.Ldebug_info0
 1185 000a 04       		.byte	0x4
 1186 000b 00       		.byte	0
 1187 000c 0000     		.2byte	0
 1188 000e 0000     		.2byte	0
 1189 0010 00000000 		.4byte	.LFB65
 1190 0014 24000000 		.4byte	.LFE65-.LFB65
 1191 0018 00000000 		.4byte	.LFB66
 1192 001c 24000000 		.4byte	.LFE66-.LFB66
 1193 0020 00000000 		.4byte	.LFB67
 1194 0024 24000000 		.4byte	.LFE67-.LFB67
 1195 0028 00000000 		.4byte	.LFB68
 1196 002c 24000000 		.4byte	.LFE68-.LFB68
 1197 0030 00000000 		.4byte	.LFB64
 1198 0034 9C000000 		.4byte	.LFE64-.LFB64
 1199 0038 00000000 		.4byte	.LFB69
 1200 003c 48000000 		.4byte	.LFE69-.LFB69
 1201 0040 00000000 		.4byte	.LFB70
 1202 0044 18000000 		.4byte	.LFE70-.LFB70
 1203 0048 00000000 		.4byte	0
 1204 004c 00000000 		.4byte	0
 1205              		.section	.debug_ranges,"",%progbits
 1206              	.Ldebug_ranges0:
 1207 0000 00000000 		.4byte	.LFB65
 1208 0004 24000000 		.4byte	.LFE65
 1209 0008 00000000 		.4byte	.LFB66
 1210 000c 24000000 		.4byte	.LFE66
 1211 0010 00000000 		.4byte	.LFB67
 1212 0014 24000000 		.4byte	.LFE67
 1213 0018 00000000 		.4byte	.LFB68
 1214 001c 24000000 		.4byte	.LFE68
 1215 0020 00000000 		.4byte	.LFB64
 1216 0024 9C000000 		.4byte	.LFE64
 1217 0028 00000000 		.4byte	.LFB69
 1218 002c 48000000 		.4byte	.LFE69
 1219 0030 00000000 		.4byte	.LFB70
 1220 0034 18000000 		.4byte	.LFE70
 1221 0038 00000000 		.4byte	0
 1222 003c 00000000 		.4byte	0
 1223              		.section	.debug_line,"",%progbits
 1224              	.Ldebug_line0:
 1225 0000 8E020000 		.section	.debug_str,"MS",%progbits,1
 1225      0200ED01 
 1225      00000201 
 1225      FB0E0D00 
 1225      01010101 
 1226              	.LASF43:
 1227 0000 756C7472 		.ascii	"ultrasoundDriver.c\000"
 1227      61736F75 
 1227      6E644472 
 1227      69766572 
 1227      2E6300
 1228              	.LASF38:
 1229 0013 6563686F 		.ascii	"echoInt_1_StartEx\000"
 1229      496E745F 
ARM GAS  C:\Users\CHRIST~1\AppData\Local\Temp\ccBoA8SA.s 			page 25


 1229      315F5374 
 1229      61727445 
 1229      7800
 1230              	.LASF22:
 1231 0025 70756C73 		.ascii	"pulseInt_handler\000"
 1231      65496E74 
 1231      5F68616E 
 1231      646C6572 
 1231      00
 1232              	.LASF18:
 1233 0036 6563686F 		.ascii	"echoInt1_handler\000"
 1233      496E7431 
 1233      5F68616E 
 1233      646C6572 
 1233      00
 1234              	.LASF29:
 1235 0047 4C45445F 		.ascii	"LED_Write\000"
 1235      57726974 
 1235      6500
 1236              	.LASF5:
 1237 0051 5F5F696E 		.ascii	"__int32_t\000"
 1237      7433325F 
 1237      7400
 1238              	.LASF25:
 1239 005b 70756C73 		.ascii	"pulseWidth\000"
 1239      65576964 
 1239      746800
 1240              	.LASF26:
 1241 0066 74696D65 		.ascii	"time_us\000"
 1241      5F757300 
 1242              	.LASF27:
 1243 006e 73746174 		.ascii	"status\000"
 1243      757300
 1244              	.LASF41:
 1245 0075 6563686F 		.ascii	"echoInt_4_StartEx\000"
 1245      496E745F 
 1245      345F5374 
 1245      61727445 
 1245      7800
 1246              	.LASF21:
 1247 0087 6563686F 		.ascii	"echoInt4_handler\000"
 1247      496E7434 
 1247      5F68616E 
 1247      646C6572 
 1247      00
 1248              	.LASF13:
 1249 0098 666C6F61 		.ascii	"float\000"
 1249      7400
 1250              	.LASF34:
 1251 009e 434C4B5F 		.ascii	"CLK_24MHz_Start\000"
 1251      32344D48 
 1251      7A5F5374 
 1251      61727400 
 1252              	.LASF45:
 1253 00ae 756C7472 		.ascii	"ultraSoundInit\000"
 1253      61536F75 
 1253      6E64496E 
ARM GAS  C:\Users\CHRIST~1\AppData\Local\Temp\ccBoA8SA.s 			page 26


 1253      697400
 1254              	.LASF3:
 1255 00bd 73686F72 		.ascii	"short unsigned int\000"
 1255      7420756E 
 1255      7369676E 
 1255      65642069 
 1255      6E7400
 1256              	.LASF30:
 1257 00d0 73746F70 		.ascii	"stop\000"
 1257      00
 1258              	.LASF44:
 1259 00d5 433A5C55 		.ascii	"C:\\Users\\Christian\\Desktop\\3. Semester\\PRJ3\\U"
 1259      73657273 
 1259      5C436872 
 1259      69737469 
 1259      616E5C44 
 1260 0102 6C747261 		.ascii	"ltrasoundv2\\Ultrasoundv2.cydsn\000"
 1260      736F756E 
 1260      6476325C 
 1260      556C7472 
 1260      61736F75 
 1261              	.LASF35:
 1262 0121 74726967 		.ascii	"triggerPWM_Start\000"
 1262      67657250 
 1262      574D5F53 
 1262      74617274 
 1262      00
 1263              	.LASF39:
 1264 0132 6563686F 		.ascii	"echoInt_2_StartEx\000"
 1264      496E745F 
 1264      325F5374 
 1264      61727445 
 1264      7800
 1265              	.LASF28:
 1266 0144 70756C73 		.ascii	"pulseCounter_ReadCapture\000"
 1266      65436F75 
 1266      6E746572 
 1266      5F526561 
 1266      64436170 
 1267              	.LASF7:
 1268 015d 6C6F6E67 		.ascii	"long unsigned int\000"
 1268      20756E73 
 1268      69676E65 
 1268      6420696E 
 1268      7400
 1269              	.LASF19:
 1270 016f 6563686F 		.ascii	"echoInt2_handler\000"
 1270      496E7432 
 1270      5F68616E 
 1270      646C6572 
 1270      00
 1271              	.LASF6:
 1272 0180 5F5F7569 		.ascii	"__uint32_t\000"
 1272      6E743332 
 1272      5F7400
 1273              	.LASF24:
 1274 018b 49544D5F 		.ascii	"ITM_RxBuffer\000"
ARM GAS  C:\Users\CHRIST~1\AppData\Local\Temp\ccBoA8SA.s 			page 27


 1274      52784275 
 1274      66666572 
 1274      00
 1275              	.LASF1:
 1276 0198 756E7369 		.ascii	"unsigned char\000"
 1276      676E6564 
 1276      20636861 
 1276      7200
 1277              	.LASF10:
 1278 01a6 756E7369 		.ascii	"unsigned int\000"
 1278      676E6564 
 1278      20696E74 
 1278      00
 1279              	.LASF31:
 1280 01b3 64726976 		.ascii	"driveForwards\000"
 1280      65466F72 
 1280      77617264 
 1280      7300
 1281              	.LASF9:
 1282 01c1 6C6F6E67 		.ascii	"long long unsigned int\000"
 1282      206C6F6E 
 1282      6720756E 
 1282      7369676E 
 1282      65642069 
 1283              	.LASF32:
 1284 01d8 70756C73 		.ascii	"pulseCounter_ReadStatusRegister\000"
 1284      65436F75 
 1284      6E746572 
 1284      5F526561 
 1284      64537461 
 1285              	.LASF14:
 1286 01f8 646F7562 		.ascii	"double\000"
 1286      6C6500
 1287              	.LASF42:
 1288 01ff 474E5520 		.ascii	"GNU C11 5.4.1 20160609 (release) [ARM/embedded-5-br"
 1288      43313120 
 1288      352E342E 
 1288      31203230 
 1288      31363036 
 1289 0232 616E6368 		.ascii	"anch revision 237715] -mcpu=cortex-m3 -mthumb -g -O"
 1289      20726576 
 1289      6973696F 
 1289      6E203233 
 1289      37373135 
 1290 0265 67202D66 		.ascii	"g -ffunction-sections -ffat-lto-objects\000"
 1290      66756E63 
 1290      74696F6E 
 1290      2D736563 
 1290      74696F6E 
 1291              	.LASF11:
 1292 028d 696E7433 		.ascii	"int32_t\000"
 1292      325F7400 
 1293              	.LASF17:
 1294 0295 73697A65 		.ascii	"sizetype\000"
 1294      74797065 
 1294      00
 1295              	.LASF8:
ARM GAS  C:\Users\CHRIST~1\AppData\Local\Temp\ccBoA8SA.s 			page 28


 1296 029e 6C6F6E67 		.ascii	"long long int\000"
 1296      206C6F6E 
 1296      6720696E 
 1296      7400
 1297              	.LASF15:
 1298 02ac 63686172 		.ascii	"char\000"
 1298      00
 1299              	.LASF23:
 1300 02b1 67657453 		.ascii	"getStatus\000"
 1300      74617475 
 1300      7300
 1301              	.LASF46:
 1302 02bb 74656D70 		.ascii	"tempStatus\000"
 1302      53746174 
 1302      757300
 1303              	.LASF33:
 1304 02c6 434C4B5F 		.ascii	"CLK_500kHz_Start\000"
 1304      3530306B 
 1304      487A5F53 
 1304      74617274 
 1304      00
 1305              	.LASF2:
 1306 02d7 73686F72 		.ascii	"short int\000"
 1306      7420696E 
 1306      7400
 1307              	.LASF40:
 1308 02e1 6563686F 		.ascii	"echoInt_3_StartEx\000"
 1308      496E745F 
 1308      335F5374 
 1308      61727445 
 1308      7800
 1309              	.LASF20:
 1310 02f3 6563686F 		.ascii	"echoInt3_handler\000"
 1310      496E7433 
 1310      5F68616E 
 1310      646C6572 
 1310      00
 1311              	.LASF12:
 1312 0304 75696E74 		.ascii	"uint32_t\000"
 1312      33325F74 
 1312      00
 1313              	.LASF4:
 1314 030d 6C6F6E67 		.ascii	"long int\000"
 1314      20696E74 
 1314      00
 1315              	.LASF16:
 1316 0316 6C6F6E67 		.ascii	"long double\000"
 1316      20646F75 
 1316      626C6500 
 1317              	.LASF0:
 1318 0322 7369676E 		.ascii	"signed char\000"
 1318      65642063 
 1318      68617200 
 1319              	.LASF37:
 1320 032e 70756C73 		.ascii	"pulseInt_StartEx\000"
 1320      65496E74 
 1320      5F537461 
ARM GAS  C:\Users\CHRIST~1\AppData\Local\Temp\ccBoA8SA.s 			page 29


 1320      72744578 
 1320      00
 1321              	.LASF36:
 1322 033f 70756C73 		.ascii	"pulseCounter_Start\000"
 1322      65436F75 
 1322      6E746572 
 1322      5F537461 
 1322      727400
 1323              		.ident	"GCC: (GNU Tools for ARM Embedded Processors) 5.4.1 20160609 (release) [ARM/embedded-5-bran
