ARM GAS  C:\Users\LUCASI~1\AppData\Local\Temp\ccwN4vJz.s 			page 1


   1              		.syntax unified
   2              		.cpu cortex-m3
   3              		.fpu softvfp
   4              		.eabi_attribute 20, 1
   5              		.eabi_attribute 21, 1
   6              		.eabi_attribute 23, 3
   7              		.eabi_attribute 24, 1
   8              		.eabi_attribute 25, 1
   9              		.eabi_attribute 26, 1
  10              		.eabi_attribute 30, 1
  11              		.eabi_attribute 34, 1
  12              		.eabi_attribute 18, 4
  13              		.thumb
  14              		.syntax unified
  15              		.file	"waitingState.c"
  16              		.text
  17              	.Ltext0:
  18              		.cfi_sections	.debug_frame
  19              		.section	.text.waitingStateStart,"ax",%progbits
  20              		.align	2
  21              		.global	waitingStateStart
  22              		.thumb
  23              		.thumb_func
  24              		.type	waitingStateStart, %function
  25              	waitingStateStart:
  26              	.LFB63:
  27              		.file 1 "waitingState.c"
   1:waitingState.c **** #include "waitingState.h"
   2:waitingState.c **** #include "rpiCommunication.h"
   3:waitingState.c **** #include "scale.h"
   4:waitingState.c **** #include "soundApp.h"
   5:waitingState.c **** 
   6:waitingState.c **** void waitingStateStart()
   7:waitingState.c **** {
  28              		.loc 1 7 0
  29              		.cfi_startproc
  30              		@ args = 0, pretend = 0, frame = 0
  31              		@ frame_needed = 0, uses_anonymous_args = 0
  32 0000 08B5     		push	{r3, lr}
  33              		.cfi_def_cfa_offset 8
  34              		.cfi_offset 3, -8
  35              		.cfi_offset 14, -4
   8:waitingState.c ****     if(rpiRunning == 1)
  36              		.loc 1 8 0
  37 0002 094B     		ldr	r3, .L4
  38 0004 1B68     		ldr	r3, [r3]
  39 0006 012B     		cmp	r3, #1
  40 0008 0CD1     		bne	.L1
   9:waitingState.c ****     {
  10:waitingState.c ****         if(readScaleStatus() != 0)
  41              		.loc 1 10 0
  42 000a FFF7FEFF 		bl	readScaleStatus
  43              	.LVL0:
  44 000e 48B1     		cbz	r0, .L1
  11:waitingState.c ****         {
  12:waitingState.c ****             sendToSOMO(1);
  45              		.loc 1 12 0
ARM GAS  C:\Users\LUCASI~1\AppData\Local\Temp\ccwN4vJz.s 			page 2


  46 0010 0120     		movs	r0, #1
  47 0012 FFF7FEFF 		bl	sendToSOMO
  48              	.LVL1:
  13:waitingState.c ****             CyDelay(3000);
  49              		.loc 1 13 0
  50 0016 40F6B830 		movw	r0, #3000
  51 001a FFF7FEFF 		bl	CyDelay
  52              	.LVL2:
  14:waitingState.c ****             running_ = 1;
  53              		.loc 1 14 0
  54 001e 0122     		movs	r2, #1
  55 0020 024B     		ldr	r3, .L4+4
  56 0022 1A60     		str	r2, [r3]
  57              	.L1:
  58 0024 08BD     		pop	{r3, pc}
  59              	.L5:
  60 0026 00BF     		.align	2
  61              	.L4:
  62 0028 00000000 		.word	rpiRunning
  63 002c 00000000 		.word	running_
  64              		.cfi_endproc
  65              	.LFE63:
  66              		.size	waitingStateStart, .-waitingStateStart
  67              		.section	.text.waitingStateDrink,"ax",%progbits
  68              		.align	2
  69              		.global	waitingStateDrink
  70              		.thumb
  71              		.thumb_func
  72              		.type	waitingStateDrink, %function
  73              	waitingStateDrink:
  74              	.LFB64:
  15:waitingState.c ****         }
  16:waitingState.c ****     }
  17:waitingState.c **** }
  18:waitingState.c **** 
  19:waitingState.c **** void waitingStateDrink()
  20:waitingState.c **** {
  75              		.loc 1 20 0
  76              		.cfi_startproc
  77              		@ args = 0, pretend = 0, frame = 0
  78              		@ frame_needed = 0, uses_anonymous_args = 0
  79 0000 08B5     		push	{r3, lr}
  80              		.cfi_def_cfa_offset 8
  81              		.cfi_offset 3, -8
  82              		.cfi_offset 14, -4
  21:waitingState.c ****     running_ = 0;
  83              		.loc 1 21 0
  84 0002 0022     		movs	r2, #0
  85 0004 064B     		ldr	r3, .L10
  86 0006 1A60     		str	r2, [r3]
  87              	.L7:
  22:waitingState.c ****     
  23:waitingState.c ****     while(readScaleStatus()!= 1)
  88              		.loc 1 23 0 discriminator 1
  89 0008 FFF7FEFF 		bl	readScaleStatus
  90              	.LVL3:
  91 000c 0128     		cmp	r0, #1
ARM GAS  C:\Users\LUCASI~1\AppData\Local\Temp\ccwN4vJz.s 			page 3


  92 000e FBD1     		bne	.L7
  93              	.L8:
  24:waitingState.c ****     {
  25:waitingState.c ****         
  26:waitingState.c ****     }
  27:waitingState.c ****     while(readScaleStatus()== 1)
  94              		.loc 1 27 0 discriminator 1
  95 0010 FFF7FEFF 		bl	readScaleStatus
  96              	.LVL4:
  97 0014 0128     		cmp	r0, #1
  98 0016 FBD0     		beq	.L8
  28:waitingState.c ****     {
  29:waitingState.c ****         
  30:waitingState.c ****     }
  31:waitingState.c ****     
  32:waitingState.c ****     running_ = 1;
  99              		.loc 1 32 0
 100 0018 0122     		movs	r2, #1
 101 001a 014B     		ldr	r3, .L10
 102 001c 1A60     		str	r2, [r3]
 103 001e 08BD     		pop	{r3, pc}
 104              	.L11:
 105              		.align	2
 106              	.L10:
 107 0020 00000000 		.word	running_
 108              		.cfi_endproc
 109              	.LFE64:
 110              		.size	waitingStateDrink, .-waitingStateDrink
 111              		.comm	count_not_high,2,2
 112              		.comm	count_not_low,2,2
 113              		.comm	count_ok,2,2
 114              		.comm	measurement,2,2
 115              		.comm	uartBuffer,256,4
 116              		.comm	result,2,2
 117              		.comm	rpiRunning,4,4
 118              		.comm	running_,4,4
 119              		.text
 120              	.Letext0:
 121              		.file 2 "c:\\program files (x86)\\cypress\\psoc creator\\4.2\\psoc creator\\import\\gnu\\arm\\5.4.
 122              		.file 3 "c:\\program files (x86)\\cypress\\psoc creator\\4.2\\psoc creator\\import\\gnu\\arm\\5.4.
 123              		.file 4 "waitingState.h"
 124              		.file 5 "Generated_Source\\PSoC5/core_cm3.h"
 125              		.file 6 "rpiCommunication.h"
 126              		.file 7 "scale.h"
 127              		.file 8 "soundApp.h"
 128              		.file 9 "Generated_Source\\PSoC5/CyLib.h"
 129              		.section	.debug_info,"",%progbits
 130              	.Ldebug_info0:
 131 0000 EC010000 		.4byte	0x1ec
 132 0004 0400     		.2byte	0x4
 133 0006 00000000 		.4byte	.Ldebug_abbrev0
 134 000a 04       		.byte	0x4
 135 000b 01       		.uleb128 0x1
 136 000c 4A000000 		.4byte	.LASF32
 137 0010 0C       		.byte	0xc
 138 0011 15000000 		.4byte	.LASF33
 139 0015 8F010000 		.4byte	.LASF34
ARM GAS  C:\Users\LUCASI~1\AppData\Local\Temp\ccwN4vJz.s 			page 4


 140 0019 00000000 		.4byte	.Ldebug_ranges0+0
 141 001d 00000000 		.4byte	0
 142 0021 00000000 		.4byte	.Ldebug_line0
 143 0025 02       		.uleb128 0x2
 144 0026 01       		.byte	0x1
 145 0027 06       		.byte	0x6
 146 0028 44020000 		.4byte	.LASF0
 147 002c 02       		.uleb128 0x2
 148 002d 01       		.byte	0x1
 149 002e 08       		.byte	0x8
 150 002f 3C000000 		.4byte	.LASF1
 151 0033 02       		.uleb128 0x2
 152 0034 02       		.byte	0x2
 153 0035 05       		.byte	0x5
 154 0036 1C020000 		.4byte	.LASF2
 155 003a 03       		.uleb128 0x3
 156 003b 36010000 		.4byte	.LASF4
 157 003f 02       		.byte	0x2
 158 0040 2B       		.byte	0x2b
 159 0041 45000000 		.4byte	0x45
 160 0045 02       		.uleb128 0x2
 161 0046 02       		.byte	0x2
 162 0047 07       		.byte	0x7
 163 0048 FE000000 		.4byte	.LASF3
 164 004c 03       		.uleb128 0x3
 165 004d 0B000000 		.4byte	.LASF5
 166 0051 02       		.byte	0x2
 167 0052 3F       		.byte	0x3f
 168 0053 57000000 		.4byte	0x57
 169 0057 02       		.uleb128 0x2
 170 0058 04       		.byte	0x4
 171 0059 05       		.byte	0x5
 172 005a 2F020000 		.4byte	.LASF6
 173 005e 02       		.uleb128 0x2
 174 005f 04       		.byte	0x4
 175 0060 07       		.byte	0x7
 176 0061 EC000000 		.4byte	.LASF7
 177 0065 02       		.uleb128 0x2
 178 0066 08       		.byte	0x8
 179 0067 05       		.byte	0x5
 180 0068 DE010000 		.4byte	.LASF8
 181 006c 02       		.uleb128 0x2
 182 006d 08       		.byte	0x8
 183 006e 07       		.byte	0x7
 184 006f 71010000 		.4byte	.LASF9
 185 0073 04       		.uleb128 0x4
 186 0074 04       		.byte	0x4
 187 0075 05       		.byte	0x5
 188 0076 696E7400 		.ascii	"int\000"
 189 007a 02       		.uleb128 0x2
 190 007b 04       		.byte	0x4
 191 007c 07       		.byte	0x7
 192 007d 58010000 		.4byte	.LASF10
 193 0081 03       		.uleb128 0x3
 194 0082 26020000 		.4byte	.LASF11
 195 0086 03       		.byte	0x3
 196 0087 24       		.byte	0x24
ARM GAS  C:\Users\LUCASI~1\AppData\Local\Temp\ccwN4vJz.s 			page 5


 197 0088 3A000000 		.4byte	0x3a
 198 008c 03       		.uleb128 0x3
 199 008d CD010000 		.4byte	.LASF12
 200 0091 03       		.byte	0x3
 201 0092 2C       		.byte	0x2c
 202 0093 4C000000 		.4byte	0x4c
 203 0097 02       		.uleb128 0x2
 204 0098 04       		.byte	0x4
 205 0099 04       		.byte	0x4
 206 009a 24000000 		.4byte	.LASF13
 207 009e 02       		.uleb128 0x2
 208 009f 08       		.byte	0x8
 209 00a0 04       		.byte	0x4
 210 00a1 41010000 		.4byte	.LASF14
 211 00a5 02       		.uleb128 0x2
 212 00a6 01       		.byte	0x1
 213 00a7 08       		.byte	0x8
 214 00a8 FA010000 		.4byte	.LASF15
 215 00ac 02       		.uleb128 0x2
 216 00ad 08       		.byte	0x8
 217 00ae 04       		.byte	0x4
 218 00af 38020000 		.4byte	.LASF16
 219 00b3 02       		.uleb128 0x2
 220 00b4 04       		.byte	0x4
 221 00b5 07       		.byte	0x7
 222 00b6 D5010000 		.4byte	.LASF17
 223 00ba 05       		.uleb128 0x5
 224 00bb 2A000000 		.4byte	.LASF18
 225 00bf 01       		.byte	0x1
 226 00c0 06       		.byte	0x6
 227 00c1 00000000 		.4byte	.LFB63
 228 00c5 30000000 		.4byte	.LFE63-.LFB63
 229 00c9 01       		.uleb128 0x1
 230 00ca 9C       		.byte	0x9c
 231 00cb FD000000 		.4byte	0xfd
 232 00cf 06       		.uleb128 0x6
 233 00d0 0E000000 		.4byte	.LVL0
 234 00d4 CE010000 		.4byte	0x1ce
 235 00d8 07       		.uleb128 0x7
 236 00d9 16000000 		.4byte	.LVL1
 237 00dd D9010000 		.4byte	0x1d9
 238 00e1 EB000000 		.4byte	0xeb
 239 00e5 08       		.uleb128 0x8
 240 00e6 01       		.uleb128 0x1
 241 00e7 50       		.byte	0x50
 242 00e8 01       		.uleb128 0x1
 243 00e9 31       		.byte	0x31
 244 00ea 00       		.byte	0
 245 00eb 09       		.uleb128 0x9
 246 00ec 1E000000 		.4byte	.LVL2
 247 00f0 E4010000 		.4byte	0x1e4
 248 00f4 08       		.uleb128 0x8
 249 00f5 01       		.uleb128 0x1
 250 00f6 50       		.byte	0x50
 251 00f7 03       		.uleb128 0x3
 252 00f8 0A       		.byte	0xa
 253 00f9 B80B     		.2byte	0xbb8
ARM GAS  C:\Users\LUCASI~1\AppData\Local\Temp\ccwN4vJz.s 			page 6


 254 00fb 00       		.byte	0
 255 00fc 00       		.byte	0
 256 00fd 05       		.uleb128 0x5
 257 00fe 0A020000 		.4byte	.LASF19
 258 0102 01       		.byte	0x1
 259 0103 13       		.byte	0x13
 260 0104 00000000 		.4byte	.LFB64
 261 0108 24000000 		.4byte	.LFE64-.LFB64
 262 010c 01       		.uleb128 0x1
 263 010d 9C       		.byte	0x9c
 264 010e 25010000 		.4byte	0x125
 265 0112 06       		.uleb128 0x6
 266 0113 0C000000 		.4byte	.LVL3
 267 0117 CE010000 		.4byte	0x1ce
 268 011b 06       		.uleb128 0x6
 269 011c 14000000 		.4byte	.LVL4
 270 0120 CE010000 		.4byte	0x1ce
 271 0124 00       		.byte	0
 272 0125 0A       		.uleb128 0xa
 273 0126 11010000 		.4byte	.LASF20
 274 012a 04       		.byte	0x4
 275 012b 01       		.byte	0x1
 276 012c 73000000 		.4byte	0x73
 277 0130 05       		.uleb128 0x5
 278 0131 03       		.byte	0x3
 279 0132 00000000 		.4byte	running_
 280 0136 0B       		.uleb128 0xb
 281 0137 1A010000 		.4byte	.LASF21
 282 013b 05       		.byte	0x5
 283 013c 1207     		.2byte	0x712
 284 013e 42010000 		.4byte	0x142
 285 0142 0C       		.uleb128 0xc
 286 0143 8C000000 		.4byte	0x8c
 287 0147 0A       		.uleb128 0xa
 288 0148 FF010000 		.4byte	.LASF22
 289 014c 06       		.byte	0x6
 290 014d 04       		.byte	0x4
 291 014e 73000000 		.4byte	0x73
 292 0152 05       		.uleb128 0x5
 293 0153 03       		.byte	0x3
 294 0154 00000000 		.4byte	rpiRunning
 295 0158 0A       		.uleb128 0xa
 296 0159 88010000 		.4byte	.LASF23
 297 015d 07       		.byte	0x7
 298 015e 03       		.byte	0x3
 299 015f 81000000 		.4byte	0x81
 300 0163 05       		.uleb128 0x5
 301 0164 03       		.byte	0x3
 302 0165 00000000 		.4byte	result
 303 0169 0D       		.uleb128 0xd
 304 016a A5000000 		.4byte	0xa5
 305 016e 79010000 		.4byte	0x179
 306 0172 0E       		.uleb128 0xe
 307 0173 B3000000 		.4byte	0xb3
 308 0177 FF       		.byte	0xff
 309 0178 00       		.byte	0
 310 0179 0A       		.uleb128 0xa
ARM GAS  C:\Users\LUCASI~1\AppData\Local\Temp\ccwN4vJz.s 			page 7


 311 017a 00000000 		.4byte	.LASF24
 312 017e 07       		.byte	0x7
 313 017f 04       		.byte	0x4
 314 0180 69010000 		.4byte	0x169
 315 0184 05       		.uleb128 0x5
 316 0185 03       		.byte	0x3
 317 0186 00000000 		.4byte	uartBuffer
 318 018a 0A       		.uleb128 0xa
 319 018b 65010000 		.4byte	.LASF25
 320 018f 07       		.byte	0x7
 321 0190 05       		.byte	0x5
 322 0191 81000000 		.4byte	0x81
 323 0195 05       		.uleb128 0x5
 324 0196 03       		.byte	0x3
 325 0197 00000000 		.4byte	measurement
 326 019b 0A       		.uleb128 0xa
 327 019c E3000000 		.4byte	.LASF26
 328 01a0 07       		.byte	0x7
 329 01a1 05       		.byte	0x5
 330 01a2 81000000 		.4byte	0x81
 331 01a6 05       		.uleb128 0x5
 332 01a7 03       		.byte	0x3
 333 01a8 00000000 		.4byte	count_ok
 334 01ac 0A       		.uleb128 0xa
 335 01ad EC010000 		.4byte	.LASF27
 336 01b1 07       		.byte	0x7
 337 01b2 05       		.byte	0x5
 338 01b3 81000000 		.4byte	0x81
 339 01b7 05       		.uleb128 0x5
 340 01b8 03       		.byte	0x3
 341 01b9 00000000 		.4byte	count_not_low
 342 01bd 0A       		.uleb128 0xa
 343 01be 27010000 		.4byte	.LASF28
 344 01c2 07       		.byte	0x7
 345 01c3 05       		.byte	0x5
 346 01c4 81000000 		.4byte	0x81
 347 01c8 05       		.uleb128 0x5
 348 01c9 03       		.byte	0x3
 349 01ca 00000000 		.4byte	count_not_high
 350 01ce 0F       		.uleb128 0xf
 351 01cf 48010000 		.4byte	.LASF29
 352 01d3 48010000 		.4byte	.LASF29
 353 01d7 07       		.byte	0x7
 354 01d8 07       		.byte	0x7
 355 01d9 0F       		.uleb128 0xf
 356 01da D8000000 		.4byte	.LASF30
 357 01de D8000000 		.4byte	.LASF30
 358 01e2 08       		.byte	0x8
 359 01e3 05       		.byte	0x5
 360 01e4 0F       		.uleb128 0xf
 361 01e5 50020000 		.4byte	.LASF31
 362 01e9 50020000 		.4byte	.LASF31
 363 01ed 09       		.byte	0x9
 364 01ee 76       		.byte	0x76
 365 01ef 00       		.byte	0
 366              		.section	.debug_abbrev,"",%progbits
 367              	.Ldebug_abbrev0:
ARM GAS  C:\Users\LUCASI~1\AppData\Local\Temp\ccwN4vJz.s 			page 8


 368 0000 01       		.uleb128 0x1
 369 0001 11       		.uleb128 0x11
 370 0002 01       		.byte	0x1
 371 0003 25       		.uleb128 0x25
 372 0004 0E       		.uleb128 0xe
 373 0005 13       		.uleb128 0x13
 374 0006 0B       		.uleb128 0xb
 375 0007 03       		.uleb128 0x3
 376 0008 0E       		.uleb128 0xe
 377 0009 1B       		.uleb128 0x1b
 378 000a 0E       		.uleb128 0xe
 379 000b 55       		.uleb128 0x55
 380 000c 17       		.uleb128 0x17
 381 000d 11       		.uleb128 0x11
 382 000e 01       		.uleb128 0x1
 383 000f 10       		.uleb128 0x10
 384 0010 17       		.uleb128 0x17
 385 0011 00       		.byte	0
 386 0012 00       		.byte	0
 387 0013 02       		.uleb128 0x2
 388 0014 24       		.uleb128 0x24
 389 0015 00       		.byte	0
 390 0016 0B       		.uleb128 0xb
 391 0017 0B       		.uleb128 0xb
 392 0018 3E       		.uleb128 0x3e
 393 0019 0B       		.uleb128 0xb
 394 001a 03       		.uleb128 0x3
 395 001b 0E       		.uleb128 0xe
 396 001c 00       		.byte	0
 397 001d 00       		.byte	0
 398 001e 03       		.uleb128 0x3
 399 001f 16       		.uleb128 0x16
 400 0020 00       		.byte	0
 401 0021 03       		.uleb128 0x3
 402 0022 0E       		.uleb128 0xe
 403 0023 3A       		.uleb128 0x3a
 404 0024 0B       		.uleb128 0xb
 405 0025 3B       		.uleb128 0x3b
 406 0026 0B       		.uleb128 0xb
 407 0027 49       		.uleb128 0x49
 408 0028 13       		.uleb128 0x13
 409 0029 00       		.byte	0
 410 002a 00       		.byte	0
 411 002b 04       		.uleb128 0x4
 412 002c 24       		.uleb128 0x24
 413 002d 00       		.byte	0
 414 002e 0B       		.uleb128 0xb
 415 002f 0B       		.uleb128 0xb
 416 0030 3E       		.uleb128 0x3e
 417 0031 0B       		.uleb128 0xb
 418 0032 03       		.uleb128 0x3
 419 0033 08       		.uleb128 0x8
 420 0034 00       		.byte	0
 421 0035 00       		.byte	0
 422 0036 05       		.uleb128 0x5
 423 0037 2E       		.uleb128 0x2e
 424 0038 01       		.byte	0x1
ARM GAS  C:\Users\LUCASI~1\AppData\Local\Temp\ccwN4vJz.s 			page 9


 425 0039 3F       		.uleb128 0x3f
 426 003a 19       		.uleb128 0x19
 427 003b 03       		.uleb128 0x3
 428 003c 0E       		.uleb128 0xe
 429 003d 3A       		.uleb128 0x3a
 430 003e 0B       		.uleb128 0xb
 431 003f 3B       		.uleb128 0x3b
 432 0040 0B       		.uleb128 0xb
 433 0041 11       		.uleb128 0x11
 434 0042 01       		.uleb128 0x1
 435 0043 12       		.uleb128 0x12
 436 0044 06       		.uleb128 0x6
 437 0045 40       		.uleb128 0x40
 438 0046 18       		.uleb128 0x18
 439 0047 9742     		.uleb128 0x2117
 440 0049 19       		.uleb128 0x19
 441 004a 01       		.uleb128 0x1
 442 004b 13       		.uleb128 0x13
 443 004c 00       		.byte	0
 444 004d 00       		.byte	0
 445 004e 06       		.uleb128 0x6
 446 004f 898201   		.uleb128 0x4109
 447 0052 00       		.byte	0
 448 0053 11       		.uleb128 0x11
 449 0054 01       		.uleb128 0x1
 450 0055 31       		.uleb128 0x31
 451 0056 13       		.uleb128 0x13
 452 0057 00       		.byte	0
 453 0058 00       		.byte	0
 454 0059 07       		.uleb128 0x7
 455 005a 898201   		.uleb128 0x4109
 456 005d 01       		.byte	0x1
 457 005e 11       		.uleb128 0x11
 458 005f 01       		.uleb128 0x1
 459 0060 31       		.uleb128 0x31
 460 0061 13       		.uleb128 0x13
 461 0062 01       		.uleb128 0x1
 462 0063 13       		.uleb128 0x13
 463 0064 00       		.byte	0
 464 0065 00       		.byte	0
 465 0066 08       		.uleb128 0x8
 466 0067 8A8201   		.uleb128 0x410a
 467 006a 00       		.byte	0
 468 006b 02       		.uleb128 0x2
 469 006c 18       		.uleb128 0x18
 470 006d 9142     		.uleb128 0x2111
 471 006f 18       		.uleb128 0x18
 472 0070 00       		.byte	0
 473 0071 00       		.byte	0
 474 0072 09       		.uleb128 0x9
 475 0073 898201   		.uleb128 0x4109
 476 0076 01       		.byte	0x1
 477 0077 11       		.uleb128 0x11
 478 0078 01       		.uleb128 0x1
 479 0079 31       		.uleb128 0x31
 480 007a 13       		.uleb128 0x13
 481 007b 00       		.byte	0
ARM GAS  C:\Users\LUCASI~1\AppData\Local\Temp\ccwN4vJz.s 			page 10


 482 007c 00       		.byte	0
 483 007d 0A       		.uleb128 0xa
 484 007e 34       		.uleb128 0x34
 485 007f 00       		.byte	0
 486 0080 03       		.uleb128 0x3
 487 0081 0E       		.uleb128 0xe
 488 0082 3A       		.uleb128 0x3a
 489 0083 0B       		.uleb128 0xb
 490 0084 3B       		.uleb128 0x3b
 491 0085 0B       		.uleb128 0xb
 492 0086 49       		.uleb128 0x49
 493 0087 13       		.uleb128 0x13
 494 0088 3F       		.uleb128 0x3f
 495 0089 19       		.uleb128 0x19
 496 008a 02       		.uleb128 0x2
 497 008b 18       		.uleb128 0x18
 498 008c 00       		.byte	0
 499 008d 00       		.byte	0
 500 008e 0B       		.uleb128 0xb
 501 008f 34       		.uleb128 0x34
 502 0090 00       		.byte	0
 503 0091 03       		.uleb128 0x3
 504 0092 0E       		.uleb128 0xe
 505 0093 3A       		.uleb128 0x3a
 506 0094 0B       		.uleb128 0xb
 507 0095 3B       		.uleb128 0x3b
 508 0096 05       		.uleb128 0x5
 509 0097 49       		.uleb128 0x49
 510 0098 13       		.uleb128 0x13
 511 0099 3F       		.uleb128 0x3f
 512 009a 19       		.uleb128 0x19
 513 009b 3C       		.uleb128 0x3c
 514 009c 19       		.uleb128 0x19
 515 009d 00       		.byte	0
 516 009e 00       		.byte	0
 517 009f 0C       		.uleb128 0xc
 518 00a0 35       		.uleb128 0x35
 519 00a1 00       		.byte	0
 520 00a2 49       		.uleb128 0x49
 521 00a3 13       		.uleb128 0x13
 522 00a4 00       		.byte	0
 523 00a5 00       		.byte	0
 524 00a6 0D       		.uleb128 0xd
 525 00a7 01       		.uleb128 0x1
 526 00a8 01       		.byte	0x1
 527 00a9 49       		.uleb128 0x49
 528 00aa 13       		.uleb128 0x13
 529 00ab 01       		.uleb128 0x1
 530 00ac 13       		.uleb128 0x13
 531 00ad 00       		.byte	0
 532 00ae 00       		.byte	0
 533 00af 0E       		.uleb128 0xe
 534 00b0 21       		.uleb128 0x21
 535 00b1 00       		.byte	0
 536 00b2 49       		.uleb128 0x49
 537 00b3 13       		.uleb128 0x13
 538 00b4 2F       		.uleb128 0x2f
ARM GAS  C:\Users\LUCASI~1\AppData\Local\Temp\ccwN4vJz.s 			page 11


 539 00b5 0B       		.uleb128 0xb
 540 00b6 00       		.byte	0
 541 00b7 00       		.byte	0
 542 00b8 0F       		.uleb128 0xf
 543 00b9 2E       		.uleb128 0x2e
 544 00ba 00       		.byte	0
 545 00bb 3F       		.uleb128 0x3f
 546 00bc 19       		.uleb128 0x19
 547 00bd 3C       		.uleb128 0x3c
 548 00be 19       		.uleb128 0x19
 549 00bf 6E       		.uleb128 0x6e
 550 00c0 0E       		.uleb128 0xe
 551 00c1 03       		.uleb128 0x3
 552 00c2 0E       		.uleb128 0xe
 553 00c3 3A       		.uleb128 0x3a
 554 00c4 0B       		.uleb128 0xb
 555 00c5 3B       		.uleb128 0x3b
 556 00c6 0B       		.uleb128 0xb
 557 00c7 00       		.byte	0
 558 00c8 00       		.byte	0
 559 00c9 00       		.byte	0
 560              		.section	.debug_aranges,"",%progbits
 561 0000 24000000 		.4byte	0x24
 562 0004 0200     		.2byte	0x2
 563 0006 00000000 		.4byte	.Ldebug_info0
 564 000a 04       		.byte	0x4
 565 000b 00       		.byte	0
 566 000c 0000     		.2byte	0
 567 000e 0000     		.2byte	0
 568 0010 00000000 		.4byte	.LFB63
 569 0014 30000000 		.4byte	.LFE63-.LFB63
 570 0018 00000000 		.4byte	.LFB64
 571 001c 24000000 		.4byte	.LFE64-.LFB64
 572 0020 00000000 		.4byte	0
 573 0024 00000000 		.4byte	0
 574              		.section	.debug_ranges,"",%progbits
 575              	.Ldebug_ranges0:
 576 0000 00000000 		.4byte	.LFB63
 577 0004 30000000 		.4byte	.LFE63
 578 0008 00000000 		.4byte	.LFB64
 579 000c 24000000 		.4byte	.LFE64
 580 0010 00000000 		.4byte	0
 581 0014 00000000 		.4byte	0
 582              		.section	.debug_line,"",%progbits
 583              	.Ldebug_line0:
 584 0000 C6010000 		.section	.debug_str,"MS",%progbits,1
 584      02009301 
 584      00000201 
 584      FB0E0D00 
 584      01010101 
 585              	.LASF24:
 586 0000 75617274 		.ascii	"uartBuffer\000"
 586      42756666 
 586      657200
 587              	.LASF5:
 588 000b 5F5F696E 		.ascii	"__int32_t\000"
 588      7433325F 
ARM GAS  C:\Users\LUCASI~1\AppData\Local\Temp\ccwN4vJz.s 			page 12


 588      7400
 589              	.LASF33:
 590 0015 77616974 		.ascii	"waitingState.c\000"
 590      696E6753 
 590      74617465 
 590      2E6300
 591              	.LASF13:
 592 0024 666C6F61 		.ascii	"float\000"
 592      7400
 593              	.LASF18:
 594 002a 77616974 		.ascii	"waitingStateStart\000"
 594      696E6753 
 594      74617465 
 594      53746172 
 594      7400
 595              	.LASF1:
 596 003c 756E7369 		.ascii	"unsigned char\000"
 596      676E6564 
 596      20636861 
 596      7200
 597              	.LASF32:
 598 004a 474E5520 		.ascii	"GNU C11 5.4.1 20160609 (release) [ARM/embedded-5-br"
 598      43313120 
 598      352E342E 
 598      31203230 
 598      31363036 
 599 007d 616E6368 		.ascii	"anch revision 237715] -mcpu=cortex-m3 -mthumb -g -O"
 599      20726576 
 599      6973696F 
 599      6E203233 
 599      37373135 
 600 00b0 67202D66 		.ascii	"g -ffunction-sections -ffat-lto-objects\000"
 600      66756E63 
 600      74696F6E 
 600      2D736563 
 600      74696F6E 
 601              	.LASF30:
 602 00d8 73656E64 		.ascii	"sendToSOMO\000"
 602      546F534F 
 602      4D4F00
 603              	.LASF26:
 604 00e3 636F756E 		.ascii	"count_ok\000"
 604      745F6F6B 
 604      00
 605              	.LASF7:
 606 00ec 6C6F6E67 		.ascii	"long unsigned int\000"
 606      20756E73 
 606      69676E65 
 606      6420696E 
 606      7400
 607              	.LASF3:
 608 00fe 73686F72 		.ascii	"short unsigned int\000"
 608      7420756E 
 608      7369676E 
 608      65642069 
 608      6E7400
 609              	.LASF20:
ARM GAS  C:\Users\LUCASI~1\AppData\Local\Temp\ccwN4vJz.s 			page 13


 610 0111 72756E6E 		.ascii	"running_\000"
 610      696E675F 
 610      00
 611              	.LASF21:
 612 011a 49544D5F 		.ascii	"ITM_RxBuffer\000"
 612      52784275 
 612      66666572 
 612      00
 613              	.LASF28:
 614 0127 636F756E 		.ascii	"count_not_high\000"
 614      745F6E6F 
 614      745F6869 
 614      676800
 615              	.LASF4:
 616 0136 5F5F7569 		.ascii	"__uint16_t\000"
 616      6E743136 
 616      5F7400
 617              	.LASF14:
 618 0141 646F7562 		.ascii	"double\000"
 618      6C6500
 619              	.LASF29:
 620 0148 72656164 		.ascii	"readScaleStatus\000"
 620      5363616C 
 620      65537461 
 620      74757300 
 621              	.LASF10:
 622 0158 756E7369 		.ascii	"unsigned int\000"
 622      676E6564 
 622      20696E74 
 622      00
 623              	.LASF25:
 624 0165 6D656173 		.ascii	"measurement\000"
 624      7572656D 
 624      656E7400 
 625              	.LASF9:
 626 0171 6C6F6E67 		.ascii	"long long unsigned int\000"
 626      206C6F6E 
 626      6720756E 
 626      7369676E 
 626      65642069 
 627              	.LASF23:
 628 0188 72657375 		.ascii	"result\000"
 628      6C7400
 629              	.LASF34:
 630 018f 433A5C55 		.ascii	"C:\\Users\\lucasiversen\\Desktop\\Ultrasoundv2\\Ult"
 630      73657273 
 630      5C6C7563 
 630      61736976 
 630      65727365 
 631 01bd 7261736F 		.ascii	"rasoundv2.cydsn\000"
 631      756E6476 
 631      322E6379 
 631      64736E00 
 632              	.LASF12:
 633 01cd 696E7433 		.ascii	"int32_t\000"
 633      325F7400 
 634              	.LASF17:
ARM GAS  C:\Users\LUCASI~1\AppData\Local\Temp\ccwN4vJz.s 			page 14


 635 01d5 73697A65 		.ascii	"sizetype\000"
 635      74797065 
 635      00
 636              	.LASF8:
 637 01de 6C6F6E67 		.ascii	"long long int\000"
 637      206C6F6E 
 637      6720696E 
 637      7400
 638              	.LASF27:
 639 01ec 636F756E 		.ascii	"count_not_low\000"
 639      745F6E6F 
 639      745F6C6F 
 639      7700
 640              	.LASF15:
 641 01fa 63686172 		.ascii	"char\000"
 641      00
 642              	.LASF22:
 643 01ff 72706952 		.ascii	"rpiRunning\000"
 643      756E6E69 
 643      6E6700
 644              	.LASF19:
 645 020a 77616974 		.ascii	"waitingStateDrink\000"
 645      696E6753 
 645      74617465 
 645      4472696E 
 645      6B00
 646              	.LASF2:
 647 021c 73686F72 		.ascii	"short int\000"
 647      7420696E 
 647      7400
 648              	.LASF11:
 649 0226 75696E74 		.ascii	"uint16_t\000"
 649      31365F74 
 649      00
 650              	.LASF6:
 651 022f 6C6F6E67 		.ascii	"long int\000"
 651      20696E74 
 651      00
 652              	.LASF16:
 653 0238 6C6F6E67 		.ascii	"long double\000"
 653      20646F75 
 653      626C6500 
 654              	.LASF0:
 655 0244 7369676E 		.ascii	"signed char\000"
 655      65642063 
 655      68617200 
 656              	.LASF31:
 657 0250 43794465 		.ascii	"CyDelay\000"
 657      6C617900 
 658              		.ident	"GCC: (GNU Tools for ARM Embedded Processors) 5.4.1 20160609 (release) [ARM/embedded-5-bran
