--------------- Build Started: 11/25/2019 11:16:45 Project: NeoPixel, Configuration: ARM GCC 5.4-2016-q2-update Debug ---------------
cydsfit.exe -.appdatapath "C:\Users\lucasiversen\AppData\Local\Cypress Semiconductor\PSoC Creator\4.2" -.fdsnotice -.fdswarpdepfile=warp_dependencies.txt -.fdselabdepfile=elab_dependencies.txt -.fdsbldfile=generated_files.txt -.fdsreffile=referenced_files.txt -p "C:\Users\lucasiversen\Desktop\3semesterProjekt_repository\PSoC kode\NeoPixel\NeoPixel.cydsn\NeoPixel.cyprj" -d CY8C5888LTI-LP097 -s "C:\Users\lucasiversen\Desktop\3semesterProjekt_repository\PSoC kode\NeoPixel\NeoPixel.cydsn\Generated_Source\PSoC5" -- -yv2 -q10 -ygs -o2 -v3 -.fftcfgtype=LE
Elaborating Design...
HDL Generation...
Synthesis...
Tech Mapping...
Analog Placement...
Log: apr.M0058: The analog placement iterative improvement is 49% done. (App=cydsfit)
Analog Routing...
Analog Code Generation...
Digital Placement...
Digital Routing...
Bitstream Generation...
Bitstream Verification...
Static timing analysis...
Warning: sta.M0021: NeoPixel_timing.html: Warning-1350: Asynchronous path(s) exist from "CLK_500kHz(routed)" to "CLK_24MHz". See the timing report for details. (File=C:\Users\lucasiversen\Desktop\3semesterProjekt_repository\PSoC kode\NeoPixel\NeoPixel.cydsn\NeoPixel_timing.html)
API Generation...
Dependency Generation...
Cleanup...
arm-none-eabi-gcc.exe -mcpu=cortex-m3 -mthumb -I. -IGenerated_Source\PSoC5 -Wa,-alh=.\CortexM3\ARM_GCC_541\Debug/edgeSensorApp.lst -g -D DEBUG -Wall -ffunction-sections -ffat-lto-objects -Og -c edgeSensorApp.c -o .\CortexM3\ARM_GCC_541\Debug\edgeSensorApp.o
arm-none-eabi-gcc.exe -mcpu=cortex-m3 -mthumb -I. -IGenerated_Source\PSoC5 -Wa,-alh=.\CortexM3\ARM_GCC_541\Debug/MotorApp.lst -g -D DEBUG -Wall -ffunction-sections -ffat-lto-objects -Og -c MotorApp.c -o .\CortexM3\ARM_GCC_541\Debug\MotorApp.o
arm-none-eabi-gcc.exe -mcpu=cortex-m3 -mthumb -I. -IGenerated_Source\PSoC5 -Wa,-alh=.\CortexM3\ARM_GCC_541\Debug/rpiCommunication.lst -g -D DEBUG -Wall -ffunction-sections -ffat-lto-objects -Og -c rpiCommunication.c -o .\CortexM3\ARM_GCC_541\Debug\rpiCommunication.o
arm-none-eabi-gcc.exe -mcpu=cortex-m3 -mthumb -I. -IGenerated_Source\PSoC5 -Wa,-alh=.\CortexM3\ARM_GCC_541\Debug/scale.lst -g -D DEBUG -Wall -ffunction-sections -ffat-lto-objects -Og -c scale.c -o .\CortexM3\ARM_GCC_541\Debug\scale.o
arm-none-eabi-gcc.exe -mcpu=cortex-m3 -mthumb -I. -IGenerated_Source\PSoC5 -Wa,-alh=.\CortexM3\ARM_GCC_541\Debug/soundApp.lst -g -D DEBUG -Wall -ffunction-sections -ffat-lto-objects -Og -c soundApp.c -o .\CortexM3\ARM_GCC_541\Debug\soundApp.o
arm-none-eabi-gcc.exe -mcpu=cortex-m3 -mthumb -I. -IGenerated_Source\PSoC5 -Wa,-alh=.\CortexM3\ARM_GCC_541\Debug/waitingState.lst -g -D DEBUG -Wall -ffunction-sections -ffat-lto-objects -Og -c waitingState.c -o .\CortexM3\ARM_GCC_541\Debug\waitingState.o
arm-none-eabi-ar.exe -rs .\CortexM3\ARM_GCC_541\Debug\NeoPixel.a .\CortexM3\ARM_GCC_541\Debug\Data.o .\CortexM3\ARM_GCC_541\Debug\Clock_1.o .\CortexM3\ARM_GCC_541\Debug\CyDmac.o .\CortexM3\ARM_GCC_541\Debug\CyFlash.o .\CortexM3\ARM_GCC_541\Debug\CyLib.o .\CortexM3\ARM_GCC_541\Debug\cyPm.o .\CortexM3\ARM_GCC_541\Debug\CySpc.o .\CortexM3\ARM_GCC_541\Debug\cyutils.o .\CortexM3\ARM_GCC_541\Debug\NP_funcs.o .\CortexM3\ARM_GCC_541\Debug\NP_Neo_BITCNT.o .\CortexM3\ARM_GCC_541\Debug\NP_Neo_BITCNT_PM.o .\CortexM3\ARM_GCC_541\Debug\NP_Neo_ONTime.o .\CortexM3\ARM_GCC_541\Debug\NP_Neo_ONTime_PM.o .\CortexM3\ARM_GCC_541\Debug\NP_Neo_OFFTime.o .\CortexM3\ARM_GCC_541\Debug\NP_Neo_OFFTime_PM.o .\CortexM3\ARM_GCC_541\Debug\NP_DMA_dma.o .\CortexM3\ARM_GCC_541\Debug\cy_em_eeprom.o .\CortexM3\ARM_GCC_541\Debug\trigger.o .\CortexM3\ARM_GCC_541\Debug\echo_2.o .\CortexM3\ARM_GCC_541\Debug\pulseInt.o .\CortexM3\ARM_GCC_541\Debug\pulseCounter.o .\CortexM3\ARM_GCC_541\Debug\pulseCounter_PM.o .\CortexM3\ARM_GCC_541\Debug\echo_1.o .\CortexM3\ARM_GCC_541\Debug\echo_3.o .\CortexM3\ARM_GCC_541\Debug\echo_4.o .\CortexM3\ARM_GCC_541\Debug\echoInt_1.o .\CortexM3\ARM_GCC_541\Debug\echoInt_2.o .\CortexM3\ARM_GCC_541\Debug\echoInt_3.o .\CortexM3\ARM_GCC_541\Debug\echoInt_4.o .\CortexM3\ARM_GCC_541\Debug\CLK_500kHz.o .\CortexM3\ARM_GCC_541\Debug\triggerPWM.o .\CortexM3\ARM_GCC_541\Debug\triggerPWM_PM.o .\CortexM3\ARM_GCC_541\Debug\CLK_24MHz.o .\CortexM3\ARM_GCC_541\Debug\LED.o .\CortexM3\ARM_GCC_541\Debug\Pin1_dir2.o .\CortexM3\ARM_GCC_541\Debug\Pin1_dir1.o .\CortexM3\ARM_GCC_541\Debug\Pin2_dir1.o .\CortexM3\ARM_GCC_541\Debug\Pin2_dir2.o .\CortexM3\ARM_GCC_541\Debug\motorPWM_1.o .\CortexM3\ARM_GCC_541\Debug\motorPWM_1_PM.o .\CortexM3\ARM_GCC_541\Debug\clock_motor.o .\CortexM3\ARM_GCC_541\Debug\Pin_pwm1.o .\CortexM3\ARM_GCC_541\Debug\ball_int.o .\CortexM3\ARM_GCC_541\Debug\ballsig.o .\CortexM3\ARM_GCC_541\Debug\isr_rpi_start.o .\CortexM3\ARM_GCC_541\Debug\Pin_rpi_start_stop.o .\CortexM3\ARM_GCC_541\Debug\Pin_score.o .\CortexM3\ARM_GCC_541\Debug\isr_rpi_stop.o .\CortexM3\ARM_GCC_541\Debug\ADC_SAR_1.o .\CortexM3\ARM_GCC_541\Debug\ADC_SAR_1_INT.o .\CortexM3\ARM_GCC_541\Debug\ADC_SAR_1_PM.o .\CortexM3\ARM_GCC_541\Debug\Scale_input.o .\CortexM3\ARM_GCC_541\Debug\motorPWM_2.o .\CortexM3\ARM_GCC_541\Debug\motorPWM_2_PM.o .\CortexM3\ARM_GCC_541\Debug\Pin_pwm2.o .\CortexM3\ARM_GCC_541\Debug\soundUART.o .\CortexM3\ARM_GCC_541\Debug\soundUART_PM.o .\CortexM3\ARM_GCC_541\Debug\soundUART_INT.o .\CortexM3\ARM_GCC_541\Debug\soundUART_BOOT.o .\CortexM3\ARM_GCC_541\Debug\ADC_SAR_1_IRQ.o .\CortexM3\ARM_GCC_541\Debug\ADC_SAR_1_theACLK.o .\CortexM3\ARM_GCC_541\Debug\soundUART_IntClock.o .\CortexM3\ARM_GCC_541\Debug\CyBootAsmGnu.o
arm-none-eabi-ar.exe: creating .\CortexM3\ARM_GCC_541\Debug\NeoPixel.a
arm-none-eabi-gcc.exe -Wl,--start-group -o "C:\Users\lucasiversen\Desktop\3semesterProjekt_repository\PSoC kode\NeoPixel\NeoPixel.cydsn\CortexM3\ARM_GCC_541\Debug\NeoPixel.elf" .\CortexM3\ARM_GCC_541\Debug\main.o .\CortexM3\ARM_GCC_541\Debug\LedHandler.o .\CortexM3\ARM_GCC_541\Debug\edgeSensorApp.o .\CortexM3\ARM_GCC_541\Debug\MotorApp.o .\CortexM3\ARM_GCC_541\Debug\rpiCommunication.o .\CortexM3\ARM_GCC_541\Debug\scale.o .\CortexM3\ARM_GCC_541\Debug\soundApp.o .\CortexM3\ARM_GCC_541\Debug\waitingState.o .\CortexM3\ARM_GCC_541\Debug\cyfitter_cfg.o .\CortexM3\ARM_GCC_541\Debug\cymetadata.o .\CortexM3\ARM_GCC_541\Debug\Cm3Start.o .\CortexM3\ARM_GCC_541\Debug\NeoPixel.a "C:\Program Files (x86)\Cypress\PSoC Creator\4.2\PSoC Creator\psoc\content\cycomponentlibrary\CyComponentLibrary.cylib\CortexM3\ARM_GCC_541\Debug\CyComponentLibrary.a" -mcpu=cortex-m3 -mthumb -l m -L Generated_Source\PSoC5 -Wl,-Map,.\CortexM3\ARM_GCC_541\Debug/NeoPixel.map -T Generated_Source\PSoC5\cm3gcc.ld -specs=nano.specs -Wl,--gc-sections -g -ffunction-sections -Og -ffat-lto-objects -Wl,--end-group
cyelftool.exe -C "C:\Users\lucasiversen\Desktop\3semesterProjekt_repository\PSoC kode\NeoPixel\NeoPixel.cydsn\CortexM3\ARM_GCC_541\Debug\NeoPixel.elf" --flash_row_size 256 --flash_size 262144 --flash_offset 0x00000000
No ELF section .cychecksum found, creating one
Application checksum calculated and stored in ELF section .cychecksum
Checksum calculated and stored in ELF section .cymeta
cyelftool.exe -S "C:\Users\lucasiversen\Desktop\3semesterProjekt_repository\PSoC kode\NeoPixel\NeoPixel.cydsn\CortexM3\ARM_GCC_541\Debug\NeoPixel.elf"
Flash used: 9256 of 262144 bytes (3.5%).
SRAM used: 3273 of 65536 bytes (5.0%). Stack: 2048 bytes. Heap: 128 bytes.
--------------- Build Succeeded: 11/25/2019 11:18:02 ---------------
